2024-08-06T01:56:44.771918066Z W0806 01:56:44.771759       1 client_config.go:618] Neither --kubeconfig nor --master was specified.  Using the inClusterConfig.  This might not work.
2024-08-06T01:56:44.773528107Z {"component":"virt-controller","level":"info","msg":"STARTING informer CRDInformer","pos":"virtinformers.go:345","timestamp":"2024-08-06T01:56:44.773046Z"}
2024-08-06T01:56:44.773544249Z {"component":"virt-controller","level":"info","msg":"STARTING informer kubeVirtInformer","pos":"virtinformers.go:345","timestamp":"2024-08-06T01:56:44.773085Z"}
2024-08-06T01:56:45.474992613Z {"component":"virt-controller","level":"info","msg":"Updating cluster config from KubeVirt to resource version '6938'","pos":"configuration.go:363","timestamp":"2024-08-06T01:56:45.474890Z"}
2024-08-06T01:56:45.475263817Z {"component":"virt-controller","level":"info","msg":"setting rate limiter to 200 QPS and 400 Burst","pos":"application.go:462","timestamp":"2024-08-06T01:56:45.475186Z"}
2024-08-06T01:56:45.475438452Z {"component":"virt-controller","level":"info","msg":"setting rate limiter to 200 QPS and 400 Burst","pos":"application.go:462","timestamp":"2024-08-06T01:56:45.475403Z"}
2024-08-06T01:56:45.475497992Z {"component":"virt-controller","level":"info","msg":"set log verbosity to 2","pos":"application.go:471","timestamp":"2024-08-06T01:56:45.475384Z"}
2024-08-06T01:56:45.475629188Z {"component":"virt-controller","level":"info","msg":"set log verbosity to 2","pos":"application.go:471","timestamp":"2024-08-06T01:56:45.475437Z"}
2024-08-06T01:56:45.475635276Z {"component":"virt-controller","level":"info","msg":"set log verbosity to 2","pos":"application.go:471","timestamp":"2024-08-06T01:56:45.475468Z"}
2024-08-06T01:56:45.475639201Z {"component":"virt-controller","level":"info","msg":"set log verbosity to 2","pos":"application.go:471","timestamp":"2024-08-06T01:56:45.475518Z"}
2024-08-06T01:56:45.475643177Z {"component":"virt-controller","level":"info","msg":"setting rate limiter to 200 QPS and 400 Burst","pos":"application.go:462","timestamp":"2024-08-06T01:56:45.475599Z"}
2024-08-06T01:56:45.475663934Z {"component":"virt-controller","level":"info","msg":"CDI not detected, DataVolume integration disabled","pos":"application.go:399","timestamp":"2024-08-06T01:56:45.475603Z"}
2024-08-06T01:56:45.475677152Z {"component":"virt-controller","level":"info","msg":"set log verbosity to 2","pos":"application.go:471","timestamp":"2024-08-06T01:56:45.475620Z"}
2024-08-06T01:56:45.475737033Z {"component":"virt-controller","level":"info","msg":"setting rate limiter to 200 QPS and 400 Burst","pos":"application.go:462","timestamp":"2024-08-06T01:56:45.475695Z"}
2024-08-06T01:56:45.484417047Z {"component":"virt-controller","level":"info","msg":"we are on kubernetes","pos":"application.go:410","timestamp":"2024-08-06T01:56:45.484356Z"}
2024-08-06T01:56:45.484450151Z W0806 01:56:45.484421       1 client_config.go:618] Neither --kubeconfig nor --master was specified.  Using the inClusterConfig.  This might not work.
2024-08-06T01:56:45.485336741Z {"component":"virt-controller","level":"info","msg":"Exporter Image: registry.suse.com/suse/sles/15.5/virt-exportserver:1.1.1-150500.8.15.1","pos":"template.go:1150","timestamp":"2024-08-06T01:56:45.485285Z"}
2024-08-06T01:56:45.486427005Z W0806 01:56:45.486387       1 shared_informer.go:548] resyncPeriod 5m0s is smaller than resyncCheckPeriod 19h44m46.499071339s and the informer has already started. Changing it to 19h44m46.499071339s
2024-08-06T01:56:45.486705900Z W0806 01:56:45.486607       1 shared_informer.go:520] The specified resyncPeriod 5m0s is invalid because this shared informer doesn't support resyncing
2024-08-06T01:56:45.487212290Z {"component":"virt-controller","level":"info","msg":"Updating cluster config from KubeVirt to resource version '6938'","pos":"configuration.go:363","timestamp":"2024-08-06T01:56:45.487094Z"}
2024-08-06T01:56:45.487600080Z W0806 01:56:45.487516       1 client_config.go:618] Neither --kubeconfig nor --master was specified.  Using the inClusterConfig.  This might not work.
2024-08-06T01:56:45.487743002Z {"component":"virt-controller","level":"info","msg":"certificate with common name 'export.kubevirt.io@1722909375' retrieved.","pos":"cert-manager.go:198","timestamp":"2024-08-06T01:56:45.487684Z"}
2024-08-06T01:56:45.488121200Z {"action":"listening","component":"virt-controller","interface":"0.0.0.0","level":"info","port":8443,"pos":"application.go:484","service":"http","timestamp":"2024-08-06T01:56:45.488063Z"}
2024-08-06T01:56:45.488370946Z {"component":"virt-controller","level":"info","msg":"certificate with common name 'virt-controller.harvester-system.pod.cluster.local' retrieved.","pos":"cert-manager.go:198","timestamp":"2024-08-06T01:56:45.488306Z"}
2024-08-06T01:56:45.488728305Z I0806 01:56:45.488699       1 leaderelection.go:248] attempting to acquire leader lease harvester-system/virt-controller...
2024-08-06T01:57:29.043871510Z {"component":"virt-controller","level":"info","msg":"Updating cluster config from KubeVirt to resource version '9125'","pos":"configuration.go:363","timestamp":"2024-08-06T01:57:29.043787Z"}
2024-08-06T01:57:29.043989962Z {"component":"virt-controller","level":"info","msg":"Updating cluster config from KubeVirt to resource version '9125'","pos":"configuration.go:363","timestamp":"2024-08-06T01:57:29.043900Z"}
2024-08-06T01:57:29.044026938Z {"component":"virt-controller","level":"info","msg":"setting rate limiter to 200 QPS and 400 Burst","pos":"application.go:462","timestamp":"2024-08-06T01:57:29.043982Z"}
2024-08-06T01:57:29.044104407Z {"component":"virt-controller","level":"info","msg":"set log verbosity to 2","pos":"application.go:471","timestamp":"2024-08-06T01:57:29.044048Z"}
2024-08-06T01:57:34.058385728Z {"component":"virt-controller","level":"info","msg":"Updating cluster config from KubeVirt to resource version '9294'","pos":"configuration.go:363","timestamp":"2024-08-06T01:57:34.058283Z"}
2024-08-06T01:57:34.058410021Z {"component":"virt-controller","level":"info","msg":"Updating cluster config from KubeVirt to resource version '9294'","pos":"configuration.go:363","timestamp":"2024-08-06T01:57:34.058282Z"}
2024-08-06T01:57:34.058430178Z {"component":"virt-controller","level":"info","msg":"setting rate limiter to 200 QPS and 400 Burst","pos":"application.go:462","timestamp":"2024-08-06T01:57:34.058354Z"}
2024-08-06T01:57:34.058500734Z {"component":"virt-controller","level":"info","msg":"set log verbosity to 2","pos":"application.go:471","timestamp":"2024-08-06T01:57:34.058432Z"}
2024-08-06T02:11:29.416900080Z {"component":"virt-controller","level":"info","msg":"Updating cluster config from KubeVirt to resource version '23128'","pos":"configuration.go:363","timestamp":"2024-08-06T02:11:29.416729Z"}
2024-08-06T02:11:29.417038178Z {"component":"virt-controller","level":"info","msg":"setting rate limiter to 200 QPS and 400 Burst","pos":"application.go:462","timestamp":"2024-08-06T02:11:29.416927Z"}
2024-08-06T02:11:29.417100113Z {"component":"virt-controller","level":"info","msg":"set log verbosity to 2","pos":"application.go:471","timestamp":"2024-08-06T02:11:29.416986Z"}
2024-08-06T02:11:29.417119690Z {"component":"virt-controller","level":"info","msg":"Updating cluster config from KubeVirt to resource version '23128'","pos":"configuration.go:363","timestamp":"2024-08-06T02:11:29.416753Z"}
2024-08-06T02:12:23.285688361Z {"component":"virt-controller","level":"info","msg":"Updating cluster config from KubeVirt to resource version '24562'","pos":"configuration.go:363","timestamp":"2024-08-06T02:12:23.285461Z"}
2024-08-06T02:12:23.285902851Z {"component":"virt-controller","level":"info","msg":"Updating cluster config from KubeVirt to resource version '24562'","pos":"configuration.go:363","timestamp":"2024-08-06T02:12:23.285740Z"}
2024-08-06T02:12:23.285962572Z {"component":"virt-controller","level":"info","msg":"setting rate limiter to 200 QPS and 400 Burst","pos":"application.go:462","timestamp":"2024-08-06T02:12:23.285873Z"}
2024-08-06T02:12:23.286126358Z {"component":"virt-controller","level":"info","msg":"set log verbosity to 2","pos":"application.go:471","timestamp":"2024-08-06T02:12:23.286013Z"}
2024-08-06T02:13:21.770820942Z {"component":"virt-controller","level":"info","msg":"Updating cluster config from KubeVirt to resource version '26266'","pos":"configuration.go:363","timestamp":"2024-08-06T02:13:21.770695Z"}
2024-08-06T02:13:21.770869657Z {"component":"virt-controller","level":"info","msg":"setting rate limiter to 200 QPS and 400 Burst","pos":"application.go:462","timestamp":"2024-08-06T02:13:21.770770Z"}
2024-08-06T02:13:21.770891038Z {"component":"virt-controller","level":"info","msg":"Updating cluster config from KubeVirt to resource version '26266'","pos":"configuration.go:363","timestamp":"2024-08-06T02:13:21.770774Z"}
2024-08-06T02:13:21.770901428Z {"component":"virt-controller","level":"info","msg":"set log verbosity to 2","pos":"application.go:471","timestamp":"2024-08-06T02:13:21.770822Z"}
2024-08-06T02:14:12.298739546Z {"component":"virt-controller","level":"info","msg":"Updating cluster config from KubeVirt to resource version '27734'","pos":"configuration.go:363","timestamp":"2024-08-06T02:14:12.298589Z"}
2024-08-06T02:14:12.298771557Z {"component":"virt-controller","level":"info","msg":"setting rate limiter to 200 QPS and 400 Burst","pos":"application.go:462","timestamp":"2024-08-06T02:14:12.298662Z"}
2024-08-06T02:14:12.298782508Z {"component":"virt-controller","level":"info","msg":"Updating cluster config from KubeVirt to resource version '27734'","pos":"configuration.go:363","timestamp":"2024-08-06T02:14:12.298590Z"}
2024-08-06T02:14:12.298792287Z {"component":"virt-controller","level":"info","msg":"set log verbosity to 2","pos":"application.go:471","timestamp":"2024-08-06T02:14:12.298660Z"}
2024-08-06T02:15:40.553391211Z {"component":"virt-controller","level":"info","msg":"Updating cluster config from KubeVirt to resource version '29839'","pos":"configuration.go:363","timestamp":"2024-08-06T02:15:40.553294Z"}
2024-08-06T02:15:40.553421289Z {"component":"virt-controller","level":"info","msg":"setting rate limiter to 200 QPS and 400 Burst","pos":"application.go:462","timestamp":"2024-08-06T02:15:40.553343Z"}
2024-08-06T02:15:40.553439684Z {"component":"virt-controller","level":"info","msg":"Updating cluster config from KubeVirt to resource version '29839'","pos":"configuration.go:363","timestamp":"2024-08-06T02:15:40.553359Z"}
2024-08-06T02:15:40.553524846Z {"component":"virt-controller","level":"info","msg":"set log verbosity to 2","pos":"application.go:471","timestamp":"2024-08-06T02:15:40.553426Z"}
2024-08-06T02:16:49.781195788Z {"component":"virt-controller","level":"info","msg":"Updating cluster config from KubeVirt to resource version '31245'","pos":"configuration.go:363","timestamp":"2024-08-06T02:16:49.781077Z"}
2024-08-06T02:16:49.781248367Z {"component":"virt-controller","level":"info","msg":"Updating cluster config from KubeVirt to resource version '31245'","pos":"configuration.go:363","timestamp":"2024-08-06T02:16:49.781098Z"}
2024-08-06T02:16:49.781317879Z {"component":"virt-controller","level":"info","msg":"setting rate limiter to 200 QPS and 400 Burst","pos":"application.go:462","timestamp":"2024-08-06T02:16:49.781186Z"}
2024-08-06T02:16:49.781325844Z {"component":"virt-controller","level":"info","msg":"set log verbosity to 2","pos":"application.go:471","timestamp":"2024-08-06T02:16:49.781225Z"}
2024-08-06T02:21:18.683932588Z {"component":"virt-controller","level":"info","msg":"Updating cluster config from KubeVirt to resource version '35804'","pos":"configuration.go:363","timestamp":"2024-08-06T02:21:18.683792Z"}
2024-08-06T02:21:18.683979466Z {"component":"virt-controller","level":"info","msg":"Updating cluster config from KubeVirt to resource version '35804'","pos":"configuration.go:363","timestamp":"2024-08-06T02:21:18.683828Z"}
2024-08-06T02:21:18.684036543Z {"component":"virt-controller","level":"info","msg":"setting rate limiter to 200 QPS and 400 Burst","pos":"application.go:462","timestamp":"2024-08-06T02:21:18.683888Z"}
2024-08-06T02:21:18.684054898Z {"component":"virt-controller","level":"info","msg":"set log verbosity to 2","pos":"application.go:471","timestamp":"2024-08-06T02:21:18.683947Z"}
2024-08-06T02:21:30.939224921Z {"component":"virt-controller","level":"info","msg":"Updating cluster config from KubeVirt to resource version '36116'","pos":"configuration.go:363","timestamp":"2024-08-06T02:21:30.936646Z"}
2024-08-06T02:21:30.939256741Z {"component":"virt-controller","level":"info","msg":"setting rate limiter to 200 QPS and 400 Burst","pos":"application.go:462","timestamp":"2024-08-06T02:21:30.937052Z"}
2024-08-06T02:21:30.939265297Z {"component":"virt-controller","level":"info","msg":"Updating cluster config from KubeVirt to resource version '36116'","pos":"configuration.go:363","timestamp":"2024-08-06T02:21:30.937112Z"}
2024-08-06T02:21:30.939272561Z {"component":"virt-controller","level":"info","msg":"set log verbosity to 2","pos":"application.go:471","timestamp":"2024-08-06T02:21:30.937154Z"}
2024-08-06T02:21:35.722031633Z {"component":"virt-controller","level":"info","msg":"Updating cluster config from KubeVirt to resource version '36238'","pos":"configuration.go:363","timestamp":"2024-08-06T02:21:35.721886Z"}
2024-08-06T02:21:35.722054316Z {"component":"virt-controller","level":"info","msg":"Updating cluster config from KubeVirt to resource version '36238'","pos":"configuration.go:363","timestamp":"2024-08-06T02:21:35.721923Z"}
2024-08-06T02:21:35.722060117Z {"component":"virt-controller","level":"info","msg":"setting rate limiter to 200 QPS and 400 Burst","pos":"application.go:462","timestamp":"2024-08-06T02:21:35.721939Z"}
2024-08-06T02:21:35.722065347Z {"component":"virt-controller","level":"info","msg":"set log verbosity to 2","pos":"application.go:471","timestamp":"2024-08-06T02:21:35.721981Z"}
2024-08-06T02:22:05.760475912Z {"component":"virt-controller","level":"error","msg":"failed to load the certificate /etc/virt-controller/exportca/tls.crt and /etc/virt-controller/exportca/tls.key","pos":"cert-manager.go:189","reason":"failed to load certificate: tls: private key does not match public key\n","timestamp":"2024-08-06T02:22:05.760254Z"}
2024-08-06T02:22:05.760535394Z {"component":"virt-controller","level":"info","msg":"certificate with common name 'virt-controller.harvester-system.pod.cluster.local' retrieved.","pos":"cert-manager.go:198","timestamp":"2024-08-06T02:22:05.760307Z"}
2024-08-06T02:22:05.760725080Z {"component":"virt-controller","level":"info","msg":"certificate with common name 'virt-controller.harvester-system.pod.cluster.local' retrieved.","pos":"cert-manager.go:198","timestamp":"2024-08-06T02:22:05.760601Z"}
2024-08-06T02:22:05.760756439Z {"component":"virt-controller","level":"info","msg":"certificate with common name 'export.kubevirt.io@1722910891' retrieved.","pos":"cert-manager.go:198","timestamp":"2024-08-06T02:22:05.760639Z"}
2024-08-06T02:23:05.760912034Z {"component":"virt-controller","level":"info","msg":"certificate with common name 'export.kubevirt.io@1722910891' retrieved.","pos":"cert-manager.go:198","timestamp":"2024-08-06T02:23:05.760774Z"}
