2024-08-06T01:55:42.345517996Z I0806 01:55:42.341715       1 main.go:105] Starting network controller with 2 threads.
2024-08-06T01:55:42.345543714Z I0806 01:55:42.341848       1 main.go:110] Starting network controller in namespace: harvester-system.
2024-08-06T01:55:42.436365373Z W0806 01:55:42.435813       1 client_config.go:617] Neither --kubeconfig nor --master was specified.  Using the inClusterConfig.  This might not work.
2024-08-06T01:55:50.337784564Z time="2024-08-06T01:55:50Z" level=info msg="Do not update the existing CRD NetworkAttachmentDefinition"
2024-08-06T01:55:54.046616436Z I0806 01:55:54.044067       1 monitor.go:60] Start Monitor
2024-08-06T01:55:54.638684874Z time="2024-08-06T01:55:54Z" level=info msg="Starting /v1, Kind=Node controller"
2024-08-06T01:55:54.638735790Z time="2024-08-06T01:55:54Z" level=info msg="Starting network.harvesterhci.io/v1beta1, Kind=LinkMonitor controller"
2024-08-06T01:55:54.638817455Z time="2024-08-06T01:55:54Z" level=info msg="Starting k8s.cni.cncf.io/v1, Kind=NetworkAttachmentDefinition controller"
2024-08-06T01:55:54.638863482Z I0806 01:55:54.638735       1 controller.go:104] lm nic matches node harvesterdev1
2024-08-06T01:55:54.638889602Z time="2024-08-06T01:55:54Z" level=info msg="Starting network.harvesterhci.io/v1beta1, Kind=VlanStatus controller"
2024-08-06T01:55:54.638901394Z time="2024-08-06T01:55:54Z" level=info msg="Starting network.harvesterhci.io/v1beta1, Kind=ClusterNetwork controller"
2024-08-06T01:55:54.638966568Z time="2024-08-06T01:55:54Z" level=info msg="Starting network.harvesterhci.io/v1beta1, Kind=VlanConfig controller"
2024-08-06T01:55:54.656891865Z I0806 01:55:54.653020       1 controller.go:104] lm nic matches node harvesterdev1
2024-08-06T01:55:54.746525214Z I0806 01:55:54.746456       1 controller.go:104] lm nic matches node harvesterdev1
2024-08-06T01:55:54.840008853Z I0806 01:55:54.839951       1 controller.go:104] lm nic matches node harvesterdev1
2024-08-06T01:55:54.845256623Z I0806 01:55:54.845196       1 controller.go:104] lm nic matches node harvesterdev1
2024-08-06T01:55:54.939572560Z I0806 01:55:54.939483       1 controller.go:104] lm mgmt matches node harvesterdev1
2024-08-06T01:55:54.948583495Z I0806 01:55:54.948543       1 controller.go:104] lm mgmt matches node harvesterdev1
2024-08-06T01:55:54.953704345Z I0806 01:55:54.953652       1 controller.go:104] lm mgmt matches node harvesterdev1
2024-08-06T01:55:55.036506305Z I0806 01:55:55.036400       1 controller.go:104] lm mgmt matches node harvesterdev1
2024-08-06T02:11:44.769593467Z I0806 02:11:44.769478       1 controller.go:104] lm mgmt matches node harvesterdev1
2024-08-06T02:11:44.963323228Z I0806 02:11:44.963201       1 controller.go:104] lm nic matches node harvesterdev1
2024-08-06T02:13:21.219969837Z I0806 02:13:21.219873       1 controller.go:46] nad configuration default/350vlan has been changed: {"cniVersion":"0.3.1","name":"350vlan","type":"bridge","bridge":"mgmt-br","promiscMode":true,"vlan":350,"ipam":{}}
2024-08-06T02:13:21.226889657Z I0806 02:13:21.226791       1 controller.go:46] nad configuration default/350vlan has been changed: {"cniVersion":"0.3.1","name":"350vlan","type":"bridge","bridge":"mgmt-br","promiscMode":true,"vlan":350,"ipam":{}}
2024-08-06T02:13:21.239449556Z I0806 02:13:21.239318       1 controller.go:46] nad configuration default/350vlan has been changed: {"cniVersion":"0.3.1","name":"350vlan","type":"bridge","bridge":"mgmt-br","promiscMode":true,"vlan":350,"ipam":{}}
2024-08-06T02:13:21.549543032Z I0806 02:13:21.549405       1 controller.go:46] nad configuration default/350vlan has been changed: {"cniVersion":"0.3.1","name":"350vlan","type":"bridge","bridge":"mgmt-br","promiscMode":true,"vlan":350,"ipam":{}}
2024-08-06T02:13:29.118642388Z I0806 02:13:29.118478       1 controller.go:46] nad configuration default/350vlan has been changed: {"cniVersion":"0.3.1","name":"350vlan","type":"bridge","bridge":"mgmt-br","promiscMode":true,"vlan":350,"ipam":{}}
2024-08-06T02:13:33.222674694Z I0806 02:13:33.222558       1 controller.go:46] nad configuration default/350vlan has been changed: {"cniVersion":"0.3.1","name":"350vlan","type":"bridge","bridge":"mgmt-br","promiscMode":true,"vlan":350,"ipam":{}}
2024-08-06T02:13:36.144160898Z I0806 02:13:36.144075       1 controller.go:104] lm nic matches node harvesterdev1
2024-08-06T02:13:36.336349468Z I0806 02:13:36.336175       1 controller.go:104] lm mgmt matches node harvesterdev1
2024-08-06T02:15:57.867298759Z I0806 02:15:57.867144       1 controller.go:104] lm nic matches node harvesterdev1
2024-08-06T02:15:57.868683856Z I0806 02:15:57.868596       1 controller.go:104] lm mgmt matches node harvesterdev1
2024-08-06T02:24:40.409712460Z I0806 02:24:40.409618       1 controller.go:104] lm mgmt matches node harvesterdev1
2024-08-06T02:25:00.208584631Z I0806 02:25:00.208499       1 controller.go:104] lm mgmt matches node harvesterdev1
2024-08-06T03:11:48.187183901Z I0806 03:11:48.187067       1 controller.go:104] lm mgmt matches node harvesterdev1
2024-08-06T03:11:48.187453346Z I0806 03:11:48.187382       1 controller.go:104] lm nic matches node harvesterdev1
2024-08-06T03:11:49.643615271Z I0806 03:11:49.643528       1 controller.go:104] lm nic matches node harvesterdev1
2024-08-06T03:11:49.740274999Z I0806 03:11:49.740185       1 controller.go:104] lm mgmt matches node harvesterdev1
2024-08-06T03:18:29.752370866Z I0806 03:18:29.752254       1 controller.go:104] lm mgmt matches node harvesterdev1
2024-08-06T03:18:29.753252430Z I0806 03:18:29.753178       1 controller.go:104] lm nic matches node harvesterdev1
2024-08-06T03:18:31.838315164Z I0806 03:18:31.838198       1 controller.go:104] lm nic matches node harvesterdev1
2024-08-06T03:18:31.936535742Z I0806 03:18:31.936441       1 controller.go:104] lm mgmt matches node harvesterdev1
2024-08-06T03:21:40.726175791Z I0806 03:21:40.726044       1 controller.go:104] lm nic matches node harvesterdev1
2024-08-06T03:21:40.726720493Z I0806 03:21:40.726662       1 controller.go:104] lm mgmt matches node harvesterdev1
2024-08-06T03:21:41.734271680Z I0806 03:21:41.734140       1 controller.go:104] lm nic matches node harvesterdev1
2024-08-06T03:21:41.833011593Z I0806 03:21:41.832920       1 controller.go:104] lm mgmt matches node harvesterdev1
2024-08-06T03:38:59.686150699Z I0806 03:38:59.686029       1 controller.go:104] lm mgmt matches node harvesterdev1
2024-08-06T03:38:59.686400531Z I0806 03:38:59.686336       1 controller.go:104] lm nic matches node harvesterdev1
2024-08-06T03:39:03.750784436Z I0806 03:39:03.750654       1 controller.go:104] lm nic matches node harvesterdev1
2024-08-06T03:39:03.751396728Z I0806 03:39:03.751302       1 controller.go:104] lm mgmt matches node harvesterdev1
2024-08-06T04:07:28.984932589Z I0806 04:07:28.984793       1 controller.go:104] lm mgmt matches node harvesterdev1
2024-08-06T04:07:28.984980821Z I0806 04:07:28.984870       1 controller.go:104] lm nic matches node harvesterdev1
2024-08-06T04:07:31.135969016Z I0806 04:07:31.135869       1 controller.go:104] lm mgmt matches node harvesterdev1
2024-08-06T04:07:31.272276881Z I0806 04:07:31.272161       1 controller.go:104] lm nic matches node harvesterdev1
2024-08-06T05:34:24.617693404Z I0806 05:34:24.617560       1 controller.go:104] lm nic matches node harvesterdev1
2024-08-06T05:34:24.617783174Z I0806 05:34:24.617723       1 controller.go:104] lm mgmt matches node harvesterdev1
2024-08-06T05:34:24.931206565Z I0806 05:34:24.931055       1 controller.go:104] lm mgmt matches node harvesterdev1
2024-08-06T05:34:25.080421107Z I0806 05:34:25.080265       1 controller.go:104] lm nic matches node harvesterdev1
2024-08-06T06:15:22.082659136Z I0806 06:15:22.082539       1 controller.go:104] lm mgmt matches node harvesterdev1
2024-08-06T06:15:22.083954962Z I0806 06:15:22.083887       1 controller.go:104] lm nic matches node harvesterdev1
2024-08-06T06:15:22.094402011Z I0806 06:15:22.094363       1 controller.go:104] lm nic matches node harvesterdev1
2024-08-06T06:15:22.180966356Z I0806 06:15:22.180880       1 controller.go:104] lm mgmt matches node harvesterdev1
2024-08-06T09:59:15.587532761Z I0806 09:59:15.587379       1 controller.go:104] lm mgmt matches node harvesterdev1
2024-08-06T09:59:15.588741992Z I0806 09:59:15.588592       1 controller.go:104] lm nic matches node harvesterdev1
2024-08-06T09:59:16.289588935Z I0806 09:59:16.289466       1 controller.go:104] lm mgmt matches node harvesterdev1
2024-08-06T09:59:16.480003249Z I0806 09:59:16.479900       1 controller.go:104] lm nic matches node harvesterdev1
2024-08-06T10:53:06.933094636Z I0806 10:53:06.932978       1 controller.go:104] lm nic matches node harvesterdev1
2024-08-06T10:53:06.933145122Z I0806 10:53:06.933032       1 controller.go:104] lm mgmt matches node harvesterdev1
2024-08-06T10:53:07.484734554Z I0806 10:53:07.484607       1 controller.go:104] lm mgmt matches node harvesterdev1
2024-08-06T10:53:07.580569983Z I0806 10:53:07.580485       1 controller.go:104] lm nic matches node harvesterdev1
2024-08-06T11:06:53.186756217Z I0806 11:06:53.186659       1 controller.go:104] lm mgmt matches node harvesterdev1
2024-08-06T11:06:53.188100424Z I0806 11:06:53.188022       1 controller.go:104] lm nic matches node harvesterdev1
2024-08-06T11:06:53.196775320Z I0806 11:06:53.196670       1 controller.go:104] lm mgmt matches node harvesterdev1
2024-08-06T11:06:53.236349887Z I0806 11:06:53.236258       1 controller.go:104] lm nic matches node harvesterdev1
2024-08-06T11:23:04.034766857Z I0806 11:23:04.034646       1 controller.go:104] lm mgmt matches node harvesterdev1
2024-08-06T11:23:04.035552145Z I0806 11:23:04.035457       1 controller.go:104] lm nic matches node harvesterdev1
2024-08-06T11:23:06.177383904Z I0806 11:23:06.177262       1 controller.go:104] lm mgmt matches node harvesterdev1
2024-08-06T11:23:06.181341654Z I0806 11:23:06.181231       1 controller.go:104] lm nic matches node harvesterdev1
2024-08-06T11:55:54.140172080Z I0806 11:55:54.140039       1 controller.go:46] nad configuration default/350vlan has been changed: {"cniVersion":"0.3.1","name":"350vlan","type":"bridge","bridge":"mgmt-br","promiscMode":true,"vlan":350,"ipam":{}}
2024-08-06T11:55:54.236567711Z I0806 11:55:54.236432       1 controller.go:104] lm nic matches node harvesterdev1
2024-08-06T11:55:54.236630470Z I0806 11:55:54.236527       1 controller.go:104] lm mgmt matches node harvesterdev1
2024-08-06T13:15:36.484199110Z I0806 13:15:36.484114       1 controller.go:104] lm nic matches node harvesterdev1
2024-08-06T13:15:36.484451719Z I0806 13:15:36.484414       1 controller.go:104] lm mgmt matches node harvesterdev1
2024-08-06T13:15:36.877875751Z I0806 13:15:36.877733       1 controller.go:104] lm mgmt matches node harvesterdev1
2024-08-06T13:15:36.881220279Z I0806 13:15:36.881142       1 controller.go:104] lm nic matches node harvesterdev1
2024-08-06T13:18:57.155037179Z I0806 13:18:57.154857       1 controller.go:104] lm mgmt matches node harvesterdev1
2024-08-06T13:18:57.156548463Z I0806 13:18:57.156428       1 controller.go:104] lm nic matches node harvesterdev1
2024-08-06T13:18:57.984834780Z I0806 13:18:57.984692       1 controller.go:104] lm mgmt matches node harvesterdev1
2024-08-06T13:18:58.079903350Z I0806 13:18:58.079810       1 controller.go:104] lm nic matches node harvesterdev1
2024-08-06T14:01:23.016075864Z I0806 14:01:23.015944       1 controller.go:104] lm nic matches node harvesterdev1
2024-08-06T14:01:23.016589126Z I0806 14:01:23.016534       1 controller.go:104] lm mgmt matches node harvesterdev1
2024-08-06T14:01:23.027665973Z I0806 14:01:23.027624       1 controller.go:104] lm nic matches node harvesterdev1
2024-08-06T14:01:23.081804873Z I0806 14:01:23.081713       1 controller.go:104] lm mgmt matches node harvesterdev1
