2024-08-06T01:55:42.951282315Z time="2024-08-06T01:55:42Z" level=info msg="Ksmtuned controller v0.2.1 (0e0dadd) is starting"
2024-08-06T01:55:43.037772733Z time="2024-08-06T01:55:43Z" level=info msg="Manually update when bootup..."
2024-08-06T01:55:43.037794564Z W0806 01:55:43.036432       1 client_config.go:617] Neither --kubeconfig nor --master was specified.  Using the inClusterConfig.  This might not work.
2024-08-06T01:55:44.036032768Z time="2024-08-06T01:55:44Z" level=info msg="Try to update with Node: harvesterdev1, annotation update: &{NTPSyncStatus:synced CurrentNTPServers:0.suse.pool.ntp.org}"
2024-08-06T01:55:44.054846007Z time="2024-08-06T01:55:44Z" level=info msg="Start WatchDbus Signal..."
2024-08-06T01:55:44.055176625Z time="2024-08-06T01:55:44Z" level=info msg="starting metrics server"
2024-08-06T01:55:44.056318262Z time="2024-08-06T01:55:44Z" level=info msg="Watch DBus signal with interface: org.freedesktop.DBus.Properties, object path: /org/freedesktop/timesync1"
2024-08-06T01:55:44.056327379Z time="2024-08-06T01:55:44Z" level=info msg="Watch DBus signal with interface: org.freedesktop.DBus.Properties, object path: /org/freedesktop/timedate1"
2024-08-06T01:55:46.737764645Z time="2024-08-06T01:55:46Z" level=info msg="Starting node.harvesterhci.io/v1beta1, Kind=CloudInit controller"
2024-08-06T01:55:46.737810653Z time="2024-08-06T01:55:46Z" level=info msg="Starting node.harvesterhci.io/v1beta1, Kind=Ksmtuned controller"
2024-08-06T01:55:46.737828747Z time="2024-08-06T01:55:46Z" level=info msg="Starting node.harvesterhci.io/v1beta1, Kind=NodeConfig controller"
2024-08-06T01:55:47.437093850Z time="2024-08-06T01:55:47Z" level=info msg="Starting /v1, Kind=Node controller"
2024-08-06T01:56:40.320548478Z time="2024-08-06T01:56:40Z" level=info msg="Backup original ntp config ..."
2024-08-06T01:56:40.320569859Z time="2024-08-06T01:56:40Z" level=info msg="Backup current ntp config ..."
2024-08-06T01:56:40.320574597Z time="2024-08-06T01:56:40Z" level=info msg="Prepare to update NTP server with: 0.suse.pool.ntp.org"
2024-08-06T01:56:40.320579176Z time="2024-08-06T01:56:40Z" level=info msg="Restart systemd-timesyncd service ..."
2024-08-06T01:56:40.320583554Z time="2024-08-06T01:56:40Z" level=error msg="unknown supported path: /host/etc/systemd/timesyncd.conf.origin"
2024-08-06T01:56:40.320587231Z time="2024-08-06T01:56:40Z" level=error msg="unknown supported path: /host/etc/systemd/timesyncd.conf.bak"
2024-08-06T01:56:40.320591139Z time="2024-08-06T01:56:40Z" level=error msg="unknown supported path: /host/etc/systemd/timesyncd.conf4140462500"
2024-08-06T01:56:40.326934868Z time="2024-08-06T01:56:40Z" level=info msg="Prepare to make NTP configuration persistence ..."
2024-08-06T01:56:40.330843986Z time="2024-08-06T01:56:40Z" level=info msg="Prepare to update settings to persistent file: &{Name:oem_settings Stages:map[initramfs:[{Commands:[] Files:[] Downloads:[] Directories:[] If: EnsureEntities:[] DeleteEntities:[] Dns:{Nameservers:[] DnsSearch:[] DnsOptions:[] Path:} Hostname: Name:ntp Sysctl:map[] SSHKeys:map[] Node: Users:map[] Modules:[] Systemctl:{Enable:[systemd-timesyncd systemd-time-wait-sync] Disable:[] Start:[] Mask:[]} Environment:map[] EnvironmentFile: After:[] DataSources:{Providers:[] Path:} Layout:{Device:<nil> Expand:<nil> Parts:[]} SystemdFirstBoot:map[] TimeSyncd:map[NTP:0.suse.pool.ntp.org] Git:{Auth:{Username: Password: PrivateKey: Insecure:false PublicKey:} URL: Path: Branch: BranchOnly:false}}]]}"
2024-08-06T01:56:40.375315691Z time="2024-08-06T01:56:40Z" level=info msg="Found applied config from annotation: {\"ntpServers\":\"0.suse.pool.ntp.org\"}"
2024-08-06T01:56:40.375331981Z time="2024-08-06T01:56:40Z" level=info msg="NTP config is not changed"
2024-08-06T01:56:40.393528099Z time="2024-08-06T01:56:40Z" level=info msg="Found applied config from annotation: {\"ntpServers\":\"0.suse.pool.ntp.org\"}"
2024-08-06T01:56:40.393585688Z time="2024-08-06T01:56:40Z" level=info msg="NTP config is not changed"
2024-08-06T01:56:40.393590657Z time="2024-08-06T01:56:40Z" level=info msg="Found applied config from annotation: {\"ntpServers\":\"0.suse.pool.ntp.org\"}"
2024-08-06T01:56:40.393594925Z time="2024-08-06T01:56:40Z" level=info msg="NTP config is not changed"
2024-08-06T02:27:44.674071957Z time="2024-08-06T02:27:44Z" level=info msg="Prepare update the NTPSync Status..."
2024-08-06T02:44:48.919898256Z time="2024-08-06T02:44:48Z" level=info msg="Prepare update the NTPSync Status..."
2024-08-06T02:59:48.922482957Z time="2024-08-06T02:59:48Z" level=info msg="Prepare update the NTPSync Status..."
2024-08-06T03:18:57.171372645Z time="2024-08-06T03:18:57Z" level=info msg="Prepare update the NTPSync Status..."
2024-08-06T03:33:57.164558536Z time="2024-08-06T03:33:57Z" level=info msg="Prepare update the NTPSync Status..."
2024-08-06T03:53:05.409632954Z time="2024-08-06T03:53:05Z" level=info msg="Prepare update the NTPSync Status..."
2024-08-06T04:08:05.399195924Z time="2024-08-06T04:08:05Z" level=info msg="Prepare update the NTPSync Status..."
2024-08-06T04:27:13.671393095Z time="2024-08-06T04:27:13Z" level=info msg="Prepare update the NTPSync Status..."
2024-08-06T04:42:13.656459871Z time="2024-08-06T04:42:13Z" level=info msg="Prepare update the NTPSync Status..."
2024-08-06T05:01:21.918349126Z time="2024-08-06T05:01:21Z" level=info msg="Prepare update the NTPSync Status..."
2024-08-06T05:16:21.909085604Z time="2024-08-06T05:16:21Z" level=info msg="Prepare update the NTPSync Status..."
2024-08-06T05:35:30.167242203Z time="2024-08-06T05:35:30Z" level=info msg="Prepare update the NTPSync Status..."
2024-08-06T05:50:30.178069059Z time="2024-08-06T05:50:30Z" level=info msg="Prepare update the NTPSync Status..."
2024-08-06T06:09:38.392449634Z time="2024-08-06T06:09:38Z" level=info msg="Prepare update the NTPSync Status..."
2024-08-06T06:24:38.412195112Z time="2024-08-06T06:24:38Z" level=info msg="Prepare update the NTPSync Status..."
2024-08-06T06:43:46.670283649Z time="2024-08-06T06:43:46Z" level=info msg="Prepare update the NTPSync Status..."
2024-08-06T06:58:46.680551745Z time="2024-08-06T06:58:46Z" level=info msg="Prepare update the NTPSync Status..."
2024-08-06T07:17:54.912040800Z time="2024-08-06T07:17:54Z" level=info msg="Prepare update the NTPSync Status..."
2024-08-06T07:32:54.904861389Z time="2024-08-06T07:32:54Z" level=info msg="Prepare update the NTPSync Status..."
2024-08-06T07:52:03.175750374Z time="2024-08-06T07:52:03Z" level=info msg="Prepare update the NTPSync Status..."
2024-08-06T08:07:03.151537023Z time="2024-08-06T08:07:03Z" level=info msg="Prepare update the NTPSync Status..."
2024-08-06T08:26:11.412366227Z time="2024-08-06T08:26:11Z" level=info msg="Prepare update the NTPSync Status..."
2024-08-06T08:41:11.398554188Z time="2024-08-06T08:41:11Z" level=info msg="Prepare update the NTPSync Status..."
2024-08-06T09:00:19.686267250Z time="2024-08-06T09:00:19Z" level=info msg="Prepare update the NTPSync Status..."
2024-08-06T09:15:19.683964449Z time="2024-08-06T09:15:19Z" level=info msg="Prepare update the NTPSync Status..."
2024-08-06T09:34:27.904514943Z time="2024-08-06T09:34:27Z" level=info msg="Prepare update the NTPSync Status..."
2024-08-06T09:49:27.924083147Z time="2024-08-06T09:49:27Z" level=info msg="Prepare update the NTPSync Status..."
2024-08-06T10:08:36.159593378Z time="2024-08-06T10:08:36Z" level=info msg="Prepare update the NTPSync Status..."
2024-08-06T10:23:36.149418576Z time="2024-08-06T10:23:36Z" level=info msg="Prepare update the NTPSync Status..."
2024-08-06T10:42:44.407069421Z time="2024-08-06T10:42:44Z" level=info msg="Prepare update the NTPSync Status..."
2024-08-06T10:57:44.431893333Z time="2024-08-06T10:57:44Z" level=info msg="Prepare update the NTPSync Status..."
2024-08-06T11:16:52.661571935Z time="2024-08-06T11:16:52Z" level=info msg="Prepare update the NTPSync Status..."
2024-08-06T11:31:52.684876807Z time="2024-08-06T11:31:52Z" level=info msg="Prepare update the NTPSync Status..."
2024-08-06T11:51:00.912753385Z time="2024-08-06T11:51:00Z" level=info msg="Prepare update the NTPSync Status..."
2024-08-06T11:55:46.137109545Z time="2024-08-06T11:55:46Z" level=info msg="Found applied config from annotation: {\"ntpServers\":\"0.suse.pool.ntp.org\"}"
2024-08-06T11:55:46.137166804Z time="2024-08-06T11:55:46Z" level=info msg="NTP config is not changed"
2024-08-06T12:06:00.908325202Z time="2024-08-06T12:06:00Z" level=info msg="Prepare update the NTPSync Status..."
2024-08-06T12:25:09.183964379Z time="2024-08-06T12:25:09Z" level=info msg="Prepare update the NTPSync Status..."
2024-08-06T12:40:09.189642833Z time="2024-08-06T12:40:09Z" level=info msg="Prepare update the NTPSync Status..."
2024-08-06T12:59:17.410909505Z time="2024-08-06T12:59:17Z" level=info msg="Prepare update the NTPSync Status..."
2024-08-06T13:14:17.424973015Z time="2024-08-06T13:14:17Z" level=info msg="Prepare update the NTPSync Status..."
2024-08-06T13:33:25.664017742Z time="2024-08-06T13:33:25Z" level=info msg="Prepare update the NTPSync Status..."
2024-08-06T13:48:25.665235631Z time="2024-08-06T13:48:25Z" level=info msg="Prepare update the NTPSync Status..."
2024-08-06T14:07:33.918514761Z time="2024-08-06T14:07:33Z" level=info msg="Prepare update the NTPSync Status..."
