2024-08-06T01:55:53.831744968Z I0806 01:55:53.831498       1 main.go:97] Version: v4.5.1
2024-08-06T01:55:54.838843353Z I0806 01:55:54.838751       1 common.go:138] Probing CSI driver for readiness
2024-08-06T01:55:54.841071938Z I0806 01:55:54.841033       1 main.go:154] CSI driver name: "driver.longhorn.io"
2024-08-06T01:55:54.842102943Z I0806 01:55:54.842072       1 main.go:230] CSI driver supports ControllerPublishUnpublish, using real CSI handler
2024-08-06T01:55:54.842515796Z I0806 01:55:54.842470       1 leaderelection.go:250] attempting to acquire leader lease longhorn-system/external-attacher-leader-driver-longhorn-io...
2024-08-06T01:55:54.849404798Z I0806 01:55:54.849343       1 leaderelection.go:260] successfully acquired lease longhorn-system/external-attacher-leader-driver-longhorn-io
2024-08-06T01:55:54.850812177Z I0806 01:55:54.850724       1 leader_election.go:177] became leader, starting
2024-08-06T01:55:54.850820302Z I0806 01:55:54.850789       1 controller.go:130] Starting CSI attacher
2024-08-06T01:55:54.853348185Z I0806 01:55:54.853264       1 reflector.go:351] Caches populated for *v1.PersistentVolume from k8s.io/client-go/informers/factory.go:159
2024-08-06T01:55:54.853824749Z I0806 01:55:54.853762       1 reflector.go:351] Caches populated for *v1.VolumeAttachment from k8s.io/client-go/informers/factory.go:159
2024-08-06T01:55:54.854105501Z I0806 01:55:54.854063       1 reflector.go:351] Caches populated for *v1.CSINode from k8s.io/client-go/informers/factory.go:159
2024-08-06T01:57:04.021742625Z I0806 01:57:04.021595       1 csi_handler.go:251] Attaching "csi-9a5947b5007708414b58eaf79f6fdc6c83cf9a31b18dfbfd973fa035cbe7caea"
2024-08-06T01:57:07.035336532Z I0806 01:57:07.035239       1 csi_handler.go:251] Attaching "csi-93766c6ac1aafb1db35bf2f53f177b1c70ae60a064124313bd304be22d329cbb"
2024-08-06T01:57:10.054896276Z I0806 01:57:10.054814       1 csi_handler.go:251] Attaching "csi-cde06fb7987916086fc1dd4c7ef2c18279c798af6af48c9e5963796f3e167efc"
2024-08-06T01:57:14.149586496Z I0806 01:57:14.149472       1 csi_handler.go:264] Attached "csi-9a5947b5007708414b58eaf79f6fdc6c83cf9a31b18dfbfd973fa035cbe7caea"
2024-08-06T01:57:14.152814886Z I0806 01:57:14.152761       1 csi_handler.go:251] Attaching "csi-9a5947b5007708414b58eaf79f6fdc6c83cf9a31b18dfbfd973fa035cbe7caea"
2024-08-06T01:57:16.167020173Z I0806 01:57:16.166916       1 csi_handler.go:264] Attached "csi-9a5947b5007708414b58eaf79f6fdc6c83cf9a31b18dfbfd973fa035cbe7caea"
2024-08-06T01:57:17.165689478Z I0806 01:57:17.165609       1 csi_handler.go:264] Attached "csi-93766c6ac1aafb1db35bf2f53f177b1c70ae60a064124313bd304be22d329cbb"
2024-08-06T01:57:17.169966651Z I0806 01:57:17.169913       1 csi_handler.go:251] Attaching "csi-93766c6ac1aafb1db35bf2f53f177b1c70ae60a064124313bd304be22d329cbb"
2024-08-06T01:57:19.185832885Z I0806 01:57:19.185749       1 csi_handler.go:264] Attached "csi-93766c6ac1aafb1db35bf2f53f177b1c70ae60a064124313bd304be22d329cbb"
2024-08-06T01:57:20.182168353Z I0806 01:57:20.182022       1 csi_handler.go:264] Attached "csi-cde06fb7987916086fc1dd4c7ef2c18279c798af6af48c9e5963796f3e167efc"
2024-08-06T01:57:20.187170973Z I0806 01:57:20.187020       1 csi_handler.go:251] Attaching "csi-cde06fb7987916086fc1dd4c7ef2c18279c798af6af48c9e5963796f3e167efc"
2024-08-06T01:57:22.206550387Z I0806 01:57:22.206456       1 csi_handler.go:264] Attached "csi-cde06fb7987916086fc1dd4c7ef2c18279c798af6af48c9e5963796f3e167efc"
2024-08-06T02:24:11.007362961Z I0806 02:24:11.007248       1 csi_handler.go:251] Attaching "csi-26ef716f65f2182b1448aa8c447d211e0e00e9b8345dcd47cda5665c16c49c29"
2024-08-06T02:24:18.049587509Z I0806 02:24:18.049493       1 csi_handler.go:251] Attaching "csi-bec8c2bd22160fa9143c72db95c6c79c2f121a74c8417158e6278376e20dd34f"
2024-08-06T02:24:19.055022997Z I0806 02:24:19.054905       1 csi_handler.go:251] Attaching "csi-5b8da95e44899a4d699b15b38a7737b8e58fc38c50178af97313a2244b43c190"
2024-08-06T02:24:32.177240876Z I0806 02:24:32.177139       1 csi_handler.go:264] Attached "csi-bec8c2bd22160fa9143c72db95c6c79c2f121a74c8417158e6278376e20dd34f"
2024-08-06T02:24:32.182067947Z I0806 02:24:32.181978       1 csi_handler.go:251] Attaching "csi-bec8c2bd22160fa9143c72db95c6c79c2f121a74c8417158e6278376e20dd34f"
2024-08-06T02:24:33.133435691Z I0806 02:24:33.133283       1 csi_handler.go:264] Attached "csi-26ef716f65f2182b1448aa8c447d211e0e00e9b8345dcd47cda5665c16c49c29"
2024-08-06T02:24:33.136468568Z I0806 02:24:33.136255       1 csi_handler.go:251] Attaching "csi-26ef716f65f2182b1448aa8c447d211e0e00e9b8345dcd47cda5665c16c49c29"
2024-08-06T02:24:33.182162092Z I0806 02:24:33.182085       1 csi_handler.go:264] Attached "csi-5b8da95e44899a4d699b15b38a7737b8e58fc38c50178af97313a2244b43c190"
2024-08-06T02:24:34.197270222Z I0806 02:24:34.197154       1 csi_handler.go:264] Attached "csi-bec8c2bd22160fa9143c72db95c6c79c2f121a74c8417158e6278376e20dd34f"
2024-08-06T02:24:35.156227675Z I0806 02:24:35.156131       1 csi_handler.go:264] Attached "csi-26ef716f65f2182b1448aa8c447d211e0e00e9b8345dcd47cda5665c16c49c29"
