2024-08-06T01:58:47.492448494Z time="2024-08-06T01:58:47Z" level=info msg="Node Disk Manager v0.6.3 (810e526) is starting"
2024-08-06T01:58:47.492475825Z time="2024-08-06T01:58:47Z" level=info msg="Notable parameters are following:"
2024-08-06T01:58:47.492479382Z time="2024-08-06T01:58:47Z" level=info msg="Namespace: longhorn-system, ConcurrentOps: 5, RescanInterval: 0, InjectUdevMonitorError: false"
2024-08-06T01:58:47.492483068Z time="2024-08-06T01:58:47Z" level=info msg="Starting node disk manager controller"
2024-08-06T01:58:47.492977173Z time="2024-08-06T01:58:47Z" level=info msg="register exclude filters"
2024-08-06T01:58:47.492987812Z time="2024-08-06T01:58:47Z" level=info msg="register auto provision filters"
2024-08-06T01:58:48.004842713Z time="2024-08-06T01:58:48Z" level=info msg="Adding the disk with block device /dev/sda, id(Name): c2675a090f3de6d1ec528e9c57791af5 on node harvesterdev1"
2024-08-06T01:58:48.004872718Z time="2024-08-06T01:58:48Z" level=info msg="  - wwn: 0x5000c500dcf4716d"
2024-08-06T01:58:48.004880272Z time="2024-08-06T01:58:48Z" level=info msg="  - vendor: ATA"
2024-08-06T01:58:48.004887556Z time="2024-08-06T01:58:48Z" level=info msg="  - model: ST8000NE001-2M7101"
2024-08-06T01:58:48.004894148Z time="2024-08-06T01:58:48Z" level=info msg="  - SerialNumber: WSD4SNSZ"
2024-08-06T01:58:48.004914636Z time="2024-08-06T01:58:48Z" level=info msg="Adding the disk with block device /dev/sdb, id(Name): e8bc66bcba288703f89f5d245fd2a6d8 on node harvesterdev1"
2024-08-06T01:58:48.004921689Z time="2024-08-06T01:58:48Z" level=info msg="  - wwn: 0x5002538f32202557"
2024-08-06T01:58:48.004928211Z time="2024-08-06T01:58:48Z" level=info msg="  - vendor: ATA"
2024-08-06T01:58:48.004935034Z time="2024-08-06T01:58:48Z" level=info msg="  - model: Samsung_SSD_870_QVO_2TB"
2024-08-06T01:58:48.004941566Z time="2024-08-06T01:58:48Z" level=info msg="  - SerialNumber: S6R4NJ0T204431J"
2024-08-06T01:58:48.012890879Z time="2024-08-06T01:58:48Z" level=info msg="Wake up scanner first time to update CacheDiskTags ..."
2024-08-06T01:58:48.013048842Z time="2024-08-06T01:58:48Z" level=info msg="Waiting new event to trigger..."
2024-08-06T01:58:48.175025327Z time="2024-08-06T01:58:48Z" level=info msg="Starting harvesterhci.io/v1beta1, Kind=BlockDevice controller"
2024-08-06T01:58:48.212668605Z time="2024-08-06T01:58:48Z" level=info msg="Start monitoring udev processed events"
2024-08-06T01:58:48.212766526Z time="2024-08-06T01:58:48Z" level=info msg="Starting longhorn.io/v1beta2, Kind=Node controller"
2024-08-06T01:58:48.221525117Z time="2024-08-06T01:58:48Z" level=info msg="Auto provisioning block device c2675a090f3de6d1ec528e9c57791af5"
2024-08-06T01:58:48.228667237Z time="2024-08-06T01:58:48Z" level=info msg="Auto provisioning block device e8bc66bcba288703f89f5d245fd2a6d8"
2024-08-06T01:58:48.239428582Z time="2024-08-06T01:58:48Z" level=info msg="Prepare to force format device c2675a090f3de6d1ec528e9c57791af5"
2024-08-06T01:58:48.242494293Z time="2024-08-06T01:58:48Z" level=info msg="Prepare to force format device e8bc66bcba288703f89f5d245fd2a6d8"
2024-08-06T01:58:53.962434701Z time="2024-08-06T01:58:53Z" level=info msg="Prepare to try Mount"
2024-08-06T01:58:53.962497407Z time="2024-08-06T01:58:53Z" level=info msg="Mount deivce e8bc66bcba288703f89f5d245fd2a6d8 to /var/lib/harvester/extra-disks/e8bc66bcba288703f89f5d245fd2a6d8"
2024-08-06T01:58:54.034529101Z time="2024-08-06T01:58:54Z" level=info msg="Prepare to provision device e8bc66bcba288703f89f5d245fd2a6d8 to node harvesterdev1"
2024-08-06T01:58:54.067928947Z time="2024-08-06T01:58:54Z" level=warning msg="Update block device e8bc66bcba288703f89f5d245fd2a6d8 failed: Operation cannot be fulfilled on blockdevices.harvesterhci.io \"e8bc66bcba288703f89f5d245fd2a6d8\": the object has been modified; please apply your changes to the latest version and try again"
2024-08-06T01:58:54.071056142Z time="2024-08-06T01:58:54Z" level=info msg="Prepare to check the new device tags [] with device: e8bc66bcba288703f89f5d245fd2a6d8"
2024-08-06T01:58:54.084790203Z time="2024-08-06T01:58:54Z" level=info msg="Update existing block device status e8bc66bcba288703f89f5d245fd2a6d8"
2024-08-06T01:58:54.095736547Z time="2024-08-06T01:58:54Z" level=info msg="Prepare to check the new device tags [] with device: e8bc66bcba288703f89f5d245fd2a6d8"
2024-08-06T01:59:06.029787987Z time="2024-08-06T01:59:06Z" level=info msg="Prepare to try Mount"
2024-08-06T01:59:06.029820677Z time="2024-08-06T01:59:06Z" level=info msg="Mount deivce c2675a090f3de6d1ec528e9c57791af5 to /var/lib/harvester/extra-disks/c2675a090f3de6d1ec528e9c57791af5"
2024-08-06T01:59:06.278102507Z time="2024-08-06T01:59:06Z" level=info msg="Prepare to provision device c2675a090f3de6d1ec528e9c57791af5 to node harvesterdev1"
2024-08-06T01:59:06.290473134Z time="2024-08-06T01:59:06Z" level=error msg="failed to provision device c2675a090f3de6d1ec528e9c57791af5 to node harvesterdev1: admission webhook \"validator.longhorn.io\" denied the request: spec and status of disks on node harvesterdev1 are being syncing and please retry later."
2024-08-06T01:59:06.302732766Z time="2024-08-06T01:59:06Z" level=info msg="Prepare to provision device c2675a090f3de6d1ec528e9c57791af5 to node harvesterdev1"
2024-08-06T01:59:06.311816758Z time="2024-08-06T01:59:06Z" level=error msg="failed to provision device c2675a090f3de6d1ec528e9c57791af5 to node harvesterdev1: admission webhook \"validator.longhorn.io\" denied the request: spec and status of disks on node harvesterdev1 are being syncing and please retry later."
2024-08-06T01:59:06.328296774Z time="2024-08-06T01:59:06Z" level=info msg="Update existing block device status c2675a090f3de6d1ec528e9c57791af5"
2024-08-06T01:59:06.340607691Z time="2024-08-06T01:59:06Z" level=info msg="Prepare to provision device c2675a090f3de6d1ec528e9c57791af5 to node harvesterdev1"
2024-08-06T01:59:06.353014073Z time="2024-08-06T01:59:06Z" level=error msg="failed to provision device c2675a090f3de6d1ec528e9c57791af5 to node harvesterdev1: admission webhook \"validator.longhorn.io\" denied the request: spec and status of disks on node harvesterdev1 are being syncing and please retry later."
2024-08-06T01:59:11.321737685Z time="2024-08-06T01:59:11Z" level=info msg="Prepare to provision device c2675a090f3de6d1ec528e9c57791af5 to node harvesterdev1"
2024-08-06T01:59:11.335949222Z time="2024-08-06T01:59:11Z" level=error msg="failed to provision device c2675a090f3de6d1ec528e9c57791af5 to node harvesterdev1: admission webhook \"validator.longhorn.io\" denied the request: spec and status of disks on node harvesterdev1 are being syncing and please retry later."
2024-08-06T01:59:17.351460623Z time="2024-08-06T01:59:17Z" level=info msg="Prepare to provision device c2675a090f3de6d1ec528e9c57791af5 to node harvesterdev1"
2024-08-06T01:59:17.365155368Z time="2024-08-06T01:59:17Z" level=error msg="failed to provision device c2675a090f3de6d1ec528e9c57791af5 to node harvesterdev1: admission webhook \"validator.longhorn.io\" denied the request: spec and status of disks on node harvesterdev1 are being syncing and please retry later."
2024-08-06T01:59:23.376705557Z time="2024-08-06T01:59:23Z" level=info msg="Prepare to provision device c2675a090f3de6d1ec528e9c57791af5 to node harvesterdev1"
2024-08-06T01:59:23.421375262Z time="2024-08-06T01:59:23Z" level=warning msg="Update block device c2675a090f3de6d1ec528e9c57791af5 failed: Operation cannot be fulfilled on blockdevices.harvesterhci.io \"c2675a090f3de6d1ec528e9c57791af5\": the object has been modified; please apply your changes to the latest version and try again"
2024-08-06T01:59:23.428646314Z time="2024-08-06T01:59:23Z" level=info msg="Prepare to check the new device tags [] with device: c2675a090f3de6d1ec528e9c57791af5"
2024-08-06T02:11:47.395473298Z time="2024-08-06T02:11:47Z" level=error msg="error syncing 'longhorn-system/harvesterdev2': handler harvester-ndm-node-handler: admission webhook \"validator.longhorn.io\" denied the request: spec and status of disks on node harvesterdev2 are being syncing and please retry later., requeuing"
2024-08-06T02:11:47.400745378Z time="2024-08-06T02:11:47Z" level=error msg="error syncing 'longhorn-system/harvesterdev2': handler harvester-ndm-node-handler: admission webhook \"validator.longhorn.io\" denied the request: spec and status of disks on node harvesterdev2 are being syncing and please retry later., requeuing"
2024-08-06T02:11:47.416282826Z time="2024-08-06T02:11:47Z" level=error msg="error syncing 'longhorn-system/harvesterdev2': handler harvester-ndm-node-handler: admission webhook \"validator.longhorn.io\" denied the request: spec and status of disks on node harvesterdev2 are being syncing and please retry later., requeuing"
2024-08-06T02:11:47.465860311Z time="2024-08-06T02:11:47Z" level=error msg="error syncing 'longhorn-system/harvesterdev2': handler harvester-ndm-node-handler: admission webhook \"validator.longhorn.io\" denied the request: spec and status of disks on node harvesterdev2 are being syncing and please retry later., requeuing"
2024-08-06T02:13:37.017485477Z time="2024-08-06T02:13:37Z" level=error msg="error syncing 'longhorn-system/harvesterdev3': handler harvester-ndm-node-handler: admission webhook \"validator.longhorn.io\" denied the request: spec and status of disks on node harvesterdev3 are being syncing and please retry later., requeuing"
2024-08-06T02:13:37.022097895Z time="2024-08-06T02:13:37Z" level=error msg="error syncing 'longhorn-system/harvesterdev3': handler harvester-ndm-node-handler: admission webhook \"validator.longhorn.io\" denied the request: spec and status of disks on node harvesterdev3 are being syncing and please retry later., requeuing"
2024-08-06T02:13:37.034677587Z time="2024-08-06T02:13:37Z" level=error msg="error syncing 'longhorn-system/harvesterdev3': handler harvester-ndm-node-handler: admission webhook \"validator.longhorn.io\" denied the request: spec and status of disks on node harvesterdev3 are being syncing and please retry later., requeuing"
2024-08-06T02:13:37.083206735Z time="2024-08-06T02:13:37Z" level=error msg="error syncing 'longhorn-system/harvesterdev3': handler harvester-ndm-node-handler: admission webhook \"validator.longhorn.io\" denied the request: spec and status of disks on node harvesterdev3 are being syncing and please retry later., requeuing"
2024-08-06T02:16:03.084819877Z time="2024-08-06T02:16:03Z" level=error msg="error syncing 'longhorn-system/harvesterdev7': handler harvester-ndm-node-handler: admission webhook \"validator.longhorn.io\" denied the request: spec and status of disks on node harvesterdev7 are being syncing and please retry later., requeuing"
2024-08-06T02:16:03.090931464Z time="2024-08-06T02:16:03Z" level=error msg="error syncing 'longhorn-system/harvesterdev7': handler harvester-ndm-node-handler: admission webhook \"validator.longhorn.io\" denied the request: spec and status of disks on node harvesterdev7 are being syncing and please retry later., requeuing"
2024-08-06T02:16:03.101784923Z time="2024-08-06T02:16:03Z" level=error msg="error syncing 'longhorn-system/harvesterdev7': handler harvester-ndm-node-handler: admission webhook \"validator.longhorn.io\" denied the request: spec and status of disks on node harvesterdev7 are being syncing and please retry later., requeuing"
2024-08-06T02:16:03.150308589Z time="2024-08-06T02:16:03Z" level=error msg="error syncing 'longhorn-system/harvesterdev7': handler harvester-ndm-node-handler: admission webhook \"validator.longhorn.io\" denied the request: spec and status of disks on node harvesterdev7 are being syncing and please retry later., requeuing"
2024-08-06T02:16:03.240741728Z time="2024-08-06T02:16:03Z" level=error msg="error syncing 'longhorn-system/harvesterdev7': handler harvester-ndm-node-handler: admission webhook \"validator.longhorn.io\" denied the request: spec and status of disks on node harvesterdev7 are being syncing and please retry later., requeuing"
2024-08-06T11:58:48.032910587Z time="2024-08-06T11:58:48Z" level=info msg="Prepare to check the new device tags [] with device: c2675a090f3de6d1ec528e9c57791af5"
2024-08-06T11:58:48.033242948Z time="2024-08-06T11:58:48Z" level=info msg="Prepare to check the new device tags [] with device: e8bc66bcba288703f89f5d245fd2a6d8"
