2024-08-06T01:57:18.445620844Z Fluent Bit v2.2.0
2024-08-06T01:57:18.445643964Z * Copyright (C) 2015-2023 The Fluent Bit Authors
2024-08-06T01:57:18.445647921Z * Fluent Bit is a CNCF sub-project under the umbrella of Fluentd
2024-08-06T01:57:18.445651347Z * https://fluentbit.io
2024-08-06T01:57:18.445654182Z 
2024-08-06T01:57:18.448013235Z [2024/08/06 01:57:18] [ info] [fluent bit] version=2.2.0, commit=db8487d123, pid=1
2024-08-06T01:57:18.448179458Z [2024/08/06 01:57:18] [ info] [storage] ver=1.5.1, type=memory+filesystem, sync=normal, checksum=off, max_chunks_up=128
2024-08-06T01:57:18.448184276Z [2024/08/06 01:57:18] [ info] [storage] backlog input plugin: storage_backlog.1
2024-08-06T01:57:18.448187412Z [2024/08/06 01:57:18] [ info] [cmetrics] version=0.6.4
2024-08-06T01:57:18.448194574Z [2024/08/06 01:57:18] [ info] [ctraces ] version=0.3.1
2024-08-06T01:57:18.448333599Z [2024/08/06 01:57:18] [ info] [input:tail:tail.0] initializing
2024-08-06T01:57:18.448345119Z [2024/08/06 01:57:18] [ info] [input:tail:tail.0] storage_strategy='memory' (memory only)
2024-08-06T01:57:18.568691100Z [2024/08/06 01:57:18] [ info] [input:storage_backlog:storage_backlog.1] initializing
2024-08-06T01:57:18.568723276Z [2024/08/06 01:57:18] [ info] [input:storage_backlog:storage_backlog.1] storage_strategy='memory' (memory only)
2024-08-06T01:57:18.568727824Z [2024/08/06 01:57:18] [ info] [input:storage_backlog:storage_backlog.1] queue memory limit: 95.4M
2024-08-06T01:57:18.568744504Z [2024/08/06 01:57:18] [ info] [filter:kubernetes:kubernetes.0] https=1 host=kubernetes.default.svc port=443
2024-08-06T01:57:18.570349319Z [2024/08/06 01:57:18] [ info] [filter:kubernetes:kubernetes.0]  token updated
2024-08-06T01:57:18.570372520Z [2024/08/06 01:57:18] [ info] [filter:kubernetes:kubernetes.0] local POD info OK
2024-08-06T01:57:18.572008209Z [2024/08/06 01:57:18] [ info] [filter:kubernetes:kubernetes.0] testing connectivity with API server...
2024-08-06T01:57:18.576963682Z [2024/08/06 01:57:18] [ info] [filter:kubernetes:kubernetes.0] connectivity OK
2024-08-06T01:57:18.577388941Z [2024/08/06 01:57:18] [ info] [sp] stream processor started
2024-08-06T01:57:18.577519801Z [2024/08/06 01:57:18] [ info] [input:tail:tail.0] inotify_fs_add(): inode=77332674 watch_fd=1 name=/var/log/containers/apply-sync-additional-ca-on-harvesterdev1-with-2c27af4f7e-xknmn_cattle-system_upgrade-bf85d276dbb39f2f1264aea385f3ed506a33d1e3120ddfadf822830b18bdda7b.log
2024-08-06T01:57:18.577554011Z [2024/08/06 01:57:18] [ info] [input:tail:tail.0] inotify_fs_add(): inode=72879531 watch_fd=2 name=/var/log/containers/apply-system-agent-upgrader-on-harvesterdev1-with-6f6e842-k2qgq_cattle-system_upgrade-97a9a1b3447b922497e4c091b25cd4fcee65882cf759da98163c71f1ec8cbfed.log
2024-08-06T01:57:18.577602847Z [2024/08/06 01:57:18] [ info] [input:tail:tail.0] inotify_fs_add(): inode=77595738 watch_fd=3 name=/var/log/containers/capi-controller-manager-6f497d5574-gx9hs_cattle-provisioning-capi-system_manager-6a71ef3f73033f9c41ce726544e28e009784185d87e8aa0c183079d639ed6f9d.log
2024-08-06T01:57:18.577631478Z [2024/08/06 01:57:18] [ info] [input:tail:tail.0] inotify_fs_add(): inode=77595783 watch_fd=4 name=/var/log/containers/cattle-cluster-agent-58bf658657-55mv4_cattle-system_cluster-register-ddbb3510e4d24959790a3ca0c26005cc6a24f878b2a9266218411fcb0d10c777.log
2024-08-06T01:57:18.577712931Z [2024/08/06 01:57:18] [ info] [input:tail:tail.0] inotify_fs_add(): inode=68159620 watch_fd=5 name=/var/log/containers/cloud-controller-manager-harvesterdev1_kube-system_cloud-controller-manager-00154d709d6c9e78ca928609d03a0eb31e4ebdb68dc473fff53b4738ceb91214.log
2024-08-06T01:57:18.577745488Z [2024/08/06 01:57:18] [ info] [input:tail:tail.0] inotify_fs_add(): inode=77332635 watch_fd=6 name=/var/log/containers/csi-attacher-5fbd66cf8-5fn4n_longhorn-system_csi-attacher-0cd891fc4fc430103224a6ce6881e4819dbb84399ff19a60ba93a612c8f74719.log
2024-08-06T01:57:18.577788825Z [2024/08/06 01:57:18] [ info] [input:tail:tail.0] inotify_fs_add(): inode=77332633 watch_fd=7 name=/var/log/containers/csi-attacher-5fbd66cf8-fvj29_longhorn-system_csi-attacher-6fde540aa133c13384e6d7f09a267b3fa7064adfe8f31d988f06d87dacf385cb.log
2024-08-06T01:57:18.577797510Z [2024/08/06 01:57:18] [ info] [output:forward:forward.0] worker #0 started
2024-08-06T01:57:18.577801918Z [2024/08/06 01:57:18] [ info] [input:tail:tail.0] inotify_fs_add(): inode=77332641 watch_fd=8 name=/var/log/containers/csi-attacher-5fbd66cf8-tvjwd_longhorn-system_csi-attacher-7ef83affce56befe0194699e7aa8e4b8e023027d054f2455d2c527a3500fde30.log
2024-08-06T01:57:18.577834515Z [2024/08/06 01:57:18] [ info] [input:tail:tail.0] inotify_fs_add(): inode=77332638 watch_fd=9 name=/var/log/containers/csi-provisioner-5b6ff8f4d4-qbmtv_longhorn-system_csi-provisioner-18d4db696cf78e06908ba9788c3680e4e9a899737a1862b31deab15c319cf189.log
2024-08-06T01:57:18.577853218Z [2024/08/06 01:57:18] [ info] [input:tail:tail.0] inotify_fs_add(): inode=77332645 watch_fd=10 name=/var/log/containers/csi-provisioner-5b6ff8f4d4-tzdr4_longhorn-system_csi-provisioner-6b1c2791a8bdd01ba08e255d2bfbab88551a669f7362e3fd779fb38160b2815e.log
2024-08-06T01:57:18.577902545Z [2024/08/06 01:57:18] [ info] [input:tail:tail.0] inotify_fs_add(): inode=77332653 watch_fd=11 name=/var/log/containers/csi-provisioner-5b6ff8f4d4-xwlkk_longhorn-system_csi-provisioner-6cc1534c11edf4bd1e8c36a8f181ff9c6531a70e3cdd03f67f11191b10468e88.log
2024-08-06T01:57:18.577920246Z [2024/08/06 01:57:18] [ info] [input:tail:tail.0] inotify_fs_add(): inode=77332625 watch_fd=12 name=/var/log/containers/csi-resizer-74c5555748-2sdz4_longhorn-system_csi-resizer-05c5ac8f1d313c10b0e25050363f79db88f774b7ef8a7371b6dad15b67cbea1a.log
2024-08-06T01:57:18.577968511Z [2024/08/06 01:57:18] [ info] [input:tail:tail.0] inotify_fs_add(): inode=77332622 watch_fd=13 name=/var/log/containers/csi-resizer-74c5555748-5vrxw_longhorn-system_csi-resizer-ed791d50ea614449bdf8380d83195d2eedfa06ce945b82be96c92293ed384e42.log
2024-08-06T01:57:18.578016065Z [2024/08/06 01:57:18] [ info] [input:tail:tail.0] inotify_fs_add(): inode=77332623 watch_fd=14 name=/var/log/containers/csi-resizer-74c5555748-tg9pz_longhorn-system_csi-resizer-f4b41d89c6e68147e1179b9cf5ed12bbbb7517c5cb201f5ff1c0bad5868aa1f5.log
2024-08-06T01:57:18.578058770Z [2024/08/06 01:57:18] [ info] [input:tail:tail.0] inotify_fs_add(): inode=77332631 watch_fd=15 name=/var/log/containers/csi-snapshotter-6bc4bcf4c5-7c298_longhorn-system_csi-snapshotter-1eaaac3a386108ae7fe433cd610b40e3eb3ad024d6e77de3c8e5dc3c4f85ece6.log
2024-08-06T01:57:18.578072123Z [2024/08/06 01:57:18] [ info] [input:tail:tail.0] inotify_fs_add(): inode=77332642 watch_fd=16 name=/var/log/containers/csi-snapshotter-6bc4bcf4c5-cj2w8_longhorn-system_csi-snapshotter-53ca029a1250c5287f27784e05bd570a332ebb645e7c51ae6a2908ef5ddce606.log
2024-08-06T01:57:18.578114648Z [2024/08/06 01:57:18] [ info] [input:tail:tail.0] inotify_fs_add(): inode=77332629 watch_fd=17 name=/var/log/containers/csi-snapshotter-6bc4bcf4c5-g9p76_longhorn-system_csi-snapshotter-fae7b1e427d861bde7f0cf9d799131157d0af03535e55f2ac5526a91585bbd51.log
2024-08-06T01:57:18.578150582Z [2024/08/06 01:57:18] [ info] [input:tail:tail.0] inotify_fs_add(): inode=77332571 watch_fd=18 name=/var/log/containers/engine-image-ei-b0369a5d-gcf5l_longhorn-system_engine-image-ei-b0369a5d-3132d9d78e6fbb2c845a1a5c50cb622f6d744ada3b23397e62564f52ddc205df.log
2024-08-06T01:57:18.578192616Z [2024/08/06 01:57:18] [ info] [input:tail:tail.0] inotify_fs_add(): inode=67896282 watch_fd=19 name=/var/log/containers/etcd-harvesterdev1_kube-system_etcd-10a83816bde3d4fea2dbb677ff59c6164a1b15dac76eced388b16af05a551547.log
2024-08-06T01:57:18.578217840Z [2024/08/06 01:57:18] [ info] [input:tail:tail.0] inotify_fs_add(): inode=70912850 watch_fd=20 name=/var/log/containers/fleet-agent-6d5df7d9cd-c2hjj_cattle-fleet-local-system_fleet-agent-0e2e476e59ce7686165b41853908e2612020f2642be49f2c4dcfcae9284ecf5f.log
2024-08-06T01:57:18.578251599Z [2024/08/06 01:57:18] [ info] [output:forward:forward.0] worker #1 started
2024-08-06T01:57:18.578261938Z [2024/08/06 01:57:18] [ info] [input:tail:tail.0] inotify_fs_add(): inode=69863747 watch_fd=21 name=/var/log/containers/fleet-controller-877dd5bbc-72crb_cattle-fleet-system_fleet-controller-dfc36cfc5ec177fa7107fc0540f976180ce81e9b81145ba6b46f859eff323e22.log
2024-08-06T01:57:18.578289186Z [2024/08/06 01:57:18] [ info] [input:tail:tail.0] inotify_fs_add(): inode=68551388 watch_fd=22 name=/var/log/containers/gitjob-848764c58b-t4bth_cattle-fleet-system_gitjob-2ee4de9518643fa7bf422931619bf35fdfbd9b41ed5f6f38be066b11357c71d3.log
2024-08-06T01:57:18.578324438Z [2024/08/06 01:57:18] [ info] [input:tail:tail.0] inotify_fs_add(): inode=76940069 watch_fd=23 name=/var/log/containers/harvester-96fcbb748-562ns_harvester-system_apiserver-fb22aa2b5ebdd12e99168735f555d984fb0dd802a11e2b0aeeb7959b0c4fdca4.log
2024-08-06T01:57:18.578369347Z [2024/08/06 01:57:18] [ info] [input:tail:tail.0] inotify_fs_add(): inode=70782071 watch_fd=24 name=/var/log/containers/harvester-cluster-repo-74b6b74b8c-x6mqv_cattle-system_httpd-d9779c26ff96086a09b824b021bf663a5f078cc27fa653868a94617a6d333315.log
2024-08-06T01:57:18.638241883Z [2024/08/06 01:57:18] [ info] [input:tail:tail.0] inotify_fs_add(): inode=75500250 watch_fd=25 name=/var/log/containers/harvester-load-balancer-54cd9754dc-jbvh5_harvester-system_harvester-load-balancer-ff490212a2df0635c3f2c4851a11060edc4a31ec59f1f9d7a642ce66aab25498.log
2024-08-06T01:57:18.638260185Z [2024/08/06 01:57:18] [ info] [input:tail:tail.0] inotify_fs_add(): inode=75500248 watch_fd=26 name=/var/log/containers/harvester-load-balancer-webhook-c8699b786-x9xck_harvester-system_harvester-load-balancer-webhook-02925d28f407f60c04a00d1adc70c0dc7909028f4c8a634c2c83d256cb2f066f.log
2024-08-06T01:57:18.638282735Z [2024/08/06 01:57:18] [ info] [input:tail:tail.0] inotify_fs_add(): inode=76940396 watch_fd=27 name=/var/log/containers/harvester-network-controller-jnm84_harvester-system_harvester-network-45d01d70323e16dca32532e4870ec6a75a067325b9a03b38ccce62319c4f20b7.log
2024-08-06T01:57:18.638342400Z [2024/08/06 01:57:18] [ info] [input:tail:tail.0] inotify_fs_add(): inode=75500247 watch_fd=28 name=/var/log/containers/harvester-network-controller-manager-b69bf6b69-g57bb_harvester-system_harvester-network-manager-c67b1ed42c979d64d01436084b41f97c5c7c4284108830e8bb9e6b29366cfdb1.log
2024-08-06T01:57:18.638363708Z [2024/08/06 01:57:18] [ info] [input:tail:tail.0] inotify_fs_add(): inode=75500249 watch_fd=29 name=/var/log/containers/harvester-network-webhook-7b98f8cd98-fj7dq_harvester-system_harvester-network-webhook-fbe7cbb5daa5ec98cb75dd79b6b3f1b9511cfc119853e0e0939e923caefd43fc.log
2024-08-06T01:57:18.638401785Z [2024/08/06 01:57:18] [ info] [input:tail:tail.0] inotify_fs_add(): inode=76940431 watch_fd=30 name=/var/log/containers/harvester-node-disk-manager-dhn4m_harvester-system_harvester-node-disk-manager-94401bd78088a0f3d17fbbaeb378a1ea952aee7259ed75a6f23ddca86b2ca167.log
2024-08-06T01:57:18.638443348Z [2024/08/06 01:57:18] [ info] [input:tail:tail.0] inotify_fs_add(): inode=76940424 watch_fd=31 name=/var/log/containers/harvester-node-manager-nqf82_harvester-system_node-manager-c4b1817bb796c0150b17afb92a825f1e6203a5d22a93d78488c345f49cef9d05.log
2024-08-06T01:57:18.638480794Z [2024/08/06 01:57:18] [ info] [input:tail:tail.0] inotify_fs_add(): inode=76940418 watch_fd=32 name=/var/log/containers/harvester-node-manager-webhook-9cfccc84c-nzpdp_harvester-system_harvester-node-manager-webhook-ec1685279f54b431909c3d3ec304f425f6400e6c84560682462f9293b7ce26e4.log
2024-08-06T01:57:18.638517108Z [2024/08/06 01:57:18] [ info] [input:tail:tail.0] inotify_fs_add(): inode=77857053 watch_fd=33 name=/var/log/containers/harvester-pcidevices-controller-w77rl_harvester-system_agent-e2816547472600d127e8248fa1d3c99ada2ba3df7cc6b3cc9f56df720687d010.log
2024-08-06T01:57:18.638554694Z [2024/08/06 01:57:18] [ info] [input:tail:tail.0] inotify_fs_add(): inode=77726128 watch_fd=34 name=/var/log/containers/harvester-seeder-846c6ff8b4-n28lg_harvester-system_harvester-seeder-cf546e72c9bd97e390a73b27c39c3bb96927da0a39feb25517339a0a34fc5dab.log
2024-08-06T01:57:18.638597860Z [2024/08/06 01:57:18] [ info] [input:tail:tail.0] inotify_fs_add(): inode=76940381 watch_fd=35 name=/var/log/containers/harvester-snapshot-validation-webhook-b75f94bcb-sghrd_kube-system_snapshot-validation-webhook-0b86dc6cc5192ff331e4e65ea7db6591d5ce15409115b694981e792c00905c48.log
2024-08-06T01:57:18.638639583Z [2024/08/06 01:57:18] [ info] [input:tail:tail.0] inotify_fs_add(): inode=76940391 watch_fd=36 name=/var/log/containers/harvester-snapshot-validation-webhook-b75f94bcb-xf7n6_kube-system_snapshot-validation-webhook-8202f59feb5269e72d7a591f922e3d51078bc17c1805355c4589f016963679ac.log
2024-08-06T01:57:18.638680505Z [2024/08/06 01:57:18] [ info] [input:tail:tail.0] inotify_fs_add(): inode=76940407 watch_fd=37 name=/var/log/containers/harvester-webhook-bf9659678-flq5s_harvester-system_harvester-webhook-16185629b25ad6106bf95413892e40b5e115ff8a05bf1c5665532bcc9670063e.log
2024-08-06T01:57:18.638720786Z [2024/08/06 01:57:18] [ info] [input:tail:tail.0] inotify_fs_add(): inode=76940413 watch_fd=38 name=/var/log/containers/harvester-whereabouts-cphbg_kube-system_whereabouts-1aa6a85fa37af4684fa33fe6e3fc5efed89c3fe616e85de1b9a26264f283fe2a.log
2024-08-06T01:57:18.638764874Z [2024/08/06 01:57:18] [ info] [input:tail:tail.0] inotify_fs_add(): inode=77595680 watch_fd=39 name=/var/log/containers/helm-install-harvester-seeder-chp72_harvester-system_helm-27589a85a8329a78ea5a1d340a886a3940abda5e80ee112fece25265207e630b.log
2024-08-06T01:57:18.638796499Z [2024/08/06 01:57:18] [ info] [input:tail:tail.0] inotify_fs_add(): inode=77595687 watch_fd=40 name=/var/log/containers/helm-install-nvidia-driver-toolkit-dptgm_harvester-system_helm-dae5b256c4652c8a0262b58d6c4694dc8d42a78adf379d2b82112fd4d383f51d.log
2024-08-06T01:57:18.638836269Z [2024/08/06 01:57:18] [ info] [input:tail:tail.0] inotify_fs_add(): inode=77595695 watch_fd=41 name=/var/log/containers/helm-install-pcidevices-controller-5cjlh_harvester-system_helm-5b0db484a5d3f7376b32b13787ef55be12040b4a30dc2fd67041761074a5a1b5.log
2024-08-06T01:57:18.638875689Z [2024/08/06 01:57:18] [ info] [input:tail:tail.0] inotify_fs_add(): inode=77595508 watch_fd=42 name=/var/log/containers/helm-install-rancher-logging-pv2dl_cattle-logging-system_helm-736f1e2cef3f6225e3983039dc60e77f9c955341938295298786458f3cd5b568.log
2024-08-06T01:57:18.638919636Z [2024/08/06 01:57:18] [ info] [input:tail:tail.0] inotify_fs_add(): inode=77595672 watch_fd=43 name=/var/log/containers/helm-install-rancher-monitoring-g5mkj_cattle-monitoring-system_helm-465348dd93f9fa70e14c27dd79886879695ab7e7c05869af1e949a34cb42c9b9.log
2024-08-06T01:57:18.638953776Z [2024/08/06 01:57:18] [ info] [input:tail:tail.0] inotify_fs_add(): inode=68550894 watch_fd=44 name=/var/log/containers/helm-install-rke2-canal-d6wzt_kube-system_helm-5f06bad6eef016ce425bf461161ef36c9ef1935e407760bd35fcdaff0a3a3d98.log
2024-08-06T01:57:18.638990351Z [2024/08/06 01:57:18] [ info] [input:tail:tail.0] inotify_fs_add(): inode=68550886 watch_fd=45 name=/var/log/containers/helm-install-rke2-coredns-7bvgr_kube-system_helm-059ec96f7c1d6c3c14333c94ebc71438150dc43f5cbf6163525c1be51971098e.log
2024-08-06T01:57:18.639027175Z [2024/08/06 01:57:18] [ info] [input:tail:tail.0] inotify_fs_add(): inode=77596224 watch_fd=46 name=/var/log/containers/helm-install-rke2-ingress-nginx-trqd9_kube-system_helm-8d83bac2af5ce0e125ddaf2c649e83ba1fe9c47bfa3d52af23f4c1fa5162f50f.log
2024-08-06T01:57:18.639069951Z [2024/08/06 01:57:18] [ info] [input:tail:tail.0] inotify_fs_add(): inode=68551151 watch_fd=47 name=/var/log/containers/helm-install-rke2-metrics-server-54kch_kube-system_helm-b66af7ae9949ff177f5762a07a326a6773760e0d8e1039fee42d94a0580ff198.log
2024-08-06T01:57:18.639124677Z [2024/08/06 01:57:18] [ info] [input:tail:tail.0] inotify_fs_add(): inode=68550897 watch_fd=48 name=/var/log/containers/helm-install-rke2-multus-9ljnb_kube-system_helm-173d3309052ae7794e3da77b71ad989e13122ed8518f0a2f435f03f18160bd90.log
2024-08-06T01:57:18.639164768Z [2024/08/06 01:57:18] [ info] [input:tail:tail.0] inotify_fs_add(): inode=68551319 watch_fd=49 name=/var/log/containers/helm-operation-gszwj_cattle-system_helm-3e4e48c5d000d829747715f987c2fc97cadec6b676586ebd91871e890ab35867.log
2024-08-06T01:57:18.639190473Z [2024/08/06 01:57:18] [ info] [input:tail:tail.0] inotify_fs_add(): inode=68683930 watch_fd=50 name=/var/log/containers/helm-operation-gszwj_cattle-system_proxy-96fd12055804f558a03dd7740a0896ba4cfb551010f120ab4054056ee2a5b207.log
2024-08-06T01:57:18.639227167Z [2024/08/06 01:57:18] [ info] [input:tail:tail.0] inotify_fs_add(): inode=68683910 watch_fd=51 name=/var/log/containers/helm-operation-h22b2_cattle-system_helm-9e64bdc61e56d7449e5e2c13f512e4fd5f8c6ef20b561edd89ae92c4bffbd73a.log
2024-08-06T01:57:18.639259755Z [2024/08/06 01:57:18] [ info] [input:tail:tail.0] inotify_fs_add(): inode=68683920 watch_fd=52 name=/var/log/containers/helm-operation-h22b2_cattle-system_proxy-205d2a3f86d15bb531daa6409fdd9cf6ab5b4d8f83b3afe276de13294592f22b.log
2024-08-06T01:57:18.639296189Z [2024/08/06 01:57:18] [ info] [input:tail:tail.0] inotify_fs_add(): inode=68551321 watch_fd=53 name=/var/log/containers/helm-operation-nkpfj_cattle-system_helm-d7b0ece69a5e899da94736274880bd6cbdbdf7e93dcd329858eb29603ec92fd3.log
2024-08-06T01:57:18.639331792Z [2024/08/06 01:57:18] [ info] [input:tail:tail.0] inotify_fs_add(): inode=68551335 watch_fd=54 name=/var/log/containers/helm-operation-nkpfj_cattle-system_proxy-640a45ccabef65239a6f971caaba169db429cede1a5e1ba45caf5cf46be165dc.log
2024-08-06T01:57:18.639374357Z [2024/08/06 01:57:18] [ info] [input:tail:tail.0] inotify_fs_add(): inode=71175124 watch_fd=55 name=/var/log/containers/helm-operation-w7qfc_cattle-system_helm-f7108e357e877102c708415e5b064b7c32fdcd7ef880bac1f96c6e7aed7073d6.log
2024-08-06T01:57:18.639405451Z [2024/08/06 01:57:18] [ info] [input:tail:tail.0] inotify_fs_add(): inode=71175134 watch_fd=56 name=/var/log/containers/helm-operation-w7qfc_cattle-system_proxy-c898d00e2b81ff38c6ab6b67c3a9f9921f584ffa2fa50a40024cef7e0a4f7831.log
2024-08-06T01:57:18.639463103Z [2024/08/06 01:57:18] [ info] [input:tail:tail.0] inotify_fs_add(): inode=77332602 watch_fd=57 name=/var/log/containers/instance-manager-aca441377f086c67b8a79ed0847591fc_longhorn-system_instance-manager-74ebd84c95155d05b2e8091825dadce83be6573818dd60a01953b980a403637b.log
2024-08-06T01:57:18.639469855Z [2024/08/06 01:57:18] [ info] [input:tail:tail.0] inotify_fs_add(): inode=67898063 watch_fd=58 name=/var/log/containers/kube-apiserver-harvesterdev1_kube-system_kube-apiserver-4a27b3dd926d40a863a0115470c4f304bf14e46577b6df28d3a3d1628dcedda6.log
2024-08-06T01:57:18.639511658Z [2024/08/06 01:57:18] [ info] [input:tail:tail.0] inotify_fs_add(): inode=73925164 watch_fd=59 name=/var/log/containers/kube-controller-manager-harvesterdev1_kube-system_kube-controller-manager-9fdf5c125885dff752057845785479434a9d79c00d4d0b38378488a931482ed1.log
2024-08-06T01:57:18.639548834Z [2024/08/06 01:57:18] [ info] [input:tail:tail.0] inotify_fs_add(): inode=68421815 watch_fd=60 name=/var/log/containers/kube-proxy-harvesterdev1_kube-system_kube-proxy-1d34303a8a8548ec2ea2bd20c1b4dfd8f84975cf8d58e7eaedf55c285ff80551.log
2024-08-06T01:57:18.639581822Z [2024/08/06 01:57:18] [ info] [input:tail:tail.0] inotify_fs_add(): inode=73925161 watch_fd=61 name=/var/log/containers/kube-scheduler-harvesterdev1_kube-system_kube-scheduler-beebe90413adf946ad41a3729fc784c574c186b0fa768341c57099a96fcabc51.log
2024-08-06T01:57:18.639618556Z [2024/08/06 01:57:18] [ info] [input:tail:tail.0] inotify_fs_add(): inode=76940420 watch_fd=62 name=/var/log/containers/kube-vip-tswcs_harvester-system_kube-vip-a60401a6c7252006a12ca4469fbb90d5273e245bbb98234e982fe878d4e74d98.log
2024-08-06T01:57:18.639660420Z [2024/08/06 01:57:18] [ info] [input:tail:tail.0] inotify_fs_add(): inode=77332664 watch_fd=63 name=/var/log/containers/longhorn-csi-plugin-mpvwx_longhorn-system_longhorn-csi-plugin-06bff8628b23b9e485c6edd09d0e219a70f8543528fbb0b8bcf0da665c2511b7.log
2024-08-06T01:57:18.639692226Z [2024/08/06 01:57:18] [ info] [input:tail:tail.0] inotify_fs_add(): inode=77332658 watch_fd=64 name=/var/log/containers/longhorn-csi-plugin-mpvwx_longhorn-system_longhorn-liveness-probe-dcdd7f5379e5403cd662f07af42bd73df485c778092289c39f09d3a8645af955.log
2024-08-06T01:57:18.639729371Z [2024/08/06 01:57:18] [ info] [input:tail:tail.0] inotify_fs_add(): inode=77332619 watch_fd=65 name=/var/log/containers/longhorn-csi-plugin-mpvwx_longhorn-system_node-driver-registrar-318feb89a0cc19e986075355dcc9eb2d8a263515a930ac477b928377d803ffef.log
2024-08-06T01:57:18.639767368Z [2024/08/06 01:57:18] [ info] [input:tail:tail.0] inotify_fs_add(): inode=76022739 watch_fd=66 name=/var/log/containers/longhorn-driver-deployer-85cf4b4849-rn9jk_longhorn-system_longhorn-driver-deployer-baf98281db25ed678bdafa34c11ba0af6c106e98d657758368e4e11cc16fc6b3.log
2024-08-06T01:57:18.639801428Z [2024/08/06 01:57:18] [ info] [input:tail:tail.0] inotify_fs_add(): inode=76022737 watch_fd=67 name=/var/log/containers/longhorn-driver-deployer-85cf4b4849-rn9jk_longhorn-system_wait-longhorn-manager-0865b8dccba3391212bce30aad6dcf4b5fc72591c0705e96f8c1a29ea200f8bb.log
2024-08-06T01:57:18.639840337Z [2024/08/06 01:57:18] [ info] [input:tail:tail.0] inotify_fs_add(): inode=76940001 watch_fd=68 name=/var/log/containers/longhorn-loop-device-cleaner-k82rz_longhorn-system_longhorn-loop-device-cleaner-b309567aa95d6dd9a1e793d693459729623337c261daa2e77601aba1ac80060c.log
2024-08-06T01:57:18.645337023Z [2024/08/06 01:57:18] [ info] [input:tail:tail.0] inotify_fs_add(): inode=77332545 watch_fd=69 name=/var/log/containers/longhorn-ui-6b677889f8-8sw9z_longhorn-system_longhorn-ui-08e2d963f27af9d009d710ead12fda95e1497f5edc2b6f6bc7f5120bb6e47482.log
2024-08-06T01:57:18.645368859Z [2024/08/06 01:57:18] [ info] [input:tail:tail.0] inotify_fs_add(): inode=77594915 watch_fd=70 name=/var/log/containers/longhorn-ui-6b677889f8-v2ppb_longhorn-system_longhorn-ui-69105b9d728a00eee59cccdd3f0bf3e5f05bd7c11b036cbddf1d714b058a488e.log
2024-08-06T01:57:18.645378385Z [2024/08/06 01:57:18] [ info] [input:tail:tail.0] inotify_fs_add(): inode=77596403 watch_fd=71 name=/var/log/containers/rancher-587557b8db-jwxsb_cattle-system_rancher-2f0be7db0797ba1408a0d8d427e2bf3e394217aec24059ba1e0f9a0d8d41a01c.log
2024-08-06T01:57:18.645394844Z [2024/08/06 01:57:18] [ info] [input:tail:tail.0] inotify_fs_add(): inode=77726166 watch_fd=72 name=/var/log/containers/rancher-logging-77f858bbb7-j27z7_cattle-logging-system_rancher-logging-9d2e32fc5c14251e126c46ff542e5cdee2689c5af5efc846dde69e42cba767d8.log
2024-08-06T01:57:18.645444782Z [2024/08/06 01:57:18] [ info] [input:tail:tail.0] inotify_fs_add(): inode=78119439 watch_fd=73 name=/var/log/containers/rancher-logging-kube-audit-fluentbit-jj7hn_cattle-logging-system_fluent-bit-24e4b9f84a0ac37bdd037647c9a4305496557c4793b210ebd45c46d54fe8d4b8.log
2024-08-06T01:57:18.645479764Z [2024/08/06 01:57:18] [ info] [input:tail:tail.0] inotify_fs_add(): inode=78119249 watch_fd=74 name=/var/log/containers/rancher-logging-kube-audit-fluentd-0_cattle-logging-system_config-reloader-5fbafdd4b9f2e61125fa09dceb112897744f45263582c78bf6d58905c534959d.log
2024-08-06T01:57:18.645487528Z [2024/08/06 01:57:18] [ info] [input:tail:tail.0] inotify_fs_add(): inode=78119221 watch_fd=75 name=/var/log/containers/rancher-logging-kube-audit-fluentd-0_cattle-logging-system_fluentd-f4c4585170d3da029be2d0c52577e97231fb3a16cbeac385768f8b4588c48958.log
2024-08-06T01:57:18.645525605Z [2024/08/06 01:57:18] [ info] [input:tail:tail.0] inotify_fs_add(): inode=77857248 watch_fd=76 name=/var/log/containers/rancher-logging-kube-audit-fluentd-configcheck-ac2d4553_cattle-logging-system_fluentd-422b71ed5c40fe5a6b10c55b514477d3d4e47d0e07ff6549d2e3944d454546d7.log
2024-08-06T01:57:18.645565475Z [2024/08/06 01:57:18] [ info] [input:tail:tail.0] inotify_fs_add(): inode=77726176 watch_fd=77 name=/var/log/containers/rancher-logging-rke2-journald-aggregator-fq4q7_cattle-logging-system_fluentbit-e0859e9e2ef1b36835521eaba92168a62691380f8002f394a9363729c4e3fef8.log
2024-08-06T01:57:18.651489283Z [2024/08/06 01:57:18] [ info] [input:tail:tail.0] inotify_fs_add(): inode=78250451 watch_fd=78 name=/var/log/containers/rancher-logging-root-fluentd-0_cattle-logging-system_config-reloader-219cc8f4ca7e4d084c38d465f357ac36c7f678698622459d4446424af5b04a61.log
2024-08-06T01:57:18.651525777Z [2024/08/06 01:57:18] [ info] [input:tail:tail.0] inotify_fs_add(): inode=78250417 watch_fd=79 name=/var/log/containers/rancher-logging-root-fluentd-0_cattle-logging-system_fluentd-cdb8545f6bf83129f88939eb23ad7299f3ce7fd6a043df1d97488c0327e55053.log
2024-08-06T01:57:18.651543378Z [2024/08/06 01:57:18] [ info] [input:tail:tail.0] inotify_fs_add(): inode=77988163 watch_fd=80 name=/var/log/containers/rancher-logging-root-fluentd-configcheck-ac2d4553_cattle-logging-system_fluentd-a675d4c470638ba97e1023e36ff6a1c3fddb0486269def4fd0dd8fd8e7ec63ef.log
2024-08-06T01:57:18.651550621Z [2024/08/06 01:57:18] [ info] [input:tail:tail.0] inotify_fs_add(): inode=78119285 watch_fd=81 name=/var/log/containers/rancher-monitoring-admission-patch-dp25p_cattle-monitoring-system_patch-fdd7d07e5b996c87a7e625752c90c4af7ea835689da0885c47bb439a5a20e799.log
2024-08-06T01:57:18.651564846Z [2024/08/06 01:57:18] [ info] [input:tail:tail.0] inotify_fs_add(): inode=78250576 watch_fd=82 name=/var/log/containers/rancher-monitoring-grafana-d6f466988-jjz9x_cattle-monitoring-system_grafana-init-sc-datasources-250d5569c8b5b6f048c0a139d5383feb93677df7052b0c06bb710bbbdf18631b.log
2024-08-06T01:57:18.651594398Z [2024/08/06 01:57:18] [ info] [input:tail:tail.0] inotify_fs_add(): inode=78250550 watch_fd=83 name=/var/log/containers/rancher-monitoring-grafana-d6f466988-jjz9x_cattle-monitoring-system_init-chown-data-a04ce454c60eb63afd618f8f1e15d60203198cd2891f33e4e73ffb6085b372fc.log
2024-08-06T01:57:18.651632886Z [2024/08/06 01:57:18] [ info] [input:tail:tail.0] inotify_fs_add(): inode=78119195 watch_fd=84 name=/var/log/containers/rancher-monitoring-kube-state-metrics-7659b76cc4-sgtc2_cattle-monitoring-system_kube-state-metrics-7f9dde4ebd758633cf26b57d00509708cf1061141342b335cce2658e85efb601.log
2024-08-06T01:57:18.651654644Z [2024/08/06 01:57:18] [ info] [input:tail:tail.0] inotify_fs_add(): inode=78119232 watch_fd=85 name=/var/log/containers/rancher-monitoring-operator-595476bc84-5hxsh_cattle-monitoring-system_rancher-monitoring-800dacf17d2facc00578b2a42e7836d2067a5215493066bf29b49e8bbad5cbea.log
2024-08-06T01:57:18.651691559Z [2024/08/06 01:57:18] [ info] [input:tail:tail.0] inotify_fs_add(): inode=78250094 watch_fd=86 name=/var/log/containers/rancher-monitoring-patch-sa-5rhcl_cattle-monitoring-system_patch-sa-cattle-dashboards-0783c005eac5a791dbd823081d51b18b70e4746db195de6b45c12c3b020f8f14.log
2024-08-06T01:57:18.651712105Z [2024/08/06 01:57:18] [ info] [input:tail:tail.0] inotify_fs_add(): inode=78250076 watch_fd=87 name=/var/log/containers/rancher-monitoring-patch-sa-5rhcl_cattle-monitoring-system_patch-sa-cattle-monitoring-system-7095af9c20c3820af27e9290c7963760ca575d38168457c6171eb45c677c3409.log
2024-08-06T01:57:18.651755732Z [2024/08/06 01:57:18] [ info] [input:tail:tail.0] inotify_fs_add(): inode=77988292 watch_fd=88 name=/var/log/containers/rancher-monitoring-prometheus-adapter-55dc9ccd5d-g2sgf_cattle-monitoring-system_prometheus-adapter-bb88e53187c5cad514afe0b6206e8c89d61c82b3e2e5dac14233f757bd77971d.log
2024-08-06T01:57:18.651778933Z [2024/08/06 01:57:18] [ info] [input:tail:tail.0] inotify_fs_add(): inode=78119183 watch_fd=89 name=/var/log/containers/rancher-monitoring-prometheus-node-exporter-fv9bx_cattle-monitoring-system_node-exporter-809c0024a1f7e0d512d8bd45c440c57618e0b91f56b61cc7f5f35c1d7a34618f.log
2024-08-06T01:57:18.651807874Z [2024/08/06 01:57:18] [ info] [input:tail:tail.0] inotify_fs_add(): inode=68814616 watch_fd=90 name=/var/log/containers/rancher-webhook-795765957f-8l8td_cattle-system_rancher-webhook-79603e35e4495a27324008238dcff87e26a9613dff61c129f7aa7569513118b7.log
2024-08-06T01:57:18.651845400Z [2024/08/06 01:57:18] [ info] [input:tail:tail.0] inotify_fs_add(): inode=68551122 watch_fd=91 name=/var/log/containers/rke2-canal-jwqrp_kube-system_calico-node-1b8e38bf4aa03b713b0134f815cbf6483cdd0bb42ce2840bfdd9a5bed1c15c40.log
2024-08-06T01:57:18.651867078Z [2024/08/06 01:57:18] [ info] [input:tail:tail.0] inotify_fs_add(): inode=68551112 watch_fd=92 name=/var/log/containers/rke2-canal-jwqrp_kube-system_flexvol-driver-060e89038f8ce6e632c4040e3c0e16a396f865a8dc8d62965aa84f0147fbc591.log
2024-08-06T01:57:18.651896340Z [2024/08/06 01:57:18] [ info] [input:tail:tail.0] inotify_fs_add(): inode=68550663 watch_fd=93 name=/var/log/containers/rke2-canal-jwqrp_kube-system_install-cni-3198141625934e2d0e88825aab6b8c4f0e15248b135d9fcb2a7737adc4d668c7.log
2024-08-06T01:57:18.651929137Z [2024/08/06 01:57:18] [ info] [input:tail:tail.0] inotify_fs_add(): inode=68551132 watch_fd=94 name=/var/log/containers/rke2-canal-jwqrp_kube-system_kube-flannel-492ae7f948501d86b3bfc66398d11c39d4db538705419f4577189d5baa5c197a.log
2024-08-06T01:57:18.651959461Z [2024/08/06 01:57:18] [ info] [input:tail:tail.0] inotify_fs_add(): inode=68550729 watch_fd=95 name=/var/log/containers/rke2-coredns-rke2-coredns-864fbd7785-jc77s_kube-system_coredns-5ba3ab86edb6f34c9088645d9595708ffcd7b4e71c98b4c9c1bafa7048c07c70.log
2024-08-06T01:57:18.651989694Z [2024/08/06 01:57:18] [ info] [input:tail:tail.0] inotify_fs_add(): inode=68551241 watch_fd=96 name=/var/log/containers/rke2-coredns-rke2-coredns-autoscaler-6c87968579-cfkt6_kube-system_autoscaler-cda25118475415401a6751fb6f1ae7d87c5d4d76580d8f7557ca8c5b8508a859.log
2024-08-06T01:57:18.652018845Z [2024/08/06 01:57:18] [ info] [input:tail:tail.0] inotify_fs_add(): inode=71437843 watch_fd=97 name=/var/log/containers/rke2-ingress-nginx-controller-ddpjc_kube-system_rke2-ingress-nginx-controller-2b28ca6a91493b3a5a1ebbc8992c6492297850f98245bcec525a9f756675bb6e.log
2024-08-06T01:57:18.652045612Z [2024/08/06 01:57:18] [ info] [input:tail:tail.0] inotify_fs_add(): inode=68551192 watch_fd=98 name=/var/log/containers/rke2-metrics-server-7f745dbddf-5trhx_kube-system_metrics-server-bd8863da1919fbe2d7f9af6093e7c5e558af32bdc1c346deee93afed8c26723b.log
2024-08-06T01:57:18.652087857Z [2024/08/06 01:57:18] [ info] [input:tail:tail.0] inotify_fs_add(): inode=68551055 watch_fd=99 name=/var/log/containers/rke2-multus-8wp2w_kube-system_cni-plugins-a75c544013f510061a7f4908a5ae865ebe91578217b289d92744ceb2aeebbfb6.log
2024-08-06T01:57:18.652114534Z [2024/08/06 01:57:18] [ info] [input:tail:tail.0] inotify_fs_add(): inode=68550672 watch_fd=100 name=/var/log/containers/rke2-multus-8wp2w_kube-system_kube-rke2-multus-1a1a3f25b6da49f1819df0a63782e4ec55b2c05a449e0e8ccfb142cd29aff758.log
2024-08-06T01:57:18.652135551Z [2024/08/06 01:57:18] [ info] [input:tail:tail.0] inotify_fs_add(): inode=68551182 watch_fd=101 name=/var/log/containers/rke2-multus-8wp2w_kube-system_kube-rke2-multus-c119f14b8bd2971f9059fcd786d251cecedcd83b4834fca903034bc26cea9119.log
2024-08-06T01:57:18.652163500Z [2024/08/06 01:57:18] [ info] [input:tail:tail.0] inotify_fs_add(): inode=76940387 watch_fd=102 name=/var/log/containers/snapshot-controller-65d5f465d9-bbk25_kube-system_snapshot-controller-48daecae848701cbeb42fc0555b617d2295f4eef385d10c991bcc7fbe928685c.log
2024-08-06T01:57:18.652203601Z [2024/08/06 01:57:18] [ info] [input:tail:tail.0] inotify_fs_add(): inode=75761401 watch_fd=103 name=/var/log/containers/snapshot-controller-65d5f465d9-ssxbd_kube-system_snapshot-controller-6b026cc0a552c1297d2a47158891ced5000bcb1a1674b3be3292ea454cd63559.log
2024-08-06T01:57:18.652228665Z [2024/08/06 01:57:18] [ info] [input:tail:tail.0] inotify_fs_add(): inode=72090229 watch_fd=104 name=/var/log/containers/system-upgrade-controller-78cfb99bb7-f5drt_cattle-system_system-upgrade-controller-38cb4925e25389e7cf421873c9a3b313b92dedcbd235a2721b17da0e3f24779b.log
2024-08-06T01:57:18.652275858Z [2024/08/06 01:57:18] [ info] [input:tail:tail.0] inotify_fs_add(): inode=77332679 watch_fd=105 name=/var/log/containers/virt-api-788c88fb89-4qt9b_harvester-system_virt-api-5d9c852c34fe591bc7452756495d10eaa26106ad0d694e129a6ba3cd5a5bfa34.log
2024-08-06T01:57:18.652294040Z [2024/08/06 01:57:18] [ info] [input:tail:tail.0] inotify_fs_add(): inode=77856987 watch_fd=106 name=/var/log/containers/virt-controller-656bc79754-54t2c_harvester-system_virt-controller-c0d1a9c5f61fcb4a4b27b9e30ab6f640947cbc1556966ac80321f4830470a669.log
2024-08-06T01:57:18.652325665Z [2024/08/06 01:57:18] [ info] [input:tail:tail.0] inotify_fs_add(): inode=77856993 watch_fd=107 name=/var/log/containers/virt-controller-656bc79754-vw5nq_harvester-system_virt-controller-59261aa8ebd14e822b9e03d315cc603521b8a0ba12b855c8be16dcf3923c742b.log
2024-08-06T01:57:18.652362320Z [2024/08/06 01:57:18] [ info] [input:tail:tail.0] inotify_fs_add(): inode=77857241 watch_fd=108 name=/var/log/containers/virt-handler-xvqn7_harvester-system_virt-handler-b79ce5e30d43679a2ab88d255998e04ca968203e50a4808998fe1da315d88fd1.log
2024-08-06T01:57:18.652390389Z [2024/08/06 01:57:18] [ info] [input:tail:tail.0] inotify_fs_add(): inode=77857123 watch_fd=109 name=/var/log/containers/virt-handler-xvqn7_harvester-system_virt-launcher-c48daf69c1629f374140f15c02cd69e6b22406d33595f690342a7c5e30983e9d.log
2024-08-06T01:57:18.652408111Z [2024/08/06 01:57:18] [ info] [input:tail:tail.0] inotify_fs_add(): inode=75892807 watch_fd=110 name=/var/log/containers/virt-operator-74c7f9696d-pc6tw_harvester-system_virt-operator-860873b00acb63a33df7c52d63ce9e2ec9e475bdbb9a745b706cd93357d01101.log
2024-08-06T01:57:18.652566840Z [2024/08/06 01:57:18] [ info] [input:tail:tail.0] inotify_fs_add(): inode=77208370 watch_fd=111 name=/var/log/containers/longhorn-manager-szgbp_longhorn-system_longhorn-manager-620f6a935248baaba2312b077696bc0b546856f1759aa22fb9b959e85fa3978b.log
2024-08-06T01:57:18.653190828Z [2024/08/06 01:57:18] [ info] [input:tail:tail.0] inotify_fs_add(): inode=77857149 watch_fd=112 name=/var/log/containers/harvester-default-event-tailer-0_cattle-logging-system_event-tailer-23031009eae167121b9a1dc3fb0fc4db851210e8b7c6321a00b057d59a781613.log
2024-08-06T01:57:18.653327729Z [2024/08/06 01:57:18] [ info] [input:tail:tail.0] inotify_fs_add(): inode=78381116 watch_fd=113 name=/var/log/containers/rancher-logging-root-fluentbit-dht6j_cattle-logging-system_fluent-bit-4299500a012132aaec97c6fdc1d3ced91c057afc2eee77aed9c7625ea12c3b3f.log
2024-08-06T01:57:23.465743342Z [2024/08/06 01:57:23] [ info] [input:tail:tail.0] inotify_fs_add(): inode=78381687 watch_fd=114 name=/var/log/containers/rancher-monitoring-grafana-d6f466988-jjz9x_cattle-monitoring-system_grafana-a2eff88eead8fe6ebc0791d55983cb32139577594bd428b571595ec09077f6bc.log
2024-08-06T01:57:23.545527629Z [2024/08/06 01:57:23] [ info] [input:tail:tail.0] inotify_fs_add(): inode=78381216 watch_fd=115 name=/var/log/containers/alertmanager-rancher-monitoring-alertmanager-0_cattle-monitoring-system_alertmanager-b08d830107e879db8ff55315bc81e32937aaea500fb591de1425afaed741200d.log
2024-08-06T01:57:23.545565346Z [2024/08/06 01:57:23] [ info] [input:tail:tail.0] inotify_fs_add(): inode=78381243 watch_fd=116 name=/var/log/containers/alertmanager-rancher-monitoring-alertmanager-0_cattle-monitoring-system_config-reloader-294d1e2e1f8b5b165fa1210a362c0f6345374177d79a7378cc3a51efe6d62662.log
2024-08-06T01:57:23.545575504Z [2024/08/06 01:57:23] [ info] [input:tail:tail.0] inotify_fs_add(): inode=78381159 watch_fd=117 name=/var/log/containers/alertmanager-rancher-monitoring-alertmanager-0_cattle-monitoring-system_init-config-reloader-a518cb5a39849e0f53263526eba3cd32faa5ac0822dd7ae7d2d2edf6d210827b.log
2024-08-06T01:57:23.545629339Z [2024/08/06 01:57:23] [ info] [input:tail:tail.0] inotify_fs_add(): inode=78381679 watch_fd=118 name=/var/log/containers/prometheus-rancher-monitoring-prometheus-0_cattle-monitoring-system_init-config-reloader-ca8c48b233c6b078ccf3be9b2f40975fd63feda1075b31613acf0b025185fe5e.log
2024-08-06T01:57:23.545644757Z [2024/08/06 01:57:23] [ info] [input:tail:tail.0] inotify_fs_add(): inode=78250582 watch_fd=119 name=/var/log/containers/rancher-monitoring-grafana-d6f466988-jjz9x_cattle-monitoring-system_grafana-sc-dashboard-a5cc85b098c6ff41ebd6f575939fba259b0cb4259d50782df995462753524160.log
2024-08-06T01:57:23.545653292Z [2024/08/06 01:57:23] [ info] [input:tail:tail.0] inotify_fs_add(): inode=78250839 watch_fd=120 name=/var/log/containers/rancher-monitoring-grafana-d6f466988-jjz9x_cattle-monitoring-system_grafana-sc-datasources-55f94cdd02f97d86e3d31959e2e27e6f3bd6bd19597019304d98ec115a439718.log
2024-08-06T01:57:28.537459044Z [2024/08/06 01:57:28] [ info] [input:tail:tail.0] inotify_fs_add(): inode=78381832 watch_fd=121 name=/var/log/containers/prometheus-rancher-monitoring-prometheus-0_cattle-monitoring-system_config-reloader-a35067d107fe6dc505364ec025c1d77cf0348dffb3c07069d88398aeb8aa4f6f.log
2024-08-06T01:57:28.537495349Z [2024/08/06 01:57:28] [ info] [input:tail:tail.0] inotify_fs_add(): inode=78381797 watch_fd=122 name=/var/log/containers/prometheus-rancher-monitoring-prometheus-0_cattle-monitoring-system_prometheus-1f37c617731325f0324c48e1aca45ea4720afa46e478eb6f074eaf35710e4936.log
2024-08-06T01:57:28.537523650Z [2024/08/06 01:57:28] [ info] [input:tail:tail.0] inotify_fs_add(): inode=78381838 watch_fd=123 name=/var/log/containers/prometheus-rancher-monitoring-prometheus-0_cattle-monitoring-system_prometheus-proxy-7024be13c1ab299925d510344936ad8b79c71a25528768e091f6f5ac09006e21.log
2024-08-06T01:57:28.537620773Z [2024/08/06 01:57:28] [ info] [input:tail:tail.0] inotify_fs_add(): inode=78381699 watch_fd=124 name=/var/log/containers/rancher-monitoring-grafana-d6f466988-jjz9x_cattle-monitoring-system_grafana-proxy-de79b6a16ce6bccb920128125241f6eaf6b0fcdf5fb279ee7c668603507118a9.log
2024-08-06T01:57:31.579087258Z [2024/08/06 01:57:31] [ info] [input:tail:tail.0] inotify_fs_remove(): inode=70912850 watch_fd=20
2024-08-06T01:57:33.444424157Z [2024/08/06 01:57:33] [ info] [input:tail:tail.0] inotify_fs_add(): inode=78512423 watch_fd=125 name=/var/log/containers/fleet-agent-6d5df7d9cd-9zgnq_cattle-fleet-local-system_fleet-agent-a310e29fe0c5182531a7c7d447ab3bf5a7b2fe3623df3fecf3f089e7e6e59700.log
2024-08-06T01:57:48.465017490Z [2024/08/06 01:57:48] [ info] [input:tail:tail.0] inotify_fs_add(): inode=78512529 watch_fd=126 name=/var/log/containers/fleet-agent-6d5df7d9cd-gbkd4_cattle-fleet-local-system_fleet-agent-843eabb8976e1ebdb36e1ce1c42c3611989431d2d149f4ebb6b25e37ba0686f6.log
2024-08-06T01:57:48.465074161Z [2024/08/06 01:57:48] [ info] [input:tail:tail.0] inotify_fs_add(): inode=78512553 watch_fd=127 name=/var/log/containers/fleet-cleanup-clusterregistrations-nvlxv_cattle-fleet-system_cleanup-9418d2288ef2d015d353de87efa501e5b57b79b648fd4e73fe1424c2cb08d078.log
2024-08-06T01:57:48.465084521Z [2024/08/06 01:57:48] [ info] [input:tail:tail.0] inotify_fs_add(): inode=78512485 watch_fd=128 name=/var/log/containers/helm-operation-bhrb9_cattle-system_helm-c58709c5729e6ec0e718041a710113b8e5b43f0659073725e7924d560f91a21f.log
2024-08-06T01:57:48.465093228Z [2024/08/06 01:57:48] [ info] [input:tail:tail.0] inotify_fs_add(): inode=78512495 watch_fd=129 name=/var/log/containers/helm-operation-bhrb9_cattle-system_proxy-aad72f6e59cce83435a4d5f7a23b2ade249bb64e79593258c01d425259e95708.log
2024-08-06T01:57:48.673302399Z [2024/08/06 01:57:48] [ info] [input:tail:tail.0] inotify_fs_remove(): inode=78512423 watch_fd=125
2024-08-06T01:57:58.453034853Z [2024/08/06 01:57:58] [ info] [input:tail:tail.0] inotify_fs_add(): inode=78512451 watch_fd=130 name=/var/log/containers/helm-operation-f4586_cattle-system_helm-5b7ddf6ff7da1e10f873b0025b0b1eaf8663153a1016aa66f2928f1cfa43bdcf.log
2024-08-06T01:57:58.453075501Z [2024/08/06 01:57:58] [ info] [input:tail:tail.0] inotify_fs_add(): inode=78512533 watch_fd=131 name=/var/log/containers/helm-operation-f4586_cattle-system_proxy-5f73094444972f91cf27de036e3ea4a8049745f02d7c55b186ca09f6408b0f3e.log
2024-08-06T01:58:12.256514122Z [2024/08/06 01:58:12] [ info] [input:tail:tail.0] inotify_fs_remove(): inode=78250076 watch_fd=87
2024-08-06T01:58:12.272157308Z [2024/08/06 01:58:12] [ info] [input:tail:tail.0] inotify_fs_remove(): inode=78250094 watch_fd=86
2024-08-06T01:58:12.287347619Z [2024/08/06 01:58:12] [ info] [input:tail:tail.0] inotify_fs_remove(): inode=78119285 watch_fd=81
2024-08-06T01:58:12.305614077Z [2024/08/06 01:58:12] [ info] [input:tail:tail.0] inotify_fs_remove(): inode=78512553 watch_fd=127
2024-08-06T01:58:47.011748197Z [2024/08/06 01:58:47] [ info] [input:tail:tail.0] inotify_fs_remove(): inode=76940431 watch_fd=30
2024-08-06T01:58:48.451631610Z [2024/08/06 01:58:48] [ info] [input:tail:tail.0] inotify_fs_add(): inode=78512464 watch_fd=132 name=/var/log/containers/harvester-node-disk-manager-28xc4_harvester-system_harvester-node-disk-manager-54815284b733931b518eb5d9e278c9e811fd837ad007a5229ccea230f62f50fa.log
2024-08-06T01:58:48.451677555Z [2024/08/06 01:58:48] [ info] [input:tail:tail.0] inotify_fs_add(): inode=78512536 watch_fd=133 name=/var/log/containers/longhorn-post-upgrade-l78xm_longhorn-system_longhorn-post-upgrade-77cf5f8745f64d985b00bd8a6fc77d21319d5ded5eb577aae602f4d688856d60.log
2024-08-06T01:59:12.754120399Z [2024/08/06 01:59:12] [ info] [input:tail:tail.0] inotify_fs_remove(): inode=78512536 watch_fd=133
2024-08-06T01:59:28.446617022Z [2024/08/06 01:59:28] [ info] [input:tail:tail.0] inotify_fs_add(): inode=78512574 watch_fd=134 name=/var/log/containers/helm-install-nvidia-driver-toolkit-gnv5t_harvester-system_helm-4c87dd4617faf46cf9ddcdf62883b8df2f8e0880cf521c8dd726c81b1fe085ff.log
2024-08-06T02:00:12.866315069Z [2024/08/06 02:00:12] [ info] [input:tail:tail.0] inotify_fs_remove(): inode=77595687 watch_fd=40
2024-08-06T02:09:33.442752587Z [2024/08/06 02:09:33] [ info] [filter:kubernetes:kubernetes.0]  token updated
2024-08-06T02:09:33.450876893Z [2024/08/06 02:09:33] [ info] [input:tail:tail.0] inotify_fs_add(): inode=78512591 watch_fd=135 name=/var/log/containers/backing-image-ds-default-image-qwfqg_longhorn-system_backing-image-data-source-58243b054d97e41dda3410404404a1fffa42dd505dead2abf186b74c51765bcd.log
2024-08-06T02:09:33.450902000Z [2024/08/06 02:09:33] [ info] [input:tail:tail.0] inotify_fs_add(): inode=78643294 watch_fd=136 name=/var/log/containers/backing-image-manager-c16a-c9ff_longhorn-system_backing-image-manager-71519974976acf754fb369e1e94f4f95ade954a45c0d9b3f4d0675a2683f1533.log
2024-08-06T02:11:13.041153126Z [2024/08/06 02:11:13] [ info] [input:tail:tail.0] inotify_fs_remove(): inode=78512591 watch_fd=135
2024-08-06T02:11:13.048367402Z [2024/08/06 02:11:13] [ info] [input:tail:tail.0] inotify_fs_remove(): inode=72879531 watch_fd=2
2024-08-06T02:11:23.445265090Z [2024/08/06 02:11:23] [ info] [input:tail:tail.0] inotify_fs_add(): inode=78643427 watch_fd=137 name=/var/log/containers/cattle-cluster-agent-58bf658657-6tbs9_cattle-system_cluster-register-19bf04aa92ee49bf5c9bd9a30169a4cc5f6de393aa0ff1f8720812ae834e11ab.log
2024-08-06T02:11:23.445293002Z [2024/08/06 02:11:23] [ info] [input:tail:tail.0] inotify_fs_add(): inode=78643407 watch_fd=138 name=/var/log/containers/harvester-node-manager-webhook-9cfccc84c-r6brh_harvester-system_harvester-node-manager-webhook-dbbfee760c4dc96f0608950c422629af41f9d4307cf993e2b52f642debedaf84.log
2024-08-06T02:12:13.153038822Z [2024/08/06 02:12:13] [ info] [input:tail:tail.0] inotify_fs_remove(): inode=77332674 watch_fd=1
2024-08-06T02:12:17.368540826Z [2024/08/06 02:12:17] [ info] [input:tail:tail.0] inotify_fs_remove(): inode=78512529 watch_fd=126
2024-08-06T02:14:17.440476092Z [2024/08/06 02:14:17] [ warn] [input] tail.0 paused (mem buf overlimit)
2024-08-06T02:14:17.440492704Z [2024/08/06 02:14:17] [ info] [input] pausing tail.0
2024-08-06T02:14:17.572516652Z [2024/08/06 02:14:17] [ info] [input] tail.0 resume (mem buf overlimit)
2024-08-06T02:14:17.847188213Z [2024/08/06 02:14:17] [ warn] [input] tail.0 paused (mem buf overlimit)
2024-08-06T02:14:17.847231386Z [2024/08/06 02:14:17] [ info] [input] pausing tail.0
2024-08-06T02:14:17.847606946Z [2024/08/06 02:14:17] [ info] [input] tail.0 resume (mem buf overlimit)
2024-08-06T02:14:18.050305561Z [2024/08/06 02:14:18] [ warn] [input] tail.0 paused (mem buf overlimit)
2024-08-06T02:14:18.050355216Z [2024/08/06 02:14:18] [ info] [input] pausing tail.0
2024-08-06T02:14:18.636970648Z [2024/08/06 02:14:18] [ info] [input] tail.0 resume (mem buf overlimit)
2024-08-06T02:14:18.644729344Z [2024/08/06 02:14:18] [ info] [input:tail:tail.0] inotify_fs_add(): inode=76939286 watch_fd=139 name=/var/log/containers/harvester-96fcbb748-562ns_harvester-system_apiserver-9cbb0798d9b8ff7684de7899150b0e585f14402b814b851e9fcb9a75a373376b.log
2024-08-06T02:14:18.947369276Z [2024/08/06 02:14:18] [ warn] [input] tail.0 paused (mem buf overlimit)
2024-08-06T02:14:18.947483946Z [2024/08/06 02:14:18] [ info] [input] pausing tail.0
2024-08-06T02:14:19.441568657Z [2024/08/06 02:14:19] [ info] [input] tail.0 resume (mem buf overlimit)
2024-08-06T02:14:19.540378815Z [2024/08/06 02:14:19] [ warn] [input] tail.0 paused (mem buf overlimit)
2024-08-06T02:14:19.540415775Z [2024/08/06 02:14:19] [ info] [input] pausing tail.0
2024-08-06T02:14:19.686790726Z [2024/08/06 02:14:19] [ info] [input] tail.0 resume (mem buf overlimit)
2024-08-06T02:14:19.947674141Z [2024/08/06 02:14:19] [ warn] [input] tail.0 paused (mem buf overlimit)
2024-08-06T02:14:19.947720540Z [2024/08/06 02:14:19] [ info] [input] pausing tail.0
2024-08-06T02:14:20.441963423Z [2024/08/06 02:14:20] [ info] [input] tail.0 resume (mem buf overlimit)
2024-08-06T02:14:20.540736781Z [2024/08/06 02:14:20] [ warn] [input] tail.0 paused (mem buf overlimit)
2024-08-06T02:14:20.540768251Z [2024/08/06 02:14:20] [ info] [input] pausing tail.0
2024-08-06T02:14:20.653476201Z [2024/08/06 02:14:20] [ info] [input] tail.0 resume (mem buf overlimit)
2024-08-06T02:14:20.941853358Z [2024/08/06 02:14:20] [ warn] [input] tail.0 paused (mem buf overlimit)
2024-08-06T02:14:20.941882454Z [2024/08/06 02:14:20] [ info] [input] pausing tail.0
2024-08-06T02:14:21.444989850Z [2024/08/06 02:14:21] [ info] [input] tail.0 resume (mem buf overlimit)
2024-08-06T02:14:21.540081938Z [2024/08/06 02:14:21] [ warn] [input] tail.0 paused (mem buf overlimit)
2024-08-06T02:14:21.540141042Z [2024/08/06 02:14:21] [ info] [input] pausing tail.0
2024-08-06T02:14:21.644590790Z [2024/08/06 02:14:21] [ info] [input] tail.0 resume (mem buf overlimit)
2024-08-06T02:14:21.941864588Z [2024/08/06 02:14:21] [ warn] [input] tail.0 paused (mem buf overlimit)
2024-08-06T02:14:21.941904034Z [2024/08/06 02:14:21] [ info] [input] pausing tail.0
2024-08-06T02:14:22.546517048Z [2024/08/06 02:14:22] [ info] [input] tail.0 resume (mem buf overlimit)
2024-08-06T02:14:22.642016491Z [2024/08/06 02:14:22] [ warn] [input] tail.0 paused (mem buf overlimit)
2024-08-06T02:14:22.642051508Z [2024/08/06 02:14:22] [ info] [input] pausing tail.0
2024-08-06T02:14:22.642064673Z [2024/08/06 02:14:22] [ info] [input] tail.0 resume (mem buf overlimit)
2024-08-06T02:14:22.942161271Z [2024/08/06 02:14:22] [ warn] [input] tail.0 paused (mem buf overlimit)
2024-08-06T02:14:22.942212659Z [2024/08/06 02:14:22] [ info] [input] pausing tail.0
2024-08-06T02:14:23.546930723Z [2024/08/06 02:14:23] [ info] [input] tail.0 resume (mem buf overlimit)
2024-08-06T02:14:23.646722119Z [2024/08/06 02:14:23] [ warn] [input] tail.0 paused (mem buf overlimit)
2024-08-06T02:14:23.646780300Z [2024/08/06 02:14:23] [ info] [input] pausing tail.0
2024-08-06T02:14:23.646991475Z [2024/08/06 02:14:23] [ info] [input] tail.0 resume (mem buf overlimit)
2024-08-06T02:14:24.036893005Z [2024/08/06 02:14:24] [ warn] [input] tail.0 paused (mem buf overlimit)
2024-08-06T02:14:24.036945716Z [2024/08/06 02:14:24] [ info] [input] pausing tail.0
2024-08-06T02:14:24.443907305Z [2024/08/06 02:14:24] [ info] [input] tail.0 resume (mem buf overlimit)
2024-08-06T02:14:24.542526434Z [2024/08/06 02:14:24] [ warn] [input] tail.0 paused (mem buf overlimit)
2024-08-06T02:14:24.542641515Z [2024/08/06 02:14:24] [ info] [input] pausing tail.0
2024-08-06T02:14:24.653427515Z [2024/08/06 02:14:24] [ info] [input] tail.0 resume (mem buf overlimit)
2024-08-06T02:14:24.948930674Z [2024/08/06 02:14:24] [ warn] [input] tail.0 paused (mem buf overlimit)
2024-08-06T02:14:24.948982263Z [2024/08/06 02:14:24] [ info] [input] pausing tail.0
2024-08-06T02:14:25.442639376Z [2024/08/06 02:14:25] [ info] [input] tail.0 resume (mem buf overlimit)
2024-08-06T02:14:25.542519174Z [2024/08/06 02:14:25] [ warn] [input] tail.0 paused (mem buf overlimit)
2024-08-06T02:14:25.542555925Z [2024/08/06 02:14:25] [ info] [input] pausing tail.0
2024-08-06T02:14:25.635580289Z [2024/08/06 02:14:25] [ info] [input] tail.0 resume (mem buf overlimit)
2024-08-06T02:14:25.941041387Z [2024/08/06 02:14:25] [ warn] [input] tail.0 paused (mem buf overlimit)
2024-08-06T02:14:25.941096583Z [2024/08/06 02:14:25] [ info] [input] pausing tail.0
2024-08-06T02:14:26.638288726Z [2024/08/06 02:14:26] [ info] [input] tail.0 resume (mem buf overlimit)
2024-08-06T02:14:26.939933942Z [2024/08/06 02:14:26] [ warn] [input] tail.0 paused (mem buf overlimit)
2024-08-06T02:14:26.939965272Z [2024/08/06 02:14:26] [ info] [input] pausing tail.0
2024-08-06T02:14:27.444009239Z [2024/08/06 02:14:27] [ info] [input] tail.0 resume (mem buf overlimit)
2024-08-06T02:14:27.540526665Z [2024/08/06 02:14:27] [ warn] [input] tail.0 paused (mem buf overlimit)
2024-08-06T02:14:27.540565449Z [2024/08/06 02:14:27] [ info] [input] pausing tail.0
2024-08-06T02:14:27.649237436Z [2024/08/06 02:14:27] [ info] [input] tail.0 resume (mem buf overlimit)
2024-08-06T02:14:27.954611275Z [2024/08/06 02:14:27] [ warn] [input] tail.0 paused (mem buf overlimit)
2024-08-06T02:14:27.954630202Z [2024/08/06 02:14:27] [ info] [input] pausing tail.0
2024-08-06T02:14:28.551135789Z [2024/08/06 02:14:28] [ info] [input] tail.0 resume (mem buf overlimit)
2024-08-06T02:14:28.642355753Z [2024/08/06 02:14:28] [ warn] [input] tail.0 paused (mem buf overlimit)
2024-08-06T02:14:28.642405468Z [2024/08/06 02:14:28] [ info] [input] pausing tail.0
2024-08-06T02:14:28.642486814Z [2024/08/06 02:14:28] [ info] [input] tail.0 resume (mem buf overlimit)
2024-08-06T02:24:06.901002314Z [2024/08/06 02:24:06] [ info] [filter:kubernetes:kubernetes.0]  token updated
2024-08-06T02:26:50.540533539Z [2024/08/06 02:26:50] [ warn] [input] tail.0 paused (mem buf overlimit)
2024-08-06T02:26:50.540562523Z [2024/08/06 02:26:50] [ info] [input] pausing tail.0
2024-08-06T02:26:50.540643284Z [2024/08/06 02:26:50] [ info] [input] tail.0 resume (mem buf overlimit)
2024-08-06T02:33:27.646531713Z [2024/08/06 02:33:27] [ info] [input:tail:tail.0] inode=77857149 handle rotation(): /var/log/containers/harvester-default-event-tailer-0_cattle-logging-system_event-tailer-23031009eae167121b9a1dc3fb0fc4db851210e8b7c6321a00b057d59a781613.log => /var/log/pods/cattle-logging-system_harvester-default-event-tailer-0_32ef3356-0185-4183-a1d4-2eb3c1dcf5ce/event-tailer/0.log.20240806-023327
2024-08-06T02:33:27.646607658Z [2024/08/06 02:33:27] [ info] [input:tail:tail.0] inotify_fs_remove(): inode=77857149 watch_fd=112
2024-08-06T02:33:27.646615734Z [2024/08/06 02:33:27] [ info] [input:tail:tail.0] inotify_fs_add(): inode=77857149 watch_fd=140 name=/var/log/pods/cattle-logging-system_harvester-default-event-tailer-0_32ef3356-0185-4183-a1d4-2eb3c1dcf5ce/event-tailer/0.log.20240806-023327
2024-08-06T02:33:28.441891499Z [2024/08/06 02:33:28] [ info] [input:tail:tail.0] inotify_fs_add(): inode=77857358 watch_fd=141 name=/var/log/containers/harvester-default-event-tailer-0_cattle-logging-system_event-tailer-23031009eae167121b9a1dc3fb0fc4db851210e8b7c6321a00b057d59a781613.log
2024-08-06T02:33:33.437803672Z [2024/08/06 02:33:33] [ info] [input:tail:tail.0] inotify_fs_remove(): inode=77857149 watch_fd=140
2024-08-06T02:46:32.286479426Z [2024/08/06 02:46:32] [ info] [filter:kubernetes:kubernetes.0]  token updated
2024-08-06T02:49:28.451613303Z [2024/08/06 02:49:28] [ info] [input:tail:tail.0] inotify_fs_add(): inode=78643488 watch_fd=142 name=/var/log/containers/supportbundle-agent-bundle-jk7b5-f4x9v_harvester-system_agent-1be4468d079101b6285791f2f2f5b79663cf5ed2f9e3e3dbaf2afb33ce92d624.log
2024-08-06T02:50:33.496053972Z [2024/08/06 02:50:33] [ info] [input:tail:tail.0] inotify_fs_remove(): inode=78643488 watch_fd=142
2024-08-06T02:53:13.717794252Z [2024/08/06 02:53:13] [ info] [input:tail:tail.0] inotify_fs_remove(): inode=68683910 watch_fd=51
2024-08-06T02:53:13.735704941Z [2024/08/06 02:53:13] [ info] [input:tail:tail.0] inotify_fs_remove(): inode=68551335 watch_fd=54
2024-08-06T02:53:13.751985514Z [2024/08/06 02:53:13] [ info] [input:tail:tail.0] inotify_fs_remove(): inode=68551319 watch_fd=49
2024-08-06T02:53:13.764302935Z [2024/08/06 02:53:13] [ info] [input:tail:tail.0] inotify_fs_remove(): inode=68683930 watch_fd=50
2024-08-06T02:53:13.784348549Z [2024/08/06 02:53:13] [ info] [input:tail:tail.0] inotify_fs_remove(): inode=68551321 watch_fd=53
2024-08-06T02:53:13.796198320Z [2024/08/06 02:53:13] [ info] [input:tail:tail.0] inotify_fs_remove(): inode=68683920 watch_fd=52
2024-08-06T02:54:14.029700359Z [2024/08/06 02:54:14] [ info] [input:tail:tail.0] inotify_fs_remove(): inode=71175134 watch_fd=56
2024-08-06T02:54:14.045357024Z [2024/08/06 02:54:14] [ info] [input:tail:tail.0] inotify_fs_remove(): inode=71175124 watch_fd=55
2024-08-06T02:58:14.168220371Z [2024/08/06 02:58:14] [ info] [input:tail:tail.0] inotify_fs_remove(): inode=78512485 watch_fd=128
2024-08-06T02:58:14.183174729Z [2024/08/06 02:58:14] [ info] [input:tail:tail.0] inotify_fs_remove(): inode=78512495 watch_fd=129
2024-08-06T02:58:14.199383994Z [2024/08/06 02:58:14] [ info] [input:tail:tail.0] inotify_fs_remove(): inode=78512533 watch_fd=131
2024-08-06T02:58:14.218160844Z [2024/08/06 02:58:14] [ info] [input:tail:tail.0] inotify_fs_remove(): inode=78512451 watch_fd=130
2024-08-06T03:41:24.761714666Z [2024/08/06 03:41:24] [ info] [filter:kubernetes:kubernetes.0]  token updated
2024-08-06T05:06:11.264511903Z [2024/08/06 05:06:11] [ info] [input:tail:tail.0] inode=68551122 handle rotation(): /var/log/containers/rke2-canal-jwqrp_kube-system_calico-node-1b8e38bf4aa03b713b0134f815cbf6483cdd0bb42ce2840bfdd9a5bed1c15c40.log => /var/log/pods/kube-system_rke2-canal-jwqrp_9009e2a8-9955-43c5-a28a-d80a99790641/calico-node/0.log.20240806-050611
2024-08-06T05:06:11.265400718Z [2024/08/06 05:06:11] [ info] [input:tail:tail.0] inotify_fs_remove(): inode=68551122 watch_fd=91
2024-08-06T05:06:11.265451394Z [2024/08/06 05:06:11] [ info] [input:tail:tail.0] inotify_fs_add(): inode=68551122 watch_fd=143 name=/var/log/pods/kube-system_rke2-canal-jwqrp_9009e2a8-9955-43c5-a28a-d80a99790641/calico-node/0.log.20240806-050611
2024-08-06T05:06:11.265773375Z [2024/08/06 05:06:11] [ info] [input:tail:tail.0] inotify_fs_add(): inode=68550676 watch_fd=144 name=/var/log/containers/rke2-canal-jwqrp_kube-system_calico-node-1b8e38bf4aa03b713b0134f815cbf6483cdd0bb42ce2840bfdd9a5bed1c15c40.log
2024-08-06T05:06:18.435547061Z [2024/08/06 05:06:18] [ info] [input:tail:tail.0] inotify_fs_remove(): inode=68551122 watch_fd=143
2024-08-06T09:32:02.221309102Z [2024/08/06 09:32:02] [ info] [input:tail:tail.0] inode=68550676 handle rotation(): /var/log/containers/rke2-canal-jwqrp_kube-system_calico-node-1b8e38bf4aa03b713b0134f815cbf6483cdd0bb42ce2840bfdd9a5bed1c15c40.log => /var/log/pods/kube-system_rke2-canal-jwqrp_9009e2a8-9955-43c5-a28a-d80a99790641/calico-node/0.log.20240806-093202
2024-08-06T09:32:02.221410925Z [2024/08/06 09:32:02] [ info] [input:tail:tail.0] inotify_fs_remove(): inode=68550676 watch_fd=144
2024-08-06T09:32:02.221453015Z [2024/08/06 09:32:02] [ info] [input:tail:tail.0] inotify_fs_add(): inode=68550676 watch_fd=145 name=/var/log/pods/kube-system_rke2-canal-jwqrp_9009e2a8-9955-43c5-a28a-d80a99790641/calico-node/0.log.20240806-093202
2024-08-06T09:32:03.438214890Z [2024/08/06 09:32:03] [ info] [input:tail:tail.0] inotify_fs_add(): inode=68550678 watch_fd=146 name=/var/log/containers/rke2-canal-jwqrp_kube-system_calico-node-1b8e38bf4aa03b713b0134f815cbf6483cdd0bb42ce2840bfdd9a5bed1c15c40.log
2024-08-06T09:32:08.437386618Z [2024/08/06 09:32:08] [ info] [input:tail:tail.0] inotify_fs_remove(): inode=68550676 watch_fd=145
2024-08-06T11:47:23.194621703Z [2024/08/06 11:47:23] [ info] [input:tail:tail.0] inode=77857358 handle rotation(): /var/log/containers/harvester-default-event-tailer-0_cattle-logging-system_event-tailer-23031009eae167121b9a1dc3fb0fc4db851210e8b7c6321a00b057d59a781613.log => /var/log/pods/cattle-logging-system_harvester-default-event-tailer-0_32ef3356-0185-4183-a1d4-2eb3c1dcf5ce/event-tailer/0.log.20240806-114723
2024-08-06T11:47:23.194704460Z [2024/08/06 11:47:23] [ info] [input:tail:tail.0] inotify_fs_remove(): inode=77857358 watch_fd=141
2024-08-06T11:47:23.194736100Z [2024/08/06 11:47:23] [ info] [input:tail:tail.0] inotify_fs_add(): inode=77857358 watch_fd=147 name=/var/log/pods/cattle-logging-system_harvester-default-event-tailer-0_32ef3356-0185-4183-a1d4-2eb3c1dcf5ce/event-tailer/0.log.20240806-114723
2024-08-06T11:47:23.438093355Z [2024/08/06 11:47:23] [ info] [input:tail:tail.0] inotify_fs_add(): inode=77857149 watch_fd=148 name=/var/log/containers/harvester-default-event-tailer-0_cattle-logging-system_event-tailer-23031009eae167121b9a1dc3fb0fc4db851210e8b7c6321a00b057d59a781613.log
2024-08-06T11:47:28.436051938Z [2024/08/06 11:47:28] [ info] [input:tail:tail.0] inotify_fs_remove(): inode=77857358 watch_fd=147
2024-08-06T11:53:10.062113564Z [2024/08/06 11:53:10] [ info] [filter:kubernetes:kubernetes.0]  token updated
2024-08-06T11:54:34.318465856Z [2024/08/06 11:54:34] [ info] [input:tail:tail.0] inode=77988292 handle rotation(): /var/log/containers/rancher-monitoring-prometheus-adapter-55dc9ccd5d-g2sgf_cattle-monitoring-system_prometheus-adapter-bb88e53187c5cad514afe0b6206e8c89d61c82b3e2e5dac14233f757bd77971d.log => /var/log/pods/cattle-monitoring-system_rancher-monitoring-prometheus-adapter-55dc9ccd5d-g2sgf_297a1fec-3a34-4588-aadd-5f8ee6323eb2/prometheus-adapter/0.log.20240806-115434
2024-08-06T11:54:34.318518827Z [2024/08/06 11:54:34] [ info] [input:tail:tail.0] inotify_fs_remove(): inode=77988292 watch_fd=88
2024-08-06T11:54:34.318533705Z [2024/08/06 11:54:34] [ info] [input:tail:tail.0] inotify_fs_add(): inode=77988292 watch_fd=149 name=/var/log/pods/cattle-monitoring-system_rancher-monitoring-prometheus-adapter-55dc9ccd5d-g2sgf_297a1fec-3a34-4588-aadd-5f8ee6323eb2/prometheus-adapter/0.log.20240806-115434
2024-08-06T11:54:38.440873582Z [2024/08/06 11:54:38] [ info] [input:tail:tail.0] inotify_fs_add(): inode=77988036 watch_fd=150 name=/var/log/containers/rancher-monitoring-prometheus-adapter-55dc9ccd5d-g2sgf_cattle-monitoring-system_prometheus-adapter-bb88e53187c5cad514afe0b6206e8c89d61c82b3e2e5dac14233f757bd77971d.log
2024-08-06T11:54:43.435773219Z [2024/08/06 11:54:43] [ info] [input:tail:tail.0] inotify_fs_remove(): inode=77988292 watch_fd=149
2024-08-06T11:56:18.878848246Z [2024/08/06 11:56:18] [ info] [input:tail:tail.0] inotify_fs_remove(): inode=77595695 watch_fd=41
2024-08-06T11:56:18.894529802Z [2024/08/06 11:56:18] [ info] [input:tail:tail.0] inotify_fs_remove(): inode=78512574 watch_fd=134
2024-08-06T11:56:18.911112527Z [2024/08/06 11:56:18] [ info] [input:tail:tail.0] inotify_fs_remove(): inode=77595672 watch_fd=43
2024-08-06T11:56:18.929532156Z [2024/08/06 11:56:18] [ info] [input:tail:tail.0] inotify_fs_remove(): inode=77595680 watch_fd=39
2024-08-06T11:56:18.946655567Z [2024/08/06 11:56:18] [ info] [input:tail:tail.0] inotify_fs_remove(): inode=77595508 watch_fd=42
2024-08-06T13:51:32.249965843Z [2024/08/06 13:51:32] [ info] [input:tail:tail.0] inode=77208370 handle rotation(): /var/log/containers/longhorn-manager-szgbp_longhorn-system_longhorn-manager-620f6a935248baaba2312b077696bc0b546856f1759aa22fb9b959e85fa3978b.log => /var/log/pods/longhorn-system_longhorn-manager-szgbp_5bdcb47b-bcd3-49bb-bfb9-38bfd1d0c667/longhorn-manager/0.log.20240806-135132
2024-08-06T13:51:32.250004607Z [2024/08/06 13:51:32] [ info] [input:tail:tail.0] inotify_fs_remove(): inode=77208370 watch_fd=111
2024-08-06T13:51:32.250011570Z [2024/08/06 13:51:32] [ info] [input:tail:tail.0] inotify_fs_add(): inode=77208370 watch_fd=151 name=/var/log/pods/longhorn-system_longhorn-manager-szgbp_5bdcb47b-bcd3-49bb-bfb9-38bfd1d0c667/longhorn-manager/0.log.20240806-135132
2024-08-06T13:51:33.437956189Z [2024/08/06 13:51:33] [ info] [input:tail:tail.0] inotify_fs_add(): inode=77208701 watch_fd=152 name=/var/log/containers/longhorn-manager-szgbp_longhorn-system_longhorn-manager-620f6a935248baaba2312b077696bc0b546856f1759aa22fb9b959e85fa3978b.log
2024-08-06T13:51:38.440112094Z [2024/08/06 13:51:38] [ info] [input:tail:tail.0] inotify_fs_remove(): inode=77208370 watch_fd=151
2024-08-06T13:53:42.636577588Z [2024/08/06 13:53:42] [ info] [input:tail:tail.0] inode=68550678 handle rotation(): /var/log/containers/rke2-canal-jwqrp_kube-system_calico-node-1b8e38bf4aa03b713b0134f815cbf6483cdd0bb42ce2840bfdd9a5bed1c15c40.log => /var/log/pods/kube-system_rke2-canal-jwqrp_9009e2a8-9955-43c5-a28a-d80a99790641/calico-node/0.log.20240806-135342
2024-08-06T13:53:42.636644364Z [2024/08/06 13:53:42] [ info] [input:tail:tail.0] inotify_fs_remove(): inode=68550678 watch_fd=146
2024-08-06T13:53:42.636698857Z [2024/08/06 13:53:42] [ info] [input:tail:tail.0] inotify_fs_add(): inode=68550678 watch_fd=153 name=/var/log/pods/kube-system_rke2-canal-jwqrp_9009e2a8-9955-43c5-a28a-d80a99790641/calico-node/0.log.20240806-135342
2024-08-06T13:53:43.437866079Z [2024/08/06 13:53:43] [ info] [input:tail:tail.0] inotify_fs_add(): inode=68550676 watch_fd=154 name=/var/log/containers/rke2-canal-jwqrp_kube-system_calico-node-1b8e38bf4aa03b713b0134f815cbf6483cdd0bb42ce2840bfdd9a5bed1c15c40.log
2024-08-06T13:53:48.440370438Z [2024/08/06 13:53:48] [ info] [input:tail:tail.0] inotify_fs_remove(): inode=68550678 watch_fd=153
