2024-08-06T01:55:43.638886677Z W0806 01:55:43.638506       1 reflector.go:424] github.com/rancher/lasso/pkg/cache/cache.go:145: failed to list *v1.VirtualMachineInstance: the server could not find the requested resource (get virtualmachineinstances.meta.k8s.io)
2024-08-06T01:55:43.638963974Z E0806 01:55:43.638820       1 reflector.go:140] github.com/rancher/lasso/pkg/cache/cache.go:145: Failed to watch *v1.VirtualMachineInstance: failed to list *v1.VirtualMachineInstance: the server could not find the requested resource (get virtualmachineinstances.meta.k8s.io)
2024-08-06T01:55:44.820937120Z W0806 01:55:44.820826       1 reflector.go:424] github.com/rancher/lasso/pkg/cache/cache.go:145: failed to list *v1.VirtualMachineInstance: the server could not find the requested resource (get virtualmachineinstances.meta.k8s.io)
2024-08-06T01:55:44.820976695Z E0806 01:55:44.820873       1 reflector.go:140] github.com/rancher/lasso/pkg/cache/cache.go:145: Failed to watch *v1.VirtualMachineInstance: failed to list *v1.VirtualMachineInstance: the server could not find the requested resource (get virtualmachineinstances.meta.k8s.io)
2024-08-06T01:55:46.867318223Z W0806 01:55:46.867193       1 reflector.go:424] github.com/rancher/lasso/pkg/cache/cache.go:145: failed to list *v1.VirtualMachineInstance: the server could not find the requested resource (get virtualmachineinstances.meta.k8s.io)
2024-08-06T01:55:46.867349353Z E0806 01:55:46.867231       1 reflector.go:140] github.com/rancher/lasso/pkg/cache/cache.go:145: Failed to watch *v1.VirtualMachineInstance: failed to list *v1.VirtualMachineInstance: the server could not find the requested resource (get virtualmachineinstances.meta.k8s.io)
2024-08-06T01:55:51.288191503Z W0806 01:55:51.288067       1 reflector.go:424] github.com/rancher/lasso/pkg/cache/cache.go:145: failed to list *v1.VirtualMachineInstance: the server could not find the requested resource (get virtualmachineinstances.meta.k8s.io)
2024-08-06T01:55:51.288235837Z E0806 01:55:51.288104       1 reflector.go:140] github.com/rancher/lasso/pkg/cache/cache.go:145: Failed to watch *v1.VirtualMachineInstance: failed to list *v1.VirtualMachineInstance: the server could not find the requested resource (get virtualmachineinstances.meta.k8s.io)
2024-08-06T01:56:03.253177073Z W0806 01:56:03.253073       1 reflector.go:424] github.com/rancher/lasso/pkg/cache/cache.go:145: failed to list *v1.VirtualMachineInstance: the server could not find the requested resource (get virtualmachineinstances.meta.k8s.io)
2024-08-06T01:56:03.253217149Z E0806 01:56:03.253113       1 reflector.go:140] github.com/rancher/lasso/pkg/cache/cache.go:145: Failed to watch *v1.VirtualMachineInstance: failed to list *v1.VirtualMachineInstance: the server could not find the requested resource (get virtualmachineinstances.meta.k8s.io)
2024-08-06T01:56:23.749659328Z time="2024-08-06T01:56:23Z" level=info msg="Starting k8s.cni.cncf.io/v1, Kind=NetworkAttachmentDefinition controller"
2024-08-06T01:56:24.042867487Z time="2024-08-06T01:56:24Z" level=info msg="Starting loadbalancer.harvesterhci.io/v1beta1, Kind=IPPool controller"
2024-08-06T01:56:24.144206923Z time="2024-08-06T01:56:24Z" level=info msg="Starting kubevirt.io/v1, Kind=VirtualMachineInstance controller"
2024-08-06T01:56:24.540709876Z time="2024-08-06T01:56:24Z" level=info msg="Starting /v1, Kind=Namespace controller"
2024-08-06T01:56:24.636442276Z time="2024-08-06T01:56:24Z" level=info msg="generated self-signed CA certificate CN=dynamiclistener-ca@1722909384,O=dynamiclistener-org: notBefore=2024-08-06 01:56:24.635887026 +0000 UTC notAfter=2034-08-04 01:56:24.635887026 +0000 UTC"
2024-08-06T01:56:24.642276101Z time="2024-08-06T01:56:24Z" level=info msg="Listening on :8443"
2024-08-06T01:56:24.642938163Z time="2024-08-06T01:56:24Z" level=info msg="certificate CN=dynamic,O=dynamic signed by CN=dynamiclistener-ca@1722909384,O=dynamiclistener-org: notBefore=2024-08-06 01:56:24 +0000 UTC notAfter=2025-08-06 01:56:24 +0000 UTC"
2024-08-06T01:56:24.643025839Z time="2024-08-06T01:56:24Z" level=warning msg="dynamiclistener [::]:8443: no cached certificate available for preload - deferring certificate load until storage initialization or first client request"
2024-08-06T01:56:24.737520087Z time="2024-08-06T01:56:24Z" level=info msg="Creating new TLS secret for harvester-system/harvester-load-balancer-webhook-tls (count: 1): map[listener.cattle.io/cn-harvester-load-balancer-webhook.ha-02fc99:harvester-load-balancer-webhook.harvester-system.svc listener.cattle.io/fingerprint:SHA1=7011785F348DCD8C3741E21B2E5C12B227E66E83]"
2024-08-06T01:56:24.741423991Z time="2024-08-06T01:56:24Z" level=info msg="Active TLS secret harvester-system/harvester-load-balancer-webhook-tls (ver=6167) (count 1): map[listener.cattle.io/cn-harvester-load-balancer-webhook.ha-02fc99:harvester-load-balancer-webhook.harvester-system.svc listener.cattle.io/fingerprint:SHA1=7011785F348DCD8C3741E21B2E5C12B227E66E83]"
2024-08-06T01:56:32.535749816Z I0806 01:56:32.535607       1 trace.go:236] Trace[1280268011]: "DeltaFIFO Pop Process" ID:kubevirts.kubevirt.io,Depth:78,Reason:slow event handlers blocking the queue (06-Aug-2024 01:56:32.339) (total time: 196ms):
2024-08-06T01:56:32.535786636Z Trace[1280268011]: [196.325931ms] [196.325931ms] END
2024-08-06T01:56:32.637014440Z time="2024-08-06T01:56:32Z" level=info msg="Starting /v1, Kind=Secret controller"
2024-08-06T01:56:32.637303096Z time="2024-08-06T01:56:32Z" level=info msg="Sleeping for 15 seconds then applying webhook config"
2024-08-06T01:56:32.637344995Z time="2024-08-06T01:56:32Z" level=info msg="Starting apiregistration.k8s.io/v1, Kind=APIService controller"
2024-08-06T01:56:32.637365865Z time="2024-08-06T01:56:32Z" level=info msg="Starting apiextensions.k8s.io/v1, Kind=CustomResourceDefinition controller"
2024-08-06T01:56:32.640530287Z time="2024-08-06T01:56:32Z" level=info msg="Updating TLS secret for harvester-system/harvester-load-balancer-webhook-tls (count: 1): map[listener.cattle.io/cn-harvester-load-balancer-webhook.ha-02fc99:harvester-load-balancer-webhook.harvester-system.svc listener.cattle.io/fingerprint:SHA1=7011785F348DCD8C3741E21B2E5C12B227E66E83]"
2024-08-06T01:56:33.239015820Z E0806 01:56:33.238773       1 gvks.go:69] failed to sync schemas: unable to retrieve the complete list of server APIs: subresources.kubevirt.io/v1: stale GroupVersion discovery: subresources.kubevirt.io/v1, subresources.kubevirt.io/v1alpha3: stale GroupVersion discovery: subresources.kubevirt.io/v1alpha3
2024-08-06T01:56:33.254381218Z E0806 01:56:33.254306       1 gvks.go:69] failed to sync schemas: unable to retrieve the complete list of server APIs: subresources.kubevirt.io/v1: stale GroupVersion discovery: subresources.kubevirt.io/v1, subresources.kubevirt.io/v1alpha3: stale GroupVersion discovery: subresources.kubevirt.io/v1alpha3
2024-08-06T01:56:33.538712916Z E0806 01:56:33.538555       1 gvks.go:69] failed to sync schemas: unable to retrieve the complete list of server APIs: subresources.kubevirt.io/v1: stale GroupVersion discovery: subresources.kubevirt.io/v1, subresources.kubevirt.io/v1alpha3: stale GroupVersion discovery: subresources.kubevirt.io/v1alpha3
2024-08-06T01:56:33.646247493Z E0806 01:56:33.646113       1 gvks.go:69] failed to sync schemas: unable to retrieve the complete list of server APIs: subresources.kubevirt.io/v1: stale GroupVersion discovery: subresources.kubevirt.io/v1, subresources.kubevirt.io/v1alpha3: stale GroupVersion discovery: subresources.kubevirt.io/v1alpha3
2024-08-06T01:56:33.843942823Z E0806 01:56:33.843802       1 gvks.go:69] failed to sync schemas: unable to retrieve the complete list of server APIs: subresources.kubevirt.io/v1: stale GroupVersion discovery: subresources.kubevirt.io/v1, subresources.kubevirt.io/v1alpha3: stale GroupVersion discovery: subresources.kubevirt.io/v1alpha3
2024-08-06T01:56:33.943577635Z E0806 01:56:33.943454       1 gvks.go:69] failed to sync schemas: unable to retrieve the complete list of server APIs: subresources.kubevirt.io/v1: stale GroupVersion discovery: subresources.kubevirt.io/v1, subresources.kubevirt.io/v1alpha3: stale GroupVersion discovery: subresources.kubevirt.io/v1alpha3
2024-08-06T01:56:34.139659040Z E0806 01:56:34.139511       1 gvks.go:69] failed to sync schemas: unable to retrieve the complete list of server APIs: subresources.kubevirt.io/v1: stale GroupVersion discovery: subresources.kubevirt.io/v1, subresources.kubevirt.io/v1alpha3: stale GroupVersion discovery: subresources.kubevirt.io/v1alpha3
2024-08-06T01:56:34.149889369Z E0806 01:56:34.149833       1 gvks.go:69] failed to sync schemas: unable to retrieve the complete list of server APIs: subresources.kubevirt.io/v1: stale GroupVersion discovery: subresources.kubevirt.io/v1, subresources.kubevirt.io/v1alpha3: stale GroupVersion discovery: subresources.kubevirt.io/v1alpha3
2024-08-06T01:56:34.437039716Z E0806 01:56:34.436873       1 gvks.go:69] failed to sync schemas: unable to retrieve the complete list of server APIs: subresources.kubevirt.io/v1: stale GroupVersion discovery: subresources.kubevirt.io/v1, subresources.kubevirt.io/v1alpha3: stale GroupVersion discovery: subresources.kubevirt.io/v1alpha3
2024-08-06T01:56:34.537335148Z E0806 01:56:34.537187       1 gvks.go:69] failed to sync schemas: unable to retrieve the complete list of server APIs: subresources.kubevirt.io/v1: stale GroupVersion discovery: subresources.kubevirt.io/v1, subresources.kubevirt.io/v1alpha3: stale GroupVersion discovery: subresources.kubevirt.io/v1alpha3
2024-08-06T01:56:34.645904721Z E0806 01:56:34.645784       1 gvks.go:69] failed to sync schemas: unable to retrieve the complete list of server APIs: subresources.kubevirt.io/v1: stale GroupVersion discovery: subresources.kubevirt.io/v1, subresources.kubevirt.io/v1alpha3: stale GroupVersion discovery: subresources.kubevirt.io/v1alpha3
2024-08-06T01:56:34.742065897Z E0806 01:56:34.741928       1 gvks.go:69] failed to sync schemas: unable to retrieve the complete list of server APIs: subresources.kubevirt.io/v1: stale GroupVersion discovery: subresources.kubevirt.io/v1, subresources.kubevirt.io/v1alpha3: stale GroupVersion discovery: subresources.kubevirt.io/v1alpha3
2024-08-06T01:56:34.849872207Z E0806 01:56:34.849776       1 gvks.go:69] failed to sync schemas: unable to retrieve the complete list of server APIs: subresources.kubevirt.io/v1: stale GroupVersion discovery: subresources.kubevirt.io/v1, subresources.kubevirt.io/v1alpha3: stale GroupVersion discovery: subresources.kubevirt.io/v1alpha3
2024-08-06T01:56:35.041895699Z E0806 01:56:35.041779       1 gvks.go:69] failed to sync schemas: unable to retrieve the complete list of server APIs: subresources.kubevirt.io/v1: stale GroupVersion discovery: subresources.kubevirt.io/v1, subresources.kubevirt.io/v1alpha3: stale GroupVersion discovery: subresources.kubevirt.io/v1alpha3
2024-08-06T01:56:36.037325185Z E0806 01:56:36.037163       1 gvks.go:69] failed to sync schemas: unable to retrieve the complete list of server APIs: subresources.kubevirt.io/v1: stale GroupVersion discovery: subresources.kubevirt.io/v1, subresources.kubevirt.io/v1alpha3: stale GroupVersion discovery: subresources.kubevirt.io/v1alpha3
2024-08-06T01:56:36.339484486Z E0806 01:56:36.339367       1 gvks.go:69] failed to sync schemas: unable to retrieve the complete list of server APIs: subresources.kubevirt.io/v1: stale GroupVersion discovery: subresources.kubevirt.io/v1, subresources.kubevirt.io/v1alpha3: stale GroupVersion discovery: subresources.kubevirt.io/v1alpha3
2024-08-06T01:56:36.442061831Z E0806 01:56:36.441942       1 gvks.go:69] failed to sync schemas: unable to retrieve the complete list of server APIs: subresources.kubevirt.io/v1: stale GroupVersion discovery: subresources.kubevirt.io/v1, subresources.kubevirt.io/v1alpha3: stale GroupVersion discovery: subresources.kubevirt.io/v1alpha3
2024-08-06T01:56:36.637662792Z E0806 01:56:36.637557       1 gvks.go:69] failed to sync schemas: unable to retrieve the complete list of server APIs: subresources.kubevirt.io/v1: stale GroupVersion discovery: subresources.kubevirt.io/v1, subresources.kubevirt.io/v1alpha3: stale GroupVersion discovery: subresources.kubevirt.io/v1alpha3
2024-08-06T01:56:36.737846652Z E0806 01:56:36.737689       1 gvks.go:69] failed to sync schemas: unable to retrieve the complete list of server APIs: subresources.kubevirt.io/v1: stale GroupVersion discovery: subresources.kubevirt.io/v1, subresources.kubevirt.io/v1alpha3: stale GroupVersion discovery: subresources.kubevirt.io/v1alpha3
2024-08-06T01:56:36.939834626Z E0806 01:56:36.939705       1 gvks.go:69] failed to sync schemas: unable to retrieve the complete list of server APIs: subresources.kubevirt.io/v1: stale GroupVersion discovery: subresources.kubevirt.io/v1, subresources.kubevirt.io/v1alpha3: stale GroupVersion discovery: subresources.kubevirt.io/v1alpha3
2024-08-06T01:56:37.138174791Z E0806 01:56:37.138020       1 gvks.go:69] failed to sync schemas: unable to retrieve the complete list of server APIs: subresources.kubevirt.io/v1: stale GroupVersion discovery: subresources.kubevirt.io/v1, subresources.kubevirt.io/v1alpha3: stale GroupVersion discovery: subresources.kubevirt.io/v1alpha3
2024-08-06T01:56:37.248653200Z E0806 01:56:37.248591       1 gvks.go:69] failed to sync schemas: unable to retrieve the complete list of server APIs: subresources.kubevirt.io/v1: stale GroupVersion discovery: subresources.kubevirt.io/v1, subresources.kubevirt.io/v1alpha3: stale GroupVersion discovery: subresources.kubevirt.io/v1alpha3
2024-08-06T01:56:37.438575599Z E0806 01:56:37.438471       1 gvks.go:69] failed to sync schemas: unable to retrieve the complete list of server APIs: subresources.kubevirt.io/v1: stale GroupVersion discovery: subresources.kubevirt.io/v1, subresources.kubevirt.io/v1alpha3: stale GroupVersion discovery: subresources.kubevirt.io/v1alpha3
2024-08-06T01:56:37.544579661Z E0806 01:56:37.544474       1 gvks.go:69] failed to sync schemas: unable to retrieve the complete list of server APIs: subresources.kubevirt.io/v1: stale GroupVersion discovery: subresources.kubevirt.io/v1, subresources.kubevirt.io/v1alpha3: stale GroupVersion discovery: subresources.kubevirt.io/v1alpha3
2024-08-06T01:56:37.647792907Z E0806 01:56:37.647716       1 gvks.go:69] failed to sync schemas: unable to retrieve the complete list of server APIs: subresources.kubevirt.io/v1: stale GroupVersion discovery: subresources.kubevirt.io/v1, subresources.kubevirt.io/v1alpha3: stale GroupVersion discovery: subresources.kubevirt.io/v1alpha3
2024-08-06T01:56:37.839380323Z E0806 01:56:37.839118       1 gvks.go:69] failed to sync schemas: unable to retrieve the complete list of server APIs: subresources.kubevirt.io/v1: stale GroupVersion discovery: subresources.kubevirt.io/v1, subresources.kubevirt.io/v1alpha3: stale GroupVersion discovery: subresources.kubevirt.io/v1alpha3
2024-08-06T01:56:37.941379155Z E0806 01:56:37.941234       1 gvks.go:69] failed to sync schemas: unable to retrieve the complete list of server APIs: subresources.kubevirt.io/v1: stale GroupVersion discovery: subresources.kubevirt.io/v1, subresources.kubevirt.io/v1alpha3: stale GroupVersion discovery: subresources.kubevirt.io/v1alpha3
2024-08-06T01:56:38.044552613Z E0806 01:56:38.044425       1 gvks.go:69] failed to sync schemas: unable to retrieve the complete list of server APIs: subresources.kubevirt.io/v1: stale GroupVersion discovery: subresources.kubevirt.io/v1, subresources.kubevirt.io/v1alpha3: stale GroupVersion discovery: subresources.kubevirt.io/v1alpha3
2024-08-06T01:56:38.147206863Z E0806 01:56:38.147080       1 gvks.go:69] failed to sync schemas: unable to retrieve the complete list of server APIs: subresources.kubevirt.io/v1: stale GroupVersion discovery: subresources.kubevirt.io/v1, subresources.kubevirt.io/v1alpha3: stale GroupVersion discovery: subresources.kubevirt.io/v1alpha3
2024-08-06T01:56:38.340403452Z E0806 01:56:38.340289       1 gvks.go:69] failed to sync schemas: unable to retrieve the complete list of server APIs: subresources.kubevirt.io/v1: stale GroupVersion discovery: subresources.kubevirt.io/v1, subresources.kubevirt.io/v1alpha3: stale GroupVersion discovery: subresources.kubevirt.io/v1alpha3
2024-08-06T01:56:38.445829912Z E0806 01:56:38.445568       1 gvks.go:69] failed to sync schemas: unable to retrieve the complete list of server APIs: subresources.kubevirt.io/v1: stale GroupVersion discovery: subresources.kubevirt.io/v1, subresources.kubevirt.io/v1alpha3: stale GroupVersion discovery: subresources.kubevirt.io/v1alpha3
2024-08-06T01:57:00.246715427Z E0806 01:57:00.246602       1 gvks.go:69] failed to sync schemas: unable to retrieve the complete list of server APIs: custom.metrics.k8s.io/v1beta1: stale GroupVersion discovery: custom.metrics.k8s.io/v1beta1
2024-08-06T01:57:00.344992277Z E0806 01:57:00.344889       1 gvks.go:69] failed to sync schemas: unable to retrieve the complete list of server APIs: custom.metrics.k8s.io/v1beta1: stale GroupVersion discovery: custom.metrics.k8s.io/v1beta1
2024-08-06T01:57:06.843145942Z E0806 01:57:06.840825       1 gvks.go:69] failed to sync schemas: unable to retrieve the complete list of server APIs: custom.metrics.k8s.io/v1beta1: stale GroupVersion discovery: custom.metrics.k8s.io/v1beta1
2024-08-06T01:57:07.039783882Z E0806 01:57:07.039699       1 gvks.go:69] failed to sync schemas: unable to retrieve the complete list of server APIs: custom.metrics.k8s.io/v1beta1: stale GroupVersion discovery: custom.metrics.k8s.io/v1beta1
2024-08-06T01:57:07.236637610Z E0806 01:57:07.236558       1 gvks.go:69] failed to sync schemas: unable to retrieve the complete list of server APIs: custom.metrics.k8s.io/v1beta1: stale GroupVersion discovery: custom.metrics.k8s.io/v1beta1
2024-08-06T01:57:07.535509015Z E0806 01:57:07.447090       1 gvks.go:69] failed to sync schemas: unable to retrieve the complete list of server APIs: custom.metrics.k8s.io/v1beta1: stale GroupVersion discovery: custom.metrics.k8s.io/v1beta1
2024-08-06T11:56:29.238356237Z time="2024-08-06T11:56:29Z" level=info msg="Sleeping for 15 seconds then applying webhook config"
2024-08-06T11:56:29.241087918Z time="2024-08-06T11:56:29Z" level=info msg="Updating TLS secret for harvester-system/harvester-load-balancer-webhook-tls (count: 1): map[listener.cattle.io/cn-harvester-load-balancer-webhook.ha-02fc99:harvester-load-balancer-webhook.harvester-system.svc listener.cattle.io/fingerprint:SHA1=7011785F348DCD8C3741E21B2E5C12B227E66E83]"
