2024-08-06T01:53:09.997391969Z time="2024-08-06T01:53:09Z" level=info msg="Rancher-webhook version v0.4.3 (2cba4f9) is starting"
2024-08-06T01:53:10.005265936Z time="2024-08-06T01:53:10Z" level=info msg="could not read client CA file at /tmp/k8s-webhook-server/client-ca/ca.crt, incoming requests will not be authenticated"
2024-08-06T01:53:10.009182760Z time="2024-08-06T01:53:10Z" level=info msg="generated self-signed CA certificate CN=dynamiclistener-ca@1722909190,O=dynamiclistener-org: notBefore=2024-08-06 01:53:10.008588612 +0000 UTC notAfter=2034-08-04 01:53:10.008588612 +0000 UTC"
2024-08-06T01:53:10.013997588Z time="2024-08-06T01:53:10Z" level=info msg="Listening on :9443"
2024-08-06T01:53:10.015706912Z time="2024-08-06T01:53:10Z" level=info msg="certificate CN=dynamic,O=dynamic signed by CN=dynamiclistener-ca@1722909190,O=dynamiclistener-org: notBefore=2024-08-06 01:53:10 +0000 UTC notAfter=2034-08-04 01:53:10 +0000 UTC"
2024-08-06T01:53:10.015820387Z time="2024-08-06T01:53:10Z" level=warning msg="dynamiclistener [::]:9443: no cached certificate available for preload - deferring certificate load until storage initialization or first client request"
2024-08-06T01:53:10.017679816Z time="2024-08-06T01:53:10Z" level=info msg="Creating new TLS secret for cattle-system/cattle-webhook-tls (count: 1): map[listener.cattle.io/cn-rancher-webhook.cattle-system.svc:rancher-webhook.cattle-system.svc listener.cattle.io/fingerprint:SHA1=4A7CC41D4A5A06F14AB696FE3791D5EFDBBB35B2]"
2024-08-06T01:53:10.021262846Z time="2024-08-06T01:53:10Z" level=info msg="Active TLS secret cattle-system/cattle-webhook-tls (ver=2002) (count 1): map[listener.cattle.io/cn-rancher-webhook.cattle-system.svc:rancher-webhook.cattle-system.svc listener.cattle.io/fingerprint:SHA1=4A7CC41D4A5A06F14AB696FE3791D5EFDBBB35B2]"
2024-08-06T01:53:10.124671823Z time="2024-08-06T01:53:10Z" level=info msg="Starting rbac.authorization.k8s.io/v1, Kind=RoleBinding controller"
2024-08-06T01:53:10.124827548Z time="2024-08-06T01:53:10Z" level=info msg="Starting apiregistration.k8s.io/v1, Kind=APIService controller"
2024-08-06T01:53:10.124897120Z time="2024-08-06T01:53:10Z" level=info msg="Starting management.cattle.io/v3, Kind=PodSecurityAdmissionConfigurationTemplate controller"
2024-08-06T01:53:10.125097821Z time="2024-08-06T01:53:10Z" level=info msg="Starting rbac.authorization.k8s.io/v1, Kind=Role controller"
2024-08-06T01:53:10.125198072Z time="2024-08-06T01:53:10Z" level=info msg="Starting apiextensions.k8s.io/v1, Kind=CustomResourceDefinition controller"
2024-08-06T01:53:10.125272152Z time="2024-08-06T01:53:10Z" level=info msg="Starting rbac.authorization.k8s.io/v1, Kind=ClusterRoleBinding controller"
2024-08-06T01:53:10.125398262Z time="2024-08-06T01:53:10Z" level=info msg="Starting /v1, Kind=Secret controller"
2024-08-06T01:53:10.125514512Z time="2024-08-06T01:53:10Z" level=info msg="Starting rbac.authorization.k8s.io/v1, Kind=ClusterRole controller"
2024-08-06T01:53:10.125612588Z time="2024-08-06T01:53:10Z" level=info msg="Sleeping for 15 seconds then applying webhook config"
2024-08-06T01:53:10.128142019Z time="2024-08-06T01:53:10Z" level=info msg="Updating TLS secret for cattle-system/cattle-webhook-tls (count: 1): map[listener.cattle.io/cn-rancher-webhook.cattle-system.svc:rancher-webhook.cattle-system.svc listener.cattle.io/fingerprint:SHA1=4A7CC41D4A5A06F14AB696FE3791D5EFDBBB35B2]"
2024-08-06T01:55:10.377044278Z E0806 01:55:01.334988       1 gvks.go:69] failed to sync schemas: unable to retrieve the complete list of server APIs: metrics.k8s.io/v1beta1: stale GroupVersion discovery: metrics.k8s.io/v1beta1
2024-08-06T01:55:10.377095747Z E0806 01:55:01.336243       1 gvks.go:69] failed to sync schemas: unable to retrieve the complete list of server APIs: metrics.k8s.io/v1beta1: stale GroupVersion discovery: metrics.k8s.io/v1beta1
2024-08-06T01:56:15.633635101Z E0806 01:56:15.633536       1 gvks.go:69] failed to sync schemas: unable to retrieve the complete list of server APIs: subresources.kubevirt.io/v1: stale GroupVersion discovery: subresources.kubevirt.io/v1, subresources.kubevirt.io/v1alpha3: stale GroupVersion discovery: subresources.kubevirt.io/v1alpha3
2024-08-06T01:56:15.633888831Z E0806 01:56:15.633836       1 gvks.go:69] failed to sync schemas: unable to retrieve the complete list of server APIs: subresources.kubevirt.io/v1: stale GroupVersion discovery: subresources.kubevirt.io/v1, subresources.kubevirt.io/v1alpha3: stale GroupVersion discovery: subresources.kubevirt.io/v1alpha3
2024-08-06T01:56:15.651396307Z E0806 01:56:15.651269       1 gvks.go:69] failed to sync schemas: unable to retrieve the complete list of server APIs: subresources.kubevirt.io/v1: stale GroupVersion discovery: subresources.kubevirt.io/v1, subresources.kubevirt.io/v1alpha3: stale GroupVersion discovery: subresources.kubevirt.io/v1alpha3
2024-08-06T01:56:15.660846704Z E0806 01:56:15.660772       1 gvks.go:69] failed to sync schemas: unable to retrieve the complete list of server APIs: subresources.kubevirt.io/v1: stale GroupVersion discovery: subresources.kubevirt.io/v1, subresources.kubevirt.io/v1alpha3: stale GroupVersion discovery: subresources.kubevirt.io/v1alpha3
2024-08-06T01:56:15.668029579Z E0806 01:56:15.667983       1 gvks.go:69] failed to sync schemas: unable to retrieve the complete list of server APIs: subresources.kubevirt.io/v1: stale GroupVersion discovery: subresources.kubevirt.io/v1, subresources.kubevirt.io/v1alpha3: stale GroupVersion discovery: subresources.kubevirt.io/v1alpha3
2024-08-06T01:56:15.671906667Z E0806 01:56:15.671865       1 gvks.go:69] failed to sync schemas: unable to retrieve the complete list of server APIs: subresources.kubevirt.io/v1: stale GroupVersion discovery: subresources.kubevirt.io/v1, subresources.kubevirt.io/v1alpha3: stale GroupVersion discovery: subresources.kubevirt.io/v1alpha3
2024-08-06T01:56:15.680587256Z E0806 01:56:15.680516       1 gvks.go:69] failed to sync schemas: unable to retrieve the complete list of server APIs: subresources.kubevirt.io/v1: stale GroupVersion discovery: subresources.kubevirt.io/v1, subresources.kubevirt.io/v1alpha3: stale GroupVersion discovery: subresources.kubevirt.io/v1alpha3
2024-08-06T01:57:00.255290332Z E0806 01:57:00.243407       1 gvks.go:69] failed to sync schemas: unable to retrieve the complete list of server APIs: custom.metrics.k8s.io/v1beta1: stale GroupVersion discovery: custom.metrics.k8s.io/v1beta1
2024-08-06T01:57:00.255332651Z E0806 01:57:00.252514       1 gvks.go:69] failed to sync schemas: unable to retrieve the complete list of server APIs: custom.metrics.k8s.io/v1beta1: stale GroupVersion discovery: custom.metrics.k8s.io/v1beta1
2024-08-06T01:57:00.284282874Z E0806 01:57:00.284179       1 gvks.go:69] failed to sync schemas: unable to retrieve the complete list of server APIs: custom.metrics.k8s.io/v1beta1: stale GroupVersion discovery: custom.metrics.k8s.io/v1beta1
2024-08-06T01:57:00.288432636Z E0806 01:57:00.288344       1 gvks.go:69] failed to sync schemas: unable to retrieve the complete list of server APIs: custom.metrics.k8s.io/v1beta1: stale GroupVersion discovery: custom.metrics.k8s.io/v1beta1
2024-08-06T01:57:06.353555060Z E0806 01:57:06.351052       1 gvks.go:69] failed to sync schemas: unable to retrieve the complete list of server APIs: custom.metrics.k8s.io/v1beta1: stale GroupVersion discovery: custom.metrics.k8s.io/v1beta1
2024-08-06T01:57:06.353572179Z E0806 01:57:06.351093       1 gvks.go:69] failed to sync schemas: unable to retrieve the complete list of server APIs: custom.metrics.k8s.io/v1beta1: stale GroupVersion discovery: custom.metrics.k8s.io/v1beta1
2024-08-06T01:57:06.373677237Z E0806 01:57:06.373548       1 gvks.go:69] failed to sync schemas: unable to retrieve the complete list of server APIs: custom.metrics.k8s.io/v1beta1: stale GroupVersion discovery: custom.metrics.k8s.io/v1beta1
2024-08-06T01:57:06.375267041Z E0806 01:57:06.375168       1 gvks.go:69] failed to sync schemas: unable to retrieve the complete list of server APIs: custom.metrics.k8s.io/v1beta1: stale GroupVersion discovery: custom.metrics.k8s.io/v1beta1
2024-08-06T01:57:06.397358714Z E0806 01:57:06.395876       1 gvks.go:69] failed to sync schemas: unable to retrieve the complete list of server APIs: custom.metrics.k8s.io/v1beta1: stale GroupVersion discovery: custom.metrics.k8s.io/v1beta1
2024-08-06T01:57:06.397371215Z E0806 01:57:06.397223       1 gvks.go:69] failed to sync schemas: unable to retrieve the complete list of server APIs: custom.metrics.k8s.io/v1beta1: stale GroupVersion discovery: custom.metrics.k8s.io/v1beta1
2024-08-06T01:57:06.409177521Z E0806 01:57:06.409058       1 gvks.go:69] failed to sync schemas: unable to retrieve the complete list of server APIs: custom.metrics.k8s.io/v1beta1: stale GroupVersion discovery: custom.metrics.k8s.io/v1beta1
2024-08-06T01:57:06.417245662Z E0806 01:57:06.416885       1 gvks.go:69] failed to sync schemas: unable to retrieve the complete list of server APIs: custom.metrics.k8s.io/v1beta1: stale GroupVersion discovery: custom.metrics.k8s.io/v1beta1
2024-08-06T01:57:06.536175697Z E0806 01:57:06.535922       1 gvks.go:69] failed to sync schemas: unable to retrieve the complete list of server APIs: custom.metrics.k8s.io/v1beta1: stale GroupVersion discovery: custom.metrics.k8s.io/v1beta1
2024-08-06T01:57:06.538681794Z E0806 01:57:06.538508       1 gvks.go:69] failed to sync schemas: unable to retrieve the complete list of server APIs: custom.metrics.k8s.io/v1beta1: stale GroupVersion discovery: custom.metrics.k8s.io/v1beta1
2024-08-06T01:57:06.568573013Z E0806 01:57:06.568487       1 gvks.go:69] failed to sync schemas: unable to retrieve the complete list of server APIs: custom.metrics.k8s.io/v1beta1: stale GroupVersion discovery: custom.metrics.k8s.io/v1beta1
2024-08-06T01:57:06.577796933Z E0806 01:57:06.577734       1 gvks.go:69] failed to sync schemas: unable to retrieve the complete list of server APIs: custom.metrics.k8s.io/v1beta1: stale GroupVersion discovery: custom.metrics.k8s.io/v1beta1
2024-08-06T01:57:06.587148229Z E0806 01:57:06.587079       1 gvks.go:69] failed to sync schemas: unable to retrieve the complete list of server APIs: custom.metrics.k8s.io/v1beta1: stale GroupVersion discovery: custom.metrics.k8s.io/v1beta1
2024-08-06T01:57:06.591790886Z E0806 01:57:06.591754       1 gvks.go:69] failed to sync schemas: unable to retrieve the complete list of server APIs: custom.metrics.k8s.io/v1beta1: stale GroupVersion discovery: custom.metrics.k8s.io/v1beta1
2024-08-06T01:57:06.690704293Z E0806 01:57:06.690572       1 gvks.go:69] failed to sync schemas: unable to retrieve the complete list of server APIs: custom.metrics.k8s.io/v1beta1: stale GroupVersion discovery: custom.metrics.k8s.io/v1beta1
2024-08-06T01:57:06.691888279Z E0806 01:57:06.691812       1 gvks.go:69] failed to sync schemas: unable to retrieve the complete list of server APIs: custom.metrics.k8s.io/v1beta1: stale GroupVersion discovery: custom.metrics.k8s.io/v1beta1
2024-08-06T01:57:06.709400473Z E0806 01:57:06.709336       1 gvks.go:69] failed to sync schemas: unable to retrieve the complete list of server APIs: custom.metrics.k8s.io/v1beta1: stale GroupVersion discovery: custom.metrics.k8s.io/v1beta1
2024-08-06T01:57:06.711872502Z E0806 01:57:06.711788       1 gvks.go:69] failed to sync schemas: unable to retrieve the complete list of server APIs: custom.metrics.k8s.io/v1beta1: stale GroupVersion discovery: custom.metrics.k8s.io/v1beta1
2024-08-06T01:57:06.730604303Z E0806 01:57:06.730532       1 gvks.go:69] failed to sync schemas: unable to retrieve the complete list of server APIs: custom.metrics.k8s.io/v1beta1: stale GroupVersion discovery: custom.metrics.k8s.io/v1beta1
2024-08-06T01:57:06.742455905Z E0806 01:57:06.742376       1 gvks.go:69] failed to sync schemas: unable to retrieve the complete list of server APIs: custom.metrics.k8s.io/v1beta1: stale GroupVersion discovery: custom.metrics.k8s.io/v1beta1
2024-08-06T01:57:06.927191086Z E0806 01:57:06.925040       1 gvks.go:69] failed to sync schemas: unable to retrieve the complete list of server APIs: custom.metrics.k8s.io/v1beta1: stale GroupVersion discovery: custom.metrics.k8s.io/v1beta1
2024-08-06T01:57:06.927204438Z E0806 01:57:06.926908       1 gvks.go:69] failed to sync schemas: unable to retrieve the complete list of server APIs: custom.metrics.k8s.io/v1beta1: stale GroupVersion discovery: custom.metrics.k8s.io/v1beta1
2024-08-06T01:57:06.959843995Z E0806 01:57:06.959772       1 gvks.go:69] failed to sync schemas: unable to retrieve the complete list of server APIs: custom.metrics.k8s.io/v1beta1: stale GroupVersion discovery: custom.metrics.k8s.io/v1beta1
2024-08-06T01:57:06.962606476Z E0806 01:57:06.961566       1 gvks.go:69] failed to sync schemas: unable to retrieve the complete list of server APIs: custom.metrics.k8s.io/v1beta1: stale GroupVersion discovery: custom.metrics.k8s.io/v1beta1
2024-08-06T01:57:06.976019184Z E0806 01:57:06.975932       1 gvks.go:69] failed to sync schemas: unable to retrieve the complete list of server APIs: custom.metrics.k8s.io/v1beta1: stale GroupVersion discovery: custom.metrics.k8s.io/v1beta1
2024-08-06T01:57:06.978816113Z E0806 01:57:06.978512       1 gvks.go:69] failed to sync schemas: unable to retrieve the complete list of server APIs: custom.metrics.k8s.io/v1beta1: stale GroupVersion discovery: custom.metrics.k8s.io/v1beta1
2024-08-06T01:57:07.208874023Z E0806 01:57:07.208786       1 gvks.go:69] failed to sync schemas: unable to retrieve the complete list of server APIs: custom.metrics.k8s.io/v1beta1: stale GroupVersion discovery: custom.metrics.k8s.io/v1beta1
2024-08-06T01:57:07.216926470Z E0806 01:57:07.216853       1 gvks.go:69] failed to sync schemas: unable to retrieve the complete list of server APIs: custom.metrics.k8s.io/v1beta1: stale GroupVersion discovery: custom.metrics.k8s.io/v1beta1
2024-08-06T01:57:07.229976482Z E0806 01:57:07.229921       1 gvks.go:69] failed to sync schemas: unable to retrieve the complete list of server APIs: custom.metrics.k8s.io/v1beta1: stale GroupVersion discovery: custom.metrics.k8s.io/v1beta1
2024-08-06T01:57:07.236207558Z E0806 01:57:07.236029       1 gvks.go:69] failed to sync schemas: unable to retrieve the complete list of server APIs: custom.metrics.k8s.io/v1beta1: stale GroupVersion discovery: custom.metrics.k8s.io/v1beta1
2024-08-06T01:57:07.247082709Z E0806 01:57:07.247020       1 gvks.go:69] failed to sync schemas: unable to retrieve the complete list of server APIs: custom.metrics.k8s.io/v1beta1: stale GroupVersion discovery: custom.metrics.k8s.io/v1beta1
2024-08-06T01:57:07.252353180Z E0806 01:57:07.252310       1 gvks.go:69] failed to sync schemas: unable to retrieve the complete list of server APIs: custom.metrics.k8s.io/v1beta1: stale GroupVersion discovery: custom.metrics.k8s.io/v1beta1
2024-08-06T01:57:07.450075277Z E0806 01:57:07.449978       1 gvks.go:69] failed to sync schemas: unable to retrieve the complete list of server APIs: custom.metrics.k8s.io/v1beta1: stale GroupVersion discovery: custom.metrics.k8s.io/v1beta1
2024-08-06T01:57:07.453198863Z E0806 01:57:07.453142       1 gvks.go:69] failed to sync schemas: unable to retrieve the complete list of server APIs: custom.metrics.k8s.io/v1beta1: stale GroupVersion discovery: custom.metrics.k8s.io/v1beta1
2024-08-06T01:57:07.474963449Z E0806 01:57:07.474878       1 gvks.go:69] failed to sync schemas: unable to retrieve the complete list of server APIs: custom.metrics.k8s.io/v1beta1: stale GroupVersion discovery: custom.metrics.k8s.io/v1beta1
2024-08-06T01:57:07.497620775Z E0806 01:57:07.497544       1 gvks.go:69] failed to sync schemas: unable to retrieve the complete list of server APIs: custom.metrics.k8s.io/v1beta1: stale GroupVersion discovery: custom.metrics.k8s.io/v1beta1
2024-08-06T11:53:10.056949036Z time="2024-08-06T11:53:10Z" level=info msg="Sleeping for 15 seconds then applying webhook config"
2024-08-06T11:53:10.058991862Z time="2024-08-06T11:53:10Z" level=info msg="Updating TLS secret for cattle-system/cattle-webhook-tls (count: 1): map[listener.cattle.io/cn-rancher-webhook.cattle-system.svc:rancher-webhook.cattle-system.svc listener.cattle.io/fingerprint:SHA1=4A7CC41D4A5A06F14AB696FE3791D5EFDBBB35B2]"
