2024-08-06T01:55:42.150175910Z time="2024-08-06T01:55:42Z" level=info msg="generated self-signed CA certificate CN=dynamiclistener-ca@1722909342,O=dynamiclistener-org: notBefore=2024-08-06 01:55:42.149741756 +0000 UTC notAfter=2034-08-04 01:55:42.149741756 +0000 UTC"
2024-08-06T01:55:42.156024824Z time="2024-08-06T01:55:42Z" level=info msg="Listening on :8443"
2024-08-06T01:55:42.156446896Z time="2024-08-06T01:55:42Z" level=info msg="certificate CN=dynamic,O=dynamic signed by CN=dynamiclistener-ca@1722909342,O=dynamiclistener-org: notBefore=2024-08-06 01:55:42 +0000 UTC notAfter=2025-08-06 01:55:42 +0000 UTC"
2024-08-06T01:55:42.156492402Z time="2024-08-06T01:55:42Z" level=warning msg="dynamiclistener [::]:8443: no cached certificate available for preload - deferring certificate load until storage initialization or first client request"
2024-08-06T01:55:42.157847635Z time="2024-08-06T01:55:42Z" level=info msg="Creating new TLS secret for harvester-system/harvester-node-manager-webhook-tls (count: 1): map[listener.cattle.io/cn-harvester-node-manager-webhook.har-ef92b8:harvester-node-manager-webhook.harvester-system.svc listener.cattle.io/fingerprint:SHA1=857482C78FCA42C4599EC37531E3A6E47EB63924]"
2024-08-06T01:55:42.165323478Z time="2024-08-06T01:55:42Z" level=info msg="Active TLS secret harvester-system/harvester-node-manager-webhook-tls (ver=4896) (count 1): map[listener.cattle.io/cn-harvester-node-manager-webhook.har-ef92b8:harvester-node-manager-webhook.harvester-system.svc listener.cattle.io/fingerprint:SHA1=857482C78FCA42C4599EC37531E3A6E47EB63924]"
2024-08-06T01:55:42.775419421Z time="2024-08-06T01:55:42Z" level=info msg="Starting apiregistration.k8s.io/v1, Kind=APIService controller"
2024-08-06T01:55:42.776004282Z time="2024-08-06T01:55:42Z" level=info msg="Starting apiextensions.k8s.io/v1, Kind=CustomResourceDefinition controller"
2024-08-06T01:55:42.776014090Z time="2024-08-06T01:55:42Z" level=info msg="Starting /v1, Kind=Secret controller"
2024-08-06T01:55:42.776019871Z time="2024-08-06T01:55:42Z" level=info msg="Sleeping for 15 seconds then applying webhook config"
2024-08-06T01:55:42.779594227Z time="2024-08-06T01:55:42Z" level=info msg="Updating TLS secret for harvester-system/harvester-node-manager-webhook-tls (count: 1): map[listener.cattle.io/cn-harvester-node-manager-webhook.har-ef92b8:harvester-node-manager-webhook.harvester-system.svc listener.cattle.io/fingerprint:SHA1=857482C78FCA42C4599EC37531E3A6E47EB63924]"
2024-08-06T01:56:10.959129396Z E0806 01:56:10.959020       1 gvks.go:69] failed to sync schemas: unable to retrieve the complete list of server APIs: snapshot.kubevirt.io/v1alpha1: the server could not find the requested resource
2024-08-06T01:56:10.988127860Z E0806 01:56:10.987467       1 gvks.go:69] failed to sync schemas: unable to retrieve the complete list of server APIs: snapshot.kubevirt.io/v1alpha1: the server could not find the requested resource
2024-08-06T01:56:11.104180877Z E0806 01:56:11.104046       1 gvks.go:69] failed to sync schemas: unable to retrieve the complete list of server APIs: instancetype.kubevirt.io/v1alpha1: the server could not find the requested resource, instancetype.kubevirt.io/v1alpha2: the server could not find the requested resource, instancetype.kubevirt.io/v1beta1: the server could not find the requested resource
2024-08-06T01:56:11.152976879Z E0806 01:56:11.147195       1 gvks.go:69] failed to sync schemas: unable to retrieve the complete list of server APIs: instancetype.kubevirt.io/v1alpha1: the server could not find the requested resource, instancetype.kubevirt.io/v1alpha2: the server could not find the requested resource, instancetype.kubevirt.io/v1beta1: the server could not find the requested resource
2024-08-06T01:56:11.772579945Z E0806 01:56:11.772451       1 gvks.go:69] failed to sync schemas: unable to retrieve the complete list of server APIs: migrations.kubevirt.io/v1alpha1: the server could not find the requested resource, pool.kubevirt.io/v1alpha1: the server could not find the requested resource
2024-08-06T01:56:11.797441954Z E0806 01:56:11.797356       1 gvks.go:69] failed to sync schemas: unable to retrieve the complete list of server APIs: migrations.kubevirt.io/v1alpha1: the server could not find the requested resource, pool.kubevirt.io/v1alpha1: the server could not find the requested resource
2024-08-06T01:56:11.816052478Z E0806 01:56:11.815972       1 gvks.go:69] failed to sync schemas: unable to retrieve the complete list of server APIs: migrations.kubevirt.io/v1alpha1: the server could not find the requested resource, pool.kubevirt.io/v1alpha1: the server could not find the requested resource
2024-08-06T01:56:15.639949332Z E0806 01:56:15.639867       1 gvks.go:69] failed to sync schemas: unable to retrieve the complete list of server APIs: subresources.kubevirt.io/v1: the server is currently unable to handle the request, subresources.kubevirt.io/v1alpha3: the server is currently unable to handle the request
2024-08-06T01:56:15.664602242Z E0806 01:56:15.664525       1 gvks.go:69] failed to sync schemas: unable to retrieve the complete list of server APIs: subresources.kubevirt.io/v1: the server is currently unable to handle the request, subresources.kubevirt.io/v1alpha3: the server is currently unable to handle the request
2024-08-06T01:57:00.285835806Z E0806 01:57:00.285762       1 gvks.go:69] failed to sync schemas: unable to retrieve the complete list of server APIs: custom.metrics.k8s.io/v1beta1: the server is currently unable to handle the request
2024-08-06T01:57:00.308240195Z E0806 01:57:00.308174       1 gvks.go:69] failed to sync schemas: unable to retrieve the complete list of server APIs: custom.metrics.k8s.io/v1beta1: the server is currently unable to handle the request
2024-08-06T01:57:06.380952174Z E0806 01:57:06.380870       1 gvks.go:69] failed to sync schemas: unable to retrieve the complete list of server APIs: custom.metrics.k8s.io/v1beta1: the server is currently unable to handle the request
2024-08-06T01:57:06.415229796Z E0806 01:57:06.411334       1 gvks.go:69] failed to sync schemas: unable to retrieve the complete list of server APIs: custom.metrics.k8s.io/v1beta1: the server is currently unable to handle the request
2024-08-06T01:57:06.444652883Z E0806 01:57:06.443313       1 gvks.go:69] failed to sync schemas: unable to retrieve the complete list of server APIs: custom.metrics.k8s.io/v1beta1: the server is currently unable to handle the request
2024-08-06T01:57:06.468515788Z E0806 01:57:06.466649       1 gvks.go:69] failed to sync schemas: unable to retrieve the complete list of server APIs: custom.metrics.k8s.io/v1beta1: the server is currently unable to handle the request
2024-08-06T01:57:06.531158906Z E0806 01:57:06.527748       1 gvks.go:69] failed to sync schemas: unable to retrieve the complete list of server APIs: custom.metrics.k8s.io/v1beta1: the server is currently unable to handle the request
2024-08-06T01:57:06.563022428Z E0806 01:57:06.562941       1 gvks.go:69] failed to sync schemas: unable to retrieve the complete list of server APIs: custom.metrics.k8s.io/v1beta1: the server is currently unable to handle the request
2024-08-06T01:57:06.582286461Z E0806 01:57:06.582224       1 gvks.go:69] failed to sync schemas: unable to retrieve the complete list of server APIs: custom.metrics.k8s.io/v1beta1: the server is currently unable to handle the request
2024-08-06T01:57:06.695784431Z E0806 01:57:06.695695       1 gvks.go:69] failed to sync schemas: unable to retrieve the complete list of server APIs: custom.metrics.k8s.io/v1beta1: the server is currently unable to handle the request
2024-08-06T01:57:06.724053723Z E0806 01:57:06.723954       1 gvks.go:69] failed to sync schemas: unable to retrieve the complete list of server APIs: custom.metrics.k8s.io/v1beta1: the server is currently unable to handle the request
2024-08-06T01:57:06.753347000Z E0806 01:57:06.753280       1 gvks.go:69] failed to sync schemas: unable to retrieve the complete list of server APIs: custom.metrics.k8s.io/v1beta1: the server is currently unable to handle the request
2024-08-06T01:57:06.943435281Z E0806 01:57:06.938758       1 gvks.go:69] failed to sync schemas: unable to retrieve the complete list of server APIs: custom.metrics.k8s.io/v1beta1: the server is currently unable to handle the request
2024-08-06T01:57:06.966590186Z E0806 01:57:06.966478       1 gvks.go:69] failed to sync schemas: unable to retrieve the complete list of server APIs: custom.metrics.k8s.io/v1beta1: the server is currently unable to handle the request
2024-08-06T01:57:06.989437741Z E0806 01:57:06.989366       1 gvks.go:69] failed to sync schemas: unable to retrieve the complete list of server APIs: custom.metrics.k8s.io/v1beta1: the server is currently unable to handle the request
2024-08-06T01:57:07.220587080Z E0806 01:57:07.220520       1 gvks.go:69] failed to sync schemas: unable to retrieve the complete list of server APIs: custom.metrics.k8s.io/v1beta1: the server is currently unable to handle the request
2024-08-06T01:57:07.247652909Z E0806 01:57:07.247558       1 gvks.go:69] failed to sync schemas: unable to retrieve the complete list of server APIs: custom.metrics.k8s.io/v1beta1: the server is currently unable to handle the request
2024-08-06T01:57:07.268006193Z E0806 01:57:07.267923       1 gvks.go:69] failed to sync schemas: unable to retrieve the complete list of server APIs: custom.metrics.k8s.io/v1beta1: the server is currently unable to handle the request
2024-08-06T01:57:07.460220936Z E0806 01:57:07.460145       1 gvks.go:69] failed to sync schemas: unable to retrieve the complete list of server APIs: custom.metrics.k8s.io/v1beta1: the server is currently unable to handle the request
2024-08-06T01:57:07.483011879Z E0806 01:57:07.482942       1 gvks.go:69] failed to sync schemas: unable to retrieve the complete list of server APIs: custom.metrics.k8s.io/v1beta1: the server is currently unable to handle the request
2024-08-06T01:57:07.506261953Z E0806 01:57:07.506189       1 gvks.go:69] failed to sync schemas: unable to retrieve the complete list of server APIs: custom.metrics.k8s.io/v1beta1: the server is currently unable to handle the request
2024-08-06T11:55:42.371663522Z time="2024-08-06T11:55:42Z" level=info msg="Sleeping for 15 seconds then applying webhook config"
2024-08-06T11:55:42.374587208Z time="2024-08-06T11:55:42Z" level=info msg="Updating TLS secret for harvester-system/harvester-node-manager-webhook-tls (count: 1): map[listener.cattle.io/cn-harvester-node-manager-webhook.har-ef92b8:harvester-node-manager-webhook.harvester-system.svc listener.cattle.io/fingerprint:SHA1=857482C78FCA42C4599EC37531E3A6E47EB63924]"
