2024-08-06T02:11:40.684649804Z Fluent Bit v2.2.0
2024-08-06T02:11:40.684698005Z * Copyright (C) 2015-2023 The Fluent Bit Authors
2024-08-06T02:11:40.684706751Z * Fluent Bit is a CNCF sub-project under the umbrella of Fluentd
2024-08-06T02:11:40.684713734Z * https://fluentbit.io
2024-08-06T02:11:40.684720016Z 
2024-08-06T02:11:40.687443795Z [2024/08/06 02:11:40] [ info] [fluent bit] version=2.2.0, commit=db8487d123, pid=1
2024-08-06T02:11:40.687657225Z [2024/08/06 02:11:40] [ info] [storage] ver=1.5.1, type=memory+filesystem, sync=normal, checksum=off, max_chunks_up=128
2024-08-06T02:11:40.687681270Z [2024/08/06 02:11:40] [ info] [storage] backlog input plugin: storage_backlog.1
2024-08-06T02:11:40.687690277Z [2024/08/06 02:11:40] [ info] [cmetrics] version=0.6.4
2024-08-06T02:11:40.687707039Z [2024/08/06 02:11:40] [ info] [ctraces ] version=0.3.1
2024-08-06T02:11:40.687841411Z [2024/08/06 02:11:40] [ info] [input:tail:tail.0] initializing
2024-08-06T02:11:40.687853343Z [2024/08/06 02:11:40] [ info] [input:tail:tail.0] storage_strategy='memory' (memory only)
2024-08-06T02:11:40.704404930Z [2024/08/06 02:11:40] [ info] [input:storage_backlog:storage_backlog.1] initializing
2024-08-06T02:11:40.704429376Z [2024/08/06 02:11:40] [ info] [input:storage_backlog:storage_backlog.1] storage_strategy='memory' (memory only)
2024-08-06T02:11:40.704443292Z [2024/08/06 02:11:40] [ info] [input:storage_backlog:storage_backlog.1] queue memory limit: 95.4M
2024-08-06T02:11:40.704523272Z [2024/08/06 02:11:40] [ info] [filter:kubernetes:kubernetes.0] https=1 host=kubernetes.default.svc port=443
2024-08-06T02:11:40.707231943Z [2024/08/06 02:11:40] [ info] [filter:kubernetes:kubernetes.0]  token updated
2024-08-06T02:11:40.707249145Z [2024/08/06 02:11:40] [ info] [filter:kubernetes:kubernetes.0] local POD info OK
2024-08-06T02:11:40.710042034Z [2024/08/06 02:11:40] [ info] [filter:kubernetes:kubernetes.0] testing connectivity with API server...
2024-08-06T02:11:40.781665752Z [2024/08/06 02:11:40] [ info] [filter:kubernetes:kubernetes.0] connectivity OK
2024-08-06T02:11:40.812765657Z [2024/08/06 02:11:40] [ info] [sp] stream processor started
2024-08-06T02:11:40.812790364Z [2024/08/06 02:11:40] [ info] [output:forward:forward.0] worker #0 started
2024-08-06T02:11:40.812797327Z [2024/08/06 02:11:40] [ info] [output:forward:forward.0] worker #1 started
2024-08-06T02:11:40.812894790Z [2024/08/06 02:11:40] [ info] [input:tail:tail.0] inotify_fs_add(): inode=57542568 watch_fd=1 name=/var/log/containers/apply-sync-additional-ca-on-harvesterdev2-with-2c27af4f7e-p8m8b_cattle-system_upgrade-113c74daa0f5101fbbb2abb8c7acb055b7cf56c174f2bbefb2532f58b03e6b35.log
2024-08-06T02:11:40.812931278Z [2024/08/06 02:11:40] [ info] [input:tail:tail.0] inotify_fs_add(): inode=56888646 watch_fd=2 name=/var/log/containers/apply-system-agent-upgrader-on-harvesterdev2-with-6f6e842-lqfkn_cattle-system_upgrade-366a5a81f0785df041e8463298580a196f2b489231f9dd4aeb42f71143bd6a01.log
2024-08-06T02:11:40.812946988Z [2024/08/06 02:11:40] [ info] [input:tail:tail.0] inotify_fs_add(): inode=57671682 watch_fd=3 name=/var/log/containers/harvester-network-controller-dsgp4_harvester-system_harvester-network-cb3fecefe2e6b934aa22122828b740a2d92c428e13a15f08a42114d567a36852.log
2024-08-06T02:11:40.812989557Z [2024/08/06 02:11:40] [ info] [input:tail:tail.0] inotify_fs_add(): inode=57806344 watch_fd=4 name=/var/log/containers/harvester-network-controller-manager-b69bf6b69-lk2wh_harvester-system_harvester-network-manager-498bf96e2c459855f7cc016d7fb0083a73fa7e0fd26f50cfc9b04e69853a2860.log
2024-08-06T02:11:40.813044060Z [2024/08/06 02:11:40] [ info] [input:tail:tail.0] inotify_fs_add(): inode=57806346 watch_fd=5 name=/var/log/containers/harvester-node-disk-manager-4bcf5_harvester-system_harvester-node-disk-manager-276733ca2038c356c741d7c73d044fb6a41dfb570c1872a5577d0981a0925d09.log
2024-08-06T02:11:40.813100005Z [2024/08/06 02:11:40] [ info] [input:tail:tail.0] inotify_fs_add(): inode=57150543 watch_fd=6 name=/var/log/containers/harvester-whereabouts-5m97d_kube-system_whereabouts-78f2ce6251a0e7dc2e051f6165d857583b6c726f608c6e215124085e2368ec94.log
2024-08-06T02:11:40.813108340Z [2024/08/06 02:11:40] [ info] [input:tail:tail.0] inotify_fs_add(): inode=56625780 watch_fd=7 name=/var/log/containers/kube-proxy-harvesterdev2_kube-system_kube-proxy-505a5fd7a5d1cf74afc9f93d8ba6378852daca4f66ba6e7fc25b907b65ccd501.log
2024-08-06T02:11:40.813129610Z [2024/08/06 02:11:40] [ info] [input:tail:tail.0] inotify_fs_add(): inode=57542566 watch_fd=8 name=/var/log/containers/longhorn-loop-device-cleaner-qr4zr_longhorn-system_longhorn-loop-device-cleaner-db93889e223381c4171883e920653a1bbba8423fda092b2d0da0b850a11f23c7.log
2024-08-06T02:11:40.813166038Z [2024/08/06 02:11:40] [ info] [input:tail:tail.0] inotify_fs_add(): inode=57671772 watch_fd=9 name=/var/log/containers/rancher-logging-rke2-journald-aggregator-9lbzx_cattle-logging-system_fluentbit-b3aa737ca3577f4f05118963850ed36a11d01fce28292bcb613fc2b43058e895.log
2024-08-06T02:11:40.820638755Z [2024/08/06 02:11:40] [ info] [input:tail:tail.0] inotify_fs_add(): inode=56888649 watch_fd=10 name=/var/log/containers/rancher-monitoring-prometheus-node-exporter-4vd7k_cattle-monitoring-system_node-exporter-a2f5f8748f9d531a60c91096b5c011645b9f8c9079f3f0ae1681d995871fcf79.log
2024-08-06T02:11:40.820671928Z [2024/08/06 02:11:40] [ info] [input:tail:tail.0] inotify_fs_add(): inode=57017722 watch_fd=11 name=/var/log/containers/rke2-canal-gssgp_kube-system_calico-node-452831b1d99cdc2bc85994e50f087b32975d8a6c144a901d1e9887e6d9c9985f.log
2024-08-06T02:11:40.820700151Z [2024/08/06 02:11:40] [ info] [input:tail:tail.0] inotify_fs_add(): inode=57017720 watch_fd=12 name=/var/log/containers/rke2-canal-gssgp_kube-system_flexvol-driver-7cbec8d191c55ea43b48278dca96be5175b1931c3304f459b7d9a3bcb855ed03.log
2024-08-06T02:11:40.820715519Z [2024/08/06 02:11:40] [ info] [input:tail:tail.0] inotify_fs_add(): inode=56888675 watch_fd=13 name=/var/log/containers/rke2-canal-gssgp_kube-system_install-cni-61a8f087e060945d5770e007de6947ef33777df029a9f55abd9d62c56e923691.log
2024-08-06T02:11:40.820748541Z [2024/08/06 02:11:40] [ info] [input:tail:tail.0] inotify_fs_add(): inode=57017724 watch_fd=14 name=/var/log/containers/rke2-canal-gssgp_kube-system_kube-flannel-b5d3920015f6ed89b1105025649da6fac7eebf30fe3aafa208885b90875c1d12.log
2024-08-06T02:11:40.820779169Z [2024/08/06 02:11:40] [ info] [input:tail:tail.0] inotify_fs_add(): inode=58327104 watch_fd=15 name=/var/log/containers/rke2-coredns-rke2-coredns-864fbd7785-bwfcp_kube-system_coredns-c2396bf4cfc4a27dbec5e26cf3cb55d0653f5beeb2abbe26f26b7d5cf00d83d5.log
2024-08-06T02:11:40.820824824Z [2024/08/06 02:11:40] [ info] [input:tail:tail.0] inotify_fs_add(): inode=56888653 watch_fd=16 name=/var/log/containers/rke2-multus-w5rcx_kube-system_cni-plugins-f66cdac08b1328405eabf98f7585edfeb345325bf5ab4576dd43051cab0f9c42.log
2024-08-06T02:11:40.820855802Z [2024/08/06 02:11:40] [ info] [input:tail:tail.0] inotify_fs_add(): inode=56888682 watch_fd=17 name=/var/log/containers/rke2-multus-w5rcx_kube-system_kube-rke2-multus-861d1d25db85e8a0b6393bfb52a45a361945616cb53e3c77997996e48c64cb62.log
2024-08-06T02:11:40.820893173Z [2024/08/06 02:11:40] [ info] [input:tail:tail.0] inotify_fs_add(): inode=58327105 watch_fd=18 name=/var/log/containers/virt-api-788c88fb89-bnbdk_harvester-system_virt-api-6477ff12fbf38e1bd723316a8577757ca12b0eac73b3b43539172cc2b66f4f81.log
2024-08-06T02:11:40.821260011Z [2024/08/06 02:11:40] [ info] [input:tail:tail.0] inotify_fs_add(): inode=57671770 watch_fd=19 name=/var/log/containers/rancher-logging-root-fluentbit-wcjnz_cattle-logging-system_fluent-bit-be353c9686b3a65ae06fc70ba4e0fae4abbdc17b18a0078189f9ddeef63e8583.log
2024-08-06T02:11:45.500332678Z [2024/08/06 02:11:45] [ info] [input:tail:tail.0] inotify_fs_add(): inode=58327197 watch_fd=20 name=/var/log/containers/engine-image-ei-b0369a5d-cmjx6_longhorn-system_engine-image-ei-b0369a5d-fe66a6eb1bbe253c72bc7bdc04231568885e76c8a369282f98ce443e2a3c065c.log
2024-08-06T02:11:45.500381892Z [2024/08/06 02:11:45] [ info] [input:tail:tail.0] inotify_fs_add(): inode=57542839 watch_fd=21 name=/var/log/containers/harvester-96fcbb748-fr78b_harvester-system_apiserver-70b11c50cf5eff1edbf1da45e17340b9056d159bbeb019721e5c31daed1d10b3.log
2024-08-06T02:11:45.500411900Z [2024/08/06 02:11:45] [ info] [input:tail:tail.0] inotify_fs_add(): inode=57671799 watch_fd=22 name=/var/log/containers/harvester-node-manager-6x48k_harvester-system_node-manager-63ba9d9d38eea4f4a802a50668ae6915cb30d78e9100abc89dbb0724254c3d3b.log
2024-08-06T02:11:45.500416629Z [2024/08/06 02:11:45] [ info] [input:tail:tail.0] inotify_fs_add(): inode=57542844 watch_fd=23 name=/var/log/containers/harvester-webhook-bf9659678-mlchh_harvester-system_harvester-webhook-2b3fe86a0b8a854a1cd2b30c0fb0d8c22f59879b12b75df74d98081f4c4307ab.log
2024-08-06T02:11:45.500421017Z [2024/08/06 02:11:45] [ info] [input:tail:tail.0] inotify_fs_add(): inode=57802935 watch_fd=24 name=/var/log/containers/longhorn-csi-plugin-fbz4z_longhorn-system_longhorn-csi-plugin-8acab8bab97dc5cbaf43d172e295e9660a78a5b8c40972abe55cda2b77ec8f0c.log
2024-08-06T02:11:45.500471254Z [2024/08/06 02:11:45] [ info] [input:tail:tail.0] inotify_fs_add(): inode=57802867 watch_fd=25 name=/var/log/containers/longhorn-csi-plugin-fbz4z_longhorn-system_longhorn-liveness-probe-8b70c64187655c5c6769bead0b0b9e5d2072d3d9cbf70d9cb813933d97a7a151.log
2024-08-06T02:11:45.500511501Z [2024/08/06 02:11:45] [ info] [input:tail:tail.0] inotify_fs_add(): inode=57802853 watch_fd=26 name=/var/log/containers/longhorn-csi-plugin-fbz4z_longhorn-system_node-driver-registrar-d2028a963570eff122100e620218cd26dd216c9b9b3c3dbd1ff9795134bea793.log
2024-08-06T02:11:45.500554734Z [2024/08/06 02:11:45] [ info] [input:tail:tail.0] inotify_fs_add(): inode=57802917 watch_fd=27 name=/var/log/containers/longhorn-manager-lns65_longhorn-system_longhorn-manager-e5529d9f41d98a0f37402767748aa7e74c00fd84e941965570e828cf036f5653.log
2024-08-06T02:11:45.500586254Z [2024/08/06 02:11:45] [ info] [input:tail:tail.0] inotify_fs_add(): inode=57671793 watch_fd=28 name=/var/log/containers/rke2-ingress-nginx-controller-kz8qf_kube-system_rke2-ingress-nginx-controller-360894349f0c849de492bcd55ceefebab9603ba3c44af46ab4d09c2b0696039a.log
2024-08-06T02:11:45.500624338Z [2024/08/06 02:11:45] [ info] [input:tail:tail.0] inotify_fs_add(): inode=57671796 watch_fd=29 name=/var/log/containers/virt-handler-6hm2s_harvester-system_virt-launcher-933e27f0c8173a018aea0620a68970a2abe8b567c3f039e76c71018a941c2c20.log
2024-08-06T02:11:50.382878679Z [2024/08/06 02:11:50] [ info] [input:tail:tail.0] inotify_fs_add(): inode=57671807 watch_fd=30 name=/var/log/containers/harvester-pcidevices-controller-2ndm7_harvester-system_agent-f6b66cb1b1c3124d2db0b8650ac319fe1e5481b32719bed7b1ac8ed8079f5311.log
2024-08-06T02:11:50.392304535Z [2024/08/06 02:11:50] [ info] [input:tail:tail.0] inotify_fs_add(): inode=57671847 watch_fd=31 name=/var/log/containers/virt-handler-6hm2s_harvester-system_virt-handler-4256a0df68449b1c8a79bacaa3cdd7a95d2ae6bb9f62873dec7fa31bf156eeaf.log
2024-08-06T02:11:55.399968770Z [2024/08/06 02:11:55] [ info] [input:tail:tail.0] inotify_fs_add(): inode=58327212 watch_fd=32 name=/var/log/containers/instance-manager-e79bb0adc5a3ca1cf3e13b5c138e35c2_longhorn-system_instance-manager-26372ea321f0d19cae78a30d4d16467a89e4681ac901c548c117ff7092a03e72.log
2024-08-06T02:12:00.389233410Z [2024/08/06 02:12:00] [ info] [input:tail:tail.0] inotify_fs_add(): inode=57543008 watch_fd=33 name=/var/log/containers/rancher-587557b8db-9wkx8_cattle-system_rancher-89f087a6065e408906d05a21fafc1be654275b262a9ea86480c6332f923a987b.log
2024-08-06T02:12:15.393379333Z [2024/08/06 02:12:15] [ info] [input:tail:tail.0] inotify_fs_add(): inode=58327227 watch_fd=34 name=/var/log/containers/helm-operation-vjvnf_cattle-system_helm-00b4e0973577bb503a97eaaa38b3c85db4b1c33fa05e60d2f1bf5abeaf3e49be.log
2024-08-06T02:12:15.393415221Z [2024/08/06 02:12:15] [ info] [input:tail:tail.0] inotify_fs_add(): inode=58327232 watch_fd=35 name=/var/log/containers/helm-operation-vjvnf_cattle-system_proxy-539bc474c51749d491f844dd2259809063e35de464109dcbc3a5eb03a2313674.log
2024-08-06T02:12:20.395134151Z [2024/08/06 02:12:20] [ info] [input:tail:tail.0] inotify_fs_add(): inode=58327270 watch_fd=36 name=/var/log/containers/fleet-agent-6d5df7d9cd-ccvw6_cattle-fleet-local-system_fleet-agent-838b647bc9335e66cd2ac78c60d807d5432f6f19d9da0c5ec8b4cb05c62c9850.log
2024-08-06T02:12:20.395177813Z [2024/08/06 02:12:20] [ info] [input:tail:tail.0] inotify_fs_add(): inode=58327274 watch_fd=37 name=/var/log/containers/fleet-cleanup-clusterregistrations-gh8wb_cattle-fleet-system_cleanup-a57579d3bf856bb96a9d7ecabf187edbbe09878c1ca00911b2d04f85c0dfb682.log
2024-08-06T02:12:23.216523856Z [2024/08/06 02:12:23] [ info] [input:tail:tail.0] inotify_fs_remove(): inode=58327274 watch_fd=37
2024-08-06T02:12:25.381885648Z [2024/08/06 02:12:25] [ info] [input:tail:tail.0] inotify_fs_add(): inode=58327263 watch_fd=38 name=/var/log/containers/helm-operation-5b2xn_cattle-system_helm-163e4116cc9e10cb966551fbf4a0ebbff5ee4bfd8bf58e900f0891d68381acad.log
2024-08-06T02:12:25.389222945Z [2024/08/06 02:12:25] [ info] [input:tail:tail.0] inotify_fs_add(): inode=58327272 watch_fd=39 name=/var/log/containers/helm-operation-5b2xn_cattle-system_proxy-6d8df6aecb83dc5cc92fb7c94e8ded06c2862f4e251231be49773f6c5324811b.log
2024-08-06T02:12:29.531270690Z [2024/08/06 02:12:29] [ info] [input:tail:tail.0] inotify_fs_remove(): inode=58327270 watch_fd=36
2024-08-06T02:12:30.397003549Z [2024/08/06 02:12:30] [ info] [input:tail:tail.0] inotify_fs_add(): inode=58327296 watch_fd=40 name=/var/log/containers/fleet-agent-6d5df7d9cd-6x9vv_cattle-fleet-local-system_fleet-agent-b11231c2251b19e16f5f65edfb2f635ce404fb3cb63add1c1d764ef170cabfee.log
2024-08-06T02:12:30.397050808Z [2024/08/06 02:12:30] [ info] [input:tail:tail.0] inotify_fs_add(): inode=58327300 watch_fd=41 name=/var/log/containers/fleet-cleanup-clusterregistrations-k2z7x_cattle-fleet-system_cleanup-290f8dd49db62352f98c8630b68e3f59c5baad2c342c1649868562c3079d6c98.log
2024-08-06T02:13:15.389567490Z [2024/08/06 02:13:15] [ info] [input:tail:tail.0] inotify_fs_add(): inode=58327315 watch_fd=42 name=/var/log/containers/harvester-node-manager-webhook-9cfccc84c-6txfh_harvester-system_harvester-node-manager-webhook-3564dd9621b07e36c2a57a9b2fb3795d099d2771531432c78c4d62ed3fddcb02.log
2024-08-06T02:13:23.220550357Z [2024/08/06 02:13:23] [ info] [input:tail:tail.0] inotify_fs_remove(): inode=58327300 watch_fd=41
2024-08-06T02:14:05.842746570Z [2024/08/06 02:14:05] [ info] [input:tail:tail.0] inotify_fs_remove(): inode=58327296 watch_fd=40
2024-08-06T02:14:10.389613069Z [2024/08/06 02:14:10] [ info] [input:tail:tail.0] inotify_fs_add(): inode=58327290 watch_fd=43 name=/var/log/containers/fleet-agent-6d5df7d9cd-tnwng_cattle-fleet-local-system_fleet-agent-2e2e8cecd6ff0ddedf05decdef2c6dab0ecd853e39636b508adb7bc14ab33b42.log
2024-08-06T02:14:15.394089384Z [2024/08/06 02:14:15] [ info] [input:tail:tail.0] inotify_fs_add(): inode=58327319 watch_fd=44 name=/var/log/containers/helm-operation-cscth_cattle-system_helm-a2a64f9792a1afaa1946109bc952027789feacef675412027c169256b4ec5530.log
2024-08-06T02:14:15.394145960Z [2024/08/06 02:14:15] [ info] [input:tail:tail.0] inotify_fs_add(): inode=58327323 watch_fd=45 name=/var/log/containers/helm-operation-cscth_cattle-system_proxy-0af121fbd696a488065b11fe31d5ee0138cedf6a63cdbc4d4457d7a87c7dfc54.log
2024-08-06T02:14:17.895665117Z [2024/08/06 02:14:17] [ info] [input:tail:tail.0] inotify_fs_remove(): inode=58327290 watch_fd=43
2024-08-06T02:14:25.389282819Z [2024/08/06 02:14:25] [ info] [input:tail:tail.0] inotify_fs_add(): inode=58327339 watch_fd=46 name=/var/log/containers/fleet-agent-6d5df7d9cd-5897v_cattle-fleet-local-system_fleet-agent-ffb008746df3d5f2272980d479be5bc8b24a896c55d980f552428485b1a55767.log
2024-08-06T02:24:15.384564251Z [2024/08/06 02:24:15] [ info] [filter:kubernetes:kubernetes.0]  token updated
2024-08-06T02:24:15.387164293Z [2024/08/06 02:24:15] [ info] [input:tail:tail.0] inotify_fs_add(): inode=58327259 watch_fd=47 name=/var/log/containers/backing-image-manager-c16a-7b70_longhorn-system_backing-image-manager-ac6a4b8eec1e7e3680743285fe0f2489d8b12956b922b051fa5ed0d23e7b6881.log
2024-08-06T02:24:45.392767351Z [2024/08/06 02:24:45] [ info] [input:tail:tail.0] inotify_fs_add(): inode=58327285 watch_fd=48 name=/var/log/containers/virt-launcher-gputest-primary-c31607d4-fqgjd-2sl4c_default_guest-console-log-ecd10ff938f2fe50e1f05234df606327baed27aec7ae8684fbff78f73b346d65.log
2024-08-06T02:24:45.392820140Z [2024/08/06 02:24:45] [ info] [input:tail:tail.0] inotify_fs_add(): inode=58327281 watch_fd=49 name=/var/log/containers/virt-launcher-gputest-primary-c31607d4-fqgjd-2sl4c_default_compute-e95178e41d88e6475e33ed63f1324ae2c3dec00aa3b7923ffe51c7783403a736.log
2024-08-06T02:27:23.671122475Z [2024/08/06 02:27:23] [ info] [input:tail:tail.0] inotify_fs_remove(): inode=56888646 watch_fd=2
2024-08-06T02:27:23.683483904Z [2024/08/06 02:27:23] [ info] [input:tail:tail.0] inotify_fs_remove(): inode=57542568 watch_fd=1
2024-08-06T02:49:30.390302444Z [2024/08/06 02:49:30] [ info] [filter:kubernetes:kubernetes.0]  token updated
2024-08-06T02:49:30.395858005Z [2024/08/06 02:49:30] [ info] [input:tail:tail.0] inotify_fs_add(): inode=58327360 watch_fd=50 name=/var/log/containers/supportbundle-agent-bundle-jk7b5-jgrwp_harvester-system_agent-83f886f15d24da8378d55de831c7d70659a55b9ca34f3537c48a1aa7c94777f8.log
2024-08-06T02:50:33.385549801Z [2024/08/06 02:50:33] [ info] [input:tail:tail.0] inotify_fs_remove(): inode=58327360 watch_fd=50
2024-08-06T03:12:23.981761055Z [2024/08/06 03:12:23] [ info] [input:tail:tail.0] inotify_fs_remove(): inode=58327227 watch_fd=34
2024-08-06T03:12:23.993444848Z [2024/08/06 03:12:23] [ info] [input:tail:tail.0] inotify_fs_remove(): inode=58327263 watch_fd=38
2024-08-06T03:12:24.000599076Z [2024/08/06 03:12:23] [ info] [input:tail:tail.0] inotify_fs_remove(): inode=58327232 watch_fd=35
2024-08-06T03:12:24.006853282Z [2024/08/06 03:12:24] [ info] [input:tail:tail.0] inotify_fs_remove(): inode=58327272 watch_fd=39
2024-08-06T03:14:24.133254633Z [2024/08/06 03:14:24] [ info] [input:tail:tail.0] inotify_fs_remove(): inode=58327319 watch_fd=44
2024-08-06T03:14:24.147452318Z [2024/08/06 03:14:24] [ info] [input:tail:tail.0] inotify_fs_remove(): inode=58327323 watch_fd=45
2024-08-06T05:58:56.370976072Z [2024/08/06 05:58:56] [ info] [input:tail:tail.0] inode=57017722 handle rotation(): /var/log/containers/rke2-canal-gssgp_kube-system_calico-node-452831b1d99cdc2bc85994e50f087b32975d8a6c144a901d1e9887e6d9c9985f.log => /var/log/pods/kube-system_rke2-canal-gssgp_f3618f02-b452-4d5a-a5ac-66aa3942bd19/calico-node/0.log.20240806-055856
2024-08-06T05:58:56.371049721Z [2024/08/06 05:58:56] [ info] [input:tail:tail.0] inotify_fs_remove(): inode=57017722 watch_fd=11
2024-08-06T05:58:56.371074308Z [2024/08/06 05:58:56] [ info] [input:tail:tail.0] inotify_fs_add(): inode=57017722 watch_fd=51 name=/var/log/pods/kube-system_rke2-canal-gssgp_f3618f02-b452-4d5a-a5ac-66aa3942bd19/calico-node/0.log.20240806-055856
2024-08-06T05:59:00.382755619Z [2024/08/06 05:59:00] [ info] [input:tail:tail.0] inotify_fs_add(): inode=57017725 watch_fd=52 name=/var/log/containers/rke2-canal-gssgp_kube-system_calico-node-452831b1d99cdc2bc85994e50f087b32975d8a6c144a901d1e9887e6d9c9985f.log
2024-08-06T05:59:05.380903153Z [2024/08/06 05:59:05] [ info] [input:tail:tail.0] inotify_fs_remove(): inode=57017722 watch_fd=51
2024-08-06T10:25:25.500514132Z [2024/08/06 10:25:25] [ info] [input:tail:tail.0] inode=57017725 handle rotation(): /var/log/containers/rke2-canal-gssgp_kube-system_calico-node-452831b1d99cdc2bc85994e50f087b32975d8a6c144a901d1e9887e6d9c9985f.log => /var/log/pods/kube-system_rke2-canal-gssgp_f3618f02-b452-4d5a-a5ac-66aa3942bd19/calico-node/0.log.20240806-102525
2024-08-06T10:25:25.500592971Z [2024/08/06 10:25:25] [ info] [input:tail:tail.0] inotify_fs_remove(): inode=57017725 watch_fd=52
2024-08-06T10:25:25.500633779Z [2024/08/06 10:25:25] [ info] [input:tail:tail.0] inotify_fs_add(): inode=57017725 watch_fd=53 name=/var/log/pods/kube-system_rke2-canal-gssgp_f3618f02-b452-4d5a-a5ac-66aa3942bd19/calico-node/0.log.20240806-102525
2024-08-06T10:25:30.381099525Z [2024/08/06 10:25:30] [ info] [input:tail:tail.0] inotify_fs_remove(): inode=57017725 watch_fd=53
2024-08-06T10:25:30.382906328Z [2024/08/06 10:25:30] [ info] [input:tail:tail.0] inotify_fs_add(): inode=57017722 watch_fd=54 name=/var/log/containers/rke2-canal-gssgp_kube-system_calico-node-452831b1d99cdc2bc85994e50f087b32975d8a6c144a901d1e9887e6d9c9985f.log
2024-08-06T12:53:05.386529569Z [2024/08/06 12:53:05] [ info] [filter:kubernetes:kubernetes.0]  token updated
2024-08-06T12:53:05.388977326Z [2024/08/06 12:53:05] [ info] [input:tail:tail.0] inotify_fs_add(): inode=58327227 watch_fd=55 name=/var/log/containers/backing-image-ds-default-image-nntjr_longhorn-system_backing-image-data-source-40bacd4c5d5525ca0f3a55f179ca28b5598ecbf77693031b1c9b1aebb3fbf0ca.log
2024-08-06T12:54:43.823381792Z [2024/08/06 12:54:43] [ info] [input:tail:tail.0] inotify_fs_remove(): inode=58327227 watch_fd=55
