2024-08-06T02:11:41.855273722Z time="2024-08-06T02:11:41Z" level=info msg="Starting controller"
2024-08-06T02:11:43.000729490Z time="2024-08-06T02:11:43Z" level=info msg="Do not update the existing CRD Setting"
2024-08-06T02:11:43.000763003Z time="2024-08-06T02:11:43Z" level=info msg="Do not update the existing CRD APIService"
2024-08-06T02:11:43.000770838Z time="2024-08-06T02:11:43Z" level=info msg="Do not update the existing CRD Setting"
2024-08-06T02:11:43.000779604Z time="2024-08-06T02:11:43Z" level=info msg="Do not update the existing CRD User"
2024-08-06T02:11:43.000786687Z time="2024-08-06T02:11:43Z" level=info msg="Do not update the existing CRD Group"
2024-08-06T02:11:43.000793711Z time="2024-08-06T02:11:43Z" level=info msg="Do not update the existing CRD GroupMember"
2024-08-06T02:11:43.000800774Z time="2024-08-06T02:11:43Z" level=info msg="Do not update the existing CRD Token"
2024-08-06T02:11:43.000808859Z time="2024-08-06T02:11:43Z" level=info msg="Do not update the existing CRD NodeDriver"
2024-08-06T02:11:43.000817615Z time="2024-08-06T02:11:43Z" level=info msg="Do not update the existing CRD Feature"
2024-08-06T02:11:43.000839927Z time="2024-08-06T02:11:43Z" level=info msg="Do not update the existing CRD Plan"
2024-08-06T02:11:43.000847041Z time="2024-08-06T02:11:43Z" level=info msg="Do not update the existing CRD Logging"
2024-08-06T02:11:43.011796589Z time="2024-08-06T02:11:43Z" level=info msg="Do not update the existing CRD KeyPair"
2024-08-06T02:11:43.011827708Z time="2024-08-06T02:11:43Z" level=info msg="Do not update the existing CRD Upgrade"
2024-08-06T02:11:43.011835292Z time="2024-08-06T02:11:43Z" level=info msg="Do not update the existing CRD UpgradeLog"
2024-08-06T02:11:43.011842175Z time="2024-08-06T02:11:43Z" level=info msg="Do not update the existing CRD Version"
2024-08-06T02:11:43.011849398Z time="2024-08-06T02:11:43Z" level=info msg="Do not update the existing CRD VirtualMachineImage"
2024-08-06T02:11:43.011861922Z time="2024-08-06T02:11:43Z" level=info msg="Do not update the existing CRD VirtualMachineTemplate"
2024-08-06T02:11:43.011869055Z time="2024-08-06T02:11:43Z" level=info msg="Do not update the existing CRD VirtualMachineTemplateVersion"
2024-08-06T02:11:43.011877060Z time="2024-08-06T02:11:43Z" level=info msg="Do not update the existing CRD VirtualMachineBackup"
2024-08-06T02:11:43.011884705Z time="2024-08-06T02:11:43Z" level=info msg="Do not update the existing CRD VirtualMachineRestore"
2024-08-06T02:11:43.011909291Z time="2024-08-06T02:11:43Z" level=info msg="Do not update the existing CRD Preference"
2024-08-06T02:11:43.011916294Z time="2024-08-06T02:11:43Z" level=info msg="Do not update the existing CRD SupportBundle"
2024-08-06T02:11:43.011923557Z time="2024-08-06T02:11:43Z" level=info msg="Do not update the existing CRD BackingImage"
2024-08-06T02:11:43.011930991Z time="2024-08-06T02:11:43Z" level=info msg="Do not update the existing CRD BackingImageDataSource"
2024-08-06T02:11:43.011938065Z time="2024-08-06T02:11:43Z" level=info msg="Do not update the existing CRD Backup"
2024-08-06T02:11:43.011945529Z time="2024-08-06T02:11:43Z" level=info msg="Do not update the existing CRD Engine"
2024-08-06T02:11:43.011952201Z time="2024-08-06T02:11:43Z" level=info msg="Do not update the existing CRD Volume"
2024-08-06T02:11:43.011958914Z time="2024-08-06T02:11:43Z" level=info msg="Do not update the existing CRD Setting"
2024-08-06T02:11:43.011965787Z time="2024-08-06T02:11:43Z" level=info msg="Do not update the existing CRD Cluster"
2024-08-06T02:11:43.011973010Z time="2024-08-06T02:11:43Z" level=info msg="Do not update the existing CRD Cluster"
2024-08-06T02:11:43.011979863Z time="2024-08-06T02:11:43Z" level=info msg="Do not update the existing CRD Cluster"
2024-08-06T02:11:43.011986766Z time="2024-08-06T02:11:43Z" level=info msg="Do not update the existing CRD Machine"
2024-08-06T02:11:43.012010781Z time="2024-08-06T02:11:43Z" level=info msg="Do not update the existing CRD Addon"
2024-08-06T02:11:43.012018085Z time="2024-08-06T02:11:43Z" level=info msg="Do not update the existing CRD Prometheus"
2024-08-06T02:11:43.012026070Z time="2024-08-06T02:11:43Z" level=info msg="Do not update the existing CRD Alertmanager"
2024-08-06T02:11:43.012034826Z time="2024-08-06T02:11:43Z" level=info msg="Do not update the existing CRD ClusterFlow"
2024-08-06T02:11:43.012043092Z time="2024-08-06T02:11:43Z" level=info msg="Do not update the existing CRD ClusterOutput"
2024-08-06T02:11:43.012051477Z time="2024-08-06T02:11:43Z" level=info msg="Do not update the existing CRD NodeConfig"
2024-08-06T02:11:43.012059683Z time="2024-08-06T02:11:43Z" level=info msg="Do not update the existing CRD RKEControlPlane"
2024-08-06T02:11:43.707599031Z time="2024-08-06T02:11:43Z" level=info msg="Waiting for ValidatingWebhookConfiguration harvester-validator..."
2024-08-06T02:11:43.709958005Z time="2024-08-06T02:11:43Z" level=info msg="Waiting for MutatingWebhookConfiguration harvester-mutator..."
2024-08-06T02:11:43.711834716Z time="2024-08-06T02:11:43Z" level=info msg="Admission webhooks are ready"
2024-08-06T02:11:43.737869090Z I0806 02:11:43.737785       7 leaderelection.go:248] attempting to acquire leader lease kube-system/harvester-controllers...
2024-08-06T02:11:44.455879608Z time="2024-08-06T02:11:44Z" level=info msg="Starting rbac.authorization.k8s.io/v1, Kind=RoleBinding controller"
2024-08-06T02:11:44.455903002Z time="2024-08-06T02:11:44Z" level=info msg="Starting /v1, Kind=PersistentVolumeClaim controller"
2024-08-06T02:11:44.456019049Z time="2024-08-06T02:11:44Z" level=info msg="Starting harvesterhci.io/v1beta1, Kind=VirtualMachineTemplateVersion controller"
2024-08-06T02:11:44.456050689Z time="2024-08-06T02:11:44Z" level=info msg="Starting longhorn.io/v1beta2, Kind=BackingImage controller"
2024-08-06T02:11:44.456105762Z time="2024-08-06T02:11:44Z" level=info msg="Starting rbac.authorization.k8s.io/v1, Kind=Role controller"
2024-08-06T02:11:44.456155345Z time="2024-08-06T02:11:44Z" level=info msg="Starting harvesterhci.io/v1beta1, Kind=Upgrade controller"
2024-08-06T02:11:44.456188006Z time="2024-08-06T02:11:44Z" level=info msg="Starting snapshot.storage.k8s.io/v1, Kind=VolumeSnapshot controller"
2024-08-06T02:11:44.456194047Z time="2024-08-06T02:11:44Z" level=info msg="Starting harvesterhci.io/v1beta1, Kind=Addon controller"
2024-08-06T02:11:44.456240996Z time="2024-08-06T02:11:44Z" level=info msg="Starting /v1, Kind=PersistentVolume controller"
2024-08-06T02:11:44.456285018Z time="2024-08-06T02:11:44Z" level=info msg="Starting k8s.cni.cncf.io/v1, Kind=NetworkAttachmentDefinition controller"
2024-08-06T02:11:44.456299445Z time="2024-08-06T02:11:44Z" level=info msg="Starting kubevirt.io/v1, Kind=VirtualMachine controller"
2024-08-06T02:11:44.456332667Z time="2024-08-06T02:11:44Z" level=info msg="Starting storage.k8s.io/v1, Kind=StorageClass controller"
2024-08-06T02:11:44.456382962Z time="2024-08-06T02:11:44Z" level=info msg="Starting /v1, Kind=Node controller"
2024-08-06T02:11:44.456419470Z time="2024-08-06T02:11:44Z" level=info msg="Starting rbac.authorization.k8s.io/v1, Kind=ClusterRole controller"
2024-08-06T02:11:44.456451781Z time="2024-08-06T02:11:44Z" level=info msg="Starting /v1, Kind=Pod controller"
2024-08-06T02:11:44.456499090Z time="2024-08-06T02:11:44Z" level=info msg="Starting harvesterhci.io/v1beta1, Kind=UpgradeLog controller"
2024-08-06T02:11:44.456526721Z time="2024-08-06T02:11:44Z" level=info msg="Starting longhorn.io/v1beta2, Kind=BackingImageDataSource controller"
2024-08-06T02:11:44.456577186Z time="2024-08-06T02:11:44Z" level=info msg="Starting harvesterhci.io/v1beta1, Kind=VirtualMachineImage controller"
2024-08-06T02:11:44.456618173Z time="2024-08-06T02:11:44Z" level=info msg="Starting longhorn.io/v1beta2, Kind=Volume controller"
2024-08-06T02:11:44.456669519Z time="2024-08-06T02:11:44Z" level=info msg="Starting kubevirt.io/v1, Kind=VirtualMachineInstance controller"
2024-08-06T02:11:44.456698183Z time="2024-08-06T02:11:44Z" level=info msg="Starting harvesterhci.io/v1beta1, Kind=SupportBundle controller"
2024-08-06T02:11:44.456721166Z time="2024-08-06T02:11:44Z" level=info msg="Starting longhorn.io/v1beta2, Kind=Replica controller"
2024-08-06T02:11:44.456730113Z time="2024-08-06T02:11:44Z" level=info msg="Starting kubevirt.io/v1, Kind=VirtualMachineInstanceMigration controller"
2024-08-06T02:11:44.456775268Z time="2024-08-06T02:11:44Z" level=info msg="Starting harvesterhci.io/v1beta1, Kind=VirtualMachineBackup controller"
2024-08-06T02:11:44.456785297Z time="2024-08-06T02:11:44Z" level=info msg="Starting apiregistration.k8s.io/v1, Kind=APIService controller"
2024-08-06T02:11:44.456841853Z time="2024-08-06T02:11:44Z" level=info msg="Starting /v1, Kind=ServiceAccount controller"
2024-08-06T02:11:44.456896475Z time="2024-08-06T02:11:44Z" level=info msg="Starting apiextensions.k8s.io/v1, Kind=CustomResourceDefinition controller"
2024-08-06T02:11:44.456933575Z time="2024-08-06T02:11:44Z" level=info msg="Starting /v1, Kind=Secret controller"
2024-08-06T02:11:44.456942151Z time="2024-08-06T02:11:44Z" level=info msg="Starting harvesterhci.io/v1beta1, Kind=Setting controller"
2024-08-06T02:11:44.457020207Z time="2024-08-06T02:11:44Z" level=info msg="Starting rbac.authorization.k8s.io/v1, Kind=ClusterRoleBinding controller"
2024-08-06T02:11:44.457048971Z time="2024-08-06T02:11:44Z" level=info msg="Starting /v1, Kind=ConfigMap controller"
2024-08-06T02:11:44.474322251Z time="2024-08-06T02:11:44Z" level=info msg="Starting steve aggregation client"
2024-08-06T02:11:44.490054591Z time="2024-08-06T02:11:44Z" level=info msg="Listening on :8443"
2024-08-06T02:11:44.490069229Z time="2024-08-06T02:11:44Z" level=warning msg="dynamiclistener [::]:8443: no cached certificate available for preload - deferring certificate load until storage initialization or first client request"
2024-08-06T02:11:46.247370352Z W0806 02:11:46.247247       7 warnings.go:70] v1 ComponentStatus is deprecated in v1.19+
2024-08-06T02:11:46.250880339Z W0806 02:11:46.250831       7 warnings.go:70] kubevirt.io/v1 VirtualMachineInstancePresets is now deprecated and will be removed in v2.
2024-08-06T02:11:46.275060286Z time="2024-08-06T02:11:46Z" level=info msg="Watching metadata for /v1, Kind=PersistentVolumeClaim"
2024-08-06T02:11:46.275095955Z time="2024-08-06T02:11:46Z" level=info msg="Watching metadata for /v1, Kind=Namespace"
2024-08-06T02:11:46.275117226Z time="2024-08-06T02:11:46Z" level=info msg="Watching metadata for coordination.k8s.io/v1, Kind=Lease"
2024-08-06T02:11:46.275126914Z time="2024-08-06T02:11:46Z" level=info msg="Watching metadata for rbac.authorization.k8s.io/v1, Kind=ClusterRoleBinding"
2024-08-06T02:11:46.275145450Z time="2024-08-06T02:11:46Z" level=info msg="Watching metadata for admissionregistration.k8s.io/v1, Kind=ValidatingWebhookConfiguration"
2024-08-06T02:11:46.275154016Z time="2024-08-06T02:11:46Z" level=info msg="Watching metadata for helm.cattle.io/v1, Kind=HelmChartConfig"
2024-08-06T02:11:46.275218279Z time="2024-08-06T02:11:46Z" level=info msg="Watching metadata for crd.projectcalico.org/v1, Kind=IPAMBlock"
2024-08-06T02:11:46.275233729Z time="2024-08-06T02:11:46Z" level=info msg="Watching metadata for catalog.cattle.io/v1, Kind=ClusterRepo"
2024-08-06T02:11:46.275239350Z time="2024-08-06T02:11:46Z" level=info msg="Watching metadata for loadbalancer.harvesterhci.io/v1beta1, Kind=IPPool"
2024-08-06T02:11:46.275244029Z time="2024-08-06T02:11:46Z" level=info msg="Watching metadata for crd.projectcalico.org/v1, Kind=NetworkSet"
2024-08-06T02:11:46.275268245Z time="2024-08-06T02:11:46Z" level=info msg="Watching metadata for monitoring.coreos.com/v1, Kind=Probe"
2024-08-06T02:11:46.275282312Z time="2024-08-06T02:11:46Z" level=info msg="Watching metadata for rke.cattle.io/v1, Kind=RKECluster"
2024-08-06T02:11:46.275290918Z time="2024-08-06T02:11:46Z" level=info msg="Watching metadata for fleet.cattle.io/v1alpha1, Kind=ClusterRegistrationToken"
2024-08-06T02:11:46.275295678Z time="2024-08-06T02:11:46Z" level=info msg="Watching metadata for harvesterhci.io/v1beta1, Kind=VirtualMachineTemplate"
2024-08-06T02:11:46.275304244Z time="2024-08-06T02:11:46Z" level=info msg="Watching metadata for rbac.authorization.k8s.io/v1, Kind=ClusterRole"
2024-08-06T02:11:46.275335744Z time="2024-08-06T02:11:46Z" level=info msg="Watching metadata for logging.banzaicloud.io/v1beta1, Kind=ClusterFlow"
2024-08-06T02:11:46.275375681Z time="2024-08-06T02:11:46Z" level=info msg="Watching metadata for logging-extensions.banzaicloud.io/v1alpha1, Kind=EventTailer"
2024-08-06T02:11:46.275387083Z time="2024-08-06T02:11:46Z" level=info msg="Watching metadata for instancetype.kubevirt.io/v1beta1, Kind=VirtualMachineInstancetype"
2024-08-06T02:11:46.275397933Z time="2024-08-06T02:11:46Z" level=info msg="Watching metadata for snapshot.storage.k8s.io/v1, Kind=VolumeSnapshot"
2024-08-06T02:11:46.275415096Z time="2024-08-06T02:11:46Z" level=info msg="Watching metadata for storage.k8s.io/v1, Kind=CSINode"
2024-08-06T02:11:46.275466926Z time="2024-08-06T02:11:46Z" level=info msg="Watching metadata for bmc.tinkerbell.org/v1alpha1, Kind=Machine"
2024-08-06T02:11:46.275487114Z time="2024-08-06T02:11:46Z" level=info msg="Watching metadata for longhorn.io/v1beta2, Kind=BackingImage"
2024-08-06T02:11:46.275497715Z time="2024-08-06T02:11:46Z" level=info msg="Watching metadata for kubevirt.io/v1, Kind=VirtualMachineInstanceMigration"
2024-08-06T02:11:46.275508355Z time="2024-08-06T02:11:46Z" level=info msg="Watching metadata for certificates.k8s.io/v1, Kind=CertificateSigningRequest"
2024-08-06T02:11:46.275525348Z time="2024-08-06T02:11:46Z" level=info msg="Watching metadata for crd.projectcalico.org/v1, Kind=IPAMConfig"
2024-08-06T02:11:46.276786635Z time="2024-08-06T02:11:46Z" level=info msg="Watching metadata for rke.cattle.io/v1, Kind=RKEBootstrapTemplate"
2024-08-06T02:11:46.276812084Z time="2024-08-06T02:11:46Z" level=info msg="Watching metadata for network.harvesterhci.io/v1beta1, Kind=LinkMonitor"
2024-08-06T02:11:46.276825479Z time="2024-08-06T02:11:46Z" level=info msg="Watching metadata for logging-extensions.banzaicloud.io/v1alpha1, Kind=HostTailer"
2024-08-06T02:11:46.276834436Z time="2024-08-06T02:11:46Z" level=info msg="Watching metadata for management.cattle.io/v3, Kind=ClusterRegistrationToken"
2024-08-06T02:11:46.276843774Z time="2024-08-06T02:11:46Z" level=info msg="Watching metadata for management.cattle.io/v3, Kind=Cluster"
2024-08-06T02:11:46.276852501Z time="2024-08-06T02:11:46Z" level=info msg="Watching metadata for devices.harvesterhci.io/v1beta1, Kind=SRIOVNetworkDevice"
2024-08-06T02:11:46.276861087Z time="2024-08-06T02:11:46Z" level=info msg="Watching metadata for cluster.x-k8s.io/v1beta1, Kind=Machine"
2024-08-06T02:11:46.276871117Z time="2024-08-06T02:11:46Z" level=info msg="Watching metadata for /v1, Kind=Event"
2024-08-06T02:11:46.276880555Z time="2024-08-06T02:11:46Z" level=info msg="Watching metadata for longhorn.io/v1beta2, Kind=BackupVolume"
2024-08-06T02:11:46.276890684Z time="2024-08-06T02:11:46Z" level=info msg="Watching metadata for devices.harvesterhci.io/v1beta1, Kind=Node"
2024-08-06T02:11:46.276899992Z time="2024-08-06T02:11:46Z" level=info msg="Watching metadata for /v1, Kind=LimitRange"
2024-08-06T02:11:46.276909059Z time="2024-08-06T02:11:46Z" level=info msg="Watching metadata for harvesterhci.io/v1beta1, Kind=VirtualMachineBackup"
2024-08-06T02:11:46.276939718Z time="2024-08-06T02:11:46Z" level=info msg="Watching metadata for networking.k8s.io/v1, Kind=NetworkPolicy"
2024-08-06T02:11:46.276948515Z time="2024-08-06T02:11:46Z" level=info msg="Watching metadata for longhorn.io/v1beta2, Kind=EngineImage"
2024-08-06T02:11:46.276957362Z time="2024-08-06T02:11:46Z" level=info msg="Watching metadata for longhorn.io/v1beta2, Kind=Backup"
2024-08-06T02:11:46.276966860Z time="2024-08-06T02:11:46Z" level=info msg="Watching metadata for longhorn.io/v1beta2, Kind=BackupBackingImage"
2024-08-06T02:11:46.276975667Z time="2024-08-06T02:11:46Z" level=info msg="Watching metadata for management.cattle.io/v3, Kind=FleetWorkspace"
2024-08-06T02:11:46.276984284Z time="2024-08-06T02:11:46Z" level=info msg="Watching metadata for networking.k8s.io/v1, Kind=Ingress"
2024-08-06T02:11:46.276993070Z time="2024-08-06T02:11:46Z" level=info msg="Watching metadata for fleet.cattle.io/v1alpha1, Kind=ImageScan"
2024-08-06T02:11:46.277002038Z time="2024-08-06T02:11:46Z" level=info msg="Watching metadata for instancetype.kubevirt.io/v1beta1, Kind=VirtualMachinePreference"
2024-08-06T02:11:46.277010494Z time="2024-08-06T02:11:46Z" level=info msg="Watching metadata for bmc.tinkerbell.org/v1alpha1, Kind=BMCTask"
2024-08-06T02:11:46.277019361Z time="2024-08-06T02:11:46Z" level=info msg="Watching metadata for /v1, Kind=Endpoints"
2024-08-06T02:11:46.277028178Z time="2024-08-06T02:11:46Z" level=info msg="Watching metadata for monitoring.coreos.com/v1, Kind=ThanosRuler"
2024-08-06T02:11:46.277036554Z time="2024-08-06T02:11:46Z" level=info msg="Watching metadata for longhorn.io/v1beta2, Kind=VolumeAttachment"
2024-08-06T02:11:46.277044910Z time="2024-08-06T02:11:46Z" level=info msg="Watching metadata for harvesterhci.io/v1beta1, Kind=Addon"
2024-08-06T02:11:46.277053376Z time="2024-08-06T02:11:46Z" level=info msg="Watching metadata for tinkerbell.org/v1alpha1, Kind=Hardware"
2024-08-06T02:11:46.277062524Z time="2024-08-06T02:11:46Z" level=info msg="Watching metadata for k3s.cattle.io/v1, Kind=ETCDSnapshotFile"
2024-08-06T02:11:46.277071952Z time="2024-08-06T02:11:46Z" level=info msg="Watching metadata for longhorn.io/v1beta2, Kind=SystemBackup"
2024-08-06T02:11:46.277080899Z time="2024-08-06T02:11:46Z" level=info msg="Watching metadata for monitoring.coreos.com/v1, Kind=PrometheusRule"
2024-08-06T02:11:46.277089605Z time="2024-08-06T02:11:46Z" level=info msg="Watching metadata for fleet.cattle.io/v1alpha1, Kind=BundleNamespaceMapping"
2024-08-06T02:11:46.277097861Z time="2024-08-06T02:11:46Z" level=info msg="Watching metadata for apps/v1, Kind=Deployment"
2024-08-06T02:11:46.277106368Z time="2024-08-06T02:11:46Z" level=info msg="Watching metadata for catalog.cattle.io/v1, Kind=App"
2024-08-06T02:11:46.277115024Z time="2024-08-06T02:11:46Z" level=info msg="Watching metadata for storage.k8s.io/v1, Kind=CSIDriver"
2024-08-06T02:11:46.277123470Z time="2024-08-06T02:11:46Z" level=info msg="Watching metadata for longhorn.io/v1beta2, Kind=BackingImageManager"
2024-08-06T02:11:46.277132668Z time="2024-08-06T02:11:46Z" level=info msg="Watching metadata for longhorn.io/v1beta2, Kind=BackupTarget"
2024-08-06T02:11:46.277144260Z time="2024-08-06T02:11:46Z" level=info msg="Watching metadata for /v1, Kind=Pod"
2024-08-06T02:11:46.277155261Z time="2024-08-06T02:11:46Z" level=info msg="Watching metadata for monitoring.coreos.com/v1, Kind=Alertmanager"
2024-08-06T02:11:46.277164349Z time="2024-08-06T02:11:46Z" level=info msg="Watching metadata for harvesterhci.io/v1beta1, Kind=BlockDevice"
2024-08-06T02:11:46.277172895Z time="2024-08-06T02:11:46Z" level=info msg="Watching metadata for longhorn.io/v1beta2, Kind=Snapshot"
2024-08-06T02:11:46.277181421Z time="2024-08-06T02:11:46Z" level=info msg="Watching metadata for kubevirt.io/v1, Kind=VirtualMachineInstancePreset"
2024-08-06T02:11:46.277228842Z time="2024-08-06T02:11:46Z" level=info msg="Watching metadata for devices.harvesterhci.io/v1beta1, Kind=PCIDevice"
2024-08-06T02:11:46.277238080Z time="2024-08-06T02:11:46Z" level=info msg="Watching metadata for devices.harvesterhci.io/v1beta1, Kind=PCIDeviceClaim"
2024-08-06T02:11:46.277247007Z time="2024-08-06T02:11:46Z" level=info msg="Watching metadata for logging.banzaicloud.io/v1beta1, Kind=Flow"
2024-08-06T02:11:46.277255463Z time="2024-08-06T02:11:46Z" level=info msg="Watching metadata for flowcontrol.apiserver.k8s.io/v1beta3, Kind=PriorityLevelConfiguration"
2024-08-06T02:11:46.277263889Z time="2024-08-06T02:11:46Z" level=info msg="Watching metadata for crd.projectcalico.org/v1, Kind=IPPool"
2024-08-06T02:11:46.277272666Z time="2024-08-06T02:11:46Z" level=info msg="Watching metadata for autoscaling/v2, Kind=HorizontalPodAutoscaler"
2024-08-06T02:11:46.277282094Z time="2024-08-06T02:11:46Z" level=info msg="Watching metadata for crd.projectcalico.org/v1, Kind=ClusterInformation"
2024-08-06T02:11:46.277291312Z time="2024-08-06T02:11:46Z" level=info msg="Watching metadata for harvesterhci.io/v1beta1, Kind=VirtualMachineTemplateVersion"
2024-08-06T02:11:46.277300239Z time="2024-08-06T02:11:46Z" level=info msg="Watching metadata for /v1, Kind=PodTemplate"
2024-08-06T02:11:46.277309056Z time="2024-08-06T02:11:46Z" level=info msg="Watching metadata for apiextensions.k8s.io/v1, Kind=CustomResourceDefinition"
2024-08-06T02:11:46.277318113Z time="2024-08-06T02:11:46Z" level=info msg="Watching metadata for harvesterhci.io/v1beta1, Kind=VirtualMachineImage"
2024-08-06T02:11:46.277327331Z time="2024-08-06T02:11:46Z" level=info msg="Watching metadata for /v1, Kind=ResourceQuota"
2024-08-06T02:11:46.277335837Z time="2024-08-06T02:11:46Z" level=info msg="Watching metadata for longhorn.io/v1beta2, Kind=Engine"
2024-08-06T02:11:46.277345867Z time="2024-08-06T02:11:46Z" level=info msg="Watching metadata for k8s.cni.cncf.io/v1, Kind=NetworkAttachmentDefinition"
2024-08-06T02:11:46.277355194Z time="2024-08-06T02:11:46Z" level=info msg="Watching metadata for node.harvesterhci.io/v1beta1, Kind=CloudInit"
2024-08-06T02:11:46.277364873Z time="2024-08-06T02:11:46Z" level=info msg="Watching metadata for apiregistration.k8s.io/v1, Kind=APIService"
2024-08-06T02:11:46.277374732Z time="2024-08-06T02:11:46Z" level=info msg="Watching metadata for cluster.x-k8s.io/v1beta1, Kind=MachineSet"
2024-08-06T02:11:46.277383278Z time="2024-08-06T02:11:46Z" level=info msg="Watching metadata for flowcontrol.apiserver.k8s.io/v1beta3, Kind=FlowSchema"
2024-08-06T02:11:46.277391805Z time="2024-08-06T02:11:46Z" level=info msg="Watching metadata for crd.projectcalico.org/v1, Kind=BGPConfiguration"
2024-08-06T02:11:46.277400782Z time="2024-08-06T02:11:46Z" level=info msg="Watching metadata for fleet.cattle.io/v1alpha1, Kind=BundleDeployment"
2024-08-06T02:11:46.277409248Z time="2024-08-06T02:11:46Z" level=info msg="Watching metadata for fleet.cattle.io/v1alpha1, Kind=ClusterRegistration"
2024-08-06T02:11:46.277418185Z time="2024-08-06T02:11:46Z" level=info msg="Watching metadata for whereabouts.cni.cncf.io/v1alpha1, Kind=IPPool"
2024-08-06T02:11:46.277426531Z time="2024-08-06T02:11:46Z" level=info msg="Watching metadata for management.cattle.io/v3, Kind=AuthConfig"
2024-08-06T02:11:46.277443594Z time="2024-08-06T02:11:46Z" level=info msg="Watching metadata for rke.cattle.io/v1, Kind=RKEControlPlane"
2024-08-06T02:11:46.277452551Z time="2024-08-06T02:11:46Z" level=info msg="Watching metadata for crd.projectcalico.org/v1, Kind=CalicoNodeStatus"
2024-08-06T02:11:46.277461308Z time="2024-08-06T02:11:46Z" level=info msg="Watching metadata for snapshot.kubevirt.io/v1alpha1, Kind=VirtualMachineRestore"
2024-08-06T02:11:46.277470666Z time="2024-08-06T02:11:46Z" level=info msg="Watching metadata for longhorn.io/v1beta2, Kind=Node"
2024-08-06T02:11:46.277497187Z time="2024-08-06T02:11:46Z" level=info msg="Watching metadata for bmc.tinkerbell.org/v1alpha1, Kind=Task"
2024-08-06T02:11:46.277505903Z time="2024-08-06T02:11:46Z" level=info msg="Watching metadata for /v1, Kind=ServiceAccount"
2024-08-06T02:11:46.277514600Z time="2024-08-06T02:11:46Z" level=info msg="Watching metadata for harvesterhci.io/v1beta1, Kind=Version"
2024-08-06T02:11:46.277523176Z time="2024-08-06T02:11:46Z" level=info msg="Watching metadata for networking.k8s.io/v1, Kind=IngressClass"
2024-08-06T02:11:46.277532274Z time="2024-08-06T02:11:46Z" level=info msg="Watching metadata for longhorn.io/v1beta2, Kind=SupportBundle"
2024-08-06T02:11:46.277540940Z time="2024-08-06T02:11:46Z" level=info msg="Watching metadata for rke.cattle.io/v1, Kind=RKEBootstrap"
2024-08-06T02:11:46.277549487Z time="2024-08-06T02:11:46Z" level=info msg="Watching metadata for management.cattle.io/v3, Kind=GroupMember"
2024-08-06T02:11:46.277557903Z time="2024-08-06T02:11:46Z" level=info msg="Watching metadata for fleet.cattle.io/v1alpha1, Kind=Content"
2024-08-06T02:11:46.277566419Z time="2024-08-06T02:11:46Z" level=info msg="Watching metadata for kubevirt.io/v1, Kind=VirtualMachine"
2024-08-06T02:11:46.277575236Z time="2024-08-06T02:11:46Z" level=info msg="Watching metadata for tinkerbell.org/v1alpha1, Kind=Workflow"
2024-08-06T02:11:46.277584674Z time="2024-08-06T02:11:46Z" level=info msg="Watching metadata for /v1, Kind=ReplicationController"
2024-08-06T02:11:46.277593752Z time="2024-08-06T02:11:46Z" level=info msg="Watching metadata for kubevirt.io/v1, Kind=KubeVirt"
2024-08-06T02:11:46.277602609Z time="2024-08-06T02:11:46Z" level=info msg="Watching metadata for helm.cattle.io/v1, Kind=HelmChart"
2024-08-06T02:11:46.277611295Z time="2024-08-06T02:11:46Z" level=info msg="Watching metadata for metal.harvesterhci.io/v1alpha1, Kind=Cluster"
2024-08-06T02:11:46.277620262Z time="2024-08-06T02:11:46Z" level=info msg="Watching metadata for provisioning.cattle.io/v1, Kind=Cluster"
2024-08-06T02:11:46.277629260Z time="2024-08-06T02:11:46Z" level=info msg="Watching metadata for catalog.cattle.io/v1, Kind=Operation"
2024-08-06T02:11:46.277646843Z time="2024-08-06T02:11:46Z" level=info msg="Watching metadata for rbac.authorization.k8s.io/v1, Kind=RoleBinding"
2024-08-06T02:11:46.277655981Z time="2024-08-06T02:11:46Z" level=info msg="Watching metadata for gitjob.cattle.io/v1, Kind=GitJob"
2024-08-06T02:11:46.277664858Z time="2024-08-06T02:11:46Z" level=info msg="Watching metadata for logging.banzaicloud.io/v1beta1, Kind=Logging"
2024-08-06T02:11:46.277674206Z time="2024-08-06T02:11:46Z" level=info msg="Watching metadata for fleet.cattle.io/v1alpha1, Kind=Bundle"
2024-08-06T02:11:46.277682792Z time="2024-08-06T02:11:46Z" level=info msg="Watching metadata for fleet.cattle.io/v1alpha1, Kind=GitRepoRestriction"
2024-08-06T02:11:46.277691078Z time="2024-08-06T02:11:46Z" level=info msg="Watching metadata for metal.harvesterhci.io/v1alpha1, Kind=Inventory"
2024-08-06T02:11:46.277699665Z time="2024-08-06T02:11:46Z" level=info msg="Watching metadata for crd.projectcalico.org/v1, Kind=IPAMHandle"
2024-08-06T02:11:46.277708361Z time="2024-08-06T02:11:46Z" level=info msg="Watching metadata for longhorn.io/v1beta2, Kind=Volume"
2024-08-06T02:11:46.277716918Z time="2024-08-06T02:11:46Z" level=info msg="Watching metadata for node.k8s.io/v1, Kind=RuntimeClass"
2024-08-06T02:11:46.277725374Z time="2024-08-06T02:11:46Z" level=info msg="Watching metadata for longhorn.io/v1beta2, Kind=Replica"
2024-08-06T02:11:46.277733970Z time="2024-08-06T02:11:46Z" level=info msg="Watching metadata for harvesterhci.io/v1beta1, Kind=UpgradeLog"
2024-08-06T02:11:46.277751534Z time="2024-08-06T02:11:46Z" level=info msg="Watching metadata for monitoring.coreos.com/v1, Kind=ServiceMonitor"
2024-08-06T02:11:46.277779177Z time="2024-08-06T02:11:46Z" level=info msg="Watching metadata for policy/v1, Kind=PodDisruptionBudget"
2024-08-06T02:11:46.277788465Z time="2024-08-06T02:11:46Z" level=info msg="Watching metadata for management.cattle.io/v3, Kind=NodeDriver"
2024-08-06T02:11:46.277797222Z time="2024-08-06T02:11:46Z" level=info msg="Watching metadata for snapshot.storage.k8s.io/v1, Kind=VolumeSnapshotClass"
2024-08-06T02:11:46.277805808Z time="2024-08-06T02:11:46Z" level=info msg="Watching metadata for loadbalancer.harvesterhci.io/v1beta1, Kind=LoadBalancer"
2024-08-06T02:11:46.277815026Z time="2024-08-06T02:11:46Z" level=info msg="Watching metadata for batch/v1, Kind=CronJob"
2024-08-06T02:11:46.277824063Z time="2024-08-06T02:11:46Z" level=info msg="Watching metadata for storage.k8s.io/v1, Kind=VolumeAttachment"
2024-08-06T02:11:46.277833261Z time="2024-08-06T02:11:46Z" level=info msg="Watching metadata for bmc.tinkerbell.org/v1alpha1, Kind=Job"
2024-08-06T02:11:46.277841947Z time="2024-08-06T02:11:46Z" level=info msg="Watching metadata for crd.projectcalico.org/v1, Kind=IPReservation"
2024-08-06T02:11:46.277859471Z time="2024-08-06T02:11:46Z" level=info msg="Watching metadata for admissionregistration.k8s.io/v1, Kind=MutatingWebhookConfiguration"
2024-08-06T02:11:46.277869660Z time="2024-08-06T02:11:46Z" level=info msg="Watching metadata for /v1, Kind=Secret"
2024-08-06T02:11:46.277880050Z time="2024-08-06T02:11:46Z" level=info msg="Watching metadata for bmc.tinkerbell.org/v1alpha1, Kind=BaseboardManagement"
2024-08-06T02:11:46.277889879Z time="2024-08-06T02:11:46Z" level=info msg="Watching metadata for logging.banzaicloud.io/v1beta1, Kind=Output"
2024-08-06T02:11:46.277899558Z time="2024-08-06T02:11:46Z" level=info msg="Watching metadata for ui.cattle.io/v1, Kind=NavLink"
2024-08-06T02:11:46.277914787Z time="2024-08-06T02:11:46Z" level=info msg="Watching metadata for crd.projectcalico.org/v1, Kind=FelixConfiguration"
2024-08-06T02:11:46.277923594Z time="2024-08-06T02:11:46Z" level=info msg="Watching metadata for crd.projectcalico.org/v1, Kind=GlobalNetworkSet"
2024-08-06T02:11:46.277932922Z time="2024-08-06T02:11:46Z" level=info msg="Watching metadata for snapshot.storage.k8s.io/v1, Kind=VolumeSnapshotContent"
2024-08-06T02:11:46.277941448Z time="2024-08-06T02:11:46Z" level=info msg="Watching metadata for longhorn.io/v1beta2, Kind=BackingImageDataSource"
2024-08-06T02:11:46.277955846Z time="2024-08-06T02:11:46Z" level=info msg="Watching metadata for /v1, Kind=Service"
2024-08-06T02:11:46.277964562Z time="2024-08-06T02:11:46Z" level=info msg="Watching metadata for network.harvesterhci.io/v1beta1, Kind=VlanStatus"
2024-08-06T02:11:46.277980403Z time="2024-08-06T02:11:46Z" level=info msg="Watching metadata for cluster.x-k8s.io/v1beta1, Kind=MachineHealthCheck"
2024-08-06T02:11:46.277989340Z time="2024-08-06T02:11:46Z" level=info msg="Watching metadata for node.harvesterhci.io/v1beta1, Kind=Ksmtuned"
2024-08-06T02:11:46.278004669Z time="2024-08-06T02:11:46Z" level=info msg="Watching metadata for tinkerbell.org/v1alpha1, Kind=Template"
2024-08-06T02:11:46.278014047Z time="2024-08-06T02:11:46Z" level=info msg="Watching metadata for node.harvesterhci.io/v1beta1, Kind=NodeConfig"
2024-08-06T02:11:46.278517111Z time="2024-08-06T02:11:46Z" level=info msg="Watching metadata for /v1, Kind=PersistentVolume"
2024-08-06T02:11:46.279343936Z time="2024-08-06T02:11:46Z" level=info msg="Watching metadata for devices.harvesterhci.io/v1beta1, Kind=SRIOVGPUDevice"
2024-08-06T02:11:46.279853673Z time="2024-08-06T02:11:46Z" level=info msg="Watching metadata for /v1, Kind=Node"
2024-08-06T02:11:46.280216879Z time="2024-08-06T02:11:46Z" level=info msg="Watching metadata for harvesterhci.io/v1beta1, Kind=SupportBundle"
2024-08-06T02:11:46.280571849Z time="2024-08-06T02:11:46Z" level=info msg="Watching metadata for management.cattle.io/v3, Kind=UserAttribute"
2024-08-06T02:11:46.280615944Z time="2024-08-06T02:11:46Z" level=info msg="Watching metadata for instancetype.kubevirt.io/v1beta1, Kind=VirtualMachineClusterPreference"
2024-08-06T02:11:46.280648125Z time="2024-08-06T02:11:46Z" level=info msg="Watching metadata for discovery.k8s.io/v1, Kind=EndpointSlice"
2024-08-06T02:11:46.280668875Z time="2024-08-06T02:11:46Z" level=info msg="Watching metadata for kubevirt.io/v1, Kind=VirtualMachineInstance"
2024-08-06T02:11:46.280679265Z time="2024-08-06T02:11:46Z" level=info msg="Watching metadata for longhorn.io/v1beta2, Kind=Setting"
2024-08-06T02:11:46.280689144Z time="2024-08-06T02:11:46Z" level=info msg="Watching metadata for apps/v1, Kind=DaemonSet"
2024-08-06T02:11:46.280697901Z time="2024-08-06T02:11:46Z" level=info msg="Watching metadata for apps/v1, Kind=ControllerRevision"
2024-08-06T02:11:46.280707299Z time="2024-08-06T02:11:46Z" level=info msg="Watching metadata for crd.projectcalico.org/v1, Kind=NetworkPolicy"
2024-08-06T02:11:46.280717739Z time="2024-08-06T02:11:46Z" level=info msg="Watching metadata for harvesterhci.io/v1beta1, Kind=Upgrade"
2024-08-06T02:11:46.280728159Z time="2024-08-06T02:11:46Z" level=info msg="Watching metadata for cluster.x-k8s.io/v1beta1, Kind=MachineDeployment"
2024-08-06T02:11:46.280738108Z time="2024-08-06T02:11:46Z" level=info msg="Watching metadata for apps/v1, Kind=ReplicaSet"
2024-08-06T02:11:46.280748207Z time="2024-08-06T02:11:46Z" level=info msg="Watching metadata for management.cattle.io/v3, Kind=PodSecurityAdmissionConfigurationTemplate"
2024-08-06T02:11:46.280758677Z time="2024-08-06T02:11:46Z" level=info msg="Watching metadata for instancetype.kubevirt.io/v1beta1, Kind=VirtualMachineClusterInstancetype"
2024-08-06T02:11:46.280768466Z time="2024-08-06T02:11:46Z" level=info msg="Watching metadata for longhorn.io/v1beta2, Kind=InstanceManager"
2024-08-06T02:11:46.280778385Z time="2024-08-06T02:11:46Z" level=info msg="Watching metadata for apps/v1, Kind=StatefulSet"
2024-08-06T02:11:46.280788364Z time="2024-08-06T02:11:46Z" level=info msg="Watching metadata for rbac.authorization.k8s.io/v1, Kind=Role"
2024-08-06T02:11:46.280797882Z time="2024-08-06T02:11:46Z" level=info msg="Watching metadata for management.cattle.io/v3, Kind=ManagedChart"
2024-08-06T02:11:46.280807100Z time="2024-08-06T02:11:46Z" level=info msg="Watching metadata for export.kubevirt.io/v1alpha1, Kind=VirtualMachineExport"
2024-08-06T02:11:46.280817149Z time="2024-08-06T02:11:46Z" level=info msg="Watching metadata for kubevirt.io/v1, Kind=VirtualMachineInstanceReplicaSet"
2024-08-06T02:11:46.280827118Z time="2024-08-06T02:11:46Z" level=info msg="Watching metadata for clone.kubevirt.io/v1alpha1, Kind=VirtualMachineClone"
2024-08-06T02:11:46.280836607Z time="2024-08-06T02:11:46Z" level=info msg="Watching metadata for management.cattle.io/v3, Kind=Preference"
2024-08-06T02:11:46.280846305Z time="2024-08-06T02:11:46Z" level=info msg="Watching metadata for fleet.cattle.io/v1alpha1, Kind=Cluster"
2024-08-06T02:11:46.280855974Z time="2024-08-06T02:11:46Z" level=info msg="Watching metadata for storage.k8s.io/v1, Kind=CSIStorageCapacity"
2024-08-06T02:11:46.280868287Z time="2024-08-06T02:11:46Z" level=info msg="Watching metadata for monitoring.coreos.com/v1, Kind=PodMonitor"
2024-08-06T02:11:46.280878407Z time="2024-08-06T02:11:46Z" level=info msg="Watching metadata for network.harvesterhci.io/v1beta1, Kind=VlanConfig"
2024-08-06T02:11:46.280888286Z time="2024-08-06T02:11:46Z" level=info msg="Watching metadata for pool.kubevirt.io/v1alpha1, Kind=VirtualMachinePool"
2024-08-06T02:11:46.280898325Z time="2024-08-06T02:11:46Z" level=info msg="Watching metadata for storage.k8s.io/v1, Kind=StorageClass"
2024-08-06T02:11:46.280932440Z time="2024-08-06T02:11:46Z" level=info msg="Watching metadata for tinkerbell.org/v1alpha1, Kind=WorkflowData"
2024-08-06T02:11:46.280943722Z time="2024-08-06T02:11:46Z" level=info msg="Watching metadata for scheduling.k8s.io/v1, Kind=PriorityClass"
2024-08-06T02:11:46.280953501Z time="2024-08-06T02:11:46Z" level=info msg="Watching metadata for longhorn.io/v1beta2, Kind=SystemRestore"
2024-08-06T02:11:46.280963991Z time="2024-08-06T02:11:46Z" level=info msg="Watching metadata for /v1, Kind=ConfigMap"
2024-08-06T02:11:46.280973569Z time="2024-08-06T02:11:46Z" level=info msg="Watching metadata for crd.projectcalico.org/v1, Kind=KubeControllersConfiguration"
2024-08-06T02:11:46.280983288Z time="2024-08-06T02:11:46Z" level=info msg="Watching metadata for longhorn.io/v1beta2, Kind=RecurringJob"
2024-08-06T02:11:46.280993427Z time="2024-08-06T02:11:46Z" level=info msg="Watching metadata for fleet.cattle.io/v1alpha1, Kind=GitRepo"
2024-08-06T02:11:46.281003907Z time="2024-08-06T02:11:46Z" level=info msg="Watching metadata for management.cattle.io/v3, Kind=APIService"
2024-08-06T02:11:46.281013926Z time="2024-08-06T02:11:46Z" level=info msg="Watching metadata for harvesterhci.io/v1beta1, Kind=Preference"
2024-08-06T02:11:46.281023475Z time="2024-08-06T02:11:46Z" level=info msg="Watching metadata for batch/v1, Kind=Job"
2024-08-06T02:11:46.281046118Z time="2024-08-06T02:11:46Z" level=info msg="Watching metadata for bmc.tinkerbell.org/v1alpha1, Kind=BMCJob"
2024-08-06T02:11:46.281055296Z time="2024-08-06T02:11:46Z" level=info msg="Watching metadata for k3s.cattle.io/v1, Kind=Addon"
2024-08-06T02:11:46.281077128Z time="2024-08-06T02:11:46Z" level=info msg="Watching metadata for snapshot.kubevirt.io/v1alpha1, Kind=VirtualMachineSnapshotContent"
2024-08-06T02:11:46.281087778Z time="2024-08-06T02:11:46Z" level=info msg="Watching metadata for management.cattle.io/v3, Kind=Token"
2024-08-06T02:11:46.281098228Z time="2024-08-06T02:11:46Z" level=info msg="Watching metadata for events.k8s.io/v1, Kind=Event"
2024-08-06T02:11:46.281107766Z time="2024-08-06T02:11:46Z" level=info msg="Watching metadata for snapshot.kubevirt.io/v1alpha1, Kind=VirtualMachineSnapshot"
2024-08-06T02:11:46.281117265Z time="2024-08-06T02:11:46Z" level=info msg="Watching metadata for metal.harvesterhci.io/v1alpha1, Kind=AddressPool"
2024-08-06T02:11:46.281127805Z time="2024-08-06T02:11:46Z" level=info msg="Watching metadata for rke.cattle.io/v1, Kind=ETCDSnapshot"
2024-08-06T02:11:46.281137553Z time="2024-08-06T02:11:46Z" level=info msg="Watching metadata for monitoring.coreos.com/v1alpha1, Kind=AlertmanagerConfig"
2024-08-06T02:11:46.281147282Z time="2024-08-06T02:11:46Z" level=info msg="Watching metadata for whereabouts.cni.cncf.io/v1alpha1, Kind=OverlappingRangeIPReservation"
2024-08-06T02:11:46.281156760Z time="2024-08-06T02:11:46Z" level=info msg="Watching metadata for crd.projectcalico.org/v1, Kind=HostEndpoint"
2024-08-06T02:11:46.281166769Z time="2024-08-06T02:11:46Z" level=info msg="Watching metadata for cluster.x-k8s.io/v1beta1, Kind=Cluster"
2024-08-06T02:11:46.281177290Z time="2024-08-06T02:11:46Z" level=info msg="Watching metadata for fleet.cattle.io/v1alpha1, Kind=ClusterGroup"
2024-08-06T02:11:46.281186728Z time="2024-08-06T02:11:46Z" level=info msg="Watching metadata for crd.projectcalico.org/v1, Kind=GlobalNetworkPolicy"
2024-08-06T02:11:46.281203119Z time="2024-08-06T02:11:46Z" level=info msg="Watching metadata for migrations.kubevirt.io/v1alpha1, Kind=MigrationPolicy"
2024-08-06T02:11:46.281212778Z time="2024-08-06T02:11:46Z" level=info msg="Watching metadata for rke.cattle.io/v1, Kind=CustomMachine"
2024-08-06T02:11:46.281222516Z time="2024-08-06T02:11:46Z" level=info msg="Watching metadata for logging.banzaicloud.io/v1beta1, Kind=ClusterOutput"
2024-08-06T02:11:46.281232175Z time="2024-08-06T02:11:46Z" level=info msg="Watching metadata for monitoring.coreos.com/v1, Kind=Prometheus"
2024-08-06T02:11:46.281261892Z time="2024-08-06T02:11:46Z" level=info msg="Watching metadata for harvesterhci.io/v1beta1, Kind=VirtualMachineRestore"
2024-08-06T02:11:46.281271570Z time="2024-08-06T02:11:46Z" level=info msg="Watching metadata for harvesterhci.io/v1beta1, Kind=KeyPair"
2024-08-06T02:11:46.281281289Z time="2024-08-06T02:11:46Z" level=info msg="Watching metadata for longhorn.io/v1beta2, Kind=ShareManager"
2024-08-06T02:11:46.281292360Z time="2024-08-06T02:11:46Z" level=info msg="Watching metadata for longhorn.io/v1beta2, Kind=Orphan"
2024-08-06T02:11:46.281301958Z time="2024-08-06T02:11:46Z" level=info msg="Watching metadata for crd.projectcalico.org/v1, Kind=BGPPeer"
2024-08-06T02:11:46.281310906Z time="2024-08-06T02:11:46Z" level=info msg="Watching metadata for upgrade.cattle.io/v1, Kind=Plan"
2024-08-06T02:11:46.281320875Z time="2024-08-06T02:11:46Z" level=info msg="Watching metadata for harvesterhci.io/v1beta1, Kind=Setting"
2024-08-06T02:11:46.281330132Z time="2024-08-06T02:11:46Z" level=info msg="Watching metadata for management.cattle.io/v3, Kind=User"
2024-08-06T02:11:46.281340663Z time="2024-08-06T02:11:46Z" level=info msg="Watching metadata for devices.harvesterhci.io/v1beta1, Kind=VGPUDevice"
2024-08-06T02:11:46.281350331Z time="2024-08-06T02:11:46Z" level=info msg="Watching metadata for management.cattle.io/v3, Kind=Setting"
2024-08-06T02:11:46.281359789Z time="2024-08-06T02:11:46Z" level=info msg="Watching metadata for management.cattle.io/v3, Kind=Feature"
2024-08-06T02:11:46.281370610Z time="2024-08-06T02:11:46Z" level=info msg="Watching metadata for crd.projectcalico.org/v1, Kind=BlockAffinity"
2024-08-06T02:11:46.281380749Z time="2024-08-06T02:11:46Z" level=info msg="Watching metadata for network.harvesterhci.io/v1beta1, Kind=ClusterNetwork"
2024-08-06T02:11:46.281391119Z time="2024-08-06T02:11:46Z" level=info msg="Watching metadata for management.cattle.io/v3, Kind=Group"
2024-08-06T02:11:46.300086517Z W0806 02:11:46.299979       7 warnings.go:70] kubevirt.io/v1 VirtualMachineInstancePresets is now deprecated and will be removed in v2.
2024-08-06T02:11:46.304595938Z W0806 02:11:46.304554       7 warnings.go:70] kubevirt.io/v1 VirtualMachineInstancePresets is now deprecated and will be removed in v2.
2024-08-06T02:18:25.933091269Z W0806 02:18:25.932939       7 warnings.go:70] unknown field "metadata.fields"
2024-08-06T02:18:25.933150951Z W0806 02:18:25.932962       7 warnings.go:70] unknown field "metadata.relationships"
2024-08-06T02:18:25.933162082Z W0806 02:18:25.932968       7 warnings.go:70] unknown field "metadata.state"
2024-08-06T02:19:14.301904244Z W0806 02:19:14.301778       7 warnings.go:70] kubevirt.io/v1 VirtualMachineInstancePresets is now deprecated and will be removed in v2.
2024-08-06T02:19:18.969457707Z time="2024-08-06T02:19:18Z" level=error msg="Error during subscribe websocket: close sent"
2024-08-06T02:21:25.277299803Z W0806 02:21:25.277171       7 warnings.go:70] unknown field "metadata.fields"
2024-08-06T02:21:25.277370928Z W0806 02:21:25.277202       7 warnings.go:70] unknown field "metadata.relationships"
2024-08-06T02:21:25.277382520Z W0806 02:21:25.277209       7 warnings.go:70] unknown field "metadata.state"
2024-08-06T02:21:26.895709744Z W0806 02:21:26.895619       7 warnings.go:70] v1 ComponentStatus is deprecated in v1.19+
2024-08-06T02:21:26.907202200Z W0806 02:21:26.907105       7 warnings.go:70] kubevirt.io/v1 VirtualMachineInstancePresets is now deprecated and will be removed in v2.
2024-08-06T02:21:29.687900669Z W0806 02:21:29.687782       7 warnings.go:70] v1 ComponentStatus is deprecated in v1.19+
2024-08-06T02:21:29.690535482Z W0806 02:21:29.690495       7 warnings.go:70] kubevirt.io/v1 VirtualMachineInstancePresets is now deprecated and will be removed in v2.
2024-08-06T02:21:31.964951704Z W0806 02:21:31.964861       7 warnings.go:70] kubevirt.io/v1 VirtualMachineInstancePresets is now deprecated and will be removed in v2.
2024-08-06T02:21:31.991388729Z W0806 02:21:31.991303       7 warnings.go:70] v1 ComponentStatus is deprecated in v1.19+
2024-08-06T02:21:34.800419235Z W0806 02:21:34.800245       7 warnings.go:70] kubevirt.io/v1 VirtualMachineInstancePresets is now deprecated and will be removed in v2.
2024-08-06T02:21:34.820568976Z W0806 02:21:34.820483       7 warnings.go:70] v1 ComponentStatus is deprecated in v1.19+
2024-08-06T02:25:01.308839636Z W0806 02:25:01.308706       7 warnings.go:70] kubevirt.io/v1 VirtualMachineInstancePresets is now deprecated and will be removed in v2.
2024-08-06T02:30:37.315027377Z W0806 02:30:37.314873       7 warnings.go:70] kubevirt.io/v1 VirtualMachineInstancePresets is now deprecated and will be removed in v2.
2024-08-06T02:38:55.309541030Z W0806 02:38:55.309407       7 warnings.go:70] kubevirt.io/v1 VirtualMachineInstancePresets is now deprecated and will be removed in v2.
2024-08-06T02:48:50.315546812Z W0806 02:48:50.315413       7 warnings.go:70] kubevirt.io/v1 VirtualMachineInstancePresets is now deprecated and will be removed in v2.
2024-08-06T02:51:35.545273841Z W0806 02:51:35.545178       7 transport.go:301] Unable to cancel request for *client.addQuery
2024-08-06T02:51:35.631410394Z W0806 02:51:35.631322       7 transport.go:301] Unable to cancel request for *client.addQuery
2024-08-06T02:51:35.638717848Z W0806 02:51:35.638638       7 transport.go:301] Unable to cancel request for *client.addQuery
2024-08-06T02:51:35.645124123Z W0806 02:51:35.645041       7 transport.go:301] Unable to cancel request for *client.addQuery
2024-08-06T02:51:35.697130761Z W0806 02:51:35.697038       7 transport.go:301] Unable to cancel request for *client.addQuery
2024-08-06T02:51:35.697156420Z W0806 02:51:35.697064       7 transport.go:301] Unable to cancel request for *client.addQuery
2024-08-06T02:51:35.729875671Z W0806 02:51:35.729763       7 transport.go:301] Unable to cancel request for *client.addQuery
2024-08-06T02:51:35.781937212Z W0806 02:51:35.781824       7 transport.go:301] Unable to cancel request for *client.addQuery
2024-08-06T02:51:35.791165267Z W0806 02:51:35.790990       7 transport.go:301] Unable to cancel request for *client.addQuery
2024-08-06T02:51:35.855984595Z W0806 02:51:35.855706       7 transport.go:301] Unable to cancel request for *client.addQuery
2024-08-06T02:51:35.905099360Z W0806 02:51:35.904961       7 transport.go:301] Unable to cancel request for *client.addQuery
2024-08-06T02:51:35.987821580Z W0806 02:51:35.987661       7 transport.go:301] Unable to cancel request for *client.addQuery
2024-08-06T02:53:56.940211573Z W0806 02:53:56.940093       7 transport.go:301] Unable to cancel request for *client.addQuery
2024-08-06T02:53:56.947319419Z W0806 02:53:56.947029       7 transport.go:301] Unable to cancel request for *client.addQuery
2024-08-06T02:53:56.951542670Z W0806 02:53:56.951323       7 transport.go:301] Unable to cancel request for *client.addQuery
2024-08-06T02:53:59.006712791Z W0806 02:53:59.006609       7 transport.go:301] Unable to cancel request for *client.addQuery
2024-08-06T02:53:59.253589927Z W0806 02:53:59.253425       7 transport.go:301] Unable to cancel request for *client.addQuery
2024-08-06T02:54:19.133082997Z W0806 02:54:19.132918       7 transport.go:301] Unable to cancel request for *client.addQuery
2024-08-06T02:54:19.133131519Z W0806 02:54:19.132968       7 transport.go:301] Unable to cancel request for *client.addQuery
2024-08-06T02:54:19.133324645Z W0806 02:54:19.133224       7 transport.go:301] Unable to cancel request for *client.addQuery
2024-08-06T02:54:19.144595736Z W0806 02:54:19.144273       7 transport.go:301] Unable to cancel request for *client.addQuery
2024-08-06T02:54:19.789947134Z W0806 02:54:19.789735       7 transport.go:301] Unable to cancel request for *client.addQuery
2024-08-06T02:54:20.830630763Z W0806 02:54:20.830481       7 transport.go:301] Unable to cancel request for *client.addQuery
2024-08-06T02:56:59.324611013Z W0806 02:56:59.324277       7 warnings.go:70] kubevirt.io/v1 VirtualMachineInstancePresets is now deprecated and will be removed in v2.
2024-08-06T03:04:43.329314225Z W0806 03:04:43.329180       7 warnings.go:70] kubevirt.io/v1 VirtualMachineInstancePresets is now deprecated and will be removed in v2.
2024-08-06T03:10:36.316914831Z W0806 03:10:36.316763       7 warnings.go:70] kubevirt.io/v1 VirtualMachineInstancePresets is now deprecated and will be removed in v2.
2024-08-06T03:19:12.310881696Z W0806 03:19:12.310778       7 warnings.go:70] kubevirt.io/v1 VirtualMachineInstancePresets is now deprecated and will be removed in v2.
2024-08-06T03:28:50.320091506Z W0806 03:28:50.319960       7 warnings.go:70] kubevirt.io/v1 VirtualMachineInstancePresets is now deprecated and will be removed in v2.
2024-08-06T03:35:55.325755983Z W0806 03:35:55.325602       7 warnings.go:70] kubevirt.io/v1 VirtualMachineInstancePresets is now deprecated and will be removed in v2.
2024-08-06T03:41:19.322891869Z W0806 03:41:19.322652       7 warnings.go:70] kubevirt.io/v1 VirtualMachineInstancePresets is now deprecated and will be removed in v2.
2024-08-06T03:47:56.455414600Z W0806 03:47:56.455178       7 transport.go:301] Unable to cancel request for *client.addQuery
2024-08-06T03:49:49.316742562Z W0806 03:49:49.316552       7 warnings.go:70] kubevirt.io/v1 VirtualMachineInstancePresets is now deprecated and will be removed in v2.
2024-08-06T03:57:21.317420282Z W0806 03:57:21.317294       7 warnings.go:70] kubevirt.io/v1 VirtualMachineInstancePresets is now deprecated and will be removed in v2.
2024-08-06T04:06:05.320781799Z W0806 04:06:05.320653       7 warnings.go:70] kubevirt.io/v1 VirtualMachineInstancePresets is now deprecated and will be removed in v2.
2024-08-06T04:15:06.322352966Z W0806 04:15:06.322212       7 warnings.go:70] kubevirt.io/v1 VirtualMachineInstancePresets is now deprecated and will be removed in v2.
2024-08-06T04:21:52.449825628Z W0806 04:21:52.449668       7 transport.go:301] Unable to cancel request for *client.addQuery
2024-08-06T04:21:52.449904638Z W0806 04:21:52.449708       7 transport.go:301] Unable to cancel request for *client.addQuery
2024-08-06T04:21:52.449942630Z W0806 04:21:52.449763       7 transport.go:301] Unable to cancel request for *client.addQuery
2024-08-06T04:21:52.449996492Z W0806 04:21:52.449814       7 transport.go:301] Unable to cancel request for *client.addQuery
2024-08-06T04:21:52.450000730Z W0806 04:21:52.449825       7 transport.go:301] Unable to cancel request for *client.addQuery
2024-08-06T04:21:52.450004597Z W0806 04:21:52.449852       7 transport.go:301] Unable to cancel request for *client.addQuery
2024-08-06T04:21:52.450016359Z W0806 04:21:52.449888       7 transport.go:301] Unable to cancel request for *client.addQuery
2024-08-06T04:21:52.450020096Z W0806 04:21:52.449911       7 transport.go:301] Unable to cancel request for *client.addQuery
2024-08-06T04:21:52.450023653Z W0806 04:21:52.449917       7 transport.go:301] Unable to cancel request for *client.addQuery
2024-08-06T04:21:52.450036898Z W0806 04:21:52.449808       7 transport.go:301] Unable to cancel request for *client.addQuery
2024-08-06T04:21:52.450040776Z W0806 04:21:52.449931       7 transport.go:301] Unable to cancel request for *client.addQuery
2024-08-06T04:21:52.450051235Z W0806 04:21:52.449974       7 transport.go:301] Unable to cancel request for *client.addQuery
2024-08-06T04:22:27.323010887Z W0806 04:22:27.322863       7 warnings.go:70] kubevirt.io/v1 VirtualMachineInstancePresets is now deprecated and will be removed in v2.
2024-08-06T04:24:13.432782180Z W0806 04:24:13.432394       7 transport.go:301] Unable to cancel request for *client.addQuery
2024-08-06T04:24:13.432834298Z W0806 04:24:13.432461       7 transport.go:301] Unable to cancel request for *client.addQuery
2024-08-06T04:24:13.432844668Z W0806 04:24:13.432492       7 transport.go:301] Unable to cancel request for *client.addQuery
2024-08-06T04:24:15.435544278Z W0806 04:24:15.435215       7 transport.go:301] Unable to cancel request for *client.addQuery
2024-08-06T04:24:15.435589294Z W0806 04:24:15.435286       7 transport.go:301] Unable to cancel request for *client.addQuery
2024-08-06T04:24:35.432619869Z W0806 04:24:35.432432       7 transport.go:301] Unable to cancel request for *client.addQuery
2024-08-06T04:24:35.432688740Z W0806 04:24:35.432483       7 transport.go:301] Unable to cancel request for *client.addQuery
2024-08-06T04:24:35.432698288Z W0806 04:24:35.432495       7 transport.go:301] Unable to cancel request for *client.addQuery
2024-08-06T04:24:35.432723215Z W0806 04:24:35.432567       7 transport.go:301] Unable to cancel request for *client.addQuery
2024-08-06T04:24:36.435967725Z W0806 04:24:36.435798       7 transport.go:301] Unable to cancel request for *client.addQuery
2024-08-06T04:24:37.437353543Z W0806 04:24:37.437229       7 transport.go:301] Unable to cancel request for *client.addQuery
2024-08-06T04:29:11.324488247Z W0806 04:29:11.324329       7 warnings.go:70] kubevirt.io/v1 VirtualMachineInstancePresets is now deprecated and will be removed in v2.
2024-08-06T04:36:25.326738240Z W0806 04:36:25.326619       7 warnings.go:70] kubevirt.io/v1 VirtualMachineInstancePresets is now deprecated and will be removed in v2.
2024-08-06T04:46:16.329297551Z W0806 04:46:16.329143       7 warnings.go:70] kubevirt.io/v1 VirtualMachineInstancePresets is now deprecated and will be removed in v2.
2024-08-06T04:48:08.421471496Z W0806 04:48:08.421136       7 transport.go:301] Unable to cancel request for *client.addQuery
2024-08-06T04:51:58.421193856Z W0806 04:51:58.421039       7 transport.go:301] Unable to cancel request for *client.addQuery
2024-08-06T04:51:58.421249431Z W0806 04:51:58.421093       7 transport.go:301] Unable to cancel request for *client.addQuery
2024-08-06T04:51:58.421261564Z W0806 04:51:58.421120       7 transport.go:301] Unable to cancel request for *client.addQuery
2024-08-06T04:51:58.421270100Z W0806 04:51:58.421129       7 transport.go:301] Unable to cancel request for *client.addQuery
2024-08-06T04:51:58.421294286Z W0806 04:51:58.421185       7 transport.go:301] Unable to cancel request for *client.addQuery
2024-08-06T04:51:58.421304736Z W0806 04:51:58.421174       7 transport.go:301] Unable to cancel request for *client.addQuery
2024-08-06T04:51:58.421322690Z W0806 04:51:58.421209       7 transport.go:301] Unable to cancel request for *client.addQuery
2024-08-06T04:51:58.421368527Z W0806 04:51:58.421284       7 transport.go:301] Unable to cancel request for *client.addQuery
2024-08-06T04:51:58.421414985Z W0806 04:51:58.421296       7 transport.go:301] Unable to cancel request for *client.addQuery
2024-08-06T04:51:58.421439952Z W0806 04:51:58.421316       7 transport.go:301] Unable to cancel request for *client.addQuery
2024-08-06T04:51:58.421449110Z W0806 04:51:58.421344       7 transport.go:301] Unable to cancel request for *client.addQuery
2024-08-06T04:51:58.421457105Z W0806 04:51:58.421370       7 transport.go:301] Unable to cancel request for *client.addQuery
2024-08-06T04:52:17.328516579Z W0806 04:52:17.328377       7 warnings.go:70] kubevirt.io/v1 VirtualMachineInstancePresets is now deprecated and will be removed in v2.
2024-08-06T04:54:19.424221863Z W0806 04:54:19.424034       7 transport.go:301] Unable to cancel request for *client.addQuery
2024-08-06T04:54:21.410074735Z W0806 04:54:21.409954       7 transport.go:301] Unable to cancel request for *client.addQuery
2024-08-06T04:54:21.410128627Z W0806 04:54:21.409990       7 transport.go:301] Unable to cancel request for *client.addQuery
2024-08-06T04:54:41.411104982Z W0806 04:54:41.410827       7 transport.go:301] Unable to cancel request for *client.addQuery
2024-08-06T04:54:41.411162521Z W0806 04:54:41.410869       7 transport.go:301] Unable to cancel request for *client.addQuery
2024-08-06T04:54:41.411171909Z W0806 04:54:41.410887       7 transport.go:301] Unable to cancel request for *client.addQuery
2024-08-06T04:54:41.411180425Z W0806 04:54:41.410905       7 transport.go:301] Unable to cancel request for *client.addQuery
2024-08-06T04:54:42.420601512Z W0806 04:54:42.420441       7 transport.go:301] Unable to cancel request for *client.addQuery
2024-08-06T04:54:43.410676202Z W0806 04:54:43.410364       7 transport.go:301] Unable to cancel request for *client.addQuery
2024-08-06T05:01:04.328964628Z W0806 05:01:04.328799       7 warnings.go:70] kubevirt.io/v1 VirtualMachineInstancePresets is now deprecated and will be removed in v2.
2024-08-06T05:06:52.330626722Z W0806 05:06:52.330507       7 warnings.go:70] kubevirt.io/v1 VirtualMachineInstancePresets is now deprecated and will be removed in v2.
2024-08-06T05:13:17.332012718Z W0806 05:13:17.331857       7 warnings.go:70] kubevirt.io/v1 VirtualMachineInstancePresets is now deprecated and will be removed in v2.
2024-08-06T05:20:56.333430334Z W0806 05:20:56.333284       7 warnings.go:70] kubevirt.io/v1 VirtualMachineInstancePresets is now deprecated and will be removed in v2.
2024-08-06T05:22:04.396755533Z W0806 05:22:04.396557       7 transport.go:301] Unable to cancel request for *client.addQuery
2024-08-06T05:22:04.396875911Z W0806 05:22:04.396749       7 transport.go:301] Unable to cancel request for *client.addQuery
2024-08-06T05:22:04.396954429Z W0806 05:22:04.396887       7 transport.go:301] Unable to cancel request for *client.addQuery
2024-08-06T05:22:04.396990798Z W0806 05:22:04.396929       7 transport.go:301] Unable to cancel request for *client.addQuery
2024-08-06T05:22:04.397025624Z W0806 05:22:04.396985       7 transport.go:301] Unable to cancel request for *client.addQuery
2024-08-06T05:22:04.397037016Z W0806 05:22:04.397000       7 transport.go:301] Unable to cancel request for *client.addQuery
2024-08-06T05:22:04.397054068Z W0806 05:22:04.397032       7 transport.go:301] Unable to cancel request for *client.addQuery
2024-08-06T05:22:04.397181890Z W0806 05:22:04.397108       7 transport.go:301] Unable to cancel request for *client.addQuery
2024-08-06T05:24:47.396351083Z W0806 05:24:47.396124       7 transport.go:301] Unable to cancel request for *client.addQuery
2024-08-06T05:27:36.334599187Z W0806 05:27:36.334503       7 warnings.go:70] kubevirt.io/v1 VirtualMachineInstancePresets is now deprecated and will be removed in v2.
2024-08-06T05:35:18.336201120Z W0806 05:35:18.336020       7 warnings.go:70] kubevirt.io/v1 VirtualMachineInstancePresets is now deprecated and will be removed in v2.
2024-08-06T05:40:55.338244471Z W0806 05:40:55.338109       7 warnings.go:70] kubevirt.io/v1 VirtualMachineInstancePresets is now deprecated and will be removed in v2.
2024-08-06T05:50:14.339200401Z W0806 05:50:14.339020       7 warnings.go:70] kubevirt.io/v1 VirtualMachineInstancePresets is now deprecated and will be removed in v2.
2024-08-06T05:52:10.378030142Z W0806 05:52:10.377868       7 transport.go:301] Unable to cancel request for *client.addQuery
2024-08-06T05:52:10.378100686Z W0806 05:52:10.377926       7 transport.go:301] Unable to cancel request for *client.addQuery
2024-08-06T05:52:10.378112318Z W0806 05:52:10.377942       7 transport.go:301] Unable to cancel request for *client.addQuery
2024-08-06T05:52:10.378151171Z W0806 05:52:10.377974       7 transport.go:301] Unable to cancel request for *client.addQuery
2024-08-06T05:52:10.378159657Z W0806 05:52:10.377982       7 transport.go:301] Unable to cancel request for *client.addQuery
2024-08-06T05:52:10.378190856Z W0806 05:52:10.378006       7 transport.go:301] Unable to cancel request for *client.addQuery
2024-08-06T05:52:10.378214541Z W0806 05:52:10.378055       7 transport.go:301] Unable to cancel request for *client.addQuery
2024-08-06T05:52:10.378223989Z W0806 05:52:10.378081       7 transport.go:301] Unable to cancel request for *client.addQuery
2024-08-06T05:52:10.378232065Z W0806 05:52:10.378119       7 transport.go:301] Unable to cancel request for *client.addQuery
2024-08-06T05:52:10.378245600Z W0806 05:52:10.378152       7 transport.go:301] Unable to cancel request for *client.addQuery
2024-08-06T05:52:10.378253716Z W0806 05:52:10.378174       7 transport.go:301] Unable to cancel request for *client.addQuery
2024-08-06T05:54:31.367700882Z W0806 05:54:31.367577       7 transport.go:301] Unable to cancel request for *client.addQuery
2024-08-06T05:54:33.370525498Z W0806 05:54:33.370398       7 transport.go:301] Unable to cancel request for *client.addQuery
2024-08-06T05:54:33.370583157Z W0806 05:54:33.370467       7 transport.go:301] Unable to cancel request for *client.addQuery
2024-08-06T05:54:53.366878782Z W0806 05:54:53.366708       7 transport.go:301] Unable to cancel request for *client.addQuery
2024-08-06T05:54:53.366939828Z W0806 05:54:53.366747       7 transport.go:301] Unable to cancel request for *client.addQuery
2024-08-06T05:54:53.366952442Z W0806 05:54:53.366809       7 transport.go:301] Unable to cancel request for *client.addQuery
2024-08-06T05:54:53.366961910Z W0806 05:54:53.366842       7 transport.go:301] Unable to cancel request for *client.addQuery
2024-08-06T05:59:39.340577564Z W0806 05:59:39.340277       7 warnings.go:70] kubevirt.io/v1 VirtualMachineInstancePresets is now deprecated and will be removed in v2.
2024-08-06T06:06:48.341561137Z W0806 06:06:48.341432       7 warnings.go:70] kubevirt.io/v1 VirtualMachineInstancePresets is now deprecated and will be removed in v2.
2024-08-06T06:13:46.343828401Z W0806 06:13:46.343652       7 warnings.go:70] kubevirt.io/v1 VirtualMachineInstancePresets is now deprecated and will be removed in v2.
2024-08-06T06:18:25.359060112Z W0806 06:18:25.358811       7 transport.go:301] Unable to cancel request for *client.addQuery
2024-08-06T06:21:40.345423130Z W0806 06:21:40.345307       7 warnings.go:70] kubevirt.io/v1 VirtualMachineInstancePresets is now deprecated and will be removed in v2.
2024-08-06T06:22:16.358511990Z W0806 06:22:16.358237       7 transport.go:301] Unable to cancel request for *client.addQuery
2024-08-06T06:22:16.358568798Z W0806 06:22:16.358406       7 transport.go:301] Unable to cancel request for *client.addQuery
2024-08-06T06:22:16.358581522Z W0806 06:22:16.358450       7 transport.go:301] Unable to cancel request for *client.addQuery
2024-08-06T06:22:16.358609665Z W0806 06:22:16.358495       7 transport.go:301] Unable to cancel request for *client.addQuery
2024-08-06T06:22:16.358628882Z W0806 06:22:16.358520       7 transport.go:301] Unable to cancel request for *client.addQuery
2024-08-06T06:22:16.358647497Z W0806 06:22:16.358583       7 transport.go:301] Unable to cancel request for *client.addQuery
2024-08-06T06:22:16.358674007Z W0806 06:22:16.358606       7 transport.go:301] Unable to cancel request for *client.addQuery
2024-08-06T06:22:16.358731887Z W0806 06:22:16.358641       7 transport.go:301] Unable to cancel request for *client.addQuery
2024-08-06T06:22:16.358786711Z W0806 06:22:16.358671       7 transport.go:301] Unable to cancel request for *client.addQuery
2024-08-06T06:22:16.358837918Z W0806 06:22:16.358682       7 transport.go:301] Unable to cancel request for *client.addQuery
2024-08-06T06:22:16.358842186Z W0806 06:22:16.358694       7 transport.go:301] Unable to cancel request for *client.addQuery
2024-08-06T06:22:16.358851864Z W0806 06:22:16.358722       7 transport.go:301] Unable to cancel request for *client.addQuery
2024-08-06T06:24:37.347280677Z W0806 06:24:37.347115       7 transport.go:301] Unable to cancel request for *client.addQuery
2024-08-06T06:24:37.347335381Z W0806 06:24:37.347197       7 transport.go:301] Unable to cancel request for *client.addQuery
2024-08-06T06:24:37.347345640Z W0806 06:24:37.347212       7 transport.go:301] Unable to cancel request for *client.addQuery
2024-08-06T06:24:39.344193927Z W0806 06:24:39.344033       7 transport.go:301] Unable to cancel request for *client.addQuery
2024-08-06T06:24:39.344266735Z W0806 06:24:39.344091       7 transport.go:301] Unable to cancel request for *client.addQuery
2024-08-06T06:24:59.354922677Z W0806 06:24:59.354776       7 transport.go:301] Unable to cancel request for *client.addQuery
2024-08-06T06:24:59.354981108Z W0806 06:24:59.354827       7 transport.go:301] Unable to cancel request for *client.addQuery
2024-08-06T06:24:59.355255177Z W0806 06:24:59.355114       7 transport.go:301] Unable to cancel request for *client.addQuery
2024-08-06T06:24:59.355302577Z W0806 06:24:59.355114       7 transport.go:301] Unable to cancel request for *client.addQuery
2024-08-06T06:25:00.353700740Z W0806 06:25:00.353567       7 transport.go:301] Unable to cancel request for *client.addQuery
2024-08-06T06:25:01.353831225Z W0806 06:25:01.353665       7 transport.go:301] Unable to cancel request for *client.addQuery
2024-08-06T06:30:34.347471087Z W0806 06:30:34.347330       7 warnings.go:70] kubevirt.io/v1 VirtualMachineInstancePresets is now deprecated and will be removed in v2.
2024-08-06T06:38:58.349873103Z W0806 06:38:58.349754       7 warnings.go:70] kubevirt.io/v1 VirtualMachineInstancePresets is now deprecated and will be removed in v2.
2024-08-06T06:45:48.352052638Z W0806 06:45:48.351841       7 warnings.go:70] kubevirt.io/v1 VirtualMachineInstancePresets is now deprecated and will be removed in v2.
2024-08-06T06:48:31.331394042Z W0806 06:48:31.331116       7 transport.go:301] Unable to cancel request for *client.addQuery
2024-08-06T06:52:21.353659076Z W0806 06:52:21.353566       7 warnings.go:70] kubevirt.io/v1 VirtualMachineInstancePresets is now deprecated and will be removed in v2.
2024-08-06T06:52:22.323300972Z W0806 06:52:22.322959       7 transport.go:301] Unable to cancel request for *client.addQuery
2024-08-06T06:52:22.323345847Z W0806 06:52:22.323000       7 transport.go:301] Unable to cancel request for *client.addQuery
2024-08-06T06:52:22.323355445Z W0806 06:52:22.323027       7 transport.go:301] Unable to cancel request for *client.addQuery
2024-08-06T06:52:22.323363300Z W0806 06:52:22.323052       7 transport.go:301] Unable to cancel request for *client.addQuery
2024-08-06T06:52:22.323371335Z W0806 06:52:22.323051       7 transport.go:301] Unable to cancel request for *client.addQuery
2024-08-06T06:52:22.323379140Z W0806 06:52:22.323108       7 transport.go:301] Unable to cancel request for *client.addQuery
2024-08-06T06:52:22.323387786Z W0806 06:52:22.323242       7 transport.go:301] Unable to cancel request for *client.addQuery
2024-08-06T06:52:22.323409397Z W0806 06:52:22.323275       7 transport.go:301] Unable to cancel request for *client.addQuery
2024-08-06T06:52:22.323426329Z W0806 06:52:22.323298       7 transport.go:301] Unable to cancel request for *client.addQuery
2024-08-06T06:52:22.323434835Z W0806 06:52:22.323319       7 transport.go:301] Unable to cancel request for *client.addQuery
2024-08-06T06:52:22.323442700Z W0806 06:52:22.323321       7 transport.go:301] Unable to cancel request for *client.addQuery
2024-08-06T06:52:22.323489449Z W0806 06:52:22.323398       7 transport.go:301] Unable to cancel request for *client.addQuery
2024-08-06T06:54:43.320194280Z W0806 06:54:43.320045       7 transport.go:301] Unable to cancel request for *client.addQuery
2024-08-06T06:54:43.320268961Z W0806 06:54:43.320123       7 transport.go:301] Unable to cancel request for *client.addQuery
2024-08-06T06:54:43.320278880Z W0806 06:54:43.320161       7 transport.go:301] Unable to cancel request for *client.addQuery
2024-08-06T06:54:45.322650039Z W0806 06:54:45.322511       7 transport.go:301] Unable to cancel request for *client.addQuery
2024-08-06T06:54:45.322690737Z W0806 06:54:45.322558       7 transport.go:301] Unable to cancel request for *client.addQuery
2024-08-06T06:55:05.333353974Z W0806 06:55:05.333210       7 transport.go:301] Unable to cancel request for *client.addQuery
2024-08-06T06:55:05.333403829Z W0806 06:55:05.333255       7 transport.go:301] Unable to cancel request for *client.addQuery
2024-08-06T06:55:05.333409229Z W0806 06:55:05.333298       7 transport.go:301] Unable to cancel request for *client.addQuery
2024-08-06T06:55:05.333427053Z W0806 06:55:05.333329       7 transport.go:301] Unable to cancel request for *client.addQuery
2024-08-06T06:55:06.335397482Z W0806 06:55:06.335322       7 transport.go:301] Unable to cancel request for *client.addQuery
2024-08-06T06:55:07.319646385Z W0806 06:55:07.319530       7 transport.go:301] Unable to cancel request for *client.addQuery
2024-08-06T07:00:01.355481438Z W0806 07:00:01.355361       7 warnings.go:70] kubevirt.io/v1 VirtualMachineInstancePresets is now deprecated and will be removed in v2.
2024-08-06T07:08:42.357432581Z W0806 07:08:42.357285       7 warnings.go:70] kubevirt.io/v1 VirtualMachineInstancePresets is now deprecated and will be removed in v2.
2024-08-06T07:16:01.358180107Z W0806 07:16:01.358008       7 warnings.go:70] kubevirt.io/v1 VirtualMachineInstancePresets is now deprecated and will be removed in v2.
2024-08-06T07:18:37.310001319Z W0806 07:18:37.309847       7 transport.go:301] Unable to cancel request for *client.addQuery
2024-08-06T07:22:28.309927081Z W0806 07:22:28.309722       7 transport.go:301] Unable to cancel request for *client.addQuery
2024-08-06T07:22:28.310012774Z W0806 07:22:28.309747       7 transport.go:301] Unable to cancel request for *client.addQuery
2024-08-06T07:22:28.310023274Z W0806 07:22:28.309763       7 transport.go:301] Unable to cancel request for *client.addQuery
2024-08-06T07:22:28.310031309Z W0806 07:22:28.309784       7 transport.go:301] Unable to cancel request for *client.addQuery
2024-08-06T07:22:28.310039745Z W0806 07:22:28.309798       7 transport.go:301] Unable to cancel request for *client.addQuery
2024-08-06T07:22:28.310048742Z W0806 07:22:28.309815       7 transport.go:301] Unable to cancel request for *client.addQuery
2024-08-06T07:22:28.310056857Z W0806 07:22:28.309846       7 transport.go:301] Unable to cancel request for *client.addQuery
2024-08-06T07:22:28.310066135Z W0806 07:22:28.309859       7 transport.go:301] Unable to cancel request for *client.addQuery
2024-08-06T07:22:28.310089399Z W0806 07:22:28.309880       7 transport.go:301] Unable to cancel request for *client.addQuery
2024-08-06T07:22:28.310097685Z W0806 07:22:28.309898       7 transport.go:301] Unable to cancel request for *client.addQuery
2024-08-06T07:22:28.310105520Z W0806 07:22:28.309898       7 transport.go:301] Unable to cancel request for *client.addQuery
2024-08-06T07:22:28.310113775Z W0806 07:22:28.309930       7 transport.go:301] Unable to cancel request for *client.addQuery
2024-08-06T07:24:49.310856068Z W0806 07:24:49.310659       7 transport.go:301] Unable to cancel request for *client.addQuery
2024-08-06T07:24:49.310955667Z W0806 07:24:49.310717       7 transport.go:301] Unable to cancel request for *client.addQuery
2024-08-06T07:24:49.310967269Z W0806 07:24:49.310773       7 transport.go:301] Unable to cancel request for *client.addQuery
2024-08-06T07:24:51.300641622Z W0806 07:24:51.300455       7 transport.go:301] Unable to cancel request for *client.addQuery
2024-08-06T07:24:51.300685645Z W0806 07:24:51.300483       7 transport.go:301] Unable to cancel request for *client.addQuery
2024-08-06T07:25:11.304792965Z W0806 07:25:11.304444       7 transport.go:301] Unable to cancel request for *client.addQuery
2024-08-06T07:25:11.304859200Z W0806 07:25:11.304512       7 transport.go:301] Unable to cancel request for *client.addQuery
2024-08-06T07:25:11.304869360Z W0806 07:25:11.304549       7 transport.go:301] Unable to cancel request for *client.addQuery
2024-08-06T07:25:11.304877315Z W0806 07:25:11.304581       7 transport.go:301] Unable to cancel request for *client.addQuery
2024-08-06T07:25:12.302759438Z W0806 07:25:12.302615       7 transport.go:301] Unable to cancel request for *client.addQuery
2024-08-06T07:25:13.304753324Z W0806 07:25:13.304472       7 transport.go:301] Unable to cancel request for *client.addQuery
2024-08-06T07:25:31.360238203Z W0806 07:25:31.360131       7 warnings.go:70] kubevirt.io/v1 VirtualMachineInstancePresets is now deprecated and will be removed in v2.
2024-08-06T07:26:02.170501616Z time="2024-08-06T07:26:02Z" level=error msg="Error during subscribe io: read/write on closed pipe"
2024-08-06T07:33:14.362288356Z W0806 07:33:14.362144       7 warnings.go:70] kubevirt.io/v1 VirtualMachineInstancePresets is now deprecated and will be removed in v2.
2024-08-06T07:40:17.363369927Z W0806 07:40:17.363123       7 warnings.go:70] kubevirt.io/v1 VirtualMachineInstancePresets is now deprecated and will be removed in v2.
2024-08-06T07:46:29.364619866Z W0806 07:46:29.364424       7 warnings.go:70] kubevirt.io/v1 VirtualMachineInstancePresets is now deprecated and will be removed in v2.
2024-08-06T07:55:23.365958705Z W0806 07:55:23.365780       7 warnings.go:70] kubevirt.io/v1 VirtualMachineInstancePresets is now deprecated and will be removed in v2.
2024-08-06T08:05:11.367307344Z W0806 08:05:11.367140       7 warnings.go:70] kubevirt.io/v1 VirtualMachineInstancePresets is now deprecated and will be removed in v2.
2024-08-06T08:11:18.368390135Z W0806 08:11:18.368266       7 warnings.go:70] kubevirt.io/v1 VirtualMachineInstancePresets is now deprecated and will be removed in v2.
2024-08-06T08:21:06.370300092Z W0806 08:21:06.370175       7 warnings.go:70] kubevirt.io/v1 VirtualMachineInstancePresets is now deprecated and will be removed in v2.
2024-08-06T08:26:58.372543824Z W0806 08:26:58.372372       7 warnings.go:70] kubevirt.io/v1 VirtualMachineInstancePresets is now deprecated and will be removed in v2.
2024-08-06T08:32:16.374086634Z W0806 08:32:16.373931       7 warnings.go:70] kubevirt.io/v1 VirtualMachineInstancePresets is now deprecated and will be removed in v2.
2024-08-06T08:37:55.375841368Z W0806 08:37:55.375713       7 warnings.go:70] kubevirt.io/v1 VirtualMachineInstancePresets is now deprecated and will be removed in v2.
2024-08-06T08:43:40.377621888Z W0806 08:43:40.377405       7 warnings.go:70] kubevirt.io/v1 VirtualMachineInstancePresets is now deprecated and will be removed in v2.
2024-08-06T08:49:00.379220266Z W0806 08:49:00.379085       7 warnings.go:70] kubevirt.io/v1 VirtualMachineInstancePresets is now deprecated and will be removed in v2.
2024-08-06T08:54:10.380786908Z W0806 08:54:10.380481       7 warnings.go:70] kubevirt.io/v1 VirtualMachineInstancePresets is now deprecated and will be removed in v2.
2024-08-06T09:03:20.381344608Z W0806 09:03:20.381232       7 warnings.go:70] kubevirt.io/v1 VirtualMachineInstancePresets is now deprecated and will be removed in v2.
2024-08-06T09:12:54.381855503Z W0806 09:12:54.381708       7 warnings.go:70] kubevirt.io/v1 VirtualMachineInstancePresets is now deprecated and will be removed in v2.
2024-08-06T09:17:55.383726713Z W0806 09:17:55.383625       7 warnings.go:70] kubevirt.io/v1 VirtualMachineInstancePresets is now deprecated and will be removed in v2.
2024-08-06T09:27:26.386738524Z W0806 09:27:26.386581       7 warnings.go:70] kubevirt.io/v1 VirtualMachineInstancePresets is now deprecated and will be removed in v2.
2024-08-06T09:34:04.389031281Z W0806 09:34:04.388883       7 warnings.go:70] kubevirt.io/v1 VirtualMachineInstancePresets is now deprecated and will be removed in v2.
2024-08-06T09:41:24.390258912Z W0806 09:41:24.390104       7 warnings.go:70] kubevirt.io/v1 VirtualMachineInstancePresets is now deprecated and will be removed in v2.
2024-08-06T09:50:12.392452658Z W0806 09:50:12.392271       7 warnings.go:70] kubevirt.io/v1 VirtualMachineInstancePresets is now deprecated and will be removed in v2.
2024-08-06T09:57:02.394355662Z W0806 09:57:02.394204       7 warnings.go:70] kubevirt.io/v1 VirtualMachineInstancePresets is now deprecated and will be removed in v2.
2024-08-06T10:06:38.396907635Z W0806 10:06:38.396756       7 warnings.go:70] kubevirt.io/v1 VirtualMachineInstancePresets is now deprecated and will be removed in v2.
2024-08-06T10:14:19.399698876Z W0806 10:14:19.399564       7 warnings.go:70] kubevirt.io/v1 VirtualMachineInstancePresets is now deprecated and will be removed in v2.
2024-08-06T10:19:20.402107498Z W0806 10:19:20.401940       7 warnings.go:70] kubevirt.io/v1 VirtualMachineInstancePresets is now deprecated and will be removed in v2.
2024-08-06T10:28:07.404307178Z W0806 10:28:07.404160       7 warnings.go:70] kubevirt.io/v1 VirtualMachineInstancePresets is now deprecated and will be removed in v2.
2024-08-06T10:35:10.404979283Z W0806 10:35:10.404800       7 warnings.go:70] kubevirt.io/v1 VirtualMachineInstancePresets is now deprecated and will be removed in v2.
2024-08-06T10:41:34.406245827Z W0806 10:41:34.406128       7 warnings.go:70] kubevirt.io/v1 VirtualMachineInstancePresets is now deprecated and will be removed in v2.
2024-08-06T10:51:04.408420822Z W0806 10:51:04.408277       7 warnings.go:70] kubevirt.io/v1 VirtualMachineInstancePresets is now deprecated and will be removed in v2.
2024-08-06T10:58:16.410605638Z W0806 10:58:16.410465       7 warnings.go:70] kubevirt.io/v1 VirtualMachineInstancePresets is now deprecated and will be removed in v2.
2024-08-06T11:05:21.412808428Z W0806 11:05:21.412668       7 warnings.go:70] kubevirt.io/v1 VirtualMachineInstancePresets is now deprecated and will be removed in v2.
2024-08-06T11:13:17.414828087Z W0806 11:13:17.414694       7 warnings.go:70] kubevirt.io/v1 VirtualMachineInstancePresets is now deprecated and will be removed in v2.
2024-08-06T11:21:06.417377299Z W0806 11:21:06.417255       7 warnings.go:70] kubevirt.io/v1 VirtualMachineInstancePresets is now deprecated and will be removed in v2.
2024-08-06T11:29:06.418937073Z W0806 11:29:06.418817       7 warnings.go:70] kubevirt.io/v1 VirtualMachineInstancePresets is now deprecated and will be removed in v2.
2024-08-06T11:34:38.420643836Z W0806 11:34:38.420187       7 warnings.go:70] kubevirt.io/v1 VirtualMachineInstancePresets is now deprecated and will be removed in v2.
2024-08-06T11:43:18.419706920Z W0806 11:43:18.419581       7 warnings.go:70] kubevirt.io/v1 VirtualMachineInstancePresets is now deprecated and will be removed in v2.
2024-08-06T11:52:22.419462894Z W0806 11:52:22.419364       7 warnings.go:70] kubevirt.io/v1 VirtualMachineInstancePresets is now deprecated and will be removed in v2.
2024-08-06T11:59:22.420659352Z W0806 11:59:22.420522       7 warnings.go:70] kubevirt.io/v1 VirtualMachineInstancePresets is now deprecated and will be removed in v2.
2024-08-06T12:05:17.422176660Z W0806 12:05:17.422077       7 warnings.go:70] kubevirt.io/v1 VirtualMachineInstancePresets is now deprecated and will be removed in v2.
2024-08-06T12:11:45.540107769Z W0806 12:11:45.539999       7 warnings.go:70] kubevirt.io/v1 VirtualMachineInstancePresets is now deprecated and will be removed in v2.
2024-08-06T12:11:45.560836918Z W0806 12:11:45.560758       7 warnings.go:70] v1 ComponentStatus is deprecated in v1.19+
2024-08-06T12:11:46.783820734Z W0806 12:11:46.783716       7 warnings.go:70] kubevirt.io/v1 VirtualMachineInstancePresets is now deprecated and will be removed in v2.
2024-08-06T12:11:46.789810938Z W0806 12:11:46.789760       7 warnings.go:70] v1 ComponentStatus is deprecated in v1.19+
2024-08-06T12:14:15.424515548Z W0806 12:14:15.424382       7 warnings.go:70] kubevirt.io/v1 VirtualMachineInstancePresets is now deprecated and will be removed in v2.
2024-08-06T12:17:07.737532074Z time="2024-08-06T12:17:07Z" level=error msg="Error during subscribe io: read/write on closed pipe"
2024-08-06T12:20:50.426926396Z W0806 12:20:50.426740       7 warnings.go:70] kubevirt.io/v1 VirtualMachineInstancePresets is now deprecated and will be removed in v2.
2024-08-06T12:27:17.428772152Z W0806 12:27:17.428673       7 warnings.go:70] kubevirt.io/v1 VirtualMachineInstancePresets is now deprecated and will be removed in v2.
2024-08-06T12:34:59.429587402Z W0806 12:34:59.429412       7 warnings.go:70] kubevirt.io/v1 VirtualMachineInstancePresets is now deprecated and will be removed in v2.
2024-08-06T12:44:56.430501688Z W0806 12:44:56.430328       7 warnings.go:70] kubevirt.io/v1 VirtualMachineInstancePresets is now deprecated and will be removed in v2.
2024-08-06T12:51:07.432792581Z W0806 12:51:07.432589       7 warnings.go:70] kubevirt.io/v1 VirtualMachineInstancePresets is now deprecated and will be removed in v2.
2024-08-06T12:56:12.442525842Z time="2024-08-06T12:56:12Z" level=error msg="Error during subscribe io: read/write on closed pipe"
2024-08-06T13:00:29.435883529Z W0806 13:00:29.435734       7 warnings.go:70] kubevirt.io/v1 VirtualMachineInstancePresets is now deprecated and will be removed in v2.
2024-08-06T13:02:10.955416936Z time="2024-08-06T13:02:10Z" level=error msg="Error during subscribe io: read/write on closed pipe"
2024-08-06T13:06:40.438227524Z W0806 13:06:40.438055       7 warnings.go:70] kubevirt.io/v1 VirtualMachineInstancePresets is now deprecated and will be removed in v2.
2024-08-06T13:12:32.439217042Z W0806 13:12:32.439018       7 warnings.go:70] kubevirt.io/v1 VirtualMachineInstancePresets is now deprecated and will be removed in v2.
2024-08-06T13:21:13.440973402Z W0806 13:21:13.440845       7 warnings.go:70] kubevirt.io/v1 VirtualMachineInstancePresets is now deprecated and will be removed in v2.
2024-08-06T13:28:38.440751227Z W0806 13:28:38.440416       7 warnings.go:70] kubevirt.io/v1 VirtualMachineInstancePresets is now deprecated and will be removed in v2.
2024-08-06T13:37:59.441181930Z W0806 13:37:59.441023       7 warnings.go:70] kubevirt.io/v1 VirtualMachineInstancePresets is now deprecated and will be removed in v2.
2024-08-06T13:39:38.872755174Z time="2024-08-06T13:39:38Z" level=error msg="Error during subscribe io: read/write on closed pipe"
2024-08-06T13:47:39.441495404Z W0806 13:47:39.441349       7 warnings.go:70] kubevirt.io/v1 VirtualMachineInstancePresets is now deprecated and will be removed in v2.
2024-08-06T13:56:13.443906322Z W0806 13:56:13.443548       7 warnings.go:70] kubevirt.io/v1 VirtualMachineInstancePresets is now deprecated and will be removed in v2.
2024-08-06T14:04:15.446208622Z W0806 14:04:15.446034       7 warnings.go:70] kubevirt.io/v1 VirtualMachineInstancePresets is now deprecated and will be removed in v2.
2024-08-06T14:09:49.962026378Z time="2024-08-06T14:09:49Z" level=error msg="Error during subscribe io: read/write on closed pipe"
2024-08-06T14:10:30.619156680Z time="2024-08-06T14:10:30Z" level=error msg="Error during subscribe websocket: close sent"
2024-08-06T14:10:43.447941745Z W0806 14:10:43.447811       7 warnings.go:70] kubevirt.io/v1 VirtualMachineInstancePresets is now deprecated and will be removed in v2.
2024-08-06T14:11:11.349355858Z time="2024-08-06T14:11:11Z" level=error msg="Error during subscribe websocket: close sent"
