2024-08-06T01:55:42.345285103Z I0806 01:55:42.345142       1 main.go:105] Starting network controller with 2 threads.
2024-08-06T01:55:42.345467550Z I0806 01:55:42.345208       1 main.go:110] Starting network controller in namespace: harvester-system.
2024-08-06T01:55:42.436138883Z W0806 01:55:42.435932       1 client_config.go:617] Neither --kubeconfig nor --master was specified.  Using the inClusterConfig.  This might not work.
2024-08-06T01:55:42.436875191Z I0806 01:55:42.436820       1 leaderelection.go:248] attempting to acquire leader lease kube-system/harvester-network-controllers...
2024-08-06T01:55:42.453008100Z I0806 01:55:42.452924       1 leaderelection.go:258] successfully acquired lease kube-system/harvester-network-controllers
2024-08-06T01:55:50.640840599Z time="2024-08-06T01:55:50Z" level=info msg="Do not update the existing CRD NetworkAttachmentDefinition"
2024-08-06T01:55:54.870806126Z time="2024-08-06T01:55:54Z" level=info msg="Starting network.harvesterhci.io/v1beta1, Kind=LinkMonitor controller"
2024-08-06T01:55:54.870849138Z time="2024-08-06T01:55:54Z" level=info msg="Starting batch/v1, Kind=Job controller"
2024-08-06T01:55:54.870893752Z time="2024-08-06T01:55:54Z" level=info msg="Starting k8s.cni.cncf.io/v1, Kind=NetworkAttachmentDefinition controller"
2024-08-06T01:55:54.935823252Z time="2024-08-06T01:55:54Z" level=info msg="Starting network.harvesterhci.io/v1beta1, Kind=ClusterNetwork controller"
2024-08-06T01:55:54.935861214Z time="2024-08-06T01:55:54Z" level=info msg="Starting network.harvesterhci.io/v1beta1, Kind=VlanConfig controller"
2024-08-06T01:55:54.935910247Z time="2024-08-06T01:55:54Z" level=info msg="Starting network.harvesterhci.io/v1beta1, Kind=VlanStatus controller"
2024-08-06T01:55:54.935998845Z time="2024-08-06T01:55:54Z" level=info msg="Starting /v1, Kind=Node controller"
2024-08-06T02:13:21.220047226Z I0806 02:13:21.219873       1 controller.go:101] nad configuration default/350vlan has been changed: {"cniVersion":"0.3.1","name":"350vlan","type":"bridge","bridge":"mgmt-br","promiscMode":true,"vlan":350,"ipam":{}}
2024-08-06T02:13:21.233442278Z I0806 02:13:21.233366       1 controller.go:101] nad configuration default/350vlan has been changed: {"cniVersion":"0.3.1","name":"350vlan","type":"bridge","bridge":"mgmt-br","promiscMode":true,"vlan":350,"ipam":{}}
2024-08-06T02:13:21.243728538Z I0806 02:13:21.243651       1 controller.go:101] nad configuration default/350vlan has been changed: {"cniVersion":"0.3.1","name":"350vlan","type":"bridge","bridge":"mgmt-br","promiscMode":true,"vlan":350,"ipam":{}}
2024-08-06T02:13:21.243756622Z I0806 02:13:21.243669       1 controller.go:114] nad configuration 350vlan has been changed: {"cniVersion":"0.3.1","name":"350vlan","type":"bridge","bridge":"mgmt-br","promiscMode":true,"vlan":350,"ipam":{}}
2024-08-06T02:13:21.243855713Z I0806 02:13:21.243738       1 controller.go:192] netconf: &{Mode:auto CIDR: Gateway: ServerIPAddr: Connectivity: Outdated:false}
2024-08-06T02:13:21.550045092Z I0806 02:13:21.549827       1 controller.go:101] nad configuration default/350vlan has been changed: {"cniVersion":"0.3.1","name":"350vlan","type":"bridge","bridge":"mgmt-br","promiscMode":true,"vlan":350,"ipam":{}}
2024-08-06T02:13:21.550070891Z I0806 02:13:21.549851       1 controller.go:114] nad configuration 350vlan has been changed: {"cniVersion":"0.3.1","name":"350vlan","type":"bridge","bridge":"mgmt-br","promiscMode":true,"vlan":350,"ipam":{}}
2024-08-06T02:13:21.550077634Z I0806 02:13:21.549870       1 controller.go:192] netconf: &{Mode:auto CIDR: Gateway: ServerIPAddr: Connectivity: Outdated:false}
2024-08-06T02:13:21.556414840Z I0806 02:13:21.556375       1 controller.go:101] nad configuration default/350vlan has been changed: {"cniVersion":"0.3.1","name":"350vlan","type":"bridge","bridge":"mgmt-br","promiscMode":true,"vlan":350,"ipam":{}}
2024-08-06T02:13:21.556426482Z I0806 02:13:21.556388       1 controller.go:114] nad configuration 350vlan has been changed: {"cniVersion":"0.3.1","name":"350vlan","type":"bridge","bridge":"mgmt-br","promiscMode":true,"vlan":350,"ipam":{}}
2024-08-06T02:13:21.556460788Z I0806 02:13:21.556400       1 controller.go:192] netconf: &{Mode:auto CIDR: Gateway: ServerIPAddr: Connectivity: Outdated:false}
2024-08-06T02:13:21.561659455Z I0806 02:13:21.561615       1 controller.go:101] nad configuration default/350vlan has been changed: {"cniVersion":"0.3.1","name":"350vlan","type":"bridge","bridge":"mgmt-br","promiscMode":true,"vlan":350,"ipam":{}}
2024-08-06T02:13:21.561678291Z I0806 02:13:21.561634       1 controller.go:114] nad configuration 350vlan has been changed: {"cniVersion":"0.3.1","name":"350vlan","type":"bridge","bridge":"mgmt-br","promiscMode":true,"vlan":350,"ipam":{}}
2024-08-06T02:13:21.561686998Z I0806 02:13:21.561655       1 controller.go:192] netconf: &{Mode:auto CIDR: Gateway: ServerIPAddr: Connectivity: Outdated:false}
2024-08-06T02:13:29.119128115Z I0806 02:13:29.119013       1 controller.go:101] nad configuration default/350vlan has been changed: {"cniVersion":"0.3.1","name":"350vlan","type":"bridge","bridge":"mgmt-br","promiscMode":true,"vlan":350,"ipam":{}}
2024-08-06T02:13:29.119162351Z I0806 02:13:29.119043       1 controller.go:114] nad configuration 350vlan has been changed: {"cniVersion":"0.3.1","name":"350vlan","type":"bridge","bridge":"mgmt-br","promiscMode":true,"vlan":350,"ipam":{}}
2024-08-06T02:13:29.119173994Z I0806 02:13:29.119067       1 controller.go:192] netconf: &{Mode:auto CIDR:10.10.200.0/24 Gateway:10.10.200.1 ServerIPAddr: Connectivity: Outdated:false}
2024-08-06T02:13:33.222747885Z I0806 02:13:33.222647       1 controller.go:206] initialize connectivity of nad default/350vlan successfully
2024-08-06T02:13:33.222769086Z I0806 02:13:33.222704       1 controller.go:101] nad configuration default/350vlan has been changed: {"cniVersion":"0.3.1","name":"350vlan","type":"bridge","bridge":"mgmt-br","promiscMode":true,"vlan":350,"ipam":{}}
2024-08-06T02:13:33.222780428Z I0806 02:13:33.222719       1 controller.go:114] nad configuration 350vlan has been changed: {"cniVersion":"0.3.1","name":"350vlan","type":"bridge","bridge":"mgmt-br","promiscMode":true,"vlan":350,"ipam":{}}
2024-08-06T02:13:33.222799755Z I0806 02:13:33.222749       1 controller.go:192] netconf: &{Mode:auto CIDR:10.10.200.0/24 Gateway:10.10.200.1 ServerIPAddr: Connectivity:true Outdated:false}
2024-08-06T11:55:54.536117940Z I0806 11:55:54.536020       1 controller.go:101] nad configuration default/350vlan has been changed: {"cniVersion":"0.3.1","name":"350vlan","type":"bridge","bridge":"mgmt-br","promiscMode":true,"vlan":350,"ipam":{}}
2024-08-06T11:55:54.536175479Z I0806 11:55:54.536142       1 controller.go:114] nad configuration 350vlan has been changed: {"cniVersion":"0.3.1","name":"350vlan","type":"bridge","bridge":"mgmt-br","promiscMode":true,"vlan":350,"ipam":{}}
2024-08-06T11:55:54.536285869Z I0806 11:55:54.536213       1 controller.go:192] netconf: &{Mode:auto CIDR:10.10.200.0/24 Gateway:10.10.200.1 ServerIPAddr: Connectivity:true Outdated:false}
