2024-08-06T02:15:40.185206127Z I0806 02:15:40.184751       1 main.go:105] Starting network controller with 2 threads.
2024-08-06T02:15:40.185244482Z I0806 02:15:40.184841       1 main.go:110] Starting network controller in namespace: harvester-system.
2024-08-06T02:15:40.284405106Z W0806 02:15:40.283823       1 client_config.go:617] Neither --kubeconfig nor --master was specified.  Using the inClusterConfig.  This might not work.
2024-08-06T02:15:52.189877334Z time="2024-08-06T02:15:52Z" level=info msg="Do not update the existing CRD NetworkAttachmentDefinition"
2024-08-06T02:15:56.184633981Z I0806 02:15:56.184449       1 monitor.go:60] Start Monitor
2024-08-06T02:15:57.743571231Z time="2024-08-06T02:15:57Z" level=info msg="Starting k8s.cni.cncf.io/v1, Kind=NetworkAttachmentDefinition controller"
2024-08-06T02:15:57.783775721Z time="2024-08-06T02:15:57Z" level=info msg="Starting network.harvesterhci.io/v1beta1, Kind=LinkMonitor controller"
2024-08-06T02:15:57.783836495Z I0806 02:15:57.783728       1 controller.go:104] lm mgmt matches node harvesterdev7
2024-08-06T02:15:57.784440570Z time="2024-08-06T02:15:57Z" level=info msg="Starting network.harvesterhci.io/v1beta1, Kind=VlanStatus controller"
2024-08-06T02:15:57.784482879Z time="2024-08-06T02:15:57Z" level=info msg="Starting network.harvesterhci.io/v1beta1, Kind=VlanConfig controller"
2024-08-06T02:15:57.784496394Z I0806 02:15:57.784298       1 controller.go:104] lm nic matches node harvesterdev7
2024-08-06T02:15:57.883897456Z time="2024-08-06T02:15:57Z" level=info msg="Starting network.harvesterhci.io/v1beta1, Kind=ClusterNetwork controller"
2024-08-06T02:15:57.883955826Z I0806 02:15:57.883643       1 controller.go:46] nad configuration default/350vlan has been changed: {"cniVersion":"0.3.1","name":"350vlan","type":"bridge","bridge":"mgmt-br","promiscMode":true,"vlan":350,"ipam":{}}
2024-08-06T02:15:57.884089427Z time="2024-08-06T02:15:57Z" level=info msg="Starting /v1, Kind=Node controller"
2024-08-06T02:15:58.085346911Z I0806 02:15:58.085194       1 controller.go:104] lm nic matches node harvesterdev7
2024-08-06T02:15:58.085393128Z I0806 02:15:58.085226       1 controller.go:104] lm mgmt matches node harvesterdev7
2024-08-06T02:24:35.634959941Z I0806 02:24:35.634730       1 controller.go:104] lm nic matches node harvesterdev7
2024-08-06T02:24:35.689510966Z I0806 02:24:35.689347       1 controller.go:104] lm mgmt matches node harvesterdev7
2024-08-06T02:25:00.189519969Z I0806 02:25:00.189412       1 controller.go:104] lm nic matches node harvesterdev7
2024-08-06T02:25:00.235810089Z I0806 02:25:00.235376       1 controller.go:104] lm mgmt matches node harvesterdev7
2024-08-06T02:25:00.245102215Z I0806 02:25:00.245010       1 controller.go:104] lm mgmt matches node harvesterdev7
2024-08-06T02:25:00.284089281Z I0806 02:25:00.283973       1 controller.go:104] lm mgmt matches node harvesterdev7
2024-08-06T02:25:01.286879825Z I0806 02:25:01.286777       1 controller.go:104] lm nic matches node harvesterdev7
2024-08-06T02:25:01.342043819Z I0806 02:25:01.341911       1 controller.go:104] lm nic matches node harvesterdev7
2024-08-06T03:11:40.796816552Z I0806 03:11:40.796599       1 controller.go:104] lm nic matches node harvesterdev7
2024-08-06T03:11:40.985382323Z I0806 03:11:40.985249       1 controller.go:104] lm mgmt matches node harvesterdev7
2024-08-06T03:11:49.613222785Z I0806 03:11:49.612872       1 controller.go:104] lm mgmt matches node harvesterdev7
2024-08-06T03:11:49.613294080Z I0806 03:11:49.612907       1 controller.go:104] lm nic matches node harvesterdev7
2024-08-06T03:11:49.686554567Z I0806 03:11:49.686302       1 controller.go:104] lm nic matches node harvesterdev7
2024-08-06T03:11:49.686591888Z I0806 03:11:49.686332       1 controller.go:104] lm mgmt matches node harvesterdev7
2024-08-06T03:11:49.695915807Z I0806 03:11:49.695790       1 controller.go:104] lm nic matches node harvesterdev7
2024-08-06T03:11:49.793250401Z I0806 03:11:49.793035       1 controller.go:104] lm mgmt matches node harvesterdev7
2024-08-06T03:18:22.290276867Z I0806 03:18:22.290061       1 controller.go:104] lm nic matches node harvesterdev7
2024-08-06T03:18:22.496628052Z I0806 03:18:22.496456       1 controller.go:104] lm mgmt matches node harvesterdev7
2024-08-06T03:18:31.786796023Z I0806 03:18:31.786505       1 controller.go:104] lm mgmt matches node harvesterdev7
2024-08-06T03:18:31.786939947Z I0806 03:18:31.786794       1 controller.go:104] lm nic matches node harvesterdev7
2024-08-06T03:18:31.883828685Z I0806 03:18:31.883687       1 controller.go:104] lm nic matches node harvesterdev7
2024-08-06T03:18:31.884057831Z I0806 03:18:31.884002       1 controller.go:104] lm mgmt matches node harvesterdev7
2024-08-06T03:18:31.892764951Z I0806 03:18:31.892616       1 controller.go:104] lm nic matches node harvesterdev7
2024-08-06T03:18:31.991336820Z I0806 03:18:31.990969       1 controller.go:104] lm mgmt matches node harvesterdev7
2024-08-06T03:21:33.397090470Z I0806 03:21:33.396763       1 controller.go:104] lm nic matches node harvesterdev7
2024-08-06T03:21:33.535299627Z I0806 03:21:33.535215       1 controller.go:104] lm mgmt matches node harvesterdev7
2024-08-06T03:21:41.741898637Z I0806 03:21:41.741600       1 controller.go:104] lm nic matches node harvesterdev7
2024-08-06T03:21:41.741974051Z I0806 03:21:41.741648       1 controller.go:104] lm mgmt matches node harvesterdev7
2024-08-06T03:21:41.744970851Z I0806 03:21:41.744848       1 controller.go:104] lm nic matches node harvesterdev7
2024-08-06T03:21:41.786264682Z I0806 03:21:41.786053       1 controller.go:104] lm mgmt matches node harvesterdev7
2024-08-06T03:21:41.791619719Z I0806 03:21:41.791491       1 controller.go:104] lm nic matches node harvesterdev7
2024-08-06T03:21:41.890313359Z I0806 03:21:41.890109       1 controller.go:104] lm mgmt matches node harvesterdev7
2024-08-06T03:38:50.275631541Z I0806 03:38:50.275455       1 controller.go:104] lm nic matches node harvesterdev7
2024-08-06T03:38:50.518398045Z I0806 03:38:50.518272       1 controller.go:104] lm mgmt matches node harvesterdev7
2024-08-06T03:39:03.649983774Z I0806 03:39:03.649782       1 controller.go:104] lm nic matches node harvesterdev7
2024-08-06T03:39:03.650067422Z I0806 03:39:03.649941       1 controller.go:104] lm mgmt matches node harvesterdev7
2024-08-06T03:39:03.686215281Z I0806 03:39:03.686118       1 controller.go:104] lm nic matches node harvesterdev7
2024-08-06T03:39:03.686401723Z I0806 03:39:03.686352       1 controller.go:104] lm mgmt matches node harvesterdev7
2024-08-06T03:39:03.792246521Z I0806 03:39:03.791941       1 controller.go:104] lm nic matches node harvesterdev7
2024-08-06T03:39:03.794961911Z I0806 03:39:03.794907       1 controller.go:104] lm mgmt matches node harvesterdev7
2024-08-06T04:07:21.632971590Z I0806 04:07:21.632790       1 controller.go:104] lm nic matches node harvesterdev7
2024-08-06T04:07:21.787013883Z I0806 04:07:21.786890       1 controller.go:104] lm mgmt matches node harvesterdev7
2024-08-06T04:07:31.147162725Z I0806 04:07:31.146880       1 controller.go:104] lm mgmt matches node harvesterdev7
2024-08-06T04:07:31.147223299Z I0806 04:07:31.147027       1 controller.go:104] lm nic matches node harvesterdev7
2024-08-06T04:07:31.149829087Z I0806 04:07:31.149728       1 controller.go:104] lm mgmt matches node harvesterdev7
2024-08-06T04:07:31.158535081Z I0806 04:07:31.158387       1 controller.go:104] lm mgmt matches node harvesterdev7
2024-08-06T04:07:31.187206112Z I0806 04:07:31.187052       1 controller.go:104] lm nic matches node harvesterdev7
2024-08-06T04:07:31.294818483Z I0806 04:07:31.294553       1 controller.go:104] lm nic matches node harvesterdev7
2024-08-06T05:34:19.192082037Z I0806 05:34:19.191841       1 controller.go:104] lm nic matches node harvesterdev7
2024-08-06T05:34:19.414933055Z I0806 05:34:19.414778       1 controller.go:104] lm mgmt matches node harvesterdev7
2024-08-06T05:34:24.927076278Z I0806 05:34:24.926823       1 controller.go:104] lm nic matches node harvesterdev7
2024-08-06T05:34:24.927140860Z I0806 05:34:24.926823       1 controller.go:104] lm mgmt matches node harvesterdev7
2024-08-06T05:34:24.932069844Z I0806 05:34:24.931960       1 controller.go:104] lm mgmt matches node harvesterdev7
2024-08-06T05:34:24.984372338Z I0806 05:34:24.984036       1 controller.go:104] lm mgmt matches node harvesterdev7
2024-08-06T05:34:24.984436550Z I0806 05:34:24.984045       1 controller.go:104] lm nic matches node harvesterdev7
2024-08-06T05:34:25.091061863Z I0806 05:34:25.090841       1 controller.go:104] lm nic matches node harvesterdev7
2024-08-06T06:15:14.604018327Z I0806 06:15:14.603874       1 controller.go:104] lm nic matches node harvesterdev7
2024-08-06T06:15:14.794568495Z I0806 06:15:14.794361       1 controller.go:104] lm mgmt matches node harvesterdev7
2024-08-06T06:15:22.092708252Z I0806 06:15:22.092443       1 controller.go:104] lm mgmt matches node harvesterdev7
2024-08-06T06:15:22.094535932Z I0806 06:15:22.094432       1 controller.go:104] lm nic matches node harvesterdev7
2024-08-06T06:15:22.096702961Z I0806 06:15:22.096599       1 controller.go:104] lm mgmt matches node harvesterdev7
2024-08-06T06:15:22.104741812Z I0806 06:15:22.104592       1 controller.go:104] lm nic matches node harvesterdev7
2024-08-06T06:15:22.191347525Z I0806 06:15:22.191229       1 controller.go:104] lm mgmt matches node harvesterdev7
2024-08-06T09:59:08.191923964Z I0806 09:59:08.191429       1 controller.go:104] lm nic matches node harvesterdev7
2024-08-06T09:59:08.361175990Z I0806 09:59:08.360949       1 controller.go:104] lm mgmt matches node harvesterdev7
2024-08-06T09:59:16.286839314Z I0806 09:59:16.286604       1 controller.go:104] lm nic matches node harvesterdev7
2024-08-06T09:59:16.286900419Z I0806 09:59:16.286651       1 controller.go:104] lm mgmt matches node harvesterdev7
2024-08-06T09:59:16.291407566Z I0806 09:59:16.291230       1 controller.go:104] lm mgmt matches node harvesterdev7
2024-08-06T09:59:16.383987495Z I0806 09:59:16.383791       1 controller.go:104] lm mgmt matches node harvesterdev7
2024-08-06T09:59:16.384030567Z I0806 09:59:16.383828       1 controller.go:104] lm nic matches node harvesterdev7
2024-08-06T09:59:16.490818322Z I0806 09:59:16.490639       1 controller.go:104] lm nic matches node harvesterdev7
2024-08-06T10:52:59.429925524Z I0806 10:52:59.429552       1 controller.go:104] lm nic matches node harvesterdev7
2024-08-06T10:52:59.569724950Z I0806 10:52:59.569564       1 controller.go:104] lm mgmt matches node harvesterdev7
2024-08-06T10:53:07.391833449Z I0806 10:53:07.391657       1 controller.go:104] lm nic matches node harvesterdev7
2024-08-06T10:53:07.391911356Z I0806 10:53:07.391813       1 controller.go:104] lm mgmt matches node harvesterdev7
2024-08-06T10:53:07.484209653Z I0806 10:53:07.484040       1 controller.go:104] lm nic matches node harvesterdev7
2024-08-06T10:53:07.484258846Z I0806 10:53:07.484085       1 controller.go:104] lm mgmt matches node harvesterdev7
2024-08-06T10:53:07.495378103Z I0806 10:53:07.495198       1 controller.go:104] lm mgmt matches node harvesterdev7
2024-08-06T10:53:07.591424665Z I0806 10:53:07.591148       1 controller.go:104] lm nic matches node harvesterdev7
2024-08-06T11:06:45.467878370Z I0806 11:06:45.467575       1 controller.go:104] lm nic matches node harvesterdev7
2024-08-06T11:06:45.690803176Z I0806 11:06:45.690617       1 controller.go:104] lm mgmt matches node harvesterdev7
2024-08-06T11:06:53.198390170Z I0806 11:06:53.198212       1 controller.go:104] lm mgmt matches node harvesterdev7
2024-08-06T11:06:53.198681130Z I0806 11:06:53.198594       1 controller.go:104] lm nic matches node harvesterdev7
2024-08-06T11:06:53.204483993Z I0806 11:06:53.204420       1 controller.go:104] lm nic matches node harvesterdev7
2024-08-06T11:06:53.207982676Z I0806 11:06:53.207889       1 controller.go:104] lm mgmt matches node harvesterdev7
2024-08-06T11:06:53.284446915Z I0806 11:06:53.284293       1 controller.go:104] lm nic matches node harvesterdev7
2024-08-06T11:22:56.639436409Z I0806 11:22:56.639068       1 controller.go:104] lm nic matches node harvesterdev7
2024-08-06T11:22:56.796081323Z I0806 11:22:56.795835       1 controller.go:104] lm mgmt matches node harvesterdev7
2024-08-06T11:23:06.175872736Z I0806 11:23:06.175602       1 controller.go:104] lm mgmt matches node harvesterdev7
2024-08-06T11:23:06.175927780Z I0806 11:23:06.175670       1 controller.go:104] lm nic matches node harvesterdev7
2024-08-06T11:23:06.180040778Z I0806 11:23:06.179973       1 controller.go:104] lm mgmt matches node harvesterdev7
2024-08-06T11:23:06.183880100Z I0806 11:23:06.183786       1 controller.go:104] lm nic matches node harvesterdev7
2024-08-06T11:23:06.189296776Z I0806 11:23:06.189219       1 controller.go:104] lm mgmt matches node harvesterdev7
2024-08-06T11:23:06.193308002Z I0806 11:23:06.193230       1 controller.go:104] lm nic matches node harvesterdev7
2024-08-06T12:15:56.190344896Z I0806 12:15:56.189792       1 controller.go:46] nad configuration default/350vlan has been changed: {"cniVersion":"0.3.1","name":"350vlan","type":"bridge","bridge":"mgmt-br","promiscMode":true,"vlan":350,"ipam":{}}
2024-08-06T12:15:56.289759671Z I0806 12:15:56.289616       1 controller.go:104] lm mgmt matches node harvesterdev7
2024-08-06T12:15:56.289807882Z I0806 12:15:56.289686       1 controller.go:104] lm nic matches node harvesterdev7
2024-08-06T13:15:29.093377566Z I0806 13:15:29.093109       1 controller.go:104] lm nic matches node harvesterdev7
2024-08-06T13:15:29.242901315Z I0806 13:15:29.242655       1 controller.go:104] lm mgmt matches node harvesterdev7
2024-08-06T13:15:36.868299136Z I0806 13:15:36.868118       1 controller.go:104] lm nic matches node harvesterdev7
2024-08-06T13:15:36.868359229Z I0806 13:15:36.868145       1 controller.go:104] lm mgmt matches node harvesterdev7
2024-08-06T13:15:36.873478373Z I0806 13:15:36.873343       1 controller.go:104] lm mgmt matches node harvesterdev7
2024-08-06T13:15:36.883831878Z I0806 13:15:36.883645       1 controller.go:104] lm nic matches node harvesterdev7
2024-08-06T13:15:36.889994702Z I0806 13:15:36.889787       1 controller.go:104] lm mgmt matches node harvesterdev7
2024-08-06T13:15:36.902136884Z I0806 13:15:36.901901       1 controller.go:104] lm nic matches node harvesterdev7
2024-08-06T13:18:49.710546665Z I0806 13:18:49.710315       1 controller.go:104] lm nic matches node harvesterdev7
2024-08-06T13:18:49.884027148Z I0806 13:18:49.883865       1 controller.go:104] lm mgmt matches node harvesterdev7
2024-08-06T13:18:57.888701338Z I0806 13:18:57.888480       1 controller.go:104] lm mgmt matches node harvesterdev7
2024-08-06T13:18:57.888927465Z I0806 13:18:57.888845       1 controller.go:104] lm nic matches node harvesterdev7
2024-08-06T13:18:57.984083312Z I0806 13:18:57.983953       1 controller.go:104] lm mgmt matches node harvesterdev7
2024-08-06T13:18:57.984126844Z I0806 13:18:57.983997       1 controller.go:104] lm nic matches node harvesterdev7
2024-08-06T13:18:57.996274555Z I0806 13:18:57.996102       1 controller.go:104] lm mgmt matches node harvesterdev7
2024-08-06T13:18:58.091825338Z I0806 13:18:58.091565       1 controller.go:104] lm nic matches node harvesterdev7
2024-08-06T14:01:15.382337037Z I0806 14:01:15.381872       1 controller.go:104] lm nic matches node harvesterdev7
2024-08-06T14:01:15.528279164Z I0806 14:01:15.527986       1 controller.go:104] lm mgmt matches node harvesterdev7
2024-08-06T14:01:23.025705986Z I0806 14:01:23.025568       1 controller.go:104] lm nic matches node harvesterdev7
2024-08-06T14:01:23.026843313Z I0806 14:01:23.026756       1 controller.go:104] lm mgmt matches node harvesterdev7
2024-08-06T14:01:23.028706229Z I0806 14:01:23.028645       1 controller.go:104] lm nic matches node harvesterdev7
2024-08-06T14:01:23.031114085Z I0806 14:01:23.031046       1 controller.go:104] lm mgmt matches node harvesterdev7
2024-08-06T14:01:23.038543540Z I0806 14:01:23.038470       1 controller.go:104] lm nic matches node harvesterdev7
2024-08-06T14:01:23.092245418Z I0806 14:01:23.092121       1 controller.go:104] lm mgmt matches node harvesterdev7
