2024-08-06T01:56:43.862623854Z {"level":"info","ts":"2024-08-06T01:56:43Z","msg":"setting up local cluster objects"}
2024-08-06T01:56:45.900413033Z {"level":"info","ts":"2024-08-06T01:56:45Z","msg":"starting webhook"}
2024-08-06T01:56:45.900428914Z {"level":"info","ts":"2024-08-06T01:56:45Z","msg":"starting manager"}
2024-08-06T01:56:46.001814273Z I0806 01:56:46.001748       1 leaderelection.go:248] attempting to acquire leader lease harvester-system/28b21117.harvesterhci.io...
2024-08-06T01:56:46.006848144Z I0806 01:56:46.006806       1 leaderelection.go:258] successfully acquired lease harvester-system/28b21117.harvesterhci.io
2024-08-06T01:56:46.108809929Z {"level":"info","ts":"2024-08-06T01:56:46Z","logger":"cluster-controller","msg":"Reconcilling inventory objects","local":"harvester-system"}
2024-08-06T01:56:46.108827413Z {"level":"info","ts":"2024-08-06T01:56:46Z","logger":"cluster-event-controller","msg":"Reconcilling cluster objects for events","local":"harvester-system"}
2024-08-06T01:56:50.906917768Z time="2024-08-06T01:56:50Z" level=info msg="generated self-signed CA certificate CN=dynamiclistener-ca@1722909410,O=dynamiclistener-org: notBefore=2024-08-06 01:56:50.90651916 +0000 UTC notAfter=2034-08-04 01:56:50.90651916 +0000 UTC"
2024-08-06T01:56:50.909579419Z time="2024-08-06T01:56:50Z" level=info msg="Listening on :443"
2024-08-06T01:56:50.910034780Z time="2024-08-06T01:56:50Z" level=info msg="certificate CN=dynamic,O=dynamic signed by CN=dynamiclistener-ca@1722909410,O=dynamiclistener-org: notBefore=2024-08-06 01:56:50 +0000 UTC notAfter=2025-08-06 01:56:50 +0000 UTC"
2024-08-06T01:56:50.910064844Z time="2024-08-06T01:56:50Z" level=warning msg="dynamiclistener [::]:443: no cached certificate available for preload - deferring certificate load until storage initialization or first client request"
2024-08-06T01:56:50.911512517Z time="2024-08-06T01:56:50Z" level=info msg="Creating new TLS secret for harvester-system/harvester-seeder-tls (count: 1): map[listener.cattle.io/cn-harvester-seeder.harvester-system.svc:harvester-seeder.harvester-system.svc listener.cattle.io/fingerprint:SHA1=10E09036BEDF2425E6B149C71F4E7F6FDE51987C]"
2024-08-06T01:56:50.915914995Z time="2024-08-06T01:56:50Z" level=info msg="Active TLS secret harvester-system/harvester-seeder-tls (ver=7315) (count 1): map[listener.cattle.io/cn-harvester-seeder.harvester-system.svc:harvester-seeder.harvester-system.svc listener.cattle.io/fingerprint:SHA1=10E09036BEDF2425E6B149C71F4E7F6FDE51987C]"
2024-08-06T01:56:52.436102398Z time="2024-08-06T01:56:52Z" level=info msg="Starting apiregistration.k8s.io/v1, Kind=APIService controller"
2024-08-06T01:56:52.436464276Z time="2024-08-06T01:56:52Z" level=info msg="Starting /v1, Kind=Secret controller"
2024-08-06T01:56:52.437027820Z time="2024-08-06T01:56:52Z" level=info msg="Starting apiextensions.k8s.io/v1, Kind=CustomResourceDefinition controller"
2024-08-06T01:56:52.437451542Z time="2024-08-06T01:56:52Z" level=info msg="Sleeping for 15 seconds then applying webhook config"
2024-08-06T01:56:52.439122193Z time="2024-08-06T01:56:52Z" level=info msg="Updating TLS secret for harvester-system/harvester-seeder-tls (count: 1): map[listener.cattle.io/cn-harvester-seeder.harvester-system.svc:harvester-seeder.harvester-system.svc listener.cattle.io/fingerprint:SHA1=10E09036BEDF2425E6B149C71F4E7F6FDE51987C]"
2024-08-06T02:11:46.110025068Z {"level":"info","ts":"2024-08-06T02:11:46Z","logger":"cluster-event-controller","msg":"Reconcilling cluster objects for events","local":"harvester-system"}
2024-08-06T02:26:46.111407477Z {"level":"info","ts":"2024-08-06T02:26:46Z","logger":"cluster-event-controller","msg":"Reconcilling cluster objects for events","local":"harvester-system"}
2024-08-06T02:41:46.112453756Z {"level":"info","ts":"2024-08-06T02:41:46Z","logger":"cluster-event-controller","msg":"Reconcilling cluster objects for events","local":"harvester-system"}
2024-08-06T02:56:46.113701651Z {"level":"info","ts":"2024-08-06T02:56:46Z","logger":"cluster-event-controller","msg":"Reconcilling cluster objects for events","local":"harvester-system"}
2024-08-06T03:11:46.114553518Z {"level":"info","ts":"2024-08-06T03:11:46Z","logger":"cluster-event-controller","msg":"Reconcilling cluster objects for events","local":"harvester-system"}
2024-08-06T03:26:46.115461322Z {"level":"info","ts":"2024-08-06T03:26:46Z","logger":"cluster-event-controller","msg":"Reconcilling cluster objects for events","local":"harvester-system"}
2024-08-06T03:41:46.116897604Z {"level":"info","ts":"2024-08-06T03:41:46Z","logger":"cluster-event-controller","msg":"Reconcilling cluster objects for events","local":"harvester-system"}
2024-08-06T03:56:46.118367253Z {"level":"info","ts":"2024-08-06T03:56:46Z","logger":"cluster-event-controller","msg":"Reconcilling cluster objects for events","local":"harvester-system"}
2024-08-06T04:11:46.119353776Z {"level":"info","ts":"2024-08-06T04:11:46Z","logger":"cluster-event-controller","msg":"Reconcilling cluster objects for events","local":"harvester-system"}
2024-08-06T04:26:46.119846148Z {"level":"info","ts":"2024-08-06T04:26:46Z","logger":"cluster-event-controller","msg":"Reconcilling cluster objects for events","local":"harvester-system"}
2024-08-06T04:41:46.120619875Z {"level":"info","ts":"2024-08-06T04:41:46Z","logger":"cluster-event-controller","msg":"Reconcilling cluster objects for events","local":"harvester-system"}
2024-08-06T04:56:46.121249327Z {"level":"info","ts":"2024-08-06T04:56:46Z","logger":"cluster-event-controller","msg":"Reconcilling cluster objects for events","local":"harvester-system"}
2024-08-06T05:11:46.122678341Z {"level":"info","ts":"2024-08-06T05:11:46Z","logger":"cluster-event-controller","msg":"Reconcilling cluster objects for events","local":"harvester-system"}
2024-08-06T05:26:46.124132485Z {"level":"info","ts":"2024-08-06T05:26:46Z","logger":"cluster-event-controller","msg":"Reconcilling cluster objects for events","local":"harvester-system"}
2024-08-06T05:41:46.125114638Z {"level":"info","ts":"2024-08-06T05:41:46Z","logger":"cluster-event-controller","msg":"Reconcilling cluster objects for events","local":"harvester-system"}
2024-08-06T05:56:46.125753711Z {"level":"info","ts":"2024-08-06T05:56:46Z","logger":"cluster-event-controller","msg":"Reconcilling cluster objects for events","local":"harvester-system"}
2024-08-06T06:11:46.126234942Z {"level":"info","ts":"2024-08-06T06:11:46Z","logger":"cluster-event-controller","msg":"Reconcilling cluster objects for events","local":"harvester-system"}
2024-08-06T06:26:46.127659241Z {"level":"info","ts":"2024-08-06T06:26:46Z","logger":"cluster-event-controller","msg":"Reconcilling cluster objects for events","local":"harvester-system"}
2024-08-06T06:41:46.128266387Z {"level":"info","ts":"2024-08-06T06:41:46Z","logger":"cluster-event-controller","msg":"Reconcilling cluster objects for events","local":"harvester-system"}
2024-08-06T06:56:46.129562714Z {"level":"info","ts":"2024-08-06T06:56:46Z","logger":"cluster-event-controller","msg":"Reconcilling cluster objects for events","local":"harvester-system"}
2024-08-06T07:11:46.130931501Z {"level":"info","ts":"2024-08-06T07:11:46Z","logger":"cluster-event-controller","msg":"Reconcilling cluster objects for events","local":"harvester-system"}
2024-08-06T07:26:46.131343966Z {"level":"info","ts":"2024-08-06T07:26:46Z","logger":"cluster-event-controller","msg":"Reconcilling cluster objects for events","local":"harvester-system"}
2024-08-06T07:41:46.132738906Z {"level":"info","ts":"2024-08-06T07:41:46Z","logger":"cluster-event-controller","msg":"Reconcilling cluster objects for events","local":"harvester-system"}
2024-08-06T07:56:46.133910081Z {"level":"info","ts":"2024-08-06T07:56:46Z","logger":"cluster-event-controller","msg":"Reconcilling cluster objects for events","local":"harvester-system"}
2024-08-06T08:11:46.134524141Z {"level":"info","ts":"2024-08-06T08:11:46Z","logger":"cluster-event-controller","msg":"Reconcilling cluster objects for events","local":"harvester-system"}
2024-08-06T08:26:46.135343754Z {"level":"info","ts":"2024-08-06T08:26:46Z","logger":"cluster-event-controller","msg":"Reconcilling cluster objects for events","local":"harvester-system"}
2024-08-06T08:41:46.136263255Z {"level":"info","ts":"2024-08-06T08:41:46Z","logger":"cluster-event-controller","msg":"Reconcilling cluster objects for events","local":"harvester-system"}
2024-08-06T08:56:46.137290684Z {"level":"info","ts":"2024-08-06T08:56:46Z","logger":"cluster-event-controller","msg":"Reconcilling cluster objects for events","local":"harvester-system"}
2024-08-06T09:11:46.137983301Z {"level":"info","ts":"2024-08-06T09:11:46Z","logger":"cluster-event-controller","msg":"Reconcilling cluster objects for events","local":"harvester-system"}
2024-08-06T09:26:46.138411979Z {"level":"info","ts":"2024-08-06T09:26:46Z","logger":"cluster-event-controller","msg":"Reconcilling cluster objects for events","local":"harvester-system"}
2024-08-06T09:41:46.139360827Z {"level":"info","ts":"2024-08-06T09:41:46Z","logger":"cluster-event-controller","msg":"Reconcilling cluster objects for events","local":"harvester-system"}
2024-08-06T09:56:46.139864267Z {"level":"info","ts":"2024-08-06T09:56:46Z","logger":"cluster-event-controller","msg":"Reconcilling cluster objects for events","local":"harvester-system"}
2024-08-06T10:11:46.140333407Z {"level":"info","ts":"2024-08-06T10:11:46Z","logger":"cluster-event-controller","msg":"Reconcilling cluster objects for events","local":"harvester-system"}
2024-08-06T10:26:46.141537461Z {"level":"info","ts":"2024-08-06T10:26:46Z","logger":"cluster-event-controller","msg":"Reconcilling cluster objects for events","local":"harvester-system"}
2024-08-06T10:41:46.143185067Z {"level":"info","ts":"2024-08-06T10:41:46Z","logger":"cluster-event-controller","msg":"Reconcilling cluster objects for events","local":"harvester-system"}
2024-08-06T10:56:46.144077446Z {"level":"info","ts":"2024-08-06T10:56:46Z","logger":"cluster-event-controller","msg":"Reconcilling cluster objects for events","local":"harvester-system"}
2024-08-06T11:11:46.145130373Z {"level":"info","ts":"2024-08-06T11:11:46Z","logger":"cluster-event-controller","msg":"Reconcilling cluster objects for events","local":"harvester-system"}
2024-08-06T11:26:46.145875413Z {"level":"info","ts":"2024-08-06T11:26:46Z","logger":"cluster-event-controller","msg":"Reconcilling cluster objects for events","local":"harvester-system"}
2024-08-06T11:41:46.146808304Z {"level":"info","ts":"2024-08-06T11:41:46Z","logger":"cluster-event-controller","msg":"Reconcilling cluster objects for events","local":"harvester-system"}
2024-08-06T11:56:46.147964180Z {"level":"info","ts":"2024-08-06T11:56:46Z","logger":"cluster-event-controller","msg":"Reconcilling cluster objects for events","local":"harvester-system"}
2024-08-06T11:56:51.638230905Z time="2024-08-06T11:56:51Z" level=info msg="Sleeping for 15 seconds then applying webhook config"
2024-08-06T11:56:51.639399762Z time="2024-08-06T11:56:51Z" level=info msg="Updating TLS secret for harvester-system/harvester-seeder-tls (count: 1): map[listener.cattle.io/cn-harvester-seeder.harvester-system.svc:harvester-seeder.harvester-system.svc listener.cattle.io/fingerprint:SHA1=10E09036BEDF2425E6B149C71F4E7F6FDE51987C]"
2024-08-06T12:11:46.149119517Z {"level":"info","ts":"2024-08-06T12:11:46Z","logger":"cluster-event-controller","msg":"Reconcilling cluster objects for events","local":"harvester-system"}
2024-08-06T12:26:46.149822686Z {"level":"info","ts":"2024-08-06T12:26:46Z","logger":"cluster-event-controller","msg":"Reconcilling cluster objects for events","local":"harvester-system"}
2024-08-06T12:41:46.150338141Z {"level":"info","ts":"2024-08-06T12:41:46Z","logger":"cluster-event-controller","msg":"Reconcilling cluster objects for events","local":"harvester-system"}
2024-08-06T12:56:46.151259120Z {"level":"info","ts":"2024-08-06T12:56:46Z","logger":"cluster-event-controller","msg":"Reconcilling cluster objects for events","local":"harvester-system"}
2024-08-06T13:11:46.152292138Z {"level":"info","ts":"2024-08-06T13:11:46Z","logger":"cluster-event-controller","msg":"Reconcilling cluster objects for events","local":"harvester-system"}
2024-08-06T13:26:46.153424619Z {"level":"info","ts":"2024-08-06T13:26:46Z","logger":"cluster-event-controller","msg":"Reconcilling cluster objects for events","local":"harvester-system"}
2024-08-06T13:41:46.154528094Z {"level":"info","ts":"2024-08-06T13:41:46Z","logger":"cluster-event-controller","msg":"Reconcilling cluster objects for events","local":"harvester-system"}
2024-08-06T13:56:46.155538783Z {"level":"info","ts":"2024-08-06T13:56:46Z","logger":"cluster-event-controller","msg":"Reconcilling cluster objects for events","local":"harvester-system"}
2024-08-06T14:11:46.156421720Z {"level":"info","ts":"2024-08-06T14:11:46Z","logger":"cluster-event-controller","msg":"Reconcilling cluster objects for events","local":"harvester-system"}
