2024-08-06T01:55:42.343126535Z W0806 01:55:42.342818       1 reflector.go:324] github.com/rancher/lasso/pkg/cache/cache.go:145: failed to list *v1.VirtualMachineInstance: the server could not find the requested resource (get virtualmachineinstances.meta.k8s.io)
2024-08-06T01:55:42.343193352Z E0806 01:55:42.343051       1 reflector.go:138] github.com/rancher/lasso/pkg/cache/cache.go:145: Failed to watch *v1.VirtualMachineInstance: failed to list *v1.VirtualMachineInstance: the server could not find the requested resource (get virtualmachineinstances.meta.k8s.io)
2024-08-06T01:55:43.790702371Z W0806 01:55:43.790601       1 reflector.go:324] github.com/rancher/lasso/pkg/cache/cache.go:145: failed to list *v1.VirtualMachineInstance: the server could not find the requested resource (get virtualmachineinstances.meta.k8s.io)
2024-08-06T01:55:43.790718832Z E0806 01:55:43.790633       1 reflector.go:138] github.com/rancher/lasso/pkg/cache/cache.go:145: Failed to watch *v1.VirtualMachineInstance: failed to list *v1.VirtualMachineInstance: the server could not find the requested resource (get virtualmachineinstances.meta.k8s.io)
2024-08-06T01:55:46.583137015Z W0806 01:55:46.582947       1 reflector.go:324] github.com/rancher/lasso/pkg/cache/cache.go:145: failed to list *v1.VirtualMachineInstance: the server could not find the requested resource (get virtualmachineinstances.meta.k8s.io)
2024-08-06T01:55:46.583184215Z E0806 01:55:46.582987       1 reflector.go:138] github.com/rancher/lasso/pkg/cache/cache.go:145: Failed to watch *v1.VirtualMachineInstance: failed to list *v1.VirtualMachineInstance: the server could not find the requested resource (get virtualmachineinstances.meta.k8s.io)
2024-08-06T01:55:52.283145482Z W0806 01:55:52.282982       1 reflector.go:324] github.com/rancher/lasso/pkg/cache/cache.go:145: failed to list *v1.VirtualMachineInstance: the server could not find the requested resource (get virtualmachineinstances.meta.k8s.io)
2024-08-06T01:55:52.283175779Z E0806 01:55:52.283018       1 reflector.go:138] github.com/rancher/lasso/pkg/cache/cache.go:145: Failed to watch *v1.VirtualMachineInstance: failed to list *v1.VirtualMachineInstance: the server could not find the requested resource (get virtualmachineinstances.meta.k8s.io)
2024-08-06T01:56:03.176706322Z W0806 01:56:03.176569       1 reflector.go:324] github.com/rancher/lasso/pkg/cache/cache.go:145: failed to list *v1.VirtualMachineInstance: the server could not find the requested resource (get virtualmachineinstances.meta.k8s.io)
2024-08-06T01:56:03.176758250Z E0806 01:56:03.176598       1 reflector.go:138] github.com/rancher/lasso/pkg/cache/cache.go:145: Failed to watch *v1.VirtualMachineInstance: failed to list *v1.VirtualMachineInstance: the server could not find the requested resource (get virtualmachineinstances.meta.k8s.io)
2024-08-06T01:56:23.838290126Z E0806 01:56:23.838146       1 memcache.go:206] couldn't get resource list for subresources.kubevirt.io/v1alpha3: the server is currently unable to handle the request
2024-08-06T01:56:23.839799922Z E0806 01:56:23.839678       1 memcache.go:206] couldn't get resource list for subresources.kubevirt.io/v1: the server is currently unable to handle the request
2024-08-06T01:56:23.935901732Z E0806 01:56:23.935767       1 memcache.go:104] couldn't get resource list for subresources.kubevirt.io/v1: the server is currently unable to handle the request
2024-08-06T01:56:23.936941899Z E0806 01:56:23.936825       1 memcache.go:104] couldn't get resource list for subresources.kubevirt.io/v1alpha3: the server is currently unable to handle the request
2024-08-06T01:56:23.939054225Z time="2024-08-06T01:56:23Z" level=info msg="Starting kubevirt.io/v1, Kind=VirtualMachineInstance controller"
2024-08-06T01:56:24.137368468Z E0806 01:56:24.137222       1 memcache.go:206] couldn't get resource list for subresources.kubevirt.io/v1alpha3: the server is currently unable to handle the request
2024-08-06T01:56:24.138244685Z E0806 01:56:24.138166       1 memcache.go:206] couldn't get resource list for subresources.kubevirt.io/v1: the server is currently unable to handle the request
2024-08-06T01:56:24.237638861Z E0806 01:56:24.237520       1 memcache.go:104] couldn't get resource list for subresources.kubevirt.io/v1alpha3: the server is currently unable to handle the request
2024-08-06T01:56:24.238602805Z E0806 01:56:24.238532       1 memcache.go:104] couldn't get resource list for subresources.kubevirt.io/v1: the server is currently unable to handle the request
2024-08-06T01:56:24.241726253Z time="2024-08-06T01:56:24Z" level=info msg="Starting k8s.cni.cncf.io/v1, Kind=NetworkAttachmentDefinition controller"
2024-08-06T01:56:24.353713679Z E0806 01:56:24.353622       1 memcache.go:206] couldn't get resource list for subresources.kubevirt.io/v1alpha3: the server is currently unable to handle the request
2024-08-06T01:56:24.539054815Z E0806 01:56:24.538929       1 memcache.go:206] couldn't get resource list for subresources.kubevirt.io/v1: the server is currently unable to handle the request
2024-08-06T01:56:24.635909438Z E0806 01:56:24.635785       1 memcache.go:104] couldn't get resource list for subresources.kubevirt.io/v1: the server is currently unable to handle the request
2024-08-06T01:56:24.637101393Z E0806 01:56:24.636999       1 memcache.go:104] couldn't get resource list for subresources.kubevirt.io/v1alpha3: the server is currently unable to handle the request
2024-08-06T01:56:24.737955721Z time="2024-08-06T01:56:24Z" level=info msg="Starting network.harvesterhci.io/v1beta1, Kind=VlanConfig controller"
2024-08-06T01:56:24.738020213Z time="2024-08-06T01:56:24Z" level=info msg="Starting network.harvesterhci.io/v1beta1, Kind=VlanStatus controller"
2024-08-06T01:56:24.738072512Z time="2024-08-06T01:56:24Z" level=info msg="Starting network.harvesterhci.io/v1beta1, Kind=ClusterNetwork controller"
2024-08-06T01:56:24.836290433Z E0806 01:56:24.836184       1 memcache.go:206] couldn't get resource list for subresources.kubevirt.io/v1: the server is currently unable to handle the request
2024-08-06T01:56:24.842456806Z E0806 01:56:24.842352       1 memcache.go:206] couldn't get resource list for subresources.kubevirt.io/v1alpha3: the server is currently unable to handle the request
2024-08-06T01:56:25.036759009Z E0806 01:56:25.036607       1 memcache.go:104] couldn't get resource list for subresources.kubevirt.io/v1: the server is currently unable to handle the request
2024-08-06T01:56:25.038132387Z E0806 01:56:25.038002       1 memcache.go:104] couldn't get resource list for subresources.kubevirt.io/v1alpha3: the server is currently unable to handle the request
2024-08-06T01:56:25.040942652Z time="2024-08-06T01:56:25Z" level=info msg="Starting /v1, Kind=Node controller"
2024-08-06T01:56:25.044874960Z time="2024-08-06T01:56:25Z" level=info msg="generated self-signed CA certificate CN=dynamiclistener-ca@1722909385,O=dynamiclistener-org: notBefore=2024-08-06 01:56:25.04457909 +0000 UTC notAfter=2034-08-04 01:56:25.04457909 +0000 UTC"
2024-08-06T01:56:25.136182309Z time="2024-08-06T01:56:25Z" level=info msg="Listening on :8443"
2024-08-06T01:56:25.136624214Z time="2024-08-06T01:56:25Z" level=info msg="certificate CN=dynamic,O=dynamic signed by CN=dynamiclistener-ca@1722909385,O=dynamiclistener-org: notBefore=2024-08-06 01:56:25 +0000 UTC notAfter=2025-08-06 01:56:25 +0000 UTC"
2024-08-06T01:56:25.136699797Z time="2024-08-06T01:56:25Z" level=warning msg="dynamiclistener [::]:8443: no cached certificate available for preload - deferring certificate load until storage initialization or first client request"
2024-08-06T01:56:25.138332926Z time="2024-08-06T01:56:25Z" level=info msg="Creating new TLS secret for harvester-system/harvester-network-webhook-tls (count: 1): map[listener.cattle.io/cn-harvester-network-webhook.harveste-478612:harvester-network-webhook.harvester-system.svc listener.cattle.io/fingerprint:SHA1=24280BFB499A25A8AFCA531A11356DA1D4DB44C8]"
2024-08-06T01:56:25.236886671Z time="2024-08-06T01:56:25Z" level=info msg="Active TLS secret harvester-system/harvester-network-webhook-tls (ver=6178) (count 1): map[listener.cattle.io/cn-harvester-network-webhook.harveste-478612:harvester-network-webhook.harvester-system.svc listener.cattle.io/fingerprint:SHA1=24280BFB499A25A8AFCA531A11356DA1D4DB44C8]"
2024-08-06T01:56:25.238377181Z E0806 01:56:25.238008       1 memcache.go:206] couldn't get resource list for subresources.kubevirt.io/v1: the server is currently unable to handle the request
2024-08-06T01:56:25.337156011Z E0806 01:56:25.337048       1 memcache.go:206] couldn't get resource list for subresources.kubevirt.io/v1alpha3: the server is currently unable to handle the request
2024-08-06T01:56:25.438704841Z E0806 01:56:25.438554       1 memcache.go:104] couldn't get resource list for subresources.kubevirt.io/v1: the server is currently unable to handle the request
2024-08-06T01:56:25.439650098Z E0806 01:56:25.439525       1 memcache.go:104] couldn't get resource list for subresources.kubevirt.io/v1alpha3: the server is currently unable to handle the request
2024-08-06T01:56:28.938360588Z time="2024-08-06T01:56:28Z" level=info msg="Starting /v1, Kind=Secret controller"
2024-08-06T01:56:28.938443465Z time="2024-08-06T01:56:28Z" level=info msg="Starting apiregistration.k8s.io/v1, Kind=APIService controller"
2024-08-06T01:56:28.938494411Z time="2024-08-06T01:56:28Z" level=info msg="Starting apiextensions.k8s.io/v1, Kind=CustomResourceDefinition controller"
2024-08-06T01:56:28.939549667Z time="2024-08-06T01:56:28Z" level=info msg="Sleeping for 15 seconds then applying webhook config"
2024-08-06T01:56:28.941330014Z time="2024-08-06T01:56:28Z" level=info msg="Updating TLS secret for harvester-system/harvester-network-webhook-tls (count: 1): map[listener.cattle.io/cn-harvester-network-webhook.harveste-478612:harvester-network-webhook.harvester-system.svc listener.cattle.io/fingerprint:SHA1=24280BFB499A25A8AFCA531A11356DA1D4DB44C8]"
2024-08-06T01:56:30.236746206Z E0806 01:56:30.236584       1 gvks.go:69] failed to sync schemas: unable to retrieve the complete list of server APIs: subresources.kubevirt.io/v1: the server is currently unable to handle the request, subresources.kubevirt.io/v1alpha3: the server is currently unable to handle the request
2024-08-06T01:56:30.442456472Z E0806 01:56:30.442355       1 gvks.go:69] failed to sync schemas: unable to retrieve the complete list of server APIs: subresources.kubevirt.io/v1: the server is currently unable to handle the request, subresources.kubevirt.io/v1alpha3: the server is currently unable to handle the request
2024-08-06T01:56:30.737442986Z E0806 01:56:30.737334       1 gvks.go:69] failed to sync schemas: unable to retrieve the complete list of server APIs: subresources.kubevirt.io/v1: the server is currently unable to handle the request, subresources.kubevirt.io/v1alpha3: the server is currently unable to handle the request
2024-08-06T01:56:31.044671123Z E0806 01:56:31.044550       1 gvks.go:69] failed to sync schemas: unable to retrieve the complete list of server APIs: subresources.kubevirt.io/v1: the server is currently unable to handle the request, subresources.kubevirt.io/v1alpha3: the server is currently unable to handle the request
2024-08-06T01:56:31.337095510Z E0806 01:56:31.336939       1 gvks.go:69] failed to sync schemas: unable to retrieve the complete list of server APIs: subresources.kubevirt.io/v1: the server is currently unable to handle the request, subresources.kubevirt.io/v1alpha3: the server is currently unable to handle the request
2024-08-06T01:56:31.641539154Z E0806 01:56:31.641414       1 gvks.go:69] failed to sync schemas: unable to retrieve the complete list of server APIs: subresources.kubevirt.io/v1: the server is currently unable to handle the request, subresources.kubevirt.io/v1alpha3: the server is currently unable to handle the request
2024-08-06T01:56:32.035799323Z E0806 01:56:32.035645       1 gvks.go:69] failed to sync schemas: unable to retrieve the complete list of server APIs: subresources.kubevirt.io/v1: the server is currently unable to handle the request, subresources.kubevirt.io/v1alpha3: the server is currently unable to handle the request
2024-08-06T01:56:32.337552237Z E0806 01:56:32.337355       1 gvks.go:69] failed to sync schemas: unable to retrieve the complete list of server APIs: subresources.kubevirt.io/v1: the server is currently unable to handle the request, subresources.kubevirt.io/v1alpha3: the server is currently unable to handle the request
2024-08-06T01:56:32.736282209Z E0806 01:56:32.736121       1 gvks.go:69] failed to sync schemas: unable to retrieve the complete list of server APIs: subresources.kubevirt.io/v1: the server is currently unable to handle the request, subresources.kubevirt.io/v1alpha3: the server is currently unable to handle the request
2024-08-06T01:56:33.042448554Z E0806 01:56:33.042321       1 gvks.go:69] failed to sync schemas: unable to retrieve the complete list of server APIs: subresources.kubevirt.io/v1: the server is currently unable to handle the request, subresources.kubevirt.io/v1alpha3: the server is currently unable to handle the request
2024-08-06T01:56:33.435745113Z E0806 01:56:33.435620       1 gvks.go:69] failed to sync schemas: unable to retrieve the complete list of server APIs: subresources.kubevirt.io/v1: the server is currently unable to handle the request, subresources.kubevirt.io/v1alpha3: the server is currently unable to handle the request
2024-08-06T01:56:34.142613945Z E0806 01:56:34.142519       1 gvks.go:69] failed to sync schemas: unable to retrieve the complete list of server APIs: subresources.kubevirt.io/v1: the server is currently unable to handle the request, subresources.kubevirt.io/v1alpha3: the server is currently unable to handle the request
2024-08-06T01:56:34.537738280Z E0806 01:56:34.537581       1 gvks.go:69] failed to sync schemas: unable to retrieve the complete list of server APIs: subresources.kubevirt.io/v1: the server is currently unable to handle the request, subresources.kubevirt.io/v1alpha3: the server is currently unable to handle the request
2024-08-06T01:56:34.838125430Z E0806 01:56:34.838001       1 gvks.go:69] failed to sync schemas: unable to retrieve the complete list of server APIs: subresources.kubevirt.io/v1: the server is currently unable to handle the request, subresources.kubevirt.io/v1alpha3: the server is currently unable to handle the request
2024-08-06T01:56:35.137171231Z E0806 01:56:35.137053       1 gvks.go:69] failed to sync schemas: unable to retrieve the complete list of server APIs: subresources.kubevirt.io/v1: the server is currently unable to handle the request, subresources.kubevirt.io/v1alpha3: the server is currently unable to handle the request
2024-08-06T01:56:35.438200485Z E0806 01:56:35.438061       1 gvks.go:69] failed to sync schemas: unable to retrieve the complete list of server APIs: subresources.kubevirt.io/v1: the server is currently unable to handle the request, subresources.kubevirt.io/v1alpha3: the server is currently unable to handle the request
2024-08-06T01:56:35.737733692Z E0806 01:56:35.737633       1 gvks.go:69] failed to sync schemas: unable to retrieve the complete list of server APIs: subresources.kubevirt.io/v1: the server is currently unable to handle the request, subresources.kubevirt.io/v1alpha3: the server is currently unable to handle the request
2024-08-06T01:56:36.037660669Z E0806 01:56:36.037570       1 gvks.go:69] failed to sync schemas: unable to retrieve the complete list of server APIs: subresources.kubevirt.io/v1: the server is currently unable to handle the request, subresources.kubevirt.io/v1alpha3: the server is currently unable to handle the request
2024-08-06T01:56:36.338843634Z E0806 01:56:36.338565       1 gvks.go:69] failed to sync schemas: unable to retrieve the complete list of server APIs: subresources.kubevirt.io/v1: the server is currently unable to handle the request, subresources.kubevirt.io/v1alpha3: the server is currently unable to handle the request
2024-08-06T01:56:36.637935587Z E0806 01:56:36.637821       1 gvks.go:69] failed to sync schemas: unable to retrieve the complete list of server APIs: subresources.kubevirt.io/v1: the server is currently unable to handle the request, subresources.kubevirt.io/v1alpha3: the server is currently unable to handle the request
2024-08-06T01:56:36.938175239Z E0806 01:56:36.938021       1 gvks.go:69] failed to sync schemas: unable to retrieve the complete list of server APIs: subresources.kubevirt.io/v1: the server is currently unable to handle the request, subresources.kubevirt.io/v1alpha3: the server is currently unable to handle the request
2024-08-06T01:56:37.335680864Z E0806 01:56:37.335544       1 gvks.go:69] failed to sync schemas: unable to retrieve the complete list of server APIs: subresources.kubevirt.io/v1: the server is currently unable to handle the request, subresources.kubevirt.io/v1alpha3: the server is currently unable to handle the request
2024-08-06T01:56:37.636485144Z E0806 01:56:37.635986       1 gvks.go:69] failed to sync schemas: unable to retrieve the complete list of server APIs: subresources.kubevirt.io/v1: the server is currently unable to handle the request, subresources.kubevirt.io/v1alpha3: the server is currently unable to handle the request
2024-08-06T01:56:38.338412719Z E0806 01:56:38.338262       1 gvks.go:69] failed to sync schemas: unable to retrieve the complete list of server APIs: subresources.kubevirt.io/v1: the server is currently unable to handle the request, subresources.kubevirt.io/v1alpha3: the server is currently unable to handle the request
2024-08-06T01:57:00.336709430Z E0806 01:57:00.336569       1 gvks.go:69] failed to sync schemas: unable to retrieve the complete list of server APIs: custom.metrics.k8s.io/v1beta1: the server is currently unable to handle the request
2024-08-06T01:57:00.639483148Z E0806 01:57:00.639383       1 gvks.go:69] failed to sync schemas: unable to retrieve the complete list of server APIs: custom.metrics.k8s.io/v1beta1: the server is currently unable to handle the request
2024-08-06T01:57:06.439203069Z E0806 01:57:06.437991       1 gvks.go:69] failed to sync schemas: unable to retrieve the complete list of server APIs: custom.metrics.k8s.io/v1beta1: the server is currently unable to handle the request
2024-08-06T01:57:06.637166434Z E0806 01:57:06.636130       1 gvks.go:69] failed to sync schemas: unable to retrieve the complete list of server APIs: custom.metrics.k8s.io/v1beta1: the server is currently unable to handle the request
2024-08-06T01:57:06.839175264Z E0806 01:57:06.838885       1 gvks.go:69] failed to sync schemas: unable to retrieve the complete list of server APIs: custom.metrics.k8s.io/v1beta1: the server is currently unable to handle the request
2024-08-06T01:57:07.036374198Z E0806 01:57:07.035823       1 gvks.go:69] failed to sync schemas: unable to retrieve the complete list of server APIs: custom.metrics.k8s.io/v1beta1: the server is currently unable to handle the request
2024-08-06T01:57:07.238904619Z E0806 01:57:07.238810       1 gvks.go:69] failed to sync schemas: unable to retrieve the complete list of server APIs: custom.metrics.k8s.io/v1beta1: the server is currently unable to handle the request
2024-08-06T01:57:07.637487284Z E0806 01:57:07.637372       1 gvks.go:69] failed to sync schemas: unable to retrieve the complete list of server APIs: custom.metrics.k8s.io/v1beta1: the server is currently unable to handle the request
2024-08-06T01:57:08.437245595Z E0806 01:57:08.437136       1 gvks.go:69] failed to sync schemas: unable to retrieve the complete list of server APIs: custom.metrics.k8s.io/v1beta1: the server is currently unable to handle the request
2024-08-06T01:57:08.737947348Z E0806 01:57:08.737828       1 gvks.go:69] failed to sync schemas: unable to retrieve the complete list of server APIs: custom.metrics.k8s.io/v1beta1: the server is currently unable to handle the request
2024-08-06T01:57:09.037766045Z E0806 01:57:09.037659       1 gvks.go:69] failed to sync schemas: unable to retrieve the complete list of server APIs: custom.metrics.k8s.io/v1beta1: the server is currently unable to handle the request
2024-08-06T01:57:09.338244403Z E0806 01:57:09.338143       1 gvks.go:69] failed to sync schemas: unable to retrieve the complete list of server APIs: custom.metrics.k8s.io/v1beta1: the server is currently unable to handle the request
2024-08-06T01:57:09.638264975Z E0806 01:57:09.638173       1 gvks.go:69] failed to sync schemas: unable to retrieve the complete list of server APIs: custom.metrics.k8s.io/v1beta1: the server is currently unable to handle the request
2024-08-06T01:57:09.937841565Z E0806 01:57:09.937719       1 gvks.go:69] failed to sync schemas: unable to retrieve the complete list of server APIs: custom.metrics.k8s.io/v1beta1: the server is currently unable to handle the request
2024-08-06T01:57:10.254556377Z E0806 01:57:10.246623       1 gvks.go:69] failed to sync schemas: unable to retrieve the complete list of server APIs: custom.metrics.k8s.io/v1beta1: the server is currently unable to handle the request
2024-08-06T01:57:10.535984305Z E0806 01:57:10.535881       1 gvks.go:69] failed to sync schemas: unable to retrieve the complete list of server APIs: custom.metrics.k8s.io/v1beta1: the server is currently unable to handle the request
2024-08-06T01:57:10.836014652Z E0806 01:57:10.835867       1 gvks.go:69] failed to sync schemas: unable to retrieve the complete list of server APIs: custom.metrics.k8s.io/v1beta1: the server is currently unable to handle the request
2024-08-06T11:56:28.143064285Z time="2024-08-06T11:56:28Z" level=info msg="Sleeping for 15 seconds then applying webhook config"
2024-08-06T11:56:28.144368990Z time="2024-08-06T11:56:28Z" level=info msg="Updating TLS secret for harvester-system/harvester-network-webhook-tls (count: 1): map[listener.cattle.io/cn-harvester-network-webhook.harveste-478612:harvester-network-webhook.harvester-system.svc listener.cattle.io/fingerprint:SHA1=24280BFB499A25A8AFCA531A11356DA1D4DB44C8]"
