2024-08-06T01:56:53.750416559Z fluentd -c /fluentd/etc/fluent.conf --dry-run
2024-08-06T01:56:54.719614057Z 2024-08-06 01:56:54 +0000 [info]: parsing config file is succeeded path="/fluentd/etc/fluent.conf"
2024-08-06T01:56:54.788418611Z 2024-08-06 01:56:54 +0000 [info]: gem 'fluent-mixin-config-placeholders' version '0.4.0'
2024-08-06T01:56:54.788449109Z 2024-08-06 01:56:54 +0000 [info]: gem 'fluent-plugin-aws-elasticsearch-service' version '2.4.1'
2024-08-06T01:56:54.788457812Z 2024-08-06 01:56:54 +0000 [info]: gem 'fluent-plugin-azure-storage-append-blob' version '0.2.1'
2024-08-06T01:56:54.788485215Z 2024-08-06 01:56:54 +0000 [info]: gem 'fluent-plugin-cloudwatch-logs' version '0.14.2'
2024-08-06T01:56:54.788500518Z 2024-08-06 01:56:54 +0000 [info]: gem 'fluent-plugin-concat' version '2.5.0'
2024-08-06T01:56:54.788503964Z 2024-08-06 01:56:54 +0000 [info]: gem 'fluent-plugin-datadog' version '0.14.1'
2024-08-06T01:56:54.788508140Z 2024-08-06 01:56:54 +0000 [info]: gem 'fluent-plugin-dedot_filter' version '1.0.0'
2024-08-06T01:56:54.788511205Z 2024-08-06 01:56:54 +0000 [info]: gem 'fluent-plugin-detect-exceptions' version '0.0.14'
2024-08-06T01:56:54.788514360Z 2024-08-06 01:56:54 +0000 [info]: gem 'fluent-plugin-elasticsearch' version '5.2.2'
2024-08-06T01:56:54.788517585Z 2024-08-06 01:56:54 +0000 [info]: gem 'fluent-plugin-enhance-k8s-metadata' version '2.0.0'
2024-08-06T01:56:54.788520730Z 2024-08-06 01:56:54 +0000 [info]: gem 'fluent-plugin-gcs' version '0.4.0'
2024-08-06T01:56:54.788527640Z 2024-08-06 01:56:54 +0000 [info]: gem 'fluent-plugin-gelf-hs' version '1.0.8'
2024-08-06T01:56:54.788530845Z 2024-08-06 01:56:54 +0000 [info]: gem 'fluent-plugin-geoip' version '1.3.2'
2024-08-06T01:56:54.788533840Z 2024-08-06 01:56:54 +0000 [info]: gem 'fluent-plugin-grafana-loki' version '1.2.18'
2024-08-06T01:56:54.788577658Z 2024-08-06 01:56:54 +0000 [info]: gem 'fluent-plugin-grok-parser' version '2.6.2'
2024-08-06T01:56:54.788591930Z 2024-08-06 01:56:54 +0000 [info]: gem 'fluent-plugin-kafka' version '0.17.5'
2024-08-06T01:56:54.788595796Z 2024-08-06 01:56:54 +0000 [info]: gem 'fluent-plugin-kinesis' version '3.4.2'
2024-08-06T01:56:54.788608376Z 2024-08-06 01:56:54 +0000 [info]: gem 'fluent-plugin-kube-events-timestamp' version '0.1.3'
2024-08-06T01:56:54.788622438Z 2024-08-06 01:56:54 +0000 [info]: gem 'fluent-plugin-kubernetes-metadata-filter' version '2.5.3'
2024-08-06T01:56:54.788640926Z 2024-08-06 01:56:54 +0000 [info]: gem 'fluent-plugin-kubernetes-sumologic' version '2.0.0'
2024-08-06T01:56:54.788649409Z 2024-08-06 01:56:54 +0000 [info]: gem 'fluent-plugin-label-router' version '0.2.10'
2024-08-06T01:56:54.788673557Z 2024-08-06 01:56:54 +0000 [info]: gem 'fluent-plugin-logdna' version '0.4.0'
2024-08-06T01:56:54.788678815Z 2024-08-06 01:56:54 +0000 [info]: gem 'fluent-plugin-logzio' version '0.0.21'
2024-08-06T01:56:54.788681910Z 2024-08-06 01:56:54 +0000 [info]: gem 'fluent-plugin-multi-format-parser' version '1.0.0'
2024-08-06T01:56:54.788690163Z 2024-08-06 01:56:54 +0000 [info]: gem 'fluent-plugin-newrelic' version '1.2.1'
2024-08-06T01:56:54.788706448Z 2024-08-06 01:56:54 +0000 [info]: gem 'fluent-plugin-opensearch' version '1.0.5'
2024-08-06T01:56:54.788711506Z 2024-08-06 01:56:54 +0000 [info]: gem 'fluent-plugin-oss' version '0.0.2'
2024-08-06T01:56:54.788715001Z 2024-08-06 01:56:54 +0000 [info]: gem 'fluent-plugin-parser-logfmt' version '0.0.0'
2024-08-06T01:56:54.788738538Z 2024-08-06 01:56:54 +0000 [info]: gem 'fluent-plugin-prometheus' version '2.0.3'
2024-08-06T01:56:54.788743185Z 2024-08-06 01:56:54 +0000 [info]: gem 'fluent-plugin-record-modifier' version '2.1.0'
2024-08-06T01:56:54.788751778Z 2024-08-06 01:56:54 +0000 [info]: gem 'fluent-plugin-redis' version '0.3.5'
2024-08-06T01:56:54.788810670Z 2024-08-06 01:56:54 +0000 [info]: gem 'fluent-plugin-remote-syslog' version '1.1'
2024-08-06T01:56:54.788842549Z 2024-08-06 01:56:54 +0000 [info]: gem 'fluent-plugin-rewrite-tag-filter' version '2.4.0'
2024-08-06T01:56:54.788851593Z 2024-08-06 01:56:54 +0000 [info]: gem 'fluent-plugin-s3' version '1.6.1'
2024-08-06T01:56:54.788874579Z 2024-08-06 01:56:54 +0000 [info]: gem 'fluent-plugin-splunk-hec' version '1.2.13'
2024-08-06T01:56:54.788883813Z 2024-08-06 01:56:54 +0000 [info]: gem 'fluent-plugin-sqs' version '3.0.0'
2024-08-06T01:56:54.788899137Z 2024-08-06 01:56:54 +0000 [info]: gem 'fluent-plugin-sumologic_output' version '1.8.0'
2024-08-06T01:56:54.788907790Z 2024-08-06 01:56:54 +0000 [info]: gem 'fluent-plugin-syslog_rfc5424' version '0.9.0.rc.8'
2024-08-06T01:56:54.788916203Z 2024-08-06 01:56:54 +0000 [info]: gem 'fluent-plugin-tag-normaliser' version '0.1.1'
2024-08-06T01:56:54.788924536Z 2024-08-06 01:56:54 +0000 [info]: gem 'fluent-plugin-throttle' version '0.0.5'
2024-08-06T01:56:54.788931527Z 2024-08-06 01:56:54 +0000 [info]: gem 'fluent-plugin-webhdfs' version '1.5.0'
2024-08-06T01:56:54.788949735Z 2024-08-06 01:56:54 +0000 [info]: gem 'fluentd' version '1.14.6'
2024-08-06T01:56:54.788964268Z 2024-08-06 01:56:54 +0000 [info]: starting fluentd-1.14.6 as dry run mode ruby="2.7.6"
2024-08-06T01:56:54.902485875Z 2024-08-06 01:56:54 +0000 [warn]: define <match fluent.**> to capture fluentd logs in top level is deprecated. Use <label @FLUENT_LOG> instead
2024-08-06T01:56:54.902627464Z 2024-08-06 01:56:54 +0000 [info]: using configuration file: <ROOT>
2024-08-06T01:56:54.902637009Z   <system>
2024-08-06T01:56:54.902646574Z     rpc_endpoint "127.0.0.1:24444"
2024-08-06T01:56:54.902655037Z     log_level info
2024-08-06T01:56:54.902662028Z     workers 1
2024-08-06T01:56:54.902668578Z   </system>
2024-08-06T01:56:54.902675819Z   <source>
2024-08-06T01:56:54.902682590Z     @type forward
2024-08-06T01:56:54.902689180Z     @id main_forward
2024-08-06T01:56:54.902695720Z     bind "0.0.0.0"
2024-08-06T01:56:54.902702471Z     port 24240
2024-08-06T01:56:54.902709592Z   </source>
2024-08-06T01:56:54.902717434Z   <match **>
2024-08-06T01:56:54.902725847Z     @type label_router
2024-08-06T01:56:54.902734190Z     @id main
2024-08-06T01:56:54.902740880Z     metrics false
2024-08-06T01:56:54.902747531Z   </match>
2024-08-06T01:56:54.902754001Z   <label @ERROR>
2024-08-06T01:56:54.902760401Z     <match **>
2024-08-06T01:56:54.902767051Z       @type null
2024-08-06T01:56:54.902773882Z       @id main-fluentd-error
2024-08-06T01:56:54.902780412Z     </match>
2024-08-06T01:56:54.902786972Z   </label>
2024-08-06T01:56:54.902793792Z   <match **>
2024-08-06T01:56:54.902801605Z     @type null
2024-08-06T01:56:54.902809577Z     @id main-no-output
2024-08-06T01:56:54.902817609Z   </match>
2024-08-06T01:56:54.902824690Z </ROOT>
2024-08-06T01:56:54.902841116Z 2024-08-06 01:56:54 +0000 [info]: finished dry run mode
