2024-08-06T02:15:51.028246248Z Fluent Bit v2.2.0
2024-08-06T02:15:51.028286712Z * Copyright (C) 2015-2023 The Fluent Bit Authors
2024-08-06T02:15:51.028295188Z * Fluent Bit is a CNCF sub-project under the umbrella of Fluentd
2024-08-06T02:15:51.028300948Z * https://fluentbit.io
2024-08-06T02:15:51.028306078Z 
2024-08-06T02:15:51.084823369Z [2024/08/06 02:15:51] [ info] [fluent bit] version=2.2.0, commit=db8487d123, pid=1
2024-08-06T02:15:51.085193150Z [2024/08/06 02:15:51] [ info] [storage] ver=1.5.1, type=memory+filesystem, sync=normal, checksum=off, max_chunks_up=128
2024-08-06T02:15:51.085204591Z [2024/08/06 02:15:51] [ info] [storage] backlog input plugin: storage_backlog.1
2024-08-06T02:15:51.085210452Z [2024/08/06 02:15:51] [ info] [cmetrics] version=0.6.4
2024-08-06T02:15:51.085215501Z [2024/08/06 02:15:51] [ info] [ctraces ] version=0.3.1
2024-08-06T02:15:51.085444463Z [2024/08/06 02:15:51] [ info] [input:tail:tail.0] initializing
2024-08-06T02:15:51.085451015Z [2024/08/06 02:15:51] [ info] [input:tail:tail.0] storage_strategy='memory' (memory only)
2024-08-06T02:15:51.382256646Z [2024/08/06 02:15:51] [ info] [input:storage_backlog:storage_backlog.1] initializing
2024-08-06T02:15:51.382286461Z [2024/08/06 02:15:51] [ info] [input:storage_backlog:storage_backlog.1] storage_strategy='memory' (memory only)
2024-08-06T02:15:51.382293715Z [2024/08/06 02:15:51] [ info] [input:storage_backlog:storage_backlog.1] queue memory limit: 95.4M
2024-08-06T02:15:51.382372550Z [2024/08/06 02:15:51] [ info] [filter:kubernetes:kubernetes.0] https=1 host=kubernetes.default.svc port=443
2024-08-06T02:15:51.384944166Z [2024/08/06 02:15:51] [ info] [filter:kubernetes:kubernetes.0]  token updated
2024-08-06T02:15:51.384960285Z [2024/08/06 02:15:51] [ info] [filter:kubernetes:kubernetes.0] local POD info OK
2024-08-06T02:15:51.387717553Z [2024/08/06 02:15:51] [ info] [filter:kubernetes:kubernetes.0] testing connectivity with API server...
2024-08-06T02:15:51.394294865Z [2024/08/06 02:15:51] [ info] [filter:kubernetes:kubernetes.0] connectivity OK
2024-08-06T02:15:51.394693530Z [2024/08/06 02:15:51] [ info] [sp] stream processor started
2024-08-06T02:15:51.439788596Z [2024/08/06 02:15:51] [ info] [output:forward:forward.0] worker #0 started
2024-08-06T02:15:51.439809986Z [2024/08/06 02:15:51] [ info] [input:tail:tail.0] inotify_fs_add(): inode=6688737 watch_fd=1 name=/var/log/containers/apply-sync-additional-ca-on-harvesterdev7-with-2c27af4f7e-hjfnc_cattle-system_upgrade-8d77d28fc5363b12fefbc44e934d61ca3b277b1b73c9b01b79fb6cb2eb4fae2f.log
2024-08-06T02:15:51.439819694Z [2024/08/06 02:15:51] [ info] [output:forward:forward.0] worker #1 started
2024-08-06T02:15:51.448979582Z [2024/08/06 02:15:51] [ info] [input:tail:tail.0] inotify_fs_add(): inode=6815764 watch_fd=2 name=/var/log/containers/harvester-network-controller-4jbzn_harvester-system_harvester-network-4972fe419a0a31fe1979cd7cdd19921786e59327afb3dc4cb78879fc65865a4a.log
2024-08-06T02:15:51.449011410Z [2024/08/06 02:15:51] [ info] [input:tail:tail.0] inotify_fs_add(): inode=6815768 watch_fd=3 name=/var/log/containers/harvester-node-disk-manager-zhxfv_harvester-system_harvester-node-disk-manager-9a25f41c44bbbcab566a659275f848dcde2c332d4af88637baff05e66b9eb6b3.log
2024-08-06T02:15:51.449024665Z [2024/08/06 02:15:51] [ info] [input:tail:tail.0] inotify_fs_add(): inode=6032177 watch_fd=4 name=/var/log/containers/harvester-whereabouts-9qs8g_kube-system_whereabouts-1ba0ec1879f6e0f986820b55094e343e7666ae266e921777ece8fe32a7c67226.log
2024-08-06T02:15:51.449034834Z [2024/08/06 02:15:51] [ info] [input:tail:tail.0] inotify_fs_add(): inode=5769869 watch_fd=5 name=/var/log/containers/kube-proxy-harvesterdev7_kube-system_kube-proxy-8c1bba5c52ad9799cfed14ac5ab9941bd27bd52177475324cbaaf5bea4baea73.log
2024-08-06T02:15:51.449045393Z [2024/08/06 02:15:51] [ info] [input:tail:tail.0] inotify_fs_add(): inode=6686843 watch_fd=6 name=/var/log/containers/longhorn-loop-device-cleaner-fw8h7_longhorn-system_longhorn-loop-device-cleaner-a3c04800e0101f9b9a7310e7a36cdbe4cfe11c13a17460e6de0dad26234daf2e.log
2024-08-06T02:15:51.484780542Z [2024/08/06 02:15:51] [ info] [input:tail:tail.0] inotify_fs_add(): inode=6032152 watch_fd=7 name=/var/log/containers/rancher-monitoring-prometheus-node-exporter-dqss6_cattle-monitoring-system_node-exporter-3d26d34614ae8f5dd5061f21fb99886f6fdc9c7e909bace478a6301a801e58fc.log
2024-08-06T02:15:51.492824486Z [2024/08/06 02:15:51] [ info] [input:tail:tail.0] inotify_fs_add(): inode=6032196 watch_fd=8 name=/var/log/containers/rke2-canal-5x7kr_kube-system_flexvol-driver-30b7012925272518308cccde0d5cb0712539e31ec5caa6559d64c781ce88624b.log
2024-08-06T02:15:51.492838271Z [2024/08/06 02:15:51] [ info] [input:tail:tail.0] inotify_fs_add(): inode=6032180 watch_fd=9 name=/var/log/containers/rke2-canal-5x7kr_kube-system_install-cni-868ab4076096b2c191d6a8be0e05f332b8c0862572b7b7bde0e437d27e930eb1.log
2024-08-06T02:15:51.492991553Z [2024/08/06 02:15:51] [ info] [input:tail:tail.0] inotify_fs_add(): inode=6032206 watch_fd=10 name=/var/log/containers/rke2-canal-5x7kr_kube-system_kube-flannel-e170615e6f4d170683f40e77466400dcfd9fb31728a8722d49bf2286769c9c47.log
2024-08-06T02:15:51.493000790Z [2024/08/06 02:15:51] [ info] [input:tail:tail.0] inotify_fs_add(): inode=6032153 watch_fd=11 name=/var/log/containers/rke2-multus-4g2jg_kube-system_cni-plugins-3f00b379beb5b3e4178f0132cdb5c9c3aa09dc8cb2bee21bf0bc93d2e199a260.log
2024-08-06T02:15:51.493007152Z [2024/08/06 02:15:51] [ info] [input:tail:tail.0] inotify_fs_add(): inode=6032197 watch_fd=12 name=/var/log/containers/rke2-multus-4g2jg_kube-system_kube-rke2-multus-de66510f763e467ccc958b32c8ee40a24ccddbbc66c171801cee11555fca4e28.log
2024-08-06T02:15:51.493109581Z [2024/08/06 02:15:51] [ info] [input:tail:tail.0] inotify_fs_add(): inode=6032183 watch_fd=13 name=/var/log/containers/apply-system-agent-upgrader-on-harvesterdev7-with-6f6e842-c245h_cattle-system_upgrade-3c6bb5a95aaf7ea2aa405a098b4f377e152262f2e575062f867881438abb4d0e.log
2024-08-06T02:15:51.493596668Z [2024/08/06 02:15:51] [ info] [input:tail:tail.0] inotify_fs_add(): inode=6032202 watch_fd=14 name=/var/log/containers/rke2-canal-5x7kr_kube-system_calico-node-dcd109b309e3f5ac8cecfd2e3ac6624cb636ed0f9200b4d114a70792d25beee5.log
2024-08-06T02:15:51.494012654Z [2024/08/06 02:15:51] [ info] [input:tail:tail.0] inotify_fs_add(): inode=6685289 watch_fd=15 name=/var/log/containers/rancher-logging-root-fluentbit-tx7lp_cattle-logging-system_fluent-bit-ac313e76e281eb33c63d34dd2db14a885734c36aa887053435d237c80e2a0a82.log
2024-08-06T02:15:55.684800704Z [2024/08/06 02:15:55] [ info] [input:tail:tail.0] inotify_fs_add(): inode=6685384 watch_fd=16 name=/var/log/containers/harvester-pcidevices-controller-nsdtz_harvester-system_agent-50fbd04abdcc0a05431db2b8940ad8b88232eac7abf6b54d23d6931a02c1af3a.log
2024-08-06T02:15:55.698844445Z [2024/08/06 02:15:55] [ info] [input:tail:tail.0] inotify_fs_add(): inode=6685346 watch_fd=17 name=/var/log/containers/longhorn-csi-plugin-drk5n_longhorn-system_node-driver-registrar-94578c00417b20174d626e395d192ddac43c6c6fb3ab8621718dba00a2a35393.log
2024-08-06T02:15:55.698863260Z [2024/08/06 02:15:55] [ info] [input:tail:tail.0] inotify_fs_add(): inode=6685412 watch_fd=18 name=/var/log/containers/rancher-logging-rke2-journald-aggregator-grpfm_cattle-logging-system_fluentbit-ff04703013fabf263b7241f2794ba61cd28d3e1543c6b12d2f4cfacc46e3b6fb.log
2024-08-06T02:16:00.699535836Z [2024/08/06 02:16:00] [ info] [input:tail:tail.0] inotify_fs_add(): inode=6815917 watch_fd=19 name=/var/log/containers/harvester-node-manager-65cs8_harvester-system_node-manager-0b6b6017ac1a7a943049c5693c082c3b5ffd596a264ab247ce2602f0eae6529e.log
2024-08-06T02:16:00.699574018Z [2024/08/06 02:16:00] [ info] [input:tail:tail.0] inotify_fs_add(): inode=6815930 watch_fd=20 name=/var/log/containers/longhorn-manager-6vhdk_longhorn-system_longhorn-manager-55f9719cc86d537d9f622a67a1c5f6fa5a273e178cf20d8cca13242584f3482a.log
2024-08-06T02:16:05.712133968Z [2024/08/06 02:16:05] [ info] [input:tail:tail.0] inotify_fs_add(): inode=6816002 watch_fd=21 name=/var/log/containers/engine-image-ei-b0369a5d-xll9n_longhorn-system_engine-image-ei-b0369a5d-af3f6a7988858694e0b78c5c219c1cb1b0975bae807c0c6a40fab0c00d4ac3f2.log
2024-08-06T02:16:05.712162743Z [2024/08/06 02:16:05] [ info] [input:tail:tail.0] inotify_fs_add(): inode=6685435 watch_fd=22 name=/var/log/containers/longhorn-csi-plugin-drk5n_longhorn-system_longhorn-csi-plugin-da1f9344be1d614b79aac8a56371b9bd85e5c0a530454890d9c42cbb63a6e7d4.log
2024-08-06T02:16:05.712167071Z [2024/08/06 02:16:05] [ info] [input:tail:tail.0] inotify_fs_add(): inode=6685425 watch_fd=23 name=/var/log/containers/longhorn-csi-plugin-drk5n_longhorn-system_longhorn-liveness-probe-b3db05035b88f4e1dc6d37c7b2ff2ee2ce5a19cfc19ee7f0a5eb562251d927d9.log
2024-08-06T02:16:05.712180627Z [2024/08/06 02:16:05] [ info] [input:tail:tail.0] inotify_fs_add(): inode=6685420 watch_fd=24 name=/var/log/containers/virt-handler-2kgsd_harvester-system_virt-launcher-9b632b54ae4d612bc23bd319e60e1a7f76c718fb971f1714dbd79f643b4aeb01.log
2024-08-06T02:16:15.700106024Z [2024/08/06 02:16:15] [ info] [input:tail:tail.0] inotify_fs_add(): inode=6685422 watch_fd=25 name=/var/log/containers/rke2-ingress-nginx-controller-kvsmb_kube-system_rke2-ingress-nginx-controller-f17e42804e52ad8a707923b6484686c07386aa30b3a53cfea4be8a74ebe54b78.log
2024-08-06T02:16:15.700148936Z [2024/08/06 02:16:15] [ info] [input:tail:tail.0] inotify_fs_add(): inode=6685458 watch_fd=26 name=/var/log/containers/virt-handler-2kgsd_harvester-system_virt-handler-dd39e95f5e8994dc2eafaa9a639bf91e5d9f240ad61b0dc4b355b8ed0fa64e18.log
2024-08-06T02:16:20.692469816Z [2024/08/06 02:16:20] [ info] [input:tail:tail.0] inotify_fs_add(): inode=6816061 watch_fd=27 name=/var/log/containers/instance-manager-fd2210d5d4d7d5980dfa52c0fc71e1fa_longhorn-system_instance-manager-a50df48b453e9829cfa1df8a695e87c3082d071cb5a16aa7f21b15e281d6902b.log
2024-08-06T02:16:45.693274446Z [2024/08/06 02:16:45] [ info] [input:tail:tail.0] inotify_fs_add(): inode=6815753 watch_fd=28 name=/var/log/containers/nvidia-driver-runtime-d5kpg_harvester-system_nvidia-driver-ctr-99bbd86560fa8197da1dec50613fe46191b4282c7f2ee19efafeed1e6e462f4d.log
2024-08-06T02:25:00.692751149Z [2024/08/06 02:25:00] [ info] [input:tail:tail.0] inotify_fs_add(): inode=6816140 watch_fd=29 name=/var/log/containers/virt-launcher-gputest-primary-c31607d4-hpllh-kljbh_default_compute-b5c7e8d08f92093f16506e608e985e0ec69d152fb8ce13d2ae6fae035e707e44.log
2024-08-06T02:25:05.684697375Z [2024/08/06 02:25:05] [ info] [input:tail:tail.0] inotify_fs_add(): inode=6816158 watch_fd=30 name=/var/log/containers/virt-launcher-gputest-primary-c31607d4-hpllh-kljbh_default_guest-console-log-49dd9ee9a79b9547220658b8f02eccc2f09166588343e5206cb3abec49ec66fe.log
2024-08-06T02:30:43.103518343Z [2024/08/06 02:30:43] [ info] [filter:kubernetes:kubernetes.0]  token updated
2024-08-06T02:31:27.177824634Z [2024/08/06 02:31:27] [ info] [input:tail:tail.0] inotify_fs_remove(): inode=6032183 watch_fd=13
2024-08-06T02:31:27.192341090Z [2024/08/06 02:31:27] [ info] [input:tail:tail.0] inotify_fs_remove(): inode=6688737 watch_fd=1
2024-08-06T02:47:50.692351335Z [2024/08/06 02:47:50] [ info] [filter:kubernetes:kubernetes.0]  token updated
2024-08-06T02:47:50.701142992Z [2024/08/06 02:47:50] [ info] [input:tail:tail.0] inotify_fs_add(): inode=6816336 watch_fd=31 name=/var/log/containers/supportbundle-manager-bundle-jk7b5-5875b5598f-tj7dc_harvester-system_manager-7b641d6746eb9b3d975ac7ce5c58175ef9c36cd3ceaed6d0280622c8990bb52b.log
2024-08-06T02:49:30.697832464Z [2024/08/06 02:49:30] [ info] [input:tail:tail.0] inotify_fs_add(): inode=6816380 watch_fd=32 name=/var/log/containers/supportbundle-agent-bundle-jk7b5-nlv9l_harvester-system_agent-b66b529dbc59e0977be6aaff72b837011bf5ffc69c61fd6396e6a0f87e89e22a.log
2024-08-06T02:50:33.403755455Z [2024/08/06 02:50:33] [ info] [input:tail:tail.0] inotify_fs_remove(): inode=6816380 watch_fd=32
2024-08-06T02:50:37.422451650Z [2024/08/06 02:50:37] [ info] [input:tail:tail.0] inotify_fs_remove(): inode=6816336 watch_fd=31
2024-08-06T05:34:28.684322943Z [2024/08/06 05:34:28] [ warn] [net] getaddrinfo(host='rancher-logging-root-fluentd.cattle-logging-system.svc.cluster.local', err=12): Timeout while contacting DNS servers
2024-08-06T05:34:28.684388046Z [2024/08/06 05:34:28] [error] [output:forward:forward.0] no upstream connections available
2024-08-06T05:34:28.684412041Z [2024/08/06 05:34:28] [ warn] [engine] failed to flush chunk '1-1722922459.192269220.flb', retry in 9 seconds: task_id=0, input=tail.0 > output=forward.0 (out_id=0)
2024-08-06T05:34:30.683940598Z [2024/08/06 05:34:30] [ warn] [net] getaddrinfo(host='rancher-logging-root-fluentd.cattle-logging-system.svc.cluster.local', err=12): Timeout while contacting DNS servers
2024-08-06T05:34:30.683954104Z [2024/08/06 05:34:30] [error] [output:forward:forward.0] no upstream connections available
2024-08-06T05:34:30.684906401Z [2024/08/06 05:34:30] [ warn] [engine] failed to flush chunk '1-1722922461.512003916.flb', retry in 9 seconds: task_id=1, input=tail.0 > output=forward.0 (out_id=0)
2024-08-06T05:34:37.684403348Z [2024/08/06 05:34:37] [ info] [engine] flush chunk '1-1722922459.192269220.flb' succeeded at retry 1: task_id=0, input=tail.0 > output=forward.0 (out_id=0)
2024-08-06T05:34:39.684091581Z [2024/08/06 05:34:39] [ info] [engine] flush chunk '1-1722922461.512003916.flb' succeeded at retry 1: task_id=1, input=tail.0 > output=forward.0 (out_id=0)
2024-08-06T06:17:15.734939046Z [2024/08/06 06:17:15] [ info] [input:tail:tail.0] inode=6032202 handle rotation(): /var/log/containers/rke2-canal-5x7kr_kube-system_calico-node-dcd109b309e3f5ac8cecfd2e3ac6624cb636ed0f9200b4d114a70792d25beee5.log => /var/log/pods/kube-system_rke2-canal-5x7kr_f0eba93f-da21-4422-9868-d9e4a9cd7598/calico-node/0.log.20240806-061715
2024-08-06T06:17:15.735013667Z [2024/08/06 06:17:15] [ info] [input:tail:tail.0] inotify_fs_remove(): inode=6032202 watch_fd=14
2024-08-06T06:17:15.735036039Z [2024/08/06 06:17:15] [ info] [input:tail:tail.0] inotify_fs_add(): inode=6032202 watch_fd=33 name=/var/log/pods/kube-system_rke2-canal-5x7kr_f0eba93f-da21-4422-9868-d9e4a9cd7598/calico-node/0.log.20240806-061715
2024-08-06T06:17:20.684630245Z [2024/08/06 06:17:20] [ info] [input:tail:tail.0] inotify_fs_remove(): inode=6032202 watch_fd=33
2024-08-06T06:17:20.685248773Z [2024/08/06 06:17:20] [ info] [input:tail:tail.0] inotify_fs_add(): inode=6029316 watch_fd=34 name=/var/log/containers/rke2-canal-5x7kr_kube-system_calico-node-dcd109b309e3f5ac8cecfd2e3ac6624cb636ed0f9200b4d114a70792d25beee5.log
2024-08-06T09:59:20.295336273Z [2024/08/06 09:59:20] [ info] [filter:kubernetes:kubernetes.0]  token updated
2024-08-06T10:44:33.764278767Z [2024/08/06 10:44:33] [ info] [input:tail:tail.0] inode=6029316 handle rotation(): /var/log/containers/rke2-canal-5x7kr_kube-system_calico-node-dcd109b309e3f5ac8cecfd2e3ac6624cb636ed0f9200b4d114a70792d25beee5.log => /var/log/pods/kube-system_rke2-canal-5x7kr_f0eba93f-da21-4422-9868-d9e4a9cd7598/calico-node/0.log.20240806-104433
2024-08-06T10:44:33.764358728Z [2024/08/06 10:44:33] [ info] [input:tail:tail.0] inotify_fs_remove(): inode=6029316 watch_fd=34
2024-08-06T10:44:33.764370921Z [2024/08/06 10:44:33] [ info] [input:tail:tail.0] inotify_fs_add(): inode=6029316 watch_fd=35 name=/var/log/pods/kube-system_rke2-canal-5x7kr_f0eba93f-da21-4422-9868-d9e4a9cd7598/calico-node/0.log.20240806-104433
2024-08-06T10:44:35.684959893Z [2024/08/06 10:44:35] [ info] [input:tail:tail.0] inotify_fs_add(): inode=6029318 watch_fd=36 name=/var/log/containers/rke2-canal-5x7kr_kube-system_calico-node-dcd109b309e3f5ac8cecfd2e3ac6624cb636ed0f9200b4d114a70792d25beee5.log
2024-08-06T10:44:40.684006432Z [2024/08/06 10:44:40] [ info] [input:tail:tail.0] inotify_fs_remove(): inode=6029316 watch_fd=35
2024-08-06T11:55:33.825069737Z [2024/08/06 11:55:33] [ info] [input:tail:tail.0] inotify_fs_remove(): inode=6815753 watch_fd=28
2024-08-06T11:55:35.690914659Z [2024/08/06 11:55:35] [ info] [filter:kubernetes:kubernetes.0]  token updated
2024-08-06T11:55:35.720926367Z [2024/08/06 11:55:35] [ info] [input:tail:tail.0] inotify_fs_add(): inode=6816744 watch_fd=37 name=/var/log/containers/helm-install-harvester-seeder-cxdr4_harvester-system_helm-27b76078180eea743e9c21d808ba53472da0605b5b86760370c0192f1b022e29.log
2024-08-06T11:55:35.720972735Z [2024/08/06 11:55:35] [ info] [input:tail:tail.0] inotify_fs_add(): inode=6816738 watch_fd=38 name=/var/log/containers/helm-install-nvidia-driver-toolkit-mw2t8_harvester-system_helm-84bf1783c22fd5523e742a9cd1de585a0ca405ba193a416a73bd0cda763b3d76.log
2024-08-06T11:55:35.720980640Z [2024/08/06 11:55:35] [ info] [input:tail:tail.0] inotify_fs_add(): inode=6816748 watch_fd=39 name=/var/log/containers/helm-install-pcidevices-controller-jbr27_harvester-system_helm-e48a6c6f9b9d2ec3a2103ad01408bed3f42dde65bc85b330f96783ff85c84cc1.log
2024-08-06T11:55:35.721382408Z [2024/08/06 11:55:35] [ info] [input:tail:tail.0] inotify_fs_add(): inode=6816750 watch_fd=40 name=/var/log/containers/helm-install-rancher-logging-t7rw4_cattle-logging-system_helm-c823b9cd12e17e48db8d0e5d419eb60e42ced76959a3e65c280f36585ad7ea16.log
2024-08-06T11:55:35.721397918Z [2024/08/06 11:55:35] [ info] [input:tail:tail.0] inotify_fs_add(): inode=6816734 watch_fd=41 name=/var/log/containers/helm-install-rancher-monitoring-xxfjr_cattle-monitoring-system_helm-0fd8c73b891914f19811ff96dee5e7840bd798e0277e87c387d57b858e9fd815.log
2024-08-06T11:56:15.692928744Z [2024/08/06 11:56:15] [ info] [input:tail:tail.0] inotify_fs_add(): inode=6816356 watch_fd=42 name=/var/log/containers/rancher-monitoring-admission-create-n58t6_cattle-monitoring-system_create-4968d3bced7b9d611376b1c10ae71d74b2a39b20e43c67cf0abada166eb4d9f0.log
2024-08-06T11:56:25.692362279Z [2024/08/06 11:56:25] [ info] [input:tail:tail.0] inotify_fs_add(): inode=6816448 watch_fd=43 name=/var/log/containers/rancher-monitoring-upgrade-d7rff_cattle-monitoring-system_run-scripts-3f2ab6e845796646e1aed2f83305700ad3bf89c36d99b9643db17108f9bac55c.log
2024-08-06T11:56:29.690734919Z [2024/08/06 11:56:29] [ info] [input:tail:tail.0] inotify_fs_remove(): inode=6816356 watch_fd=42
2024-08-06T11:56:45.691989210Z [2024/08/06 11:56:45] [ info] [input:tail:tail.0] inotify_fs_add(): inode=6816341 watch_fd=44 name=/var/log/containers/rancher-monitoring-admission-patch-d22q9_cattle-monitoring-system_patch-f34a72d388ca391bbfaed2d7533b54ad881b911306378afc8617b5ad5c36554f.log
2024-08-06T11:56:50.698139001Z [2024/08/06 11:56:50] [ info] [input:tail:tail.0] inotify_fs_add(): inode=6816450 watch_fd=45 name=/var/log/containers/rancher-monitoring-patch-sa-rlmps_cattle-monitoring-system_patch-sa-cattle-dashboards-18c42e580f0b42ffbc90c89cd9a948bbd2d4fe2312a7dcf82c9615fc1cfd82fc.log
2024-08-06T11:56:50.698192852Z [2024/08/06 11:56:50] [ info] [input:tail:tail.0] inotify_fs_add(): inode=6816413 watch_fd=46 name=/var/log/containers/rancher-monitoring-patch-sa-rlmps_cattle-monitoring-system_patch-sa-cattle-monitoring-system-416b00ed333c20d584987174891f43b357f6311098b4b6786ec4d6b49b008c5c.log
2024-08-06T11:57:29.902843006Z [2024/08/06 11:57:29] [ info] [input:tail:tail.0] inotify_fs_remove(): inode=6816341 watch_fd=44
2024-08-06T11:57:29.915304901Z [2024/08/06 11:57:29] [ info] [input:tail:tail.0] inotify_fs_remove(): inode=6816450 watch_fd=45
2024-08-06T11:57:29.931567100Z [2024/08/06 11:57:29] [ info] [input:tail:tail.0] inotify_fs_remove(): inode=6816448 watch_fd=43
2024-08-06T11:57:29.941125874Z [2024/08/06 11:57:29] [ info] [input:tail:tail.0] inotify_fs_remove(): inode=6816413 watch_fd=46
2024-08-06T13:47:35.690893251Z [2024/08/06 13:47:35] [ info] [filter:kubernetes:kubernetes.0]  token updated
2024-08-06T13:47:35.694094605Z [2024/08/06 13:47:35] [ info] [input:tail:tail.0] inotify_fs_add(): inode=6816349 watch_fd=47 name=/var/log/containers/nvidia-driver-runtime-lgzr2_harvester-system_nvidia-driver-ctr-0f575aacddbb1dfc9cb86b4ad60a579a679c23a7c6d3362ec69d4672e5ecfd5c.log
2024-08-06T14:12:15.690779258Z [2024/08/06 14:12:15] [ info] [filter:kubernetes:kubernetes.0]  token updated
2024-08-06T14:12:15.707186198Z [2024/08/06 14:12:15] [ info] [input:tail:tail.0] inotify_fs_add(): inode=6816417 watch_fd=48 name=/var/log/containers/supportbundle-manager-bundle-vuocj-77457f48f7-kcpx7_harvester-system_manager-205e73878f5e6edbc52f8c12bc7b7219b41bbe9b4bce9aa28a5f77c6cac6906b.log
