2024-08-06T02:13:30.266455937Z Fluent Bit v2.2.0
2024-08-06T02:13:30.266478980Z * Copyright (C) 2015-2023 The Fluent Bit Authors
2024-08-06T02:13:30.266483489Z * Fluent Bit is a CNCF sub-project under the umbrella of Fluentd
2024-08-06T02:13:30.266486725Z * https://fluentbit.io
2024-08-06T02:13:30.266489731Z 
2024-08-06T02:13:30.326262748Z [2024/08/06 02:13:30] [ info] [fluent bit] version=2.2.0, commit=db8487d123, pid=1
2024-08-06T02:13:30.326406989Z [2024/08/06 02:13:30] [ info] [storage] ver=1.5.1, type=memory+filesystem, sync=normal, checksum=off, max_chunks_up=128
2024-08-06T02:13:30.326420114Z [2024/08/06 02:13:30] [ info] [storage] backlog input plugin: storage_backlog.1
2024-08-06T02:13:30.326429792Z [2024/08/06 02:13:30] [ info] [cmetrics] version=0.6.4
2024-08-06T02:13:30.326462784Z [2024/08/06 02:13:30] [ info] [ctraces ] version=0.3.1
2024-08-06T02:13:30.326602125Z [2024/08/06 02:13:30] [ info] [input:tail:tail.0] initializing
2024-08-06T02:13:30.326615781Z [2024/08/06 02:13:30] [ info] [input:tail:tail.0] storage_strategy='memory' (memory only)
2024-08-06T02:13:30.341151471Z [2024/08/06 02:13:30] [ info] [input:storage_backlog:storage_backlog.1] initializing
2024-08-06T02:13:30.341174844Z [2024/08/06 02:13:30] [ info] [input:storage_backlog:storage_backlog.1] storage_strategy='memory' (memory only)
2024-08-06T02:13:30.341195042Z [2024/08/06 02:13:30] [ info] [input:storage_backlog:storage_backlog.1] queue memory limit: 95.4M
2024-08-06T02:13:30.341254123Z [2024/08/06 02:13:30] [ info] [filter:kubernetes:kubernetes.0] https=1 host=kubernetes.default.svc port=443
2024-08-06T02:13:30.343890828Z [2024/08/06 02:13:30] [ info] [filter:kubernetes:kubernetes.0]  token updated
2024-08-06T02:13:30.343900266Z [2024/08/06 02:13:30] [ info] [filter:kubernetes:kubernetes.0] local POD info OK
2024-08-06T02:13:30.346513306Z [2024/08/06 02:13:30] [ info] [filter:kubernetes:kubernetes.0] testing connectivity with API server...
2024-08-06T02:13:30.435836372Z [2024/08/06 02:13:30] [ info] [filter:kubernetes:kubernetes.0] connectivity OK
2024-08-06T02:13:30.467304728Z [2024/08/06 02:13:30] [ info] [sp] stream processor started
2024-08-06T02:13:30.467328632Z [2024/08/06 02:13:30] [ info] [output:forward:forward.0] worker #0 started
2024-08-06T02:13:30.467348380Z [2024/08/06 02:13:30] [ info] [output:forward:forward.0] worker #1 started
2024-08-06T02:13:30.467433930Z [2024/08/06 02:13:30] [ info] [input:tail:tail.0] inotify_fs_add(): inode=26609591 watch_fd=1 name=/var/log/containers/apply-sync-additional-ca-on-harvesterdev3-with-2c27af4f7e-bg7nr_cattle-system_upgrade-f5ab26c85b2363978760881889243de9af67be613fc3d9658edec8aae8e75bcd.log
2024-08-06T02:13:30.467468154Z [2024/08/06 02:13:30] [ info] [input:tail:tail.0] inotify_fs_add(): inode=25955334 watch_fd=2 name=/var/log/containers/apply-system-agent-upgrader-on-harvesterdev3-with-6f6e842-5dbns_cattle-system_upgrade-2ad09fcf76b9c73dd5ea554dede2705b4708078befd8d073666219433ada2067.log
2024-08-06T02:13:30.467532465Z [2024/08/06 02:13:30] [ info] [input:tail:tail.0] inotify_fs_add(): inode=27263453 watch_fd=3 name=/var/log/containers/default350vlan-36667944-9b2tt_harvester-system_network-helper-027e7fd2844e842bf9810c0355fab361c107f7e362152e00665c9c3b9d21f427.log
2024-08-06T02:13:30.467585284Z [2024/08/06 02:13:30] [ info] [input:tail:tail.0] inotify_fs_add(): inode=26869765 watch_fd=4 name=/var/log/containers/harvester-network-controller-qsxvn_harvester-system_harvester-network-bc95b901df84050cb3a97846e8651313f1c2a085ea3e0b4055bb494cbf27b253.log
2024-08-06T02:13:30.467642822Z [2024/08/06 02:13:30] [ info] [input:tail:tail.0] inotify_fs_add(): inode=26740311 watch_fd=5 name=/var/log/containers/harvester-node-disk-manager-vpcv4_harvester-system_harvester-node-disk-manager-df74e0c06c0ad2e3ab5b50ae862ece01f13c45b250681c3066029dbc8c629f7a.log
2024-08-06T02:13:30.467701201Z [2024/08/06 02:13:30] [ info] [input:tail:tail.0] inotify_fs_add(): inode=26740346 watch_fd=6 name=/var/log/containers/harvester-node-manager-pr8ct_harvester-system_node-manager-da24a4f5d5f11c000a8f98ac230a8471337afd6a2b46c047e3ab44bc61754fba.log
2024-08-06T02:13:30.467762256Z [2024/08/06 02:13:30] [ info] [input:tail:tail.0] inotify_fs_add(): inode=26083874 watch_fd=7 name=/var/log/containers/harvester-whereabouts-2bpm7_kube-system_whereabouts-00cec8d4035fad2b465ffbb0a3b044b20b62ce43ce1df5195528266de4f069e6.log
2024-08-06T02:13:30.467815576Z [2024/08/06 02:13:30] [ info] [input:tail:tail.0] inotify_fs_add(): inode=25692788 watch_fd=8 name=/var/log/containers/kube-proxy-harvesterdev3_kube-system_kube-proxy-b667ba86513f830efe0fb7744411fa1588a437e5ba193d50cba5fc2e1e74b0b8.log
2024-08-06T02:13:30.467872422Z [2024/08/06 02:13:30] [ info] [input:tail:tail.0] inotify_fs_add(): inode=26741142 watch_fd=9 name=/var/log/containers/longhorn-loop-device-cleaner-n7x7q_longhorn-system_longhorn-loop-device-cleaner-a5b56ea5abbf99752e19738c0ff52cfb455ebc4c4c44c6e1238b07423e0955b8.log
2024-08-06T02:13:30.474582767Z [2024/08/06 02:13:30] [ info] [input:tail:tail.0] inotify_fs_add(): inode=26083873 watch_fd=10 name=/var/log/containers/rancher-monitoring-prometheus-node-exporter-qnql9_cattle-monitoring-system_node-exporter-c62cf69cb1e175802360db2d67cc18889a14e41dd0976e338fb2ba6af2db79e5.log
2024-08-06T02:13:30.474604397Z [2024/08/06 02:13:30] [ info] [input:tail:tail.0] inotify_fs_add(): inode=26083879 watch_fd=11 name=/var/log/containers/rke2-canal-pwhs8_kube-system_calico-node-6413e6cc68ddf0ebe51e6555e0376a8eb3c32adbf50f398c5b47fb9ac9392fa5.log
2024-08-06T02:13:30.474633462Z [2024/08/06 02:13:30] [ info] [input:tail:tail.0] inotify_fs_add(): inode=26083877 watch_fd=12 name=/var/log/containers/rke2-canal-pwhs8_kube-system_flexvol-driver-8fb8128218850b0054c339f5452911e21b4fe0bdfff4c2918b63d14324d38406.log
2024-08-06T02:13:30.474677134Z [2024/08/06 02:13:30] [ info] [input:tail:tail.0] inotify_fs_add(): inode=25955369 watch_fd=13 name=/var/log/containers/rke2-canal-pwhs8_kube-system_install-cni-23d1009d8bb8bacc76a34ca2c4402fef283a7cf535ee5528722cf5e4ed3a2c11.log
2024-08-06T02:13:30.474714023Z [2024/08/06 02:13:30] [ info] [input:tail:tail.0] inotify_fs_add(): inode=26083881 watch_fd=14 name=/var/log/containers/rke2-canal-pwhs8_kube-system_kube-flannel-8539327f31f0294eb64a3ecc5b496302c316fc2861d19d3c05f022e7b1151f3f.log
2024-08-06T02:13:30.474763265Z [2024/08/06 02:13:30] [ info] [input:tail:tail.0] inotify_fs_add(): inode=25955341 watch_fd=15 name=/var/log/containers/rke2-multus-2pxj6_kube-system_cni-plugins-67600b2fff50bfe422e22bc7481febe07adf0a614a5602f7cd60ec23fae89226.log
2024-08-06T02:13:30.474786439Z [2024/08/06 02:13:30] [ info] [input:tail:tail.0] inotify_fs_add(): inode=26477864 watch_fd=16 name=/var/log/containers/rke2-multus-2pxj6_kube-system_kube-rke2-multus-a1eb26a7cc9435c40d885e10be5b50bd0a5fcece5d5d7531f68dec284e7172e0.log
2024-08-06T02:13:30.474826043Z [2024/08/06 02:13:30] [ info] [input:tail:tail.0] inotify_fs_add(): inode=26477865 watch_fd=17 name=/var/log/containers/rke2-multus-2pxj6_kube-system_kube-rke2-multus-fe92a4c3032302ca7ec161ce419c745626553690155557fc65392428c0912bfa.log
2024-08-06T02:13:30.475224631Z [2024/08/06 02:13:30] [ info] [input:tail:tail.0] inotify_fs_add(): inode=26740347 watch_fd=18 name=/var/log/containers/rancher-logging-root-fluentbit-bn2qb_cattle-logging-system_fluent-bit-b6ec3cbf563d387d73530c42f53257bff31324676dbcb65187c34552cd70b6dc.log
2024-08-06T02:13:35.049614371Z [2024/08/06 02:13:35] [ info] [input:tail:tail.0] inotify_fs_add(): inode=26740388 watch_fd=19 name=/var/log/containers/longhorn-csi-plugin-z45xn_longhorn-system_longhorn-liveness-probe-d3c9b8ca7eca70939fb6c62c8c31f23057e3cd2109faef08000216c7c7d47404.log
2024-08-06T02:13:35.144653387Z [2024/08/06 02:13:35] [ info] [input:tail:tail.0] inotify_fs_add(): inode=26610020 watch_fd=20 name=/var/log/containers/engine-image-ei-b0369a5d-rr2nn_longhorn-system_engine-image-ei-b0369a5d-c4268b9c82b3ee2bd9a6c34f7e0442a71721f1a787afe36bf4ac1bb9df31b68e.log
2024-08-06T02:13:35.144717527Z [2024/08/06 02:13:35] [ info] [input:tail:tail.0] inotify_fs_add(): inode=26740391 watch_fd=21 name=/var/log/containers/harvester-96fcbb748-twtvt_harvester-system_apiserver-079f139758de46199f14c1a7e7a65d5ae263e0d79d72cbcae933836143d6eef0.log
2024-08-06T02:13:35.144741412Z [2024/08/06 02:13:35] [ info] [input:tail:tail.0] inotify_fs_add(): inode=26740365 watch_fd=22 name=/var/log/containers/harvester-webhook-bf9659678-ffl84_harvester-system_harvester-webhook-cf8e9fbb11462e638feb61a09c412c0f05b44b40634a903af9404d0c1a9a9032.log
2024-08-06T02:13:35.144761219Z [2024/08/06 02:13:35] [ info] [input:tail:tail.0] inotify_fs_add(): inode=26740390 watch_fd=23 name=/var/log/containers/longhorn-csi-plugin-z45xn_longhorn-system_longhorn-csi-plugin-1c61e84f10f7643fad667129f3198b67bc4fd51ff7d2fa792e240b5c31656282.log
2024-08-06T02:13:35.144767882Z [2024/08/06 02:13:35] [ info] [input:tail:tail.0] inotify_fs_add(): inode=26740385 watch_fd=24 name=/var/log/containers/longhorn-csi-plugin-z45xn_longhorn-system_node-driver-registrar-bbea1288b386bf29c294fa4db94347ea6ca15b46b2aade7a2de167d2294df823.log
2024-08-06T02:13:35.144779824Z [2024/08/06 02:13:35] [ info] [input:tail:tail.0] inotify_fs_add(): inode=26740387 watch_fd=25 name=/var/log/containers/longhorn-manager-ng8b7_longhorn-system_longhorn-manager-793c0cac3c7cf97d6c8e041e312f8dd87e2cfa0534f2dabfc081c6b48ee1d1f5.log
2024-08-06T02:13:35.144787649Z [2024/08/06 02:13:35] [ info] [input:tail:tail.0] inotify_fs_add(): inode=26740384 watch_fd=26 name=/var/log/containers/rancher-logging-rke2-journald-aggregator-69qx8_cattle-logging-system_fluentbit-3951a6e710d17e00c547edb831bd8ebcd4b6731d996a8be4e3a744c35909294f.log
2024-08-06T02:13:35.144889800Z [2024/08/06 02:13:35] [ info] [input:tail:tail.0] inotify_fs_add(): inode=27263457 watch_fd=27 name=/var/log/containers/virt-handler-dfvlr_harvester-system_virt-launcher-c20478129dac4dcef7cf1f3b821beb8c4d77f879e61e1ecb82af6d66dbf9e930.log
2024-08-06T02:13:40.025005416Z [2024/08/06 02:13:40] [ info] [input:tail:tail.0] inotify_fs_add(): inode=26740392 watch_fd=28 name=/var/log/containers/harvester-pcidevices-controller-sc7dr_harvester-system_agent-5bac91429ad0bc5537d61418bcd40e2f1a95153fd9769c7e90e5598cb619cbeb.log
2024-08-06T02:13:40.042360255Z [2024/08/06 02:13:40] [ info] [input:tail:tail.0] inotify_fs_add(): inode=26740393 watch_fd=29 name=/var/log/containers/longhorn-csi-plugin-z45xn_longhorn-system_longhorn-csi-plugin-3cfbfa6a9b96ec26572251ba03ef4d72ee922e4d0a23e905b1afd97425864e15.log
2024-08-06T02:13:40.042395672Z [2024/08/06 02:13:40] [ info] [input:tail:tail.0] inotify_fs_add(): inode=26610023 watch_fd=30 name=/var/log/containers/rke2-ingress-nginx-controller-gtgfl_kube-system_rke2-ingress-nginx-controller-a51ad36c7d52ae5ac27acc6ff41009c6df2d3346bac07caf6248488af921b9f0.log
2024-08-06T02:13:40.042406252Z [2024/08/06 02:13:40] [ info] [input:tail:tail.0] inotify_fs_add(): inode=27263465 watch_fd=31 name=/var/log/containers/virt-handler-dfvlr_harvester-system_virt-handler-ba38453573a68f93d1f0430c5db731dc9c16de1936f5be056e577cff87f20399.log
2024-08-06T02:13:45.030310485Z [2024/08/06 02:13:45] [ info] [input:tail:tail.0] inotify_fs_add(): inode=27263467 watch_fd=32 name=/var/log/containers/instance-manager-9f23a62f2c5c5f13ea6237a9f5d066e3_longhorn-system_instance-manager-fffed667312a57fc32030f82da461b762016f1312f117a963b789451aee149ea.log
2024-08-06T02:13:50.032762291Z [2024/08/06 02:13:50] [ info] [input:tail:tail.0] inotify_fs_add(): inode=26740475 watch_fd=33 name=/var/log/containers/rancher-587557b8db-8bjnk_cattle-system_rancher-072558d0f5031e871343e38418bc7ea3f2a8d44d10f185ffece73288e96fd21d.log
2024-08-06T02:14:05.036832457Z [2024/08/06 02:14:05] [ info] [input:tail:tail.0] inotify_fs_add(): inode=27263478 watch_fd=34 name=/var/log/containers/helm-operation-2sfnn_cattle-system_proxy-03aa249553cff0f1258dc2d8ec347e12d454e4275b75e20516ee39f846db0763.log
2024-08-06T02:14:05.036875528Z [2024/08/06 02:14:05] [ info] [input:tail:tail.0] inotify_fs_add(): inode=27263474 watch_fd=35 name=/var/log/containers/helm-operation-2sfnn_cattle-system_helm-66535c0e55dd426dd340304f7ec18641aa06447a06971074359ad298c84d8095.log
2024-08-06T02:14:10.030856313Z [2024/08/06 02:14:10] [ info] [input:tail:tail.0] inotify_fs_add(): inode=27263485 watch_fd=36 name=/var/log/containers/fleet-cleanup-clusterregistrations-8v2cf_cattle-fleet-system_cleanup-d32c1849ba957adb39e958cf4c61abec94898e0f5fbc23c39c2a2a03f8850e4d.log
2024-08-06T02:14:11.729359822Z [2024/08/06 02:14:11] [ info] [input:tail:tail.0] inotify_fs_remove(): inode=27263485 watch_fd=36
2024-08-06T02:14:20.036564772Z [2024/08/06 02:14:20] [ info] [input:tail:tail.0] inotify_fs_add(): inode=27263480 watch_fd=37 name=/var/log/containers/fleet-agent-6d5df7d9cd-pzzgm_cattle-fleet-local-system_fleet-agent-facb89c5c5aa1af1de56f485e038b322acb6d3750c09b4030debeefa61d4edeb.log
2024-08-06T02:14:20.036606109Z [2024/08/06 02:14:20] [ info] [input:tail:tail.0] inotify_fs_add(): inode=27263485 watch_fd=38 name=/var/log/containers/fleet-cleanup-clusterregistrations-z9wrn_cattle-fleet-system_cleanup-f1f842475a69879bed1efd18e8fa430a1bf83627efc684be93180f515355369f.log
2024-08-06T02:15:15.028515731Z [2024/08/06 02:15:15] [ info] [input:tail:tail.0] inotify_fs_remove(): inode=27263480 watch_fd=37
2024-08-06T02:15:15.037481939Z [2024/08/06 02:15:15] [ info] [input:tail:tail.0] inotify_fs_remove(): inode=27263485 watch_fd=38
2024-08-06T02:24:15.029154819Z [2024/08/06 02:24:15] [ info] [filter:kubernetes:kubernetes.0]  token updated
2024-08-06T02:24:15.032288549Z [2024/08/06 02:24:15] [ info] [input:tail:tail.0] inotify_fs_add(): inode=27263443 watch_fd=39 name=/var/log/containers/backing-image-manager-c16a-d74b_longhorn-system_backing-image-manager-017ed974defb59e25c5fcd731f22fd214875499be450af9876fa2451a6d5bbc2.log
2024-08-06T02:24:35.031733678Z [2024/08/06 02:24:35] [ info] [input:tail:tail.0] inotify_fs_add(): inode=27263489 watch_fd=40 name=/var/log/containers/virt-launcher-gputest-primary-c31607d4-nr27s-rgbw8_default_guest-console-log-d7e93ed1932978c393455e201e9693113086afe7ca9c739a8d9f3037ff5972ec.log
2024-08-06T02:24:35.031771519Z [2024/08/06 02:24:35] [ info] [input:tail:tail.0] inotify_fs_add(): inode=27263485 watch_fd=41 name=/var/log/containers/virt-launcher-gputest-primary-c31607d4-nr27s-rgbw8_default_compute-d845896d5f2d6087f1c8a008754660e140b0d06a6af0204ee872058419ede6d4.log
2024-08-06T02:29:15.217809120Z [2024/08/06 02:29:15] [ info] [input:tail:tail.0] inotify_fs_remove(): inode=26609591 watch_fd=1
2024-08-06T02:29:15.227890643Z [2024/08/06 02:29:15] [ info] [input:tail:tail.0] inotify_fs_remove(): inode=25955334 watch_fd=2
2024-08-06T02:49:30.032082659Z [2024/08/06 02:49:30] [ info] [filter:kubernetes:kubernetes.0]  token updated
2024-08-06T02:49:30.035797117Z [2024/08/06 02:49:30] [ info] [input:tail:tail.0] inotify_fs_add(): inode=27263496 watch_fd=42 name=/var/log/containers/supportbundle-agent-bundle-jk7b5-kgqgk_harvester-system_agent-2ef44271abeebffa8fe79384174bbbb15ec2089ad01a6648ba4865a73c5ecde8.log
2024-08-06T02:50:33.382785040Z [2024/08/06 02:50:33] [ info] [input:tail:tail.0] inotify_fs_remove(): inode=27263496 watch_fd=42
2024-08-06T03:14:15.501472373Z [2024/08/06 03:14:15] [ info] [input:tail:tail.0] inotify_fs_remove(): inode=27263478 watch_fd=34
2024-08-06T03:14:15.512712778Z [2024/08/06 03:14:15] [ info] [input:tail:tail.0] inotify_fs_remove(): inode=27263474 watch_fd=35
2024-08-06T06:08:57.014198800Z [2024/08/06 06:08:57] [ info] [input:tail:tail.0] inode=26083879 handle rotation(): /var/log/containers/rke2-canal-pwhs8_kube-system_calico-node-6413e6cc68ddf0ebe51e6555e0376a8eb3c32adbf50f398c5b47fb9ac9392fa5.log => /var/log/pods/kube-system_rke2-canal-pwhs8_4cd2c288-ea0c-4d89-a6f9-7c6ffd472a4a/calico-node/0.log.20240806-060857
2024-08-06T06:08:57.014275817Z [2024/08/06 06:08:57] [ info] [input:tail:tail.0] inotify_fs_remove(): inode=26083879 watch_fd=11
2024-08-06T06:08:57.014293250Z [2024/08/06 06:08:57] [ info] [input:tail:tail.0] inotify_fs_add(): inode=26083879 watch_fd=43 name=/var/log/pods/kube-system_rke2-canal-pwhs8_4cd2c288-ea0c-4d89-a6f9-7c6ffd472a4a/calico-node/0.log.20240806-060857
2024-08-06T06:09:00.026048625Z [2024/08/06 06:09:00] [ info] [input:tail:tail.0] inotify_fs_add(): inode=26083882 watch_fd=44 name=/var/log/containers/rke2-canal-pwhs8_kube-system_calico-node-6413e6cc68ddf0ebe51e6555e0376a8eb3c32adbf50f398c5b47fb9ac9392fa5.log
2024-08-06T06:09:05.023506802Z [2024/08/06 06:09:05] [ info] [input:tail:tail.0] inotify_fs_remove(): inode=26083879 watch_fd=43
2024-08-06T10:35:34.297355931Z [2024/08/06 10:35:34] [ info] [input:tail:tail.0] inode=26083882 handle rotation(): /var/log/containers/rke2-canal-pwhs8_kube-system_calico-node-6413e6cc68ddf0ebe51e6555e0376a8eb3c32adbf50f398c5b47fb9ac9392fa5.log => /var/log/pods/kube-system_rke2-canal-pwhs8_4cd2c288-ea0c-4d89-a6f9-7c6ffd472a4a/calico-node/0.log.20240806-103534
2024-08-06T10:35:34.297397821Z [2024/08/06 10:35:34] [ info] [input:tail:tail.0] inotify_fs_remove(): inode=26083882 watch_fd=44
2024-08-06T10:35:34.297415755Z [2024/08/06 10:35:34] [ info] [input:tail:tail.0] inotify_fs_add(): inode=26083882 watch_fd=45 name=/var/log/pods/kube-system_rke2-canal-pwhs8_4cd2c288-ea0c-4d89-a6f9-7c6ffd472a4a/calico-node/0.log.20240806-103534
2024-08-06T10:35:35.024037609Z [2024/08/06 10:35:35] [ info] [input:tail:tail.0] inotify_fs_add(): inode=26083879 watch_fd=46 name=/var/log/containers/rke2-canal-pwhs8_kube-system_calico-node-6413e6cc68ddf0ebe51e6555e0376a8eb3c32adbf50f398c5b47fb9ac9392fa5.log
2024-08-06T10:35:40.023520681Z [2024/08/06 10:35:40] [ info] [input:tail:tail.0] inotify_fs_remove(): inode=26083882 watch_fd=45
