2024-08-06T02:11:27.482371523Z I0806 02:11:27.482230       1 main.go:105] Starting network controller with 2 threads.
2024-08-06T02:11:27.482430945Z I0806 02:11:27.482300       1 main.go:110] Starting network controller in namespace: harvester-system.
2024-08-06T02:11:27.482524681Z W0806 02:11:27.482468       1 client_config.go:617] Neither --kubeconfig nor --master was specified.  Using the inClusterConfig.  This might not work.
2024-08-06T02:11:38.688035646Z time="2024-08-06T02:11:38Z" level=info msg="Do not update the existing CRD NetworkAttachmentDefinition"
2024-08-06T02:11:43.581182334Z I0806 02:11:43.580996       1 monitor.go:60] Start Monitor
2024-08-06T02:11:44.785163953Z time="2024-08-06T02:11:44Z" level=info msg="Starting network.harvesterhci.io/v1beta1, Kind=VlanStatus controller"
2024-08-06T02:11:44.785225338Z time="2024-08-06T02:11:44Z" level=info msg="Starting network.harvesterhci.io/v1beta1, Kind=ClusterNetwork controller"
2024-08-06T02:11:44.785237350Z time="2024-08-06T02:11:44Z" level=info msg="Starting k8s.cni.cncf.io/v1, Kind=NetworkAttachmentDefinition controller"
2024-08-06T02:11:44.785255003Z time="2024-08-06T02:11:44Z" level=info msg="Starting /v1, Kind=Node controller"
2024-08-06T02:11:44.785280752Z time="2024-08-06T02:11:44Z" level=info msg="Starting network.harvesterhci.io/v1beta1, Kind=LinkMonitor controller"
2024-08-06T02:11:44.785299116Z I0806 02:11:44.785207       1 controller.go:104] lm mgmt matches node harvesterdev2
2024-08-06T02:11:44.785309305Z time="2024-08-06T02:11:44Z" level=info msg="Starting network.harvesterhci.io/v1beta1, Kind=VlanConfig controller"
2024-08-06T02:11:44.787842717Z I0806 02:11:44.787786       1 controller.go:104] lm nic matches node harvesterdev2
2024-08-06T02:11:44.981742164Z I0806 02:11:44.981529       1 controller.go:104] lm mgmt matches node harvesterdev2
2024-08-06T02:11:44.985577819Z I0806 02:11:44.985497       1 controller.go:104] lm nic matches node harvesterdev2
2024-08-06T02:13:21.242755995Z I0806 02:13:21.242583       1 controller.go:46] nad configuration default/350vlan has been changed: {"cniVersion":"0.3.1","name":"350vlan","type":"bridge","bridge":"mgmt-br","promiscMode":true,"vlan":350,"ipam":{}}
2024-08-06T02:13:21.253562032Z I0806 02:13:21.253381       1 controller.go:46] nad configuration default/350vlan has been changed: {"cniVersion":"0.3.1","name":"350vlan","type":"bridge","bridge":"mgmt-br","promiscMode":true,"vlan":350,"ipam":{}}
2024-08-06T02:13:21.258687634Z I0806 02:13:21.258591       1 controller.go:46] nad configuration default/350vlan has been changed: {"cniVersion":"0.3.1","name":"350vlan","type":"bridge","bridge":"mgmt-br","promiscMode":true,"vlan":350,"ipam":{}}
2024-08-06T02:13:21.261856628Z I0806 02:13:21.261716       1 controller.go:46] nad configuration default/350vlan has been changed: {"cniVersion":"0.3.1","name":"350vlan","type":"bridge","bridge":"mgmt-br","promiscMode":true,"vlan":350,"ipam":{}}
2024-08-06T02:13:21.572435267Z I0806 02:13:21.572325       1 controller.go:46] nad configuration default/350vlan has been changed: {"cniVersion":"0.3.1","name":"350vlan","type":"bridge","bridge":"mgmt-br","promiscMode":true,"vlan":350,"ipam":{}}
2024-08-06T02:13:29.141602083Z I0806 02:13:29.141460       1 controller.go:46] nad configuration default/350vlan has been changed: {"cniVersion":"0.3.1","name":"350vlan","type":"bridge","bridge":"mgmt-br","promiscMode":true,"vlan":350,"ipam":{}}
2024-08-06T02:13:33.245101065Z I0806 02:13:33.244969       1 controller.go:46] nad configuration default/350vlan has been changed: {"cniVersion":"0.3.1","name":"350vlan","type":"bridge","bridge":"mgmt-br","promiscMode":true,"vlan":350,"ipam":{}}
2024-08-06T02:13:36.166543126Z I0806 02:13:36.166421       1 controller.go:104] lm nic matches node harvesterdev2
2024-08-06T02:13:36.233588506Z I0806 02:13:36.233478       1 controller.go:104] lm mgmt matches node harvesterdev2
2024-08-06T02:15:57.886444691Z I0806 02:15:57.886285       1 controller.go:104] lm nic matches node harvesterdev2
2024-08-06T02:15:57.887823734Z I0806 02:15:57.887718       1 controller.go:104] lm mgmt matches node harvesterdev2
2024-08-06T02:24:34.813035074Z I0806 02:24:34.812916       1 controller.go:104] lm nic matches node harvesterdev2
2024-08-06T02:24:34.813072905Z I0806 02:24:34.812940       1 controller.go:104] lm mgmt matches node harvesterdev2
2024-08-06T02:24:40.432478574Z I0806 02:24:40.432422       1 controller.go:104] lm mgmt matches node harvesterdev2
2024-08-06T02:24:40.436087500Z I0806 02:24:40.436053       1 controller.go:104] lm nic matches node harvesterdev2
2024-08-06T02:24:40.481022652Z I0806 02:24:40.480915       1 controller.go:104] lm mgmt matches node harvesterdev2
2024-08-06T02:24:40.486258029Z I0806 02:24:40.486187       1 controller.go:104] lm mgmt matches node harvesterdev2
2024-08-06T02:24:41.804162526Z I0806 02:24:41.804077       1 controller.go:104] lm nic matches node harvesterdev2
2024-08-06T02:24:41.845045715Z I0806 02:24:41.844923       1 controller.go:104] lm nic matches node harvesterdev2
2024-08-06T02:25:00.231934987Z I0806 02:25:00.231825       1 controller.go:104] lm mgmt matches node harvesterdev2
2024-08-06T03:11:48.205784133Z I0806 03:11:48.205623       1 controller.go:104] lm mgmt matches node harvesterdev2
2024-08-06T03:11:48.206527458Z I0806 03:11:48.206443       1 controller.go:104] lm nic matches node harvesterdev2
2024-08-06T03:11:49.663486063Z I0806 03:11:49.663331       1 controller.go:104] lm nic matches node harvesterdev2
2024-08-06T03:11:49.759748671Z I0806 03:11:49.759611       1 controller.go:104] lm mgmt matches node harvesterdev2
2024-08-06T03:18:29.767200715Z I0806 03:18:29.767051       1 controller.go:104] lm mgmt matches node harvesterdev2
2024-08-06T03:18:29.767283171Z I0806 03:18:29.767061       1 controller.go:104] lm nic matches node harvesterdev2
2024-08-06T03:18:31.852363650Z I0806 03:18:31.852241       1 controller.go:104] lm nic matches node harvesterdev2
2024-08-06T03:18:31.950658593Z I0806 03:18:31.950514       1 controller.go:104] lm mgmt matches node harvesterdev2
2024-08-06T03:21:40.741846767Z I0806 03:21:40.741702       1 controller.go:104] lm nic matches node harvesterdev2
2024-08-06T03:21:40.742864438Z I0806 03:21:40.742766       1 controller.go:104] lm mgmt matches node harvesterdev2
2024-08-06T03:21:41.750503996Z I0806 03:21:41.750198       1 controller.go:104] lm nic matches node harvesterdev2
2024-08-06T03:21:41.848936642Z I0806 03:21:41.848836       1 controller.go:104] lm mgmt matches node harvesterdev2
2024-08-06T03:38:59.710702171Z I0806 03:38:59.710558       1 controller.go:104] lm mgmt matches node harvesterdev2
2024-08-06T03:38:59.710942347Z I0806 03:38:59.710839       1 controller.go:104] lm nic matches node harvesterdev2
2024-08-06T03:39:03.775079825Z I0806 03:39:03.774885       1 controller.go:104] lm nic matches node harvesterdev2
2024-08-06T03:39:03.776003125Z I0806 03:39:03.775918       1 controller.go:104] lm mgmt matches node harvesterdev2
2024-08-06T04:07:28.998069532Z I0806 04:07:28.997921       1 controller.go:104] lm mgmt matches node harvesterdev2
2024-08-06T04:07:28.998235577Z I0806 04:07:28.998178       1 controller.go:104] lm nic matches node harvesterdev2
2024-08-06T04:07:31.149109391Z I0806 04:07:31.148928       1 controller.go:104] lm mgmt matches node harvesterdev2
2024-08-06T04:07:31.285501268Z I0806 04:07:31.285338       1 controller.go:104] lm nic matches node harvesterdev2
2024-08-06T05:34:24.625367386Z I0806 05:34:24.625263       1 controller.go:104] lm nic matches node harvesterdev2
2024-08-06T05:34:24.625516739Z I0806 05:34:24.625465       1 controller.go:104] lm mgmt matches node harvesterdev2
2024-08-06T05:34:24.939017693Z I0806 05:34:24.938907       1 controller.go:104] lm mgmt matches node harvesterdev2
2024-08-06T05:34:25.087728567Z I0806 05:34:25.087613       1 controller.go:104] lm nic matches node harvesterdev2
2024-08-06T06:15:22.089626637Z I0806 06:15:22.089511       1 controller.go:104] lm mgmt matches node harvesterdev2
2024-08-06T06:15:22.091030298Z I0806 06:15:22.090939       1 controller.go:104] lm nic matches node harvesterdev2
2024-08-06T06:15:22.101845014Z I0806 06:15:22.101745       1 controller.go:104] lm nic matches node harvesterdev2
2024-08-06T06:15:22.188839487Z I0806 06:15:22.188724       1 controller.go:104] lm mgmt matches node harvesterdev2
2024-08-06T09:59:15.596429368Z I0806 09:59:15.596332       1 controller.go:104] lm mgmt matches node harvesterdev2
2024-08-06T09:59:15.597643278Z I0806 09:59:15.597562       1 controller.go:104] lm nic matches node harvesterdev2
2024-08-06T09:59:16.298484088Z I0806 09:59:16.298351       1 controller.go:104] lm mgmt matches node harvesterdev2
2024-08-06T09:59:16.488861495Z I0806 09:59:16.488743       1 controller.go:104] lm nic matches node harvesterdev2
2024-08-06T10:53:06.941489940Z I0806 10:53:06.941338       1 controller.go:104] lm nic matches node harvesterdev2
2024-08-06T10:53:06.941646096Z I0806 10:53:06.941423       1 controller.go:104] lm mgmt matches node harvesterdev2
2024-08-06T10:53:07.493061060Z I0806 10:53:07.492911       1 controller.go:104] lm mgmt matches node harvesterdev2
2024-08-06T10:53:07.588479958Z I0806 10:53:07.588379       1 controller.go:104] lm nic matches node harvesterdev2
2024-08-06T11:06:53.194968723Z I0806 11:06:53.194854       1 controller.go:104] lm mgmt matches node harvesterdev2
2024-08-06T11:06:53.196789243Z I0806 11:06:53.196682       1 controller.go:104] lm nic matches node harvesterdev2
2024-08-06T11:06:53.205105191Z I0806 11:06:53.204989       1 controller.go:104] lm mgmt matches node harvesterdev2
2024-08-06T11:06:53.210747984Z I0806 11:06:53.210626       1 controller.go:104] lm nic matches node harvesterdev2
2024-08-06T11:23:04.045002720Z I0806 11:23:04.044855       1 controller.go:104] lm mgmt matches node harvesterdev2
2024-08-06T11:23:04.045162413Z I0806 11:23:04.045062       1 controller.go:104] lm nic matches node harvesterdev2
2024-08-06T11:23:06.186432424Z I0806 11:23:06.186292       1 controller.go:104] lm mgmt matches node harvesterdev2
2024-08-06T11:23:06.190298781Z I0806 11:23:06.190219       1 controller.go:104] lm nic matches node harvesterdev2
2024-08-06T12:11:43.588006714Z I0806 12:11:43.587887       1 controller.go:104] lm mgmt matches node harvesterdev2
2024-08-06T12:11:43.588059344Z I0806 12:11:43.587951       1 controller.go:104] lm nic matches node harvesterdev2
2024-08-06T12:11:43.588087818Z I0806 12:11:43.587882       1 controller.go:46] nad configuration default/350vlan has been changed: {"cniVersion":"0.3.1","name":"350vlan","type":"bridge","bridge":"mgmt-br","promiscMode":true,"vlan":350,"ipam":{}}
2024-08-06T13:15:36.493800869Z I0806 13:15:36.493689       1 controller.go:104] lm nic matches node harvesterdev2
2024-08-06T13:15:36.493937438Z I0806 13:15:36.493874       1 controller.go:104] lm mgmt matches node harvesterdev2
2024-08-06T13:15:36.886996403Z I0806 13:15:36.886880       1 controller.go:104] lm mgmt matches node harvesterdev2
2024-08-06T13:15:36.890287971Z I0806 13:15:36.890214       1 controller.go:104] lm nic matches node harvesterdev2
2024-08-06T13:18:57.163942068Z I0806 13:18:57.163799       1 controller.go:104] lm mgmt matches node harvesterdev2
2024-08-06T13:18:57.165410210Z I0806 13:18:57.165297       1 controller.go:104] lm nic matches node harvesterdev2
2024-08-06T13:18:57.994211975Z I0806 13:18:57.994083       1 controller.go:104] lm mgmt matches node harvesterdev2
2024-08-06T13:18:58.089098736Z I0806 13:18:58.088971       1 controller.go:104] lm nic matches node harvesterdev2
2024-08-06T14:01:23.022362722Z I0806 14:01:23.022243       1 controller.go:104] lm nic matches node harvesterdev2
2024-08-06T14:01:23.023120598Z I0806 14:01:23.023031       1 controller.go:104] lm mgmt matches node harvesterdev2
2024-08-06T14:01:23.034081865Z I0806 14:01:23.033891       1 controller.go:104] lm nic matches node harvesterdev2
2024-08-06T14:01:23.088667506Z I0806 14:01:23.088555       1 controller.go:104] lm mgmt matches node harvesterdev2
