2024-08-06T01:56:43.917312662Z Fluent Bit v2.2.0
2024-08-06T01:56:43.917352463Z * Copyright (C) 2015-2023 The Fluent Bit Authors
2024-08-06T01:56:43.917357699Z * Fluent Bit is a CNCF sub-project under the umbrella of Fluentd
2024-08-06T01:56:43.917361925Z * https://fluentbit.io
2024-08-06T01:56:43.917365459Z 
2024-08-06T01:56:43.921004698Z [2024/08/06 01:56:43] [ info] [fluent bit] version=2.2.0, commit=db8487d123, pid=1
2024-08-06T01:56:43.921036609Z [2024/08/06 01:56:43] [ info] [storage] ver=1.5.1, type=memory, sync=normal, checksum=off, max_chunks_up=128
2024-08-06T01:56:43.921044699Z [2024/08/06 01:56:43] [ info] [cmetrics] version=0.6.4
2024-08-06T01:56:43.921049625Z [2024/08/06 01:56:43] [ info] [ctraces ] version=0.3.1
2024-08-06T01:56:43.921054051Z [2024/08/06 01:56:43] [ info] [input:systemd:systemd.0] initializing
2024-08-06T01:56:43.921058196Z [2024/08/06 01:56:43] [ info] [input:systemd:systemd.0] storage_strategy='memory' (memory only)
2024-08-06T01:56:43.921062131Z [2024/08/06 01:56:43] [ info] [input:tail:tail.1] initializing
2024-08-06T01:56:43.921065936Z [2024/08/06 01:56:43] [ info] [input:tail:tail.1] storage_strategy='memory' (memory only)
2024-08-06T01:56:43.921070262Z [2024/08/06 01:56:43] [ info] [input:tail:tail.2] initializing
2024-08-06T01:56:43.921074317Z [2024/08/06 01:56:43] [ info] [input:tail:tail.2] storage_strategy='memory' (memory only)
2024-08-06T01:56:43.921078562Z [2024/08/06 01:56:43] [ info] [sp] stream processor started
2024-08-06T01:56:43.955398632Z [2024/08/06 01:56:43] [ info] [output:forward:forward.0] worker #1 started
2024-08-06T01:56:43.958108333Z [2024/08/06 01:56:43] [ info] [output:forward:forward.0] worker #0 started
2024-08-06T01:56:44.038351241Z [2024/08/06 01:56:44] [ info] [input:tail:tail.2] inotify_fs_add(): inode=67896090 watch_fd=1 name=/var/log/audit/audit.log
2024-08-06T01:56:44.059430638Z [2024/08/06 01:56:44] [ info] [input:tail:tail.1] inotify_fs_add(): inode=67895470 watch_fd=1 name=/var/lib/rancher/rke2/agent/logs/kubelet.log
2024-08-06T01:56:44.469104794Z [2024/08/06 01:56:44] [ warn] [net] getaddrinfo(host='rancher-logging-root-fluentd.cattle-logging-system.svc', err=4): Domain name not found
2024-08-06T01:56:44.469131158Z [2024/08/06 01:56:44] [error] [output:forward:forward.0] no upstream connections available
2024-08-06T01:56:44.469135524Z [2024/08/06 01:56:44] [ warn] [net] getaddrinfo(host='rancher-logging-root-fluentd.cattle-logging-system.svc', err=4): Domain name not found
2024-08-06T01:56:44.469140040Z [2024/08/06 01:56:44] [ warn] [engine] failed to flush chunk '1-1722909404.37976880.flb', retry in 10 seconds: task_id=1, input=tail.1 > output=forward.0 (out_id=0)
2024-08-06T01:56:44.469149783Z [2024/08/06 01:56:44] [error] [output:forward:forward.0] no upstream connections available
2024-08-06T01:56:44.469153998Z [2024/08/06 01:56:44] [ warn] [engine] failed to flush chunk '1-1722909403.978780048.flb', retry in 6 seconds: task_id=0, input=systemd.0 > output=forward.0 (out_id=0)
2024-08-06T01:56:44.471297108Z [2024/08/06 01:56:44] [ warn] [net] getaddrinfo(host='rancher-logging-root-fluentd.cattle-logging-system.svc', err=4): Domain name not found
2024-08-06T01:56:44.471319958Z [2024/08/06 01:56:44] [error] [output:forward:forward.0] no upstream connections available
2024-08-06T01:56:44.471331994Z [2024/08/06 01:56:44] [ warn] [engine] failed to flush chunk '1-1722909404.83520391.flb', retry in 8 seconds: task_id=2, input=tail.2 > output=forward.0 (out_id=0)
2024-08-06T01:56:45.437066980Z [2024/08/06 01:56:45] [ warn] [net] getaddrinfo(host='rancher-logging-root-fluentd.cattle-logging-system.svc', err=4): Domain name not found
2024-08-06T01:56:45.437087708Z [2024/08/06 01:56:45] [error] [output:forward:forward.0] no upstream connections available
2024-08-06T01:56:45.437267149Z [2024/08/06 01:56:45] [ warn] [engine] failed to flush chunk '1-1722909404.771199615.flb', retry in 6 seconds: task_id=4, input=tail.2 > output=forward.0 (out_id=0)
2024-08-06T01:56:45.437333178Z [2024/08/06 01:56:45] [ warn] [net] getaddrinfo(host='rancher-logging-root-fluentd.cattle-logging-system.svc', err=4): Domain name not found
2024-08-06T01:56:45.437340087Z [2024/08/06 01:56:45] [error] [output:forward:forward.0] no upstream connections available
2024-08-06T01:56:45.437393789Z [2024/08/06 01:56:45] [ warn] [engine] failed to flush chunk '1-1722909404.750434230.flb', retry in 9 seconds: task_id=3, input=tail.1 > output=forward.0 (out_id=0)
2024-08-06T01:56:46.437593068Z [2024/08/06 01:56:46] [ warn] [net] getaddrinfo(host='rancher-logging-root-fluentd.cattle-logging-system.svc', err=4): Domain name not found
2024-08-06T01:56:46.437611503Z [2024/08/06 01:56:46] [error] [output:forward:forward.0] no upstream connections available
2024-08-06T01:56:46.437615539Z [2024/08/06 01:56:46] [ warn] [engine] failed to flush chunk '1-1722909405.574104840.flb', retry in 9 seconds: task_id=5, input=tail.1 > output=forward.0 (out_id=0)
2024-08-06T01:56:46.437626364Z [2024/08/06 01:56:46] [ warn] [net] getaddrinfo(host='rancher-logging-root-fluentd.cattle-logging-system.svc', err=4): Domain name not found
2024-08-06T01:56:46.437629929Z [2024/08/06 01:56:46] [error] [output:forward:forward.0] no upstream connections available
2024-08-06T01:56:46.437676953Z [2024/08/06 01:56:46] [ warn] [engine] failed to flush chunk '1-1722909405.453477014.flb', retry in 6 seconds: task_id=6, input=tail.2 > output=forward.0 (out_id=0)
2024-08-06T01:56:47.437834166Z [2024/08/06 01:56:47] [ warn] [net] getaddrinfo(host='rancher-logging-root-fluentd.cattle-logging-system.svc', err=4): Domain name not found
2024-08-06T01:56:47.437864549Z [2024/08/06 01:56:47] [error] [output:forward:forward.0] no upstream connections available
2024-08-06T01:56:47.437881102Z [2024/08/06 01:56:47] [ warn] [engine] failed to flush chunk '1-1722909406.515446558.flb', retry in 10 seconds: task_id=8, input=tail.2 > output=forward.0 (out_id=0)
2024-08-06T01:56:47.437889374Z [2024/08/06 01:56:47] [ warn] [net] getaddrinfo(host='rancher-logging-root-fluentd.cattle-logging-system.svc', err=4): Domain name not found
2024-08-06T01:56:47.437918865Z [2024/08/06 01:56:47] [error] [output:forward:forward.0] no upstream connections available
2024-08-06T01:56:47.437976075Z [2024/08/06 01:56:47] [ warn] [engine] failed to flush chunk '1-1722909406.774181328.flb', retry in 6 seconds: task_id=7, input=systemd.0 > output=forward.0 (out_id=0)
2024-08-06T01:56:48.437317691Z [2024/08/06 01:56:48] [ warn] [net] getaddrinfo(host='rancher-logging-root-fluentd.cattle-logging-system.svc', err=4): Domain name not found
2024-08-06T01:56:48.437352611Z [2024/08/06 01:56:48] [error] [output:forward:forward.0] no upstream connections available
2024-08-06T01:56:48.437363977Z [2024/08/06 01:56:48] [ warn] [engine] failed to flush chunk '1-1722909407.977089715.flb', retry in 9 seconds: task_id=10, input=tail.2 > output=forward.0 (out_id=0)
2024-08-06T01:56:48.437465331Z [2024/08/06 01:56:48] [ warn] [net] getaddrinfo(host='rancher-logging-root-fluentd.cattle-logging-system.svc', err=4): Domain name not found
2024-08-06T01:56:48.437471620Z [2024/08/06 01:56:48] [error] [output:forward:forward.0] no upstream connections available
2024-08-06T01:56:48.437555550Z [2024/08/06 01:56:48] [ warn] [engine] failed to flush chunk '1-1722909408.218684285.flb', retry in 6 seconds: task_id=9, input=tail.1 > output=forward.0 (out_id=0)
2024-08-06T01:56:49.438663332Z [2024/08/06 01:56:49] [ warn] [net] getaddrinfo(host='rancher-logging-root-fluentd.cattle-logging-system.svc', err=4): Domain name not found
2024-08-06T01:56:49.438704041Z [2024/08/06 01:56:49] [error] [output:forward:forward.0] no upstream connections available
2024-08-06T01:56:49.438735006Z [2024/08/06 01:56:49] [ warn] [engine] failed to flush chunk '1-1722909408.811331924.flb', retry in 8 seconds: task_id=12, input=tail.2 > output=forward.0 (out_id=0)
2024-08-06T01:56:49.439939443Z [2024/08/06 01:56:49] [ warn] [net] getaddrinfo(host='rancher-logging-root-fluentd.cattle-logging-system.svc', err=4): Domain name not found
2024-08-06T01:56:49.439965441Z [2024/08/06 01:56:49] [error] [output:forward:forward.0] no upstream connections available
2024-08-06T01:56:49.439993782Z [2024/08/06 01:56:49] [ warn] [engine] failed to flush chunk '1-1722909408.557889055.flb', retry in 11 seconds: task_id=11, input=tail.1 > output=forward.0 (out_id=0)
2024-08-06T01:56:50.437028554Z [2024/08/06 01:56:50] [ warn] [net] getaddrinfo(host='rancher-logging-root-fluentd.cattle-logging-system.svc', err=4): Domain name not found
2024-08-06T01:56:50.437050577Z [2024/08/06 01:56:50] [error] [output:forward:forward.0] no upstream connections available
2024-08-06T01:56:50.437054152Z [2024/08/06 01:56:50] [ warn] [net] getaddrinfo(host='rancher-logging-root-fluentd.cattle-logging-system.svc', err=4): Domain name not found
2024-08-06T01:56:50.437057757Z [2024/08/06 01:56:50] [error] [output:forward:forward.0] no upstream connections available
2024-08-06T01:56:50.437067181Z [2024/08/06 01:56:50] [ warn] [engine] failed to flush chunk '1-1722909410.295981687.flb', retry in 9 seconds: task_id=13, input=tail.1 > output=forward.0 (out_id=0)
2024-08-06T01:56:50.437070606Z [2024/08/06 01:56:50] [ warn] [engine] failed to flush chunk '1-1722909403.978780048.flb', retry in 9 seconds: task_id=0, input=systemd.0 > output=forward.0 (out_id=0)
2024-08-06T01:56:51.437928511Z [2024/08/06 01:56:51] [ warn] [net] getaddrinfo(host='rancher-logging-root-fluentd.cattle-logging-system.svc', err=4): Domain name not found
2024-08-06T01:56:51.437958766Z [2024/08/06 01:56:51] [error] [output:forward:forward.0] no upstream connections available
2024-08-06T01:56:51.437966788Z [2024/08/06 01:56:51] [ warn] [engine] failed to flush chunk '1-1722909404.771199615.flb', retry in 17 seconds: task_id=4, input=tail.2 > output=forward.0 (out_id=0)
2024-08-06T01:56:51.437973779Z [2024/08/06 01:56:51] [ warn] [net] getaddrinfo(host='rancher-logging-root-fluentd.cattle-logging-system.svc', err=4): Domain name not found
2024-08-06T01:56:51.437980549Z [2024/08/06 01:56:51] [error] [output:forward:forward.0] no upstream connections available
2024-08-06T01:56:51.437987720Z [2024/08/06 01:56:51] [ warn] [engine] failed to flush chunk '1-1722909410.755514501.flb', retry in 6 seconds: task_id=15, input=tail.2 > output=forward.0 (out_id=0)
2024-08-06T01:56:51.437994620Z [2024/08/06 01:56:51] [ warn] [net] getaddrinfo(host='rancher-logging-root-fluentd.cattle-logging-system.svc', err=4): Domain name not found
2024-08-06T01:56:51.438001751Z [2024/08/06 01:56:51] [error] [output:forward:forward.0] no upstream connections available
2024-08-06T01:56:51.438009232Z [2024/08/06 01:56:51] [ warn] [engine] failed to flush chunk '1-1722909411.179744187.flb', retry in 9 seconds: task_id=14, input=systemd.0 > output=forward.0 (out_id=0)
2024-08-06T01:56:52.437644705Z [2024/08/06 01:56:52] [ warn] [net] getaddrinfo(host='rancher-logging-root-fluentd.cattle-logging-system.svc', err=4): Domain name not found
2024-08-06T01:56:52.437659918Z [2024/08/06 01:56:52] [error] [output:forward:forward.0] no upstream connections available
2024-08-06T01:56:52.437664274Z [2024/08/06 01:56:52] [ warn] [engine] failed to flush chunk '1-1722909405.453477014.flb', retry in 20 seconds: task_id=6, input=tail.2 > output=forward.0 (out_id=0)
2024-08-06T01:56:52.437724936Z [2024/08/06 01:56:52] [ warn] [net] getaddrinfo(host='rancher-logging-root-fluentd.cattle-logging-system.svc', err=4): Domain name not found
2024-08-06T01:56:52.437729934Z [2024/08/06 01:56:52] [error] [output:forward:forward.0] no upstream connections available
2024-08-06T01:56:52.437770275Z [2024/08/06 01:56:52] [ warn] [engine] failed to flush chunk '1-1722909411.576217091.flb', retry in 9 seconds: task_id=16, input=tail.1 > output=forward.0 (out_id=0)
2024-08-06T01:56:52.438640313Z [2024/08/06 01:56:52] [ warn] [net] getaddrinfo(host='rancher-logging-root-fluentd.cattle-logging-system.svc', err=4): Domain name not found
2024-08-06T01:56:52.438656768Z [2024/08/06 01:56:52] [error] [output:forward:forward.0] no upstream connections available
2024-08-06T01:56:52.438665892Z [2024/08/06 01:56:52] [ warn] [net] getaddrinfo(host='rancher-logging-root-fluentd.cattle-logging-system.svc', err=4): Domain name not found
2024-08-06T01:56:52.438742187Z [2024/08/06 01:56:52] [error] [output:forward:forward.0] no upstream connections available
2024-08-06T01:56:52.438748176Z [2024/08/06 01:56:52] [ warn] [engine] failed to flush chunk '1-1722909411.769559933.flb', retry in 8 seconds: task_id=17, input=tail.2 > output=forward.0 (out_id=0)
2024-08-06T01:56:52.438752242Z [2024/08/06 01:56:52] [ warn] [engine] failed to flush chunk '1-1722909404.83520391.flb', retry in 21 seconds: task_id=2, input=tail.2 > output=forward.0 (out_id=0)
2024-08-06T01:56:53.436937637Z [2024/08/06 01:56:53] [ warn] [net] getaddrinfo(host='rancher-logging-root-fluentd.cattle-logging-system.svc', err=4): Domain name not found
2024-08-06T01:56:53.436970567Z [2024/08/06 01:56:53] [error] [output:forward:forward.0] no upstream connections available
2024-08-06T01:56:53.436976256Z [2024/08/06 01:56:53] [ warn] [engine] failed to flush chunk '1-1722909412.435599266.flb', retry in 11 seconds: task_id=18, input=systemd.0 > output=forward.0 (out_id=0)
2024-08-06T01:56:53.436980723Z [2024/08/06 01:56:53] [ warn] [net] getaddrinfo(host='rancher-logging-root-fluentd.cattle-logging-system.svc', err=4): Domain name not found
2024-08-06T01:56:53.436984909Z [2024/08/06 01:56:53] [ warn] [net] getaddrinfo(host='rancher-logging-root-fluentd.cattle-logging-system.svc', err=4): Domain name not found
2024-08-06T01:56:53.436989186Z [2024/08/06 01:56:53] [error] [output:forward:forward.0] no upstream connections available
2024-08-06T01:56:53.436993042Z [2024/08/06 01:56:53] [error] [output:forward:forward.0] no upstream connections available
2024-08-06T01:56:53.436997218Z [2024/08/06 01:56:53] [ warn] [engine] failed to flush chunk '1-1722909412.991791345.flb', retry in 9 seconds: task_id=20, input=tail.2 > output=forward.0 (out_id=0)
2024-08-06T01:56:53.437003908Z [2024/08/06 01:56:53] [ warn] [engine] failed to flush chunk '1-1722909406.774181328.flb', retry in 10 seconds: task_id=7, input=systemd.0 > output=forward.0 (out_id=0)
2024-08-06T01:56:53.437008255Z [2024/08/06 01:56:53] [ warn] [net] getaddrinfo(host='rancher-logging-root-fluentd.cattle-logging-system.svc', err=4): Domain name not found
2024-08-06T01:56:53.437012271Z [2024/08/06 01:56:53] [error] [output:forward:forward.0] no upstream connections available
2024-08-06T01:56:53.437016087Z [2024/08/06 01:56:53] [ warn] [engine] failed to flush chunk '1-1722909412.435903577.flb', retry in 10 seconds: task_id=19, input=tail.1 > output=forward.0 (out_id=0)
2024-08-06T01:56:54.438750718Z [2024/08/06 01:56:54] [ warn] [net] getaddrinfo(host='rancher-logging-root-fluentd.cattle-logging-system.svc', err=4): Domain name not found
2024-08-06T01:56:54.438783880Z [2024/08/06 01:56:54] [error] [output:forward:forward.0] no upstream connections available
2024-08-06T01:56:54.438801337Z [2024/08/06 01:56:54] [ warn] [engine] failed to flush chunk '1-1722909414.17405713.flb', retry in 11 seconds: task_id=22, input=tail.2 > output=forward.0 (out_id=0)
2024-08-06T01:56:54.536068804Z [2024/08/06 01:56:54] [ warn] [net] getaddrinfo(host='rancher-logging-root-fluentd.cattle-logging-system.svc', err=4): Domain name not found
2024-08-06T01:56:54.536083346Z [2024/08/06 01:56:54] [error] [output:forward:forward.0] no upstream connections available
2024-08-06T01:56:54.536099111Z [2024/08/06 01:56:54] [ warn] [net] getaddrinfo(host='rancher-logging-root-fluentd.cattle-logging-system.svc', err=4): Domain name not found
2024-08-06T01:56:54.536102486Z [2024/08/06 01:56:54] [ warn] [engine] failed to flush chunk '1-1722909404.750434230.flb', retry in 20 seconds: task_id=3, input=tail.1 > output=forward.0 (out_id=0)
2024-08-06T01:56:54.536105551Z [2024/08/06 01:56:54] [error] [output:forward:forward.0] no upstream connections available
2024-08-06T01:56:54.536111830Z [2024/08/06 01:56:54] [ warn] [engine] failed to flush chunk '1-1722909408.218684285.flb', retry in 18 seconds: task_id=9, input=tail.1 > output=forward.0 (out_id=0)
2024-08-06T01:56:54.536213498Z [2024/08/06 01:56:54] [ warn] [net] getaddrinfo(host='rancher-logging-root-fluentd.cattle-logging-system.svc', err=4): Domain name not found
2024-08-06T01:56:54.536217564Z [2024/08/06 01:56:54] [error] [output:forward:forward.0] no upstream connections available
2024-08-06T01:56:54.536253891Z [2024/08/06 01:56:54] [ warn] [engine] failed to flush chunk '1-1722909404.37976880.flb', retry in 14 seconds: task_id=1, input=tail.1 > output=forward.0 (out_id=0)
2024-08-06T01:56:54.536355869Z [2024/08/06 01:56:54] [ warn] [net] getaddrinfo(host='rancher-logging-root-fluentd.cattle-logging-system.svc', err=4): Domain name not found
2024-08-06T01:56:54.536360666Z [2024/08/06 01:56:54] [error] [output:forward:forward.0] no upstream connections available
2024-08-06T01:56:54.536409332Z [2024/08/06 01:56:54] [ warn] [engine] failed to flush chunk '1-1722909414.308448666.flb', retry in 9 seconds: task_id=21, input=tail.1 > output=forward.0 (out_id=0)
2024-08-06T01:56:55.436943191Z [2024/08/06 01:56:55] [ warn] [net] getaddrinfo(host='rancher-logging-root-fluentd.cattle-logging-system.svc', err=4): Domain name not found
2024-08-06T01:56:55.436960688Z [2024/08/06 01:56:55] [error] [output:forward:forward.0] no upstream connections available
2024-08-06T01:56:55.436964785Z [2024/08/06 01:56:55] [ warn] [engine] failed to flush chunk '1-1722909405.574104840.flb', retry in 13 seconds: task_id=5, input=tail.1 > output=forward.0 (out_id=0)
2024-08-06T01:56:55.436974350Z [2024/08/06 01:56:55] [ warn] [net] getaddrinfo(host='rancher-logging-root-fluentd.cattle-logging-system.svc', err=4): Domain name not found
2024-08-06T01:56:55.436978366Z [2024/08/06 01:56:55] [error] [output:forward:forward.0] no upstream connections available
2024-08-06T01:56:55.437031199Z [2024/08/06 01:56:55] [ warn] [engine] failed to flush chunk '1-1722909414.450845614.flb', retry in 8 seconds: task_id=23, input=tail.2 > output=forward.0 (out_id=0)
2024-08-06T01:56:56.437296289Z [2024/08/06 01:56:56] [ warn] [net] getaddrinfo(host='rancher-logging-root-fluentd.cattle-logging-system.svc', err=4): Domain name not found
2024-08-06T01:56:56.437326387Z [2024/08/06 01:56:56] [error] [output:forward:forward.0] no upstream connections available
2024-08-06T01:56:56.437333819Z [2024/08/06 01:56:56] [ warn] [engine] failed to flush chunk '1-1722909415.479318361.flb', retry in 6 seconds: task_id=25, input=tail.2 > output=forward.0 (out_id=0)
2024-08-06T01:56:56.437434118Z [2024/08/06 01:56:56] [ warn] [net] getaddrinfo(host='rancher-logging-root-fluentd.cattle-logging-system.svc', err=4): Domain name not found
2024-08-06T01:56:56.437443102Z [2024/08/06 01:56:56] [error] [output:forward:forward.0] no upstream connections available
2024-08-06T01:56:56.437466689Z [2024/08/06 01:56:56] [ warn] [engine] failed to flush chunk '1-1722909415.805399532.flb', retry in 11 seconds: task_id=24, input=tail.1 > output=forward.0 (out_id=0)
2024-08-06T01:56:57.438450614Z [2024/08/06 01:56:57] [ warn] [net] getaddrinfo(host='rancher-logging-root-fluentd.cattle-logging-system.svc', err=4): Domain name not found
2024-08-06T01:56:57.438491779Z [2024/08/06 01:56:57] [error] [output:forward:forward.0] no upstream connections available
2024-08-06T01:56:57.438512352Z [2024/08/06 01:56:57] [ warn] [net] getaddrinfo(host='rancher-logging-root-fluentd.cattle-logging-system.svc', err=4): Domain name not found
2024-08-06T01:56:57.438521246Z [2024/08/06 01:56:57] [error] [output:forward:forward.0] no upstream connections available
2024-08-06T01:56:57.438529420Z [2024/08/06 01:56:57] [ warn] [net] getaddrinfo(host='rancher-logging-root-fluentd.cattle-logging-system.svc', err=4): Domain name not found
2024-08-06T01:56:57.438537102Z [2024/08/06 01:56:57] [error] [output:forward:forward.0] no upstream connections available
2024-08-06T01:56:57.438544904Z [2024/08/06 01:56:57] [ warn] [engine] failed to flush chunk '1-1722909406.515446558.flb', retry in 13 seconds: task_id=8, input=tail.2 > output=forward.0 (out_id=0)
2024-08-06T01:56:57.438616889Z [2024/08/06 01:56:57] [ warn] [net] getaddrinfo(host='rancher-logging-root-fluentd.cattle-logging-system.svc', err=4): Domain name not found
2024-08-06T01:56:57.438632023Z [2024/08/06 01:56:57] [ warn] [engine] failed to flush chunk '1-1722909408.811331924.flb', retry in 18 seconds: task_id=12, input=tail.2 > output=forward.0 (out_id=0)
2024-08-06T01:56:57.438641609Z [2024/08/06 01:56:57] [error] [output:forward:forward.0] no upstream connections available
2024-08-06T01:56:57.438660789Z [2024/08/06 01:56:57] [ warn] [engine] failed to flush chunk '1-1722909410.755514501.flb', retry in 13 seconds: task_id=15, input=tail.2 > output=forward.0 (out_id=0)
2024-08-06T01:56:57.438664826Z [2024/08/06 01:56:57] [ warn] [engine] failed to flush chunk '1-1722909407.977089715.flb', retry in 11 seconds: task_id=10, input=tail.2 > output=forward.0 (out_id=0)
2024-08-06T01:56:57.438673810Z [2024/08/06 01:56:57] [ warn] [net] getaddrinfo(host='rancher-logging-root-fluentd.cattle-logging-system.svc', err=4): Domain name not found
2024-08-06T01:56:57.438677767Z [2024/08/06 01:56:57] [error] [output:forward:forward.0] no upstream connections available
2024-08-06T01:56:57.438748600Z [2024/08/06 01:56:57] [ warn] [net] getaddrinfo(host='rancher-logging-root-fluentd.cattle-logging-system.svc', err=4): Domain name not found
2024-08-06T01:56:57.438752726Z [2024/08/06 01:56:57] [ warn] [engine] failed to flush chunk '1-1722909416.744946087.flb', retry in 10 seconds: task_id=27, input=tail.2 > output=forward.0 (out_id=0)
2024-08-06T01:56:57.438761190Z [2024/08/06 01:56:57] [error] [output:forward:forward.0] no upstream connections available
2024-08-06T01:56:57.438786991Z [2024/08/06 01:56:57] [ warn] [engine] failed to flush chunk '1-1722909416.816505644.flb', retry in 10 seconds: task_id=26, input=tail.1 > output=forward.0 (out_id=0)
2024-08-06T01:56:58.437242416Z [2024/08/06 01:56:58] [ warn] [net] getaddrinfo(host='rancher-logging-root-fluentd.cattle-logging-system.svc', err=4): Domain name not found
2024-08-06T01:56:58.437259574Z [2024/08/06 01:56:58] [error] [output:forward:forward.0] no upstream connections available
2024-08-06T01:56:58.437262869Z [2024/08/06 01:56:58] [ warn] [engine] failed to flush chunk '1-1722909417.574178149.flb', retry in 11 seconds: task_id=28, input=tail.1 > output=forward.0 (out_id=0)
2024-08-06T01:56:59.437081705Z [2024/08/06 01:56:59] [ warn] [net] getaddrinfo(host='rancher-logging-root-fluentd.cattle-logging-system.svc', err=4): Domain name not found
2024-08-06T01:56:59.437103751Z [2024/08/06 01:56:59] [error] [output:forward:forward.0] no upstream connections available
2024-08-06T01:56:59.437112906Z [2024/08/06 01:56:59] [ warn] [engine] failed to flush chunk '1-1722909403.978780048.flb', retry in 27 seconds: task_id=0, input=systemd.0 > output=forward.0 (out_id=0)
2024-08-06T01:56:59.438130679Z [2024/08/06 01:56:59] [ warn] [net] getaddrinfo(host='rancher-logging-root-fluentd.cattle-logging-system.svc', err=4): Domain name not found
2024-08-06T01:56:59.438146976Z [2024/08/06 01:56:59] [error] [output:forward:forward.0] no upstream connections available
2024-08-06T01:56:59.438211090Z [2024/08/06 01:56:59] [ warn] [engine] failed to flush chunk '1-1722909410.295981687.flb', retry in 12 seconds: task_id=13, input=tail.1 > output=forward.0 (out_id=0)
2024-08-06T01:56:59.438625043Z [2024/08/06 01:56:59] [ warn] [net] getaddrinfo(host='rancher-logging-root-fluentd.cattle-logging-system.svc', err=4): Domain name not found
2024-08-06T01:56:59.438642862Z [2024/08/06 01:56:59] [error] [output:forward:forward.0] no upstream connections available
2024-08-06T01:56:59.438662473Z [2024/08/06 01:56:59] [ warn] [engine] failed to flush chunk '1-1722909419.244923006.flb', retry in 8 seconds: task_id=29, input=tail.2 > output=forward.0 (out_id=0)
2024-08-06T01:57:00.438783524Z [2024/08/06 01:57:00] [ warn] [net] getaddrinfo(host='rancher-logging-root-fluentd.cattle-logging-system.svc', err=4): Domain name not found
2024-08-06T01:57:00.438805300Z [2024/08/06 01:57:00] [error] [output:forward:forward.0] no upstream connections available
2024-08-06T01:57:00.438810048Z [2024/08/06 01:57:00] [ warn] [engine] failed to flush chunk '1-1722909419.644130165.flb', retry in 6 seconds: task_id=32, input=tail.2 > output=forward.0 (out_id=0)
2024-08-06T01:57:00.439149143Z [2024/08/06 01:57:00] [ warn] [net] getaddrinfo(host='rancher-logging-root-fluentd.cattle-logging-system.svc', err=4): Domain name not found
2024-08-06T01:57:00.439162805Z [2024/08/06 01:57:00] [ warn] [net] getaddrinfo(host='rancher-logging-root-fluentd.cattle-logging-system.svc', err=4): Domain name not found
2024-08-06T01:57:00.439168034Z [2024/08/06 01:57:00] [error] [output:forward:forward.0] no upstream connections available
2024-08-06T01:57:00.439171850Z [2024/08/06 01:57:00] [error] [output:forward:forward.0] no upstream connections available
2024-08-06T01:57:00.439176177Z [2024/08/06 01:57:00] [ warn] [engine] failed to flush chunk '1-1722909420.338889769.flb', retry in 10 seconds: task_id=30, input=systemd.0 > output=forward.0 (out_id=0)
2024-08-06T01:57:00.439180113Z [2024/08/06 01:57:00] [ warn] [engine] failed to flush chunk '1-1722909411.179744187.flb', retry in 19 seconds: task_id=14, input=systemd.0 > output=forward.0 (out_id=0)
2024-08-06T01:57:00.439183759Z [2024/08/06 01:57:00] [ warn] [net] getaddrinfo(host='rancher-logging-root-fluentd.cattle-logging-system.svc', err=4): Domain name not found
2024-08-06T01:57:00.439187505Z [2024/08/06 01:57:00] [error] [output:forward:forward.0] no upstream connections available
2024-08-06T01:57:00.439191612Z [2024/08/06 01:57:00] [ warn] [net] getaddrinfo(host='rancher-logging-root-fluentd.cattle-logging-system.svc', err=4): Domain name not found
2024-08-06T01:57:00.439195308Z [2024/08/06 01:57:00] [error] [output:forward:forward.0] no upstream connections available
2024-08-06T01:57:00.439199205Z [2024/08/06 01:57:00] [ warn] [engine] failed to flush chunk '1-1722909408.557889055.flb', retry in 17 seconds: task_id=11, input=tail.1 > output=forward.0 (out_id=0)
2024-08-06T01:57:00.439202891Z [2024/08/06 01:57:00] [ warn] [engine] failed to flush chunk '1-1722909411.769559933.flb', retry in 20 seconds: task_id=17, input=tail.2 > output=forward.0 (out_id=0)
2024-08-06T01:57:00.439398631Z [2024/08/06 01:57:00] [ warn] [net] getaddrinfo(host='rancher-logging-root-fluentd.cattle-logging-system.svc', err=4): Domain name not found
2024-08-06T01:57:00.439410210Z [2024/08/06 01:57:00] [error] [output:forward:forward.0] no upstream connections available
2024-08-06T01:57:00.439531839Z [2024/08/06 01:57:00] [ warn] [engine] failed to flush chunk '1-1722909419.685393576.flb', retry in 6 seconds: task_id=31, input=tail.1 > output=forward.0 (out_id=0)
2024-08-06T01:57:01.438337585Z [2024/08/06 01:57:01] [ warn] [net] getaddrinfo(host='rancher-logging-root-fluentd.cattle-logging-system.svc', err=4): Domain name not found
2024-08-06T01:57:01.438379534Z [2024/08/06 01:57:01] [error] [output:forward:forward.0] no upstream connections available
2024-08-06T01:57:01.438397524Z [2024/08/06 01:57:01] [ warn] [net] getaddrinfo(host='rancher-logging-root-fluentd.cattle-logging-system.svc', err=4): Domain name not found
2024-08-06T01:57:01.438402602Z [2024/08/06 01:57:01] [error] [output:forward:forward.0] no upstream connections available
2024-08-06T01:57:01.438417236Z [2024/08/06 01:57:01] [ warn] [engine] failed to flush chunk '1-1722909411.576217091.flb', retry in 11 seconds: task_id=16, input=tail.1 > output=forward.0 (out_id=0)
2024-08-06T01:57:01.438480040Z [2024/08/06 01:57:01] [ warn] [net] getaddrinfo(host='rancher-logging-root-fluentd.cattle-logging-system.svc', err=4): Domain name not found
2024-08-06T01:57:01.438489014Z [2024/08/06 01:57:01] [ warn] [engine] failed to flush chunk '1-1722909420.669290313.flb', retry in 10 seconds: task_id=34, input=tail.2 > output=forward.0 (out_id=0)
2024-08-06T01:57:01.438517091Z [2024/08/06 01:57:01] [error] [output:forward:forward.0] no upstream connections available
2024-08-06T01:57:01.438559891Z [2024/08/06 01:57:01] [ warn] [engine] failed to flush chunk '1-1722909421.79387125.flb', retry in 7 seconds: task_id=33, input=tail.1 > output=forward.0 (out_id=0)
2024-08-06T01:57:02.438351612Z [2024/08/06 01:57:02] [ warn] [net] getaddrinfo(host='rancher-logging-root-fluentd.cattle-logging-system.svc', err=4): Domain name not found
2024-08-06T01:57:02.438389355Z [2024/08/06 01:57:02] [error] [output:forward:forward.0] no upstream connections available
2024-08-06T01:57:02.438396837Z [2024/08/06 01:57:02] [ warn] [net] getaddrinfo(host='rancher-logging-root-fluentd.cattle-logging-system.svc', err=4): Domain name not found
2024-08-06T01:57:02.438403628Z [2024/08/06 01:57:02] [error] [output:forward:forward.0] no upstream connections available
2024-08-06T01:57:02.438433107Z [2024/08/06 01:57:02] [ warn] [engine] failed to flush chunk '1-1722909421.762481546.flb', retry in 8 seconds: task_id=36, input=tail.2 > output=forward.0 (out_id=0)
2024-08-06T01:57:02.438450616Z [2024/08/06 01:57:02] [ warn] [engine] failed to flush chunk '1-1722909412.991791345.flb', retry in 7 seconds: task_id=20, input=tail.2 > output=forward.0 (out_id=0)
2024-08-06T01:57:02.438461825Z [2024/08/06 01:57:02] [ warn] [net] getaddrinfo(host='rancher-logging-root-fluentd.cattle-logging-system.svc', err=4): Domain name not found
2024-08-06T01:57:02.438467675Z [2024/08/06 01:57:02] [error] [output:forward:forward.0] no upstream connections available
2024-08-06T01:57:02.438622872Z [2024/08/06 01:57:02] [ warn] [engine] failed to flush chunk '1-1722909422.372569243.flb', retry in 8 seconds: task_id=35, input=tail.1 > output=forward.0 (out_id=0)
2024-08-06T01:57:02.439282546Z [2024/08/06 01:57:02] [ warn] [net] getaddrinfo(host='rancher-logging-root-fluentd.cattle-logging-system.svc', err=4): Domain name not found
2024-08-06T01:57:02.439301057Z [2024/08/06 01:57:02] [error] [output:forward:forward.0] no upstream connections available
2024-08-06T01:57:02.439316022Z [2024/08/06 01:57:02] [ warn] [engine] failed to flush chunk '1-1722909415.479318361.flb', retry in 19 seconds: task_id=25, input=tail.2 > output=forward.0 (out_id=0)
2024-08-06T01:57:03.438522922Z [2024/08/06 01:57:03] [ warn] [net] getaddrinfo(host='rancher-logging-root-fluentd.cattle-logging-system.svc', err=4): Domain name not found
2024-08-06T01:57:03.438540882Z [2024/08/06 01:57:03] [error] [output:forward:forward.0] no upstream connections available
2024-08-06T01:57:03.438689259Z [2024/08/06 01:57:03] [ warn] [net] getaddrinfo(host='rancher-logging-root-fluentd.cattle-logging-system.svc', err=4): Domain name not found
2024-08-06T01:57:03.438699657Z [2024/08/06 01:57:03] [error] [output:forward:forward.0] no upstream connections available
2024-08-06T01:57:03.438719470Z [2024/08/06 01:57:03] [ warn] [engine] failed to flush chunk '1-1722909414.450845614.flb', retry in 7 seconds: task_id=23, input=tail.2 > output=forward.0 (out_id=0)
2024-08-06T01:57:03.438725339Z [2024/08/06 01:57:03] [ warn] [net] getaddrinfo(host='rancher-logging-root-fluentd.cattle-logging-system.svc', err=4): Domain name not found
2024-08-06T01:57:03.438729186Z [2024/08/06 01:57:03] [ warn] [engine] failed to flush chunk '1-1722909414.308448666.flb', retry in 12 seconds: task_id=21, input=tail.1 > output=forward.0 (out_id=0)
2024-08-06T01:57:03.438733172Z [2024/08/06 01:57:03] [error] [output:forward:forward.0] no upstream connections available
2024-08-06T01:57:03.438785720Z [2024/08/06 01:57:03] [ warn] [engine] failed to flush chunk '1-1722909406.774181328.flb', retry in 31 seconds: task_id=7, input=systemd.0 > output=forward.0 (out_id=0)
2024-08-06T01:57:03.438933166Z [2024/08/06 01:57:03] [ warn] [net] getaddrinfo(host='rancher-logging-root-fluentd.cattle-logging-system.svc', err=4): Domain name not found
2024-08-06T01:57:03.438945246Z [2024/08/06 01:57:03] [error] [output:forward:forward.0] no upstream connections available
2024-08-06T01:57:03.438953871Z [2024/08/06 01:57:03] [ warn] [net] getaddrinfo(host='rancher-logging-root-fluentd.cattle-logging-system.svc', err=4): Domain name not found
2024-08-06T01:57:03.438970118Z [2024/08/06 01:57:03] [error] [output:forward:forward.0] no upstream connections available
2024-08-06T01:57:03.439046475Z [2024/08/06 01:57:03] [ warn] [net] getaddrinfo(host='rancher-logging-root-fluentd.cattle-logging-system.svc', err=4): Domain name not found
2024-08-06T01:57:03.439056141Z [2024/08/06 01:57:03] [error] [output:forward:forward.0] no upstream connections available
2024-08-06T01:57:03.439064625Z [2024/08/06 01:57:03] [ warn] [engine] failed to flush chunk '1-1722909412.435903577.flb', retry in 16 seconds: task_id=19, input=tail.1 > output=forward.0 (out_id=0)
2024-08-06T01:57:03.439084889Z [2024/08/06 01:57:03] [ warn] [engine] failed to flush chunk '1-1722909422.587368495.flb', retry in 10 seconds: task_id=38, input=tail.1 > output=forward.0 (out_id=0)
2024-08-06T01:57:03.439092422Z [2024/08/06 01:57:03] [ warn] [engine] failed to flush chunk '1-1722909423.312691558.flb', retry in 8 seconds: task_id=37, input=systemd.0 > output=forward.0 (out_id=0)
2024-08-06T01:57:03.439138789Z [2024/08/06 01:57:03] [ warn] [net] getaddrinfo(host='rancher-logging-root-fluentd.cattle-logging-system.svc', err=4): Domain name not found
2024-08-06T01:57:03.439178666Z [2024/08/06 01:57:03] [error] [output:forward:forward.0] no upstream connections available
2024-08-06T01:57:03.439185056Z [2024/08/06 01:57:03] [ warn] [engine] failed to flush chunk '1-1722909422.739000425.flb', retry in 7 seconds: task_id=39, input=tail.2 > output=forward.0 (out_id=0)
2024-08-06T01:57:04.437370121Z [2024/08/06 01:57:04] [ warn] [net] getaddrinfo(host='rancher-logging-root-fluentd.cattle-logging-system.svc', err=4): Domain name not found
2024-08-06T01:57:04.437386909Z [2024/08/06 01:57:04] [error] [output:forward:forward.0] no upstream connections available
2024-08-06T01:57:04.437418141Z [2024/08/06 01:57:04] [ warn] [engine] failed to flush chunk '1-1722909423.978420564.flb', retry in 11 seconds: task_id=40, input=tail.1 > output=forward.0 (out_id=0)
2024-08-06T01:57:04.437667279Z [2024/08/06 01:57:04] [ warn] [net] getaddrinfo(host='rancher-logging-root-fluentd.cattle-logging-system.svc', err=4): Domain name not found
2024-08-06T01:57:04.437689256Z [2024/08/06 01:57:04] [error] [output:forward:forward.0] no upstream connections available
2024-08-06T01:57:04.437736175Z [2024/08/06 01:57:04] [ warn] [engine] failed to flush chunk '1-1722909412.435599266.flb', retry in 14 seconds: task_id=18, input=systemd.0 > output=forward.0 (out_id=0)
2024-08-06T01:57:04.437764713Z [2024/08/06 01:57:04] [ warn] [net] getaddrinfo(host='rancher-logging-root-fluentd.cattle-logging-system.svc', err=4): Domain name not found
2024-08-06T01:57:04.437781781Z [2024/08/06 01:57:04] [error] [output:forward:forward.0] no upstream connections available
2024-08-06T01:57:04.437790496Z [2024/08/06 01:57:04] [ warn] [engine] failed to flush chunk '1-1722909423.778712837.flb', retry in 11 seconds: task_id=41, input=tail.2 > output=forward.0 (out_id=0)
2024-08-06T01:57:05.437693515Z [2024/08/06 01:57:05] [ warn] [net] getaddrinfo(host='rancher-logging-root-fluentd.cattle-logging-system.svc', err=4): Domain name not found
2024-08-06T01:57:05.437755049Z [2024/08/06 01:57:05] [error] [output:forward:forward.0] no upstream connections available
2024-08-06T01:57:05.437767159Z [2024/08/06 01:57:05] [ warn] [engine] failed to flush chunk '1-1722909414.17405713.flb', retry in 19 seconds: task_id=22, input=tail.2 > output=forward.0 (out_id=0)
2024-08-06T01:57:06.437560806Z [2024/08/06 01:57:06] [ warn] [net] getaddrinfo(host='rancher-logging-root-fluentd.cattle-logging-system.svc', err=4): Domain name not found
2024-08-06T01:57:06.437589545Z [2024/08/06 01:57:06] [error] [output:forward:forward.0] no upstream connections available
2024-08-06T01:57:06.437602837Z [2024/08/06 01:57:06] [ warn] [engine] failed to flush chunk '1-1722909419.685393576.flb', retry in 16 seconds: task_id=31, input=tail.1 > output=forward.0 (out_id=0)
2024-08-06T01:57:06.444697629Z [2024/08/06 01:57:06] [ warn] [net] getaddrinfo(host='rancher-logging-root-fluentd.cattle-logging-system.svc', err=4): Domain name not found
2024-08-06T01:57:06.444712644Z [2024/08/06 01:57:06] [error] [output:forward:forward.0] no upstream connections available
2024-08-06T01:57:06.444760495Z [2024/08/06 01:57:06] [ warn] [engine] failed to flush chunk '1-1722909419.644130165.flb', retry in 11 seconds: task_id=32, input=tail.2 > output=forward.0 (out_id=0)
2024-08-06T01:57:06.445062868Z [2024/08/06 01:57:06] [ warn] [net] getaddrinfo(host='rancher-logging-root-fluentd.cattle-logging-system.svc', err=4): Domain name not found
2024-08-06T01:57:06.445071563Z [2024/08/06 01:57:06] [error] [output:forward:forward.0] no upstream connections available
2024-08-06T01:57:06.445078975Z [2024/08/06 01:57:06] [ warn] [engine] failed to flush chunk '1-1722909425.435540464.flb', retry in 6 seconds: task_id=42, input=systemd.0 > output=forward.0 (out_id=0)
2024-08-06T01:57:06.445206942Z [2024/08/06 01:57:06] [ warn] [net] getaddrinfo(host='rancher-logging-root-fluentd.cattle-logging-system.svc', err=4): Domain name not found
2024-08-06T01:57:06.445212531Z [2024/08/06 01:57:06] [error] [output:forward:forward.0] no upstream connections available
2024-08-06T01:57:06.445220415Z [2024/08/06 01:57:06] [ warn] [engine] failed to flush chunk '1-1722909425.941128695.flb', retry in 9 seconds: task_id=43, input=tail.1 > output=forward.0 (out_id=0)
2024-08-06T01:57:06.445224061Z [2024/08/06 01:57:06] [ warn] [net] getaddrinfo(host='rancher-logging-root-fluentd.cattle-logging-system.svc', err=4): Domain name not found
2024-08-06T01:57:06.445227597Z [2024/08/06 01:57:06] [error] [output:forward:forward.0] no upstream connections available
2024-08-06T01:57:06.445234579Z [2024/08/06 01:57:06] [ warn] [engine] failed to flush chunk '1-1722909425.853593091.flb', retry in 10 seconds: task_id=44, input=tail.2 > output=forward.0 (out_id=0)
2024-08-06T01:57:07.437866796Z [2024/08/06 01:57:07] [ warn] [net] getaddrinfo(host='rancher-logging-root-fluentd.cattle-logging-system.svc', err=4): Domain name not found
2024-08-06T01:57:07.437885117Z [2024/08/06 01:57:07] [ warn] [engine] failed to flush chunk '1-1722909415.805399532.flb', retry in 8 seconds: task_id=24, input=tail.1 > output=forward.0 (out_id=0)
2024-08-06T01:57:07.437889435Z [2024/08/06 01:57:07] [error] [output:forward:forward.0] no upstream connections available
2024-08-06T01:57:07.437911242Z [2024/08/06 01:57:07] [ warn] [engine] failed to flush chunk '1-1722909426.978151327.flb', retry in 8 seconds: task_id=46, input=tail.1 > output=forward.0 (out_id=0)
2024-08-06T01:57:07.437915339Z [2024/08/06 01:57:07] [ warn] [net] getaddrinfo(host='rancher-logging-root-fluentd.cattle-logging-system.svc', err=4): Domain name not found
2024-08-06T01:57:07.437919245Z [2024/08/06 01:57:07] [error] [output:forward:forward.0] no upstream connections available
2024-08-06T01:57:07.438159054Z [2024/08/06 01:57:07] [ warn] [net] getaddrinfo(host='rancher-logging-root-fluentd.cattle-logging-system.svc', err=4): Domain name not found
2024-08-06T01:57:07.438170132Z [2024/08/06 01:57:07] [error] [output:forward:forward.0] no upstream connections available
2024-08-06T01:57:07.438185338Z [2024/08/06 01:57:07] [ warn] [engine] failed to flush chunk '1-1722909416.816505644.flb', retry in 17 seconds: task_id=26, input=tail.1 > output=forward.0 (out_id=0)
2024-08-06T01:57:07.438334893Z [2024/08/06 01:57:07] [ warn] [net] getaddrinfo(host='rancher-logging-root-fluentd.cattle-logging-system.svc', err=4): Domain name not found
2024-08-06T01:57:07.438345551Z [2024/08/06 01:57:07] [error] [output:forward:forward.0] no upstream connections available
2024-08-06T01:57:07.438362530Z [2024/08/06 01:57:07] [ warn] [engine] failed to flush chunk '1-1722909416.744946087.flb', retry in 7 seconds: task_id=27, input=tail.2 > output=forward.0 (out_id=0)
2024-08-06T01:57:07.438658844Z [2024/08/06 01:57:07] [ warn] [net] getaddrinfo(host='rancher-logging-root-fluentd.cattle-logging-system.svc', err=4): Domain name not found
2024-08-06T01:57:07.438672588Z [2024/08/06 01:57:07] [error] [output:forward:forward.0] no upstream connections available
2024-08-06T01:57:07.438691049Z [2024/08/06 01:57:07] [ warn] [engine] failed to flush chunk '1-1722909419.244923006.flb', retry in 17 seconds: task_id=29, input=tail.2 > output=forward.0 (out_id=0)
2024-08-06T01:57:07.438747806Z [2024/08/06 01:57:07] [ warn] [net] getaddrinfo(host='rancher-logging-root-fluentd.cattle-logging-system.svc', err=4): Domain name not found
2024-08-06T01:57:07.438753986Z [2024/08/06 01:57:07] [error] [output:forward:forward.0] no upstream connections available
2024-08-06T01:57:07.438765636Z [2024/08/06 01:57:07] [ warn] [engine] failed to flush chunk '1-1722909427.429493133.flb', retry in 10 seconds: task_id=45, input=systemd.0 > output=forward.0 (out_id=0)
2024-08-06T01:57:07.438934323Z [2024/08/06 01:57:07] [ warn] [net] getaddrinfo(host='rancher-logging-root-fluentd.cattle-logging-system.svc', err=4): Domain name not found
2024-08-06T01:57:07.438940774Z [2024/08/06 01:57:07] [error] [output:forward:forward.0] no upstream connections available
2024-08-06T01:57:07.438949118Z [2024/08/06 01:57:07] [ warn] [engine] failed to flush chunk '1-1722909426.466056351.flb', retry in 11 seconds: task_id=47, input=tail.2 > output=forward.0 (out_id=0)
2024-08-06T01:57:08.437598088Z [2024/08/06 01:57:08] [ warn] [net] getaddrinfo(host='rancher-logging-root-fluentd.cattle-logging-system.svc', err=4): Domain name not found
2024-08-06T01:57:08.437618112Z [2024/08/06 01:57:08] [error] [output:forward:forward.0] no upstream connections available
2024-08-06T01:57:08.437647733Z [2024/08/06 01:57:08] [ warn] [engine] failed to flush chunk '1-1722909421.79387125.flb', retry in 21 seconds: task_id=33, input=tail.1 > output=forward.0 (out_id=0)
2024-08-06T01:57:08.438254169Z [2024/08/06 01:57:08] [ warn] [net] getaddrinfo(host='rancher-logging-root-fluentd.cattle-logging-system.svc', err=4): Domain name not found
2024-08-06T01:57:08.438258296Z [2024/08/06 01:57:08] [error] [output:forward:forward.0] no upstream connections available
2024-08-06T01:57:08.438295981Z [2024/08/06 01:57:08] [ warn] [engine] failed to flush chunk '1-1722909407.977089715.flb', retry in 10 seconds: task_id=10, input=tail.2 > output=forward.0 (out_id=0)
2024-08-06T01:57:08.438454812Z [2024/08/06 01:57:08] [ warn] [net] getaddrinfo(host='rancher-logging-root-fluentd.cattle-logging-system.svc', err=4): Domain name not found
2024-08-06T01:57:08.438458488Z [2024/08/06 01:57:08] [error] [output:forward:forward.0] no upstream connections available
2024-08-06T01:57:08.438507873Z [2024/08/06 01:57:08] [ warn] [engine] failed to flush chunk '1-1722909428.426310154.flb', retry in 7 seconds: task_id=49, input=tail.1 > output=forward.0 (out_id=0)
2024-08-06T01:57:08.438750558Z [2024/08/06 01:57:08] [ warn] [net] getaddrinfo(host='rancher-logging-root-fluentd.cattle-logging-system.svc', err=4): Domain name not found
2024-08-06T01:57:08.438768729Z [2024/08/06 01:57:08] [error] [output:forward:forward.0] no upstream connections available
2024-08-06T01:57:08.438784225Z [2024/08/06 01:57:08] [ warn] [net] getaddrinfo(host='rancher-logging-root-fluentd.cattle-logging-system.svc', err=4): Domain name not found
2024-08-06T01:57:08.438791247Z [2024/08/06 01:57:08] [error] [output:forward:forward.0] no upstream connections available
2024-08-06T01:57:08.438879268Z [2024/08/06 01:57:08] [ warn] [engine] failed to flush chunk '1-1722909404.37976880.flb', retry in 17 seconds: task_id=1, input=tail.1 > output=forward.0 (out_id=0)
2024-08-06T01:57:08.439023704Z [2024/08/06 01:57:08] [ warn] [engine] failed to flush chunk '1-1722909404.771199615.flb', retry in 21 seconds: task_id=4, input=tail.2 > output=forward.0 (out_id=0)
2024-08-06T01:57:08.439297452Z [2024/08/06 01:57:08] [ warn] [net] getaddrinfo(host='rancher-logging-root-fluentd.cattle-logging-system.svc', err=4): Domain name not found
2024-08-06T01:57:08.439305276Z [2024/08/06 01:57:08] [error] [output:forward:forward.0] no upstream connections available
2024-08-06T01:57:08.439319119Z [2024/08/06 01:57:08] [ warn] [engine] failed to flush chunk '1-1722909405.574104840.flb', retry in 7 seconds: task_id=5, input=tail.1 > output=forward.0 (out_id=0)
2024-08-06T01:57:08.439342409Z [2024/08/06 01:57:08] [ warn] [net] getaddrinfo(host='rancher-logging-root-fluentd.cattle-logging-system.svc', err=4): Domain name not found
2024-08-06T01:57:08.439359689Z [2024/08/06 01:57:08] [error] [output:forward:forward.0] no upstream connections available
2024-08-06T01:57:08.439399086Z [2024/08/06 01:57:08] [ warn] [net] getaddrinfo(host='rancher-logging-root-fluentd.cattle-logging-system.svc', err=4): Domain name not found
2024-08-06T01:57:08.439437342Z [2024/08/06 01:57:08] [ warn] [engine] failed to flush chunk '1-1722909427.640629462.flb', retry in 7 seconds: task_id=50, input=tail.2 > output=forward.0 (out_id=0)
2024-08-06T01:57:08.439440737Z [2024/08/06 01:57:08] [error] [output:forward:forward.0] no upstream connections available
2024-08-06T01:57:08.439443933Z [2024/08/06 01:57:08] [ warn] [engine] failed to flush chunk '1-1722909427.884587087.flb', retry in 6 seconds: task_id=48, input=systemd.0 > output=forward.0 (out_id=0)
2024-08-06T01:57:09.437907854Z [2024/08/06 01:57:09] [ warn] [net] getaddrinfo(host='rancher-logging-root-fluentd.cattle-logging-system.svc', err=4): Domain name not found
2024-08-06T01:57:09.437932687Z [2024/08/06 01:57:09] [error] [output:forward:forward.0] no upstream connections available
2024-08-06T01:57:09.437939318Z [2024/08/06 01:57:09] [ warn] [engine] failed to flush chunk '1-1722909417.574178149.flb', retry in 12 seconds: task_id=28, input=tail.1 > output=forward.0 (out_id=0)
2024-08-06T01:57:09.437977123Z [2024/08/06 01:57:09] [ warn] [net] getaddrinfo(host='rancher-logging-root-fluentd.cattle-logging-system.svc', err=4): Domain name not found
2024-08-06T01:57:09.438002707Z [2024/08/06 01:57:09] [error] [output:forward:forward.0] no upstream connections available
2024-08-06T01:57:09.438033850Z [2024/08/06 01:57:09] [ warn] [net] getaddrinfo(host='rancher-logging-root-fluentd.cattle-logging-system.svc', err=4): Domain name not found
2024-08-06T01:57:09.438038438Z [2024/08/06 01:57:09] [error] [output:forward:forward.0] no upstream connections available
2024-08-06T01:57:09.438086661Z [2024/08/06 01:57:09] [ warn] [engine] failed to flush chunk '1-1722909429.429592415.flb', retry in 7 seconds: task_id=51, input=systemd.0 > output=forward.0 (out_id=0)
2024-08-06T01:57:09.438092110Z [2024/08/06 01:57:09] [ warn] [engine] failed to flush chunk '1-1722909412.991791345.flb', retry in 32 seconds: task_id=20, input=tail.2 > output=forward.0 (out_id=0)
2024-08-06T01:57:10.439802353Z [2024/08/06 01:57:10] [ warn] [net] getaddrinfo(host='rancher-logging-root-fluentd.cattle-logging-system.svc', err=4): Domain name not found
2024-08-06T01:57:10.439824451Z [2024/08/06 01:57:10] [error] [output:forward:forward.0] no upstream connections available
2024-08-06T01:57:10.439828638Z [2024/08/06 01:57:10] [ warn] [net] getaddrinfo(host='rancher-logging-root-fluentd.cattle-logging-system.svc', err=4): Domain name not found
2024-08-06T01:57:10.439833336Z [2024/08/06 01:57:10] [ warn] [engine] failed to flush chunk '1-1722909422.739000425.flb', retry in 21 seconds: task_id=39, input=tail.2 > output=forward.0 (out_id=0)
2024-08-06T01:57:10.439843674Z [2024/08/06 01:57:10] [error] [output:forward:forward.0] no upstream connections available
2024-08-06T01:57:10.439847851Z [2024/08/06 01:57:10] [ warn] [engine] failed to flush chunk '1-1722909421.762481546.flb', retry in 18 seconds: task_id=36, input=tail.2 > output=forward.0 (out_id=0)
2024-08-06T01:57:10.439851848Z [2024/08/06 01:57:10] [ warn] [net] getaddrinfo(host='rancher-logging-root-fluentd.cattle-logging-system.svc', err=4): Domain name not found
2024-08-06T01:57:10.439855775Z [2024/08/06 01:57:10] [error] [output:forward:forward.0] no upstream connections available
2024-08-06T01:57:10.439887019Z [2024/08/06 01:57:10] [ warn] [engine] failed to flush chunk '1-1722909414.450845614.flb', retry in 15 seconds: task_id=23, input=tail.2 > output=forward.0 (out_id=0)
2024-08-06T01:57:10.439898849Z [2024/08/06 01:57:10] [ warn] [net] getaddrinfo(host='rancher-logging-root-fluentd.cattle-logging-system.svc', err=4): Domain name not found
2024-08-06T01:57:10.439903477Z [2024/08/06 01:57:10] [error] [output:forward:forward.0] no upstream connections available
2024-08-06T01:57:10.439928270Z [2024/08/06 01:57:10] [ warn] [net] getaddrinfo(host='rancher-logging-root-fluentd.cattle-logging-system.svc', err=4): Domain name not found
2024-08-06T01:57:10.439932837Z [2024/08/06 01:57:10] [error] [output:forward:forward.0] no upstream connections available
2024-08-06T01:57:10.439940701Z [2024/08/06 01:57:10] [ warn] [net] getaddrinfo(host='rancher-logging-root-fluentd.cattle-logging-system.svc', err=4): Domain name not found
2024-08-06T01:57:10.439944498Z [2024/08/06 01:57:10] [error] [output:forward:forward.0] no upstream connections available
2024-08-06T01:57:10.440077547Z [2024/08/06 01:57:10] [ warn] [engine] failed to flush chunk '1-1722909430.61971511.flb', retry in 10 seconds: task_id=54, input=tail.2 > output=forward.0 (out_id=0)
2024-08-06T01:57:10.440089407Z [2024/08/06 01:57:10] [ warn] [engine] failed to flush chunk '1-1722909430.429467313.flb', retry in 11 seconds: task_id=52, input=systemd.0 > output=forward.0 (out_id=0)
2024-08-06T01:57:10.440097721Z [2024/08/06 01:57:10] [ warn] [engine] failed to flush chunk '1-1722909422.372569243.flb', retry in 7 seconds: task_id=35, input=tail.1 > output=forward.0 (out_id=0)
2024-08-06T01:57:10.440277140Z [2024/08/06 01:57:10] [ warn] [net] getaddrinfo(host='rancher-logging-root-fluentd.cattle-logging-system.svc', err=4): Domain name not found
2024-08-06T01:57:10.440284703Z [2024/08/06 01:57:10] [error] [output:forward:forward.0] no upstream connections available
2024-08-06T01:57:10.440310808Z [2024/08/06 01:57:10] [ warn] [engine] failed to flush chunk '1-1722909406.515446558.flb', retry in 10 seconds: task_id=8, input=tail.2 > output=forward.0 (out_id=0)
2024-08-06T01:57:10.537829834Z [2024/08/06 01:57:10] [ warn] [net] getaddrinfo(host='rancher-logging-root-fluentd.cattle-logging-system.svc', err=4): Domain name not found
2024-08-06T01:57:10.537860486Z [2024/08/06 01:57:10] [error] [output:forward:forward.0] no upstream connections available
2024-08-06T01:57:10.537870914Z [2024/08/06 01:57:10] [ warn] [engine] failed to flush chunk '1-1722909410.755514501.flb', retry in 13 seconds: task_id=15, input=tail.2 > output=forward.0 (out_id=0)
2024-08-06T01:57:10.538084983Z [2024/08/06 01:57:10] [ warn] [net] getaddrinfo(host='rancher-logging-root-fluentd.cattle-logging-system.svc', err=4): Domain name not found
2024-08-06T01:57:10.538118020Z [2024/08/06 01:57:10] [error] [output:forward:forward.0] no upstream connections available
2024-08-06T01:57:10.538173536Z [2024/08/06 01:57:10] [ warn] [engine] failed to flush chunk '1-1722909429.977496403.flb', retry in 7 seconds: task_id=53, input=tail.1 > output=forward.0 (out_id=0)
2024-08-06T01:57:10.736183905Z [2024/08/06 01:57:10] [ warn] [net] getaddrinfo(host='rancher-logging-root-fluentd.cattle-logging-system.svc', err=4): Domain name not found
2024-08-06T01:57:10.736216481Z [2024/08/06 01:57:10] [error] [output:forward:forward.0] no upstream connections available
2024-08-06T01:57:10.736237898Z [2024/08/06 01:57:10] [ warn] [engine] failed to flush chunk '1-1722909420.338889769.flb', retry in 9 seconds: task_id=30, input=systemd.0 > output=forward.0 (out_id=0)
2024-08-06T01:57:11.437163681Z [2024/08/06 01:57:11] [ warn] [net] getaddrinfo(host='rancher-logging-root-fluentd.cattle-logging-system.svc', err=4): Domain name not found
2024-08-06T01:57:11.437197019Z [2024/08/06 01:57:11] [error] [output:forward:forward.0] no upstream connections available
2024-08-06T01:57:11.437335668Z [2024/08/06 01:57:11] [ warn] [engine] failed to flush chunk '1-1722909410.295981687.flb', retry in 12 seconds: task_id=13, input=tail.1 > output=forward.0 (out_id=0)
2024-08-06T01:57:11.437356104Z [2024/08/06 01:57:11] [ warn] [net] getaddrinfo(host='rancher-logging-root-fluentd.cattle-logging-system.svc', err=4): Domain name not found
2024-08-06T01:57:11.437360882Z [2024/08/06 01:57:11] [error] [output:forward:forward.0] no upstream connections available
2024-08-06T01:57:11.437372221Z [2024/08/06 01:57:11] [ warn] [engine] failed to flush chunk '1-1722909423.312691558.flb', retry in 19 seconds: task_id=37, input=systemd.0 > output=forward.0 (out_id=0)
2024-08-06T01:57:11.437739246Z [2024/08/06 01:57:11] [ warn] [net] getaddrinfo(host='rancher-logging-root-fluentd.cattle-logging-system.svc', err=4): Domain name not found
2024-08-06T01:57:11.437743824Z [2024/08/06 01:57:11] [error] [output:forward:forward.0] no upstream connections available
2024-08-06T01:57:11.437795052Z [2024/08/06 01:57:11] [ warn] [engine] failed to flush chunk '1-1722909420.669290313.flb', retry in 6 seconds: task_id=34, input=tail.2 > output=forward.0 (out_id=0)
2024-08-06T01:57:12.438903318Z [2024/08/06 01:57:12] [ warn] [net] getaddrinfo(host='rancher-logging-root-fluentd.cattle-logging-system.svc', err=4): Domain name not found
2024-08-06T01:57:12.438933581Z [2024/08/06 01:57:12] [error] [output:forward:forward.0] no upstream connections available
2024-08-06T01:57:12.438969423Z [2024/08/06 01:57:12] [ warn] [engine] failed to flush chunk '1-1722909425.435540464.flb', retry in 6 seconds: task_id=42, input=systemd.0 > output=forward.0 (out_id=0)
2024-08-06T01:57:12.439132526Z [2024/08/06 01:57:12] [ warn] [net] getaddrinfo(host='rancher-logging-root-fluentd.cattle-logging-system.svc', err=4): Domain name not found
2024-08-06T01:57:12.439161426Z [2024/08/06 01:57:12] [error] [output:forward:forward.0] no upstream connections available
2024-08-06T01:57:12.439176692Z [2024/08/06 01:57:12] [ warn] [net] getaddrinfo(host='rancher-logging-root-fluentd.cattle-logging-system.svc', err=4): Domain name not found
2024-08-06T01:57:12.439186650Z [2024/08/06 01:57:12] [error] [output:forward:forward.0] no upstream connections available
2024-08-06T01:57:12.439269283Z [2024/08/06 01:57:12] [ warn] [engine] failed to flush chunk '1-1722909411.576217091.flb', retry in 7 seconds: task_id=16, input=tail.1 > output=forward.0 (out_id=0)
2024-08-06T01:57:12.439278820Z [2024/08/06 01:57:12] [ warn] [engine] failed to flush chunk '1-1722909405.453477014.flb', retry in 14 seconds: task_id=6, input=tail.2 > output=forward.0 (out_id=0)
2024-08-06T01:57:12.439448514Z [2024/08/06 01:57:12] [ warn] [net] getaddrinfo(host='rancher-logging-root-fluentd.cattle-logging-system.svc', err=4): Domain name not found
2024-08-06T01:57:12.439458361Z [2024/08/06 01:57:12] [error] [output:forward:forward.0] no upstream connections available
2024-08-06T01:57:12.439499091Z [2024/08/06 01:57:12] [ warn] [engine] failed to flush chunk '1-1722909431.599997718.flb', retry in 9 seconds: task_id=56, input=tail.1 > output=forward.0 (out_id=0)
2024-08-06T01:57:12.536197569Z [2024/08/06 01:57:12] [ warn] [net] getaddrinfo(host='rancher-logging-root-fluentd.cattle-logging-system.svc', err=4): Domain name not found
2024-08-06T01:57:12.536226900Z [2024/08/06 01:57:12] [error] [output:forward:forward.0] no upstream connections available
2024-08-06T01:57:12.536234643Z [2024/08/06 01:57:12] [ warn] [net] getaddrinfo(host='rancher-logging-root-fluentd.cattle-logging-system.svc', err=4): Domain name not found
2024-08-06T01:57:12.536255379Z [2024/08/06 01:57:12] [error] [output:forward:forward.0] no upstream connections available
2024-08-06T01:57:12.536318178Z [2024/08/06 01:57:12] [ warn] [net] getaddrinfo(host='rancher-logging-root-fluentd.cattle-logging-system.svc', err=4): Domain name not found
2024-08-06T01:57:12.536344764Z [2024/08/06 01:57:12] [error] [output:forward:forward.0] no upstream connections available
2024-08-06T01:57:12.536352437Z [2024/08/06 01:57:12] [ warn] [engine] failed to flush chunk '1-1722909408.218684285.flb', retry in 33 seconds: task_id=9, input=tail.1 > output=forward.0 (out_id=0)
2024-08-06T01:57:12.536368966Z [2024/08/06 01:57:12] [ warn] [engine] failed to flush chunk '1-1722909432.301008829.flb', retry in 10 seconds: task_id=55, input=systemd.0 > output=forward.0 (out_id=0)
2024-08-06T01:57:12.536376158Z [2024/08/06 01:57:12] [ warn] [engine] failed to flush chunk '1-1722909431.600126580.flb', retry in 11 seconds: task_id=57, input=tail.2 > output=forward.0 (out_id=0)
2024-08-06T01:57:13.437481076Z [2024/08/06 01:57:13] [ warn] [net] getaddrinfo(host='rancher-logging-root-fluentd.cattle-logging-system.svc', err=4): Domain name not found
2024-08-06T01:57:13.437533307Z [2024/08/06 01:57:13] [error] [output:forward:forward.0] no upstream connections available
2024-08-06T01:57:13.437542764Z [2024/08/06 01:57:13] [ warn] [net] getaddrinfo(host='rancher-logging-root-fluentd.cattle-logging-system.svc', err=4): Domain name not found
2024-08-06T01:57:13.437551339Z [2024/08/06 01:57:13] [ warn] [engine] failed to flush chunk '1-1722909422.587368495.flb', retry in 15 seconds: task_id=38, input=tail.1 > output=forward.0 (out_id=0)
2024-08-06T01:57:13.437559653Z [2024/08/06 01:57:13] [error] [output:forward:forward.0] no upstream connections available
2024-08-06T01:57:13.437568188Z [2024/08/06 01:57:13] [ warn] [engine] failed to flush chunk '1-1722909404.83520391.flb', retry in 19 seconds: task_id=2, input=tail.2 > output=forward.0 (out_id=0)
2024-08-06T01:57:13.437682647Z [2024/08/06 01:57:13] [ warn] [net] getaddrinfo(host='rancher-logging-root-fluentd.cattle-logging-system.svc', err=4): Domain name not found
2024-08-06T01:57:13.437749784Z [2024/08/06 01:57:13] [error] [output:forward:forward.0] no upstream connections available
2024-08-06T01:57:13.437759731Z [2024/08/06 01:57:13] [ warn] [engine] failed to flush chunk '1-1722909432.647923870.flb', retry in 7 seconds: task_id=58, input=tail.2 > output=forward.0 (out_id=0)
2024-08-06T01:57:14.480822952Z [2024/08/06 01:57:14] [error] [output:forward:forward.0] no upstream connections available
2024-08-06T01:57:14.480928516Z [2024/08/06 01:57:14] [ warn] [engine] failed to flush chunk '1-1722909427.884587087.flb', retry in 11 seconds: task_id=48, input=systemd.0 > output=forward.0 (out_id=0)
2024-08-06T01:57:14.481104984Z [2024/08/06 01:57:14] [error] [output:forward:forward.0] no upstream connections available
2024-08-06T01:57:14.481394769Z [2024/08/06 01:57:14] [error] [output:forward:forward.0] no upstream connections available
2024-08-06T01:57:14.481438095Z [2024/08/06 01:57:14] [error] [output:forward:forward.0] no upstream connections available
2024-08-06T01:57:14.481505232Z [2024/08/06 01:57:14] [error] [output:forward:forward.0] no upstream connections available
2024-08-06T01:57:14.481581295Z [2024/08/06 01:57:14] [ warn] [engine] failed to flush chunk '1-1722909416.744946087.flb', retry in 23 seconds: task_id=27, input=tail.2 > output=forward.0 (out_id=0)
2024-08-06T01:57:14.481597803Z [2024/08/06 01:57:14] [ warn] [engine] failed to flush chunk '1-1722909404.750434230.flb', retry in 15 seconds: task_id=3, input=tail.1 > output=forward.0 (out_id=0)
2024-08-06T01:57:14.481652619Z [2024/08/06 01:57:14] [ warn] [engine] failed to flush chunk '1-1722909433.435634205.flb', retry in 9 seconds: task_id=59, input=systemd.0 > output=forward.0 (out_id=0)
2024-08-06T01:57:14.481678915Z [2024/08/06 01:57:14] [ warn] [engine] failed to flush chunk '1-1722909433.567060181.flb', retry in 9 seconds: task_id=61, input=tail.2 > output=forward.0 (out_id=0)
2024-08-06T01:57:14.481899510Z [2024/08/06 01:57:14] [error] [output:forward:forward.0] no upstream connections available
2024-08-06T01:57:14.481920466Z [2024/08/06 01:57:14] [ warn] [engine] failed to flush chunk '1-1722909433.444175077.flb', retry in 11 seconds: task_id=60, input=tail.1 > output=forward.0 (out_id=0)
2024-08-06T01:57:15.438623547Z [2024/08/06 01:57:15] [ info] [engine] flush chunk '1-1722909415.805399532.flb' succeeded at retry 2: task_id=24, input=tail.1 > output=forward.0 (out_id=0)
2024-08-06T01:57:15.438663978Z [2024/08/06 01:57:15] [ info] [engine] flush chunk '1-1722909428.426310154.flb' succeeded at retry 1: task_id=49, input=tail.1 > output=forward.0 (out_id=0)
2024-08-06T01:57:15.438855553Z [2024/08/06 01:57:15] [ info] [engine] flush chunk '1-1722909423.778712837.flb' succeeded at retry 1: task_id=41, input=tail.2 > output=forward.0 (out_id=0)
2024-08-06T01:57:15.439493208Z [2024/08/06 01:57:15] [ info] [engine] flush chunk '1-1722909423.978420564.flb' succeeded at retry 1: task_id=40, input=tail.1 > output=forward.0 (out_id=0)
2024-08-06T01:57:15.439520055Z [2024/08/06 01:57:15] [ info] [engine] flush chunk '1-1722909425.941128695.flb' succeeded at retry 1: task_id=43, input=tail.1 > output=forward.0 (out_id=0)
2024-08-06T01:57:15.439527177Z [2024/08/06 01:57:15] [ info] [engine] flush chunk '1-1722909426.978151327.flb' succeeded at retry 1: task_id=46, input=tail.1 > output=forward.0 (out_id=0)
2024-08-06T01:57:15.439703596Z [2024/08/06 01:57:15] [ info] [engine] flush chunk '1-1722909408.811331924.flb' succeeded at retry 2: task_id=12, input=tail.2 > output=forward.0 (out_id=0)
2024-08-06T01:57:15.439712000Z [2024/08/06 01:57:15] [ info] [engine] flush chunk '1-1722909405.574104840.flb' succeeded at retry 3: task_id=5, input=tail.1 > output=forward.0 (out_id=0)
2024-08-06T01:57:15.439719093Z [2024/08/06 01:57:15] [ info] [engine] flush chunk '1-1722909427.640629462.flb' succeeded at retry 1: task_id=50, input=tail.2 > output=forward.0 (out_id=0)
2024-08-06T01:57:15.439751199Z [2024/08/06 01:57:15] [ info] [engine] flush chunk '1-1722909414.308448666.flb' succeeded at retry 2: task_id=21, input=tail.1 > output=forward.0 (out_id=0)
2024-08-06T01:57:16.435934889Z [2024/08/06 01:57:16] [ info] [engine] flush chunk '1-1722909425.853593091.flb' succeeded at retry 1: task_id=44, input=tail.2 > output=forward.0 (out_id=0)
2024-08-06T01:57:16.436012144Z [2024/08/06 01:57:16] [ info] [engine] flush chunk '1-1722909429.429592415.flb' succeeded at retry 1: task_id=51, input=systemd.0 > output=forward.0 (out_id=0)
2024-08-06T01:57:17.435910666Z [2024/08/06 01:57:17] [ info] [engine] flush chunk '1-1722909420.669290313.flb' succeeded at retry 2: task_id=34, input=tail.2 > output=forward.0 (out_id=0)
2024-08-06T01:57:17.435942071Z [2024/08/06 01:57:17] [ info] [engine] flush chunk '1-1722909427.429493133.flb' succeeded at retry 1: task_id=45, input=systemd.0 > output=forward.0 (out_id=0)
2024-08-06T01:57:17.435969950Z [2024/08/06 01:57:17] [ info] [engine] flush chunk '1-1722909422.372569243.flb' succeeded at retry 2: task_id=35, input=tail.1 > output=forward.0 (out_id=0)
2024-08-06T01:57:17.435979877Z [2024/08/06 01:57:17] [ info] [engine] flush chunk '1-1722909408.557889055.flb' succeeded at retry 2: task_id=11, input=tail.1 > output=forward.0 (out_id=0)
2024-08-06T01:57:17.436019677Z [2024/08/06 01:57:17] [ info] [engine] flush chunk '1-1722909429.977496403.flb' succeeded at retry 1: task_id=53, input=tail.1 > output=forward.0 (out_id=0)
2024-08-06T01:57:17.436149265Z [2024/08/06 01:57:17] [ info] [engine] flush chunk '1-1722909419.644130165.flb' succeeded at retry 2: task_id=32, input=tail.2 > output=forward.0 (out_id=0)
2024-08-06T01:57:18.436081691Z [2024/08/06 01:57:18] [ info] [engine] flush chunk '1-1722909407.977089715.flb' succeeded at retry 3: task_id=10, input=tail.2 > output=forward.0 (out_id=0)
2024-08-06T01:57:18.436149100Z [2024/08/06 01:57:18] [ info] [engine] flush chunk '1-1722909412.435599266.flb' succeeded at retry 2: task_id=18, input=systemd.0 > output=forward.0 (out_id=0)
2024-08-06T01:57:18.436284478Z [2024/08/06 01:57:18] [ info] [engine] flush chunk '1-1722909425.435540464.flb' succeeded at retry 2: task_id=42, input=systemd.0 > output=forward.0 (out_id=0)
2024-08-06T01:57:18.436413465Z [2024/08/06 01:57:18] [ info] [engine] flush chunk '1-1722909426.466056351.flb' succeeded at retry 1: task_id=47, input=tail.2 > output=forward.0 (out_id=0)
2024-08-06T01:57:19.436100103Z [2024/08/06 01:57:19] [ info] [engine] flush chunk '1-1722909420.338889769.flb' succeeded at retry 2: task_id=30, input=systemd.0 > output=forward.0 (out_id=0)
2024-08-06T01:57:19.436156171Z [2024/08/06 01:57:19] [ info] [engine] flush chunk '1-1722909411.576217091.flb' succeeded at retry 3: task_id=16, input=tail.1 > output=forward.0 (out_id=0)
2024-08-06T01:57:19.436168353Z [2024/08/06 01:57:19] [ info] [engine] flush chunk '1-1722909412.435903577.flb' succeeded at retry 2: task_id=19, input=tail.1 > output=forward.0 (out_id=0)
2024-08-06T01:57:19.436192275Z [2024/08/06 01:57:19] [ info] [engine] flush chunk '1-1722909411.179744187.flb' succeeded at retry 2: task_id=14, input=systemd.0 > output=forward.0 (out_id=0)
2024-08-06T01:57:20.436812842Z [2024/08/06 01:57:20] [ info] [engine] flush chunk '1-1722909430.61971511.flb' succeeded at retry 1: task_id=54, input=tail.2 > output=forward.0 (out_id=0)
2024-08-06T01:57:20.437755257Z [2024/08/06 01:57:20] [ info] [engine] flush chunk '1-1722909432.647923870.flb' succeeded at retry 1: task_id=58, input=tail.2 > output=forward.0 (out_id=0)
2024-08-06T01:57:20.437890436Z [2024/08/06 01:57:20] [ info] [engine] flush chunk '1-1722909411.769559933.flb' succeeded at retry 2: task_id=17, input=tail.2 > output=forward.0 (out_id=0)
2024-08-06T01:57:20.437988910Z [2024/08/06 01:57:20] [ info] [engine] flush chunk '1-1722909406.515446558.flb' succeeded at retry 3: task_id=8, input=tail.2 > output=forward.0 (out_id=0)
2024-08-06T01:57:21.436079196Z [2024/08/06 01:57:21] [ info] [engine] flush chunk '1-1722909431.599997718.flb' succeeded at retry 1: task_id=56, input=tail.1 > output=forward.0 (out_id=0)
2024-08-06T01:57:21.436123775Z [2024/08/06 01:57:21] [ info] [engine] flush chunk '1-1722909415.479318361.flb' succeeded at retry 2: task_id=25, input=tail.2 > output=forward.0 (out_id=0)
2024-08-06T01:57:21.436130697Z [2024/08/06 01:57:21] [ info] [engine] flush chunk '1-1722909430.429467313.flb' succeeded at retry 1: task_id=52, input=systemd.0 > output=forward.0 (out_id=0)
2024-08-06T01:57:21.436140895Z [2024/08/06 01:57:21] [ info] [engine] flush chunk '1-1722909417.574178149.flb' succeeded at retry 2: task_id=28, input=tail.1 > output=forward.0 (out_id=0)
2024-08-06T01:57:22.435881738Z [2024/08/06 01:57:22] [ info] [engine] flush chunk '1-1722909419.685393576.flb' succeeded at retry 2: task_id=31, input=tail.1 > output=forward.0 (out_id=0)
2024-08-06T01:57:22.435929443Z [2024/08/06 01:57:22] [ info] [engine] flush chunk '1-1722909432.301008829.flb' succeeded at retry 1: task_id=55, input=systemd.0 > output=forward.0 (out_id=0)
2024-08-06T01:57:23.436197933Z [2024/08/06 01:57:23] [ info] [engine] flush chunk '1-1722909433.435634205.flb' succeeded at retry 1: task_id=59, input=systemd.0 > output=forward.0 (out_id=0)
2024-08-06T01:57:23.436247831Z [2024/08/06 01:57:23] [ info] [engine] flush chunk '1-1722909410.755514501.flb' succeeded at retry 3: task_id=15, input=tail.2 > output=forward.0 (out_id=0)
2024-08-06T01:57:23.436272084Z [2024/08/06 01:57:23] [ info] [engine] flush chunk '1-1722909433.567060181.flb' succeeded at retry 1: task_id=61, input=tail.2 > output=forward.0 (out_id=0)
2024-08-06T01:57:23.436280309Z [2024/08/06 01:57:23] [ info] [engine] flush chunk '1-1722909431.600126580.flb' succeeded at retry 1: task_id=57, input=tail.2 > output=forward.0 (out_id=0)
2024-08-06T01:57:23.436377602Z [2024/08/06 01:57:23] [ info] [engine] flush chunk '1-1722909410.295981687.flb' succeeded at retry 3: task_id=13, input=tail.1 > output=forward.0 (out_id=0)
2024-08-06T01:57:24.435797160Z [2024/08/06 01:57:24] [ info] [engine] flush chunk '1-1722909414.17405713.flb' succeeded at retry 2: task_id=22, input=tail.2 > output=forward.0 (out_id=0)
2024-08-06T01:57:24.435817577Z [2024/08/06 01:57:24] [ info] [engine] flush chunk '1-1722909419.244923006.flb' succeeded at retry 2: task_id=29, input=tail.2 > output=forward.0 (out_id=0)
2024-08-06T01:57:24.436351115Z [2024/08/06 01:57:24] [ info] [engine] flush chunk '1-1722909416.816505644.flb' succeeded at retry 2: task_id=26, input=tail.1 > output=forward.0 (out_id=0)
2024-08-06T01:57:25.436022212Z [2024/08/06 01:57:25] [ info] [engine] flush chunk '1-1722909404.37976880.flb' succeeded at retry 3: task_id=1, input=tail.1 > output=forward.0 (out_id=0)
2024-08-06T01:57:25.436058106Z [2024/08/06 01:57:25] [ info] [engine] flush chunk '1-1722909414.450845614.flb' succeeded at retry 3: task_id=23, input=tail.2 > output=forward.0 (out_id=0)
2024-08-06T01:57:25.436069406Z [2024/08/06 01:57:25] [ info] [engine] flush chunk '1-1722909433.444175077.flb' succeeded at retry 1: task_id=60, input=tail.1 > output=forward.0 (out_id=0)
2024-08-06T01:57:25.436080716Z [2024/08/06 01:57:25] [ info] [engine] flush chunk '1-1722909427.884587087.flb' succeeded at retry 2: task_id=48, input=systemd.0 > output=forward.0 (out_id=0)
2024-08-06T01:57:26.435961279Z [2024/08/06 01:57:26] [ info] [engine] flush chunk '1-1722909405.453477014.flb' succeeded at retry 3: task_id=6, input=tail.2 > output=forward.0 (out_id=0)
2024-08-06T01:57:26.462597272Z [2024/08/06 01:57:26] [ info] [engine] flush chunk '1-1722909403.978780048.flb' succeeded at retry 3: task_id=0, input=systemd.0 > output=forward.0 (out_id=0)
2024-08-06T01:57:28.436066683Z [2024/08/06 01:57:28] [ info] [engine] flush chunk '1-1722909421.762481546.flb' succeeded at retry 2: task_id=36, input=tail.2 > output=forward.0 (out_id=0)
2024-08-06T01:57:28.436113968Z [2024/08/06 01:57:28] [ info] [engine] flush chunk '1-1722909422.587368495.flb' succeeded at retry 2: task_id=38, input=tail.1 > output=forward.0 (out_id=0)
2024-08-06T01:57:29.435868211Z [2024/08/06 01:57:29] [ info] [engine] flush chunk '1-1722909404.771199615.flb' succeeded at retry 3: task_id=4, input=tail.2 > output=forward.0 (out_id=0)
2024-08-06T01:57:29.436082935Z [2024/08/06 01:57:29] [ info] [engine] flush chunk '1-1722909421.79387125.flb' succeeded at retry 2: task_id=33, input=tail.1 > output=forward.0 (out_id=0)
2024-08-06T01:57:29.436101458Z [2024/08/06 01:57:29] [ info] [engine] flush chunk '1-1722909404.750434230.flb' succeeded at retry 3: task_id=3, input=tail.1 > output=forward.0 (out_id=0)
2024-08-06T01:57:30.435782277Z [2024/08/06 01:57:30] [ info] [engine] flush chunk '1-1722909423.312691558.flb' succeeded at retry 2: task_id=37, input=systemd.0 > output=forward.0 (out_id=0)
2024-08-06T01:57:31.435914396Z [2024/08/06 01:57:31] [ info] [engine] flush chunk '1-1722909422.739000425.flb' succeeded at retry 2: task_id=39, input=tail.2 > output=forward.0 (out_id=0)
2024-08-06T01:57:32.435806705Z [2024/08/06 01:57:32] [ info] [engine] flush chunk '1-1722909404.83520391.flb' succeeded at retry 3: task_id=2, input=tail.2 > output=forward.0 (out_id=0)
2024-08-06T01:57:34.435835878Z [2024/08/06 01:57:34] [ info] [engine] flush chunk '1-1722909406.774181328.flb' succeeded at retry 3: task_id=7, input=systemd.0 > output=forward.0 (out_id=0)
2024-08-06T01:57:37.435984545Z [2024/08/06 01:57:37] [ info] [engine] flush chunk '1-1722909416.744946087.flb' succeeded at retry 3: task_id=27, input=tail.2 > output=forward.0 (out_id=0)
2024-08-06T01:57:41.440005324Z [2024/08/06 01:57:41] [ info] [engine] flush chunk '1-1722909412.991791345.flb' succeeded at retry 3: task_id=20, input=tail.2 > output=forward.0 (out_id=0)
2024-08-06T01:57:45.436479214Z [2024/08/06 01:57:45] [ info] [engine] flush chunk '1-1722909408.218684285.flb' succeeded at retry 3: task_id=9, input=tail.1 > output=forward.0 (out_id=0)
