2024-08-06T02:13:18.996163754Z time="2024-08-06T02:13:18Z" level=info msg="Node Disk Manager v0.6.3 (810e526) is starting"
2024-08-06T02:13:18.996212746Z time="2024-08-06T02:13:18Z" level=info msg="Notable parameters are following:"
2024-08-06T02:13:18.996220621Z time="2024-08-06T02:13:18Z" level=info msg="Namespace: longhorn-system, ConcurrentOps: 5, RescanInterval: 0, InjectUdevMonitorError: false"
2024-08-06T02:13:18.996230459Z time="2024-08-06T02:13:18Z" level=info msg="Starting node disk manager controller"
2024-08-06T02:13:18.996963073Z time="2024-08-06T02:13:18Z" level=info msg="register exclude filters"
2024-08-06T02:13:18.996970577Z time="2024-08-06T02:13:18Z" level=info msg="register auto provision filters"
2024-08-06T02:13:19.143955622Z time="2024-08-06T02:13:19Z" level=info msg="Adding the disk with block device /dev/sda, id(Name): 915fa611e156447cca7d848466c26b01 on node harvesterdev3"
2024-08-06T02:13:19.143968917Z time="2024-08-06T02:13:19Z" level=info msg="  - wwn: 0x5002538f3220258c"
2024-08-06T02:13:19.143974107Z time="2024-08-06T02:13:19Z" level=info msg="  - vendor: ATA"
2024-08-06T02:13:19.143987161Z time="2024-08-06T02:13:19Z" level=info msg="  - model: Samsung_SSD_870_QVO_2TB"
2024-08-06T02:13:19.143991490Z time="2024-08-06T02:13:19Z" level=info msg="  - SerialNumber: S6R4NJ0T204484L"
2024-08-06T02:13:19.143995547Z time="2024-08-06T02:13:19Z" level=info msg="Adding the disk with block device /dev/sdb, id(Name): af108f336cb053734c93658d7551aa93 on node harvesterdev3"
2024-08-06T02:13:19.143999264Z time="2024-08-06T02:13:19Z" level=info msg="  - wwn: 0x5000c500dcf4ade3"
2024-08-06T02:13:19.144019372Z time="2024-08-06T02:13:19Z" level=info msg="  - vendor: ATA"
2024-08-06T02:13:19.144036163Z time="2024-08-06T02:13:19Z" level=info msg="  - model: ST8000NE001-2M7101"
2024-08-06T02:13:19.144043868Z time="2024-08-06T02:13:19Z" level=info msg="  - SerialNumber: WSD4H7K7"
2024-08-06T02:13:19.153132813Z time="2024-08-06T02:13:19Z" level=info msg="Create new device 915fa611e156447cca7d848466c26b01 with wwn: 0x5002538f3220258c"
2024-08-06T02:13:19.154772558Z time="2024-08-06T02:13:19Z" level=info msg="Add new block device 915fa611e156447cca7d848466c26b01 with device: /dev/sda"
2024-08-06T02:13:19.160168448Z time="2024-08-06T02:13:19Z" level=info msg="Create new device af108f336cb053734c93658d7551aa93 with wwn: 0x5000c500dcf4ade3"
2024-08-06T02:13:19.161343942Z time="2024-08-06T02:13:19Z" level=info msg="Add new block device af108f336cb053734c93658d7551aa93 with device: /dev/sdb"
2024-08-06T02:13:19.167050825Z time="2024-08-06T02:13:19Z" level=info msg="Wake up scanner first time to update CacheDiskTags ..."
2024-08-06T02:13:19.167184996Z time="2024-08-06T02:13:19Z" level=info msg="Waiting new event to trigger..."
2024-08-06T02:13:19.343448520Z time="2024-08-06T02:13:19Z" level=info msg="Starting harvesterhci.io/v1beta1, Kind=BlockDevice controller"
2024-08-06T02:13:19.345687749Z time="2024-08-06T02:13:19Z" level=info msg="Prepare to force format device 915fa611e156447cca7d848466c26b01"
2024-08-06T02:13:19.345724919Z time="2024-08-06T02:13:19Z" level=info msg="Prepare to force format device af108f336cb053734c93658d7551aa93"
2024-08-06T02:13:19.412457489Z time="2024-08-06T02:13:19Z" level=info msg="Start monitoring udev processed events"
2024-08-06T02:13:19.412522310Z time="2024-08-06T02:13:19Z" level=info msg="Starting longhorn.io/v1beta2, Kind=Node controller"
2024-08-06T02:13:25.003652079Z time="2024-08-06T02:13:25Z" level=info msg="Prepare to try Mount"
2024-08-06T02:13:25.003693597Z time="2024-08-06T02:13:25Z" level=info msg="Mount deivce 915fa611e156447cca7d848466c26b01 to /var/lib/harvester/extra-disks/915fa611e156447cca7d848466c26b01"
2024-08-06T02:13:25.058246575Z time="2024-08-06T02:13:25Z" level=info msg="Prepare to provision device 915fa611e156447cca7d848466c26b01 to node harvesterdev3"
2024-08-06T02:13:25.059443029Z time="2024-08-06T02:13:25Z" level=error msg="failed to provision device 915fa611e156447cca7d848466c26b01 to node harvesterdev3: nodes.longhorn.io \"harvesterdev3\" not found"
2024-08-06T02:13:25.067841980Z time="2024-08-06T02:13:25Z" level=info msg="Prepare to provision device 915fa611e156447cca7d848466c26b01 to node harvesterdev3"
2024-08-06T02:13:25.069644090Z time="2024-08-06T02:13:25Z" level=error msg="failed to provision device 915fa611e156447cca7d848466c26b01 to node harvesterdev3: nodes.longhorn.io \"harvesterdev3\" not found"
2024-08-06T02:13:25.084146347Z time="2024-08-06T02:13:25Z" level=info msg="Update existing block device status 915fa611e156447cca7d848466c26b01"
2024-08-06T02:13:25.091206177Z time="2024-08-06T02:13:25Z" level=info msg="Prepare to provision device 915fa611e156447cca7d848466c26b01 to node harvesterdev3"
2024-08-06T02:13:25.092778125Z time="2024-08-06T02:13:25Z" level=error msg="failed to provision device 915fa611e156447cca7d848466c26b01 to node harvesterdev3: nodes.longhorn.io \"harvesterdev3\" not found"
2024-08-06T02:13:31.061477385Z time="2024-08-06T02:13:31Z" level=info msg="Prepare to provision device 915fa611e156447cca7d848466c26b01 to node harvesterdev3"
2024-08-06T02:13:31.063268073Z time="2024-08-06T02:13:31Z" level=error msg="failed to provision device 915fa611e156447cca7d848466c26b01 to node harvesterdev3: nodes.longhorn.io \"harvesterdev3\" not found"
2024-08-06T02:13:37.032028083Z time="2024-08-06T02:13:37Z" level=error msg="error syncing 'longhorn-system/harvesterdev3': handler harvester-ndm-node-handler: admission webhook \"validator.longhorn.io\" denied the request: spec and status of disks on node harvesterdev3 are being syncing and please retry later., requeuing"
2024-08-06T02:13:37.037055265Z time="2024-08-06T02:13:37Z" level=error msg="error syncing 'longhorn-system/harvesterdev3': handler harvester-ndm-node-handler: admission webhook \"validator.longhorn.io\" denied the request: spec and status of disks on node harvesterdev3 are being syncing and please retry later., requeuing"
2024-08-06T02:13:37.048143618Z time="2024-08-06T02:13:37Z" level=error msg="error syncing 'longhorn-system/harvesterdev3': handler harvester-ndm-node-handler: admission webhook \"validator.longhorn.io\" denied the request: spec and status of disks on node harvesterdev3 are being syncing and please retry later., requeuing"
2024-08-06T02:13:37.066312462Z time="2024-08-06T02:13:37Z" level=info msg="Prepare to provision device 915fa611e156447cca7d848466c26b01 to node harvesterdev3"
2024-08-06T02:13:37.074282966Z time="2024-08-06T02:13:37Z" level=error msg="failed to provision device 915fa611e156447cca7d848466c26b01 to node harvesterdev3: admission webhook \"validator.longhorn.io\" denied the request: spec and status of disks on node harvesterdev3 are being syncing and please retry later."
2024-08-06T02:13:37.084053517Z time="2024-08-06T02:13:37Z" level=info msg="Prepare to provision device 915fa611e156447cca7d848466c26b01 to node harvesterdev3"
2024-08-06T02:13:37.093767148Z time="2024-08-06T02:13:37Z" level=error msg="failed to provision device 915fa611e156447cca7d848466c26b01 to node harvesterdev3: admission webhook \"validator.longhorn.io\" denied the request: spec and status of disks on node harvesterdev3 are being syncing and please retry later."
2024-08-06T02:13:37.101459310Z time="2024-08-06T02:13:37Z" level=error msg="error syncing 'longhorn-system/harvesterdev3': handler harvester-ndm-node-handler: admission webhook \"validator.longhorn.io\" denied the request: spec and status of disks on node harvesterdev3 are being syncing and please retry later., requeuing"
2024-08-06T02:13:37.785406918Z time="2024-08-06T02:13:37Z" level=info msg="Prepare to try Mount"
2024-08-06T02:13:37.785448357Z time="2024-08-06T02:13:37Z" level=info msg="Mount deivce af108f336cb053734c93658d7551aa93 to /var/lib/harvester/extra-disks/af108f336cb053734c93658d7551aa93"
2024-08-06T02:13:38.080783765Z time="2024-08-06T02:13:38Z" level=info msg="Prepare to provision device af108f336cb053734c93658d7551aa93 to node harvesterdev3"
2024-08-06T02:13:38.096661706Z time="2024-08-06T02:13:38Z" level=warning msg="Update block device af108f336cb053734c93658d7551aa93 failed: Operation cannot be fulfilled on blockdevices.harvesterhci.io \"af108f336cb053734c93658d7551aa93\": the object has been modified; please apply your changes to the latest version and try again"
2024-08-06T02:13:38.098020703Z time="2024-08-06T02:13:38Z" level=info msg="Prepare to check the new device tags [] with device: af108f336cb053734c93658d7551aa93"
2024-08-06T02:13:38.109526628Z time="2024-08-06T02:13:38Z" level=info msg="Update existing block device status af108f336cb053734c93658d7551aa93"
2024-08-06T02:13:38.118148719Z time="2024-08-06T02:13:38Z" level=info msg="Prepare to check the new device tags [] with device: af108f336cb053734c93658d7551aa93"
2024-08-06T02:13:43.077398654Z time="2024-08-06T02:13:43Z" level=info msg="Prepare to provision device 915fa611e156447cca7d848466c26b01 to node harvesterdev3"
2024-08-06T02:13:43.090628652Z time="2024-08-06T02:13:43Z" level=error msg="failed to provision device 915fa611e156447cca7d848466c26b01 to node harvesterdev3: admission webhook \"validator.longhorn.io\" denied the request: spec and status of disks on node harvesterdev3 are being syncing and please retry later."
2024-08-06T02:13:48.093381171Z time="2024-08-06T02:13:48Z" level=info msg="Prepare to provision device 915fa611e156447cca7d848466c26b01 to node harvesterdev3"
2024-08-06T02:13:48.107558668Z time="2024-08-06T02:13:48Z" level=error msg="failed to provision device 915fa611e156447cca7d848466c26b01 to node harvesterdev3: admission webhook \"validator.longhorn.io\" denied the request: spec and status of disks on node harvesterdev3 are being syncing and please retry later."
2024-08-06T02:13:54.112592158Z time="2024-08-06T02:13:54Z" level=info msg="Prepare to provision device 915fa611e156447cca7d848466c26b01 to node harvesterdev3"
2024-08-06T02:13:54.125894927Z time="2024-08-06T02:13:54Z" level=error msg="failed to provision device 915fa611e156447cca7d848466c26b01 to node harvesterdev3: admission webhook \"validator.longhorn.io\" denied the request: spec and status of disks on node harvesterdev3 are being syncing and please retry later."
2024-08-06T02:13:59.132725151Z time="2024-08-06T02:13:59Z" level=info msg="Prepare to provision device 915fa611e156447cca7d848466c26b01 to node harvesterdev3"
2024-08-06T02:13:59.140900159Z time="2024-08-06T02:13:59Z" level=error msg="failed to provision device 915fa611e156447cca7d848466c26b01 to node harvesterdev3: admission webhook \"validator.longhorn.io\" denied the request: spec and status of disks on node harvesterdev3 are being syncing and please retry later."
2024-08-06T02:14:05.144859353Z time="2024-08-06T02:14:05Z" level=info msg="Prepare to provision device 915fa611e156447cca7d848466c26b01 to node harvesterdev3"
2024-08-06T02:14:05.153417638Z time="2024-08-06T02:14:05Z" level=error msg="failed to provision device 915fa611e156447cca7d848466c26b01 to node harvesterdev3: admission webhook \"validator.longhorn.io\" denied the request: spec and status of disks on node harvesterdev3 are being syncing and please retry later."
2024-08-06T02:14:11.156721629Z time="2024-08-06T02:14:11Z" level=info msg="Prepare to provision device 915fa611e156447cca7d848466c26b01 to node harvesterdev3"
2024-08-06T02:14:11.183344332Z time="2024-08-06T02:14:11Z" level=info msg="Prepare to check the new device tags [] with device: 915fa611e156447cca7d848466c26b01"
2024-08-06T02:14:11.183374759Z time="2024-08-06T02:14:11Z" level=warning msg="Update block device 915fa611e156447cca7d848466c26b01 failed: Operation cannot be fulfilled on blockdevices.harvesterhci.io \"915fa611e156447cca7d848466c26b01\": the object has been modified; please apply your changes to the latest version and try again"
2024-08-06T02:16:03.100087879Z time="2024-08-06T02:16:03Z" level=error msg="error syncing 'longhorn-system/harvesterdev7': handler harvester-ndm-node-handler: admission webhook \"validator.longhorn.io\" denied the request: spec and status of disks on node harvesterdev7 are being syncing and please retry later., requeuing"
2024-08-06T02:16:03.106756217Z time="2024-08-06T02:16:03Z" level=error msg="error syncing 'longhorn-system/harvesterdev7': handler harvester-ndm-node-handler: admission webhook \"validator.longhorn.io\" denied the request: spec and status of disks on node harvesterdev7 are being syncing and please retry later., requeuing"
2024-08-06T02:16:03.129443013Z time="2024-08-06T02:16:03Z" level=error msg="error syncing 'longhorn-system/harvesterdev7': handler harvester-ndm-node-handler: admission webhook \"validator.longhorn.io\" denied the request: spec and status of disks on node harvesterdev7 are being syncing and please retry later., requeuing"
2024-08-06T02:16:03.181180198Z time="2024-08-06T02:16:03Z" level=error msg="error syncing 'longhorn-system/harvesterdev7': handler harvester-ndm-node-handler: admission webhook \"validator.longhorn.io\" denied the request: spec and status of disks on node harvesterdev7 are being syncing and please retry later., requeuing"
2024-08-06T02:16:03.271720241Z time="2024-08-06T02:16:03Z" level=error msg="error syncing 'longhorn-system/harvesterdev7': handler harvester-ndm-node-handler: admission webhook \"validator.longhorn.io\" denied the request: spec and status of disks on node harvesterdev7 are being syncing and please retry later., requeuing"
2024-08-06T12:13:19.181772619Z time="2024-08-06T12:13:19Z" level=info msg="Prepare to check the new device tags [] with device: 915fa611e156447cca7d848466c26b01"
2024-08-06T12:13:19.183004099Z time="2024-08-06T12:13:19Z" level=info msg="Prepare to check the new device tags [] with device: af108f336cb053734c93658d7551aa93"
