2024-08-06T02:13:19.224400708Z I0806 02:13:19.224135       1 main.go:105] Starting network controller with 2 threads.
2024-08-06T02:13:19.224446685Z I0806 02:13:19.224247       1 main.go:110] Starting network controller in namespace: harvester-system.
2024-08-06T02:13:19.224593270Z W0806 02:13:19.224519       1 client_config.go:617] Neither --kubeconfig nor --master was specified.  Using the inClusterConfig.  This might not work.
2024-08-06T02:13:29.924415968Z time="2024-08-06T02:13:29Z" level=info msg="Do not update the existing CRD NetworkAttachmentDefinition"
2024-08-06T02:13:35.327725249Z I0806 02:13:35.327607       1 monitor.go:60] Start Monitor
2024-08-06T02:13:36.134821512Z time="2024-08-06T02:13:36Z" level=info msg="Starting network.harvesterhci.io/v1beta1, Kind=VlanStatus controller"
2024-08-06T02:13:36.134851979Z time="2024-08-06T02:13:36Z" level=info msg="Starting network.harvesterhci.io/v1beta1, Kind=ClusterNetwork controller"
2024-08-06T02:13:36.134868580Z time="2024-08-06T02:13:36Z" level=info msg="Starting /v1, Kind=Node controller"
2024-08-06T02:13:36.134878368Z time="2024-08-06T02:13:36Z" level=info msg="Starting network.harvesterhci.io/v1beta1, Kind=LinkMonitor controller"
2024-08-06T02:13:36.134900690Z I0806 02:13:36.134874       1 controller.go:104] lm mgmt matches node harvesterdev3
2024-08-06T02:13:36.152804898Z time="2024-08-06T02:13:36Z" level=info msg="Starting k8s.cni.cncf.io/v1, Kind=NetworkAttachmentDefinition controller"
2024-08-06T02:13:36.152839573Z I0806 02:13:36.152792       1 controller.go:46] nad configuration default/350vlan has been changed: {"cniVersion":"0.3.1","name":"350vlan","type":"bridge","bridge":"mgmt-br","promiscMode":true,"vlan":350,"ipam":{}}
2024-08-06T02:13:36.153233081Z time="2024-08-06T02:13:36Z" level=info msg="Starting network.harvesterhci.io/v1beta1, Kind=VlanConfig controller"
2024-08-06T02:13:36.153315345Z I0806 02:13:36.153289       1 controller.go:104] lm nic matches node harvesterdev3
2024-08-06T02:13:36.161322972Z I0806 02:13:36.161248       1 controller.go:104] lm nic matches node harvesterdev3
2024-08-06T02:13:36.228769511Z I0806 02:13:36.228694       1 controller.go:104] lm mgmt matches node harvesterdev3
2024-08-06T02:15:57.880991195Z I0806 02:15:57.880834       1 controller.go:104] lm nic matches node harvesterdev3
2024-08-06T02:15:57.882289672Z I0806 02:15:57.882176       1 controller.go:104] lm mgmt matches node harvesterdev3
2024-08-06T02:24:33.209033609Z I0806 02:24:33.208929       1 controller.go:104] lm mgmt matches node harvesterdev3
2024-08-06T02:24:33.209070729Z I0806 02:24:33.208936       1 controller.go:104] lm nic matches node harvesterdev3
2024-08-06T02:24:34.927053662Z I0806 02:24:34.926968       1 controller.go:104] lm nic matches node harvesterdev3
2024-08-06T02:24:34.971447690Z I0806 02:24:34.971389       1 controller.go:104] lm nic matches node harvesterdev3
2024-08-06T02:24:40.420505640Z I0806 02:24:40.420353       1 controller.go:104] lm mgmt matches node harvesterdev3
2024-08-06T02:25:00.219398708Z I0806 02:25:00.219289       1 controller.go:104] lm mgmt matches node harvesterdev3
2024-08-06T03:11:48.194890586Z I0806 03:11:48.194753       1 controller.go:104] lm mgmt matches node harvesterdev3
2024-08-06T03:11:48.194954127Z I0806 03:11:48.194900       1 controller.go:104] lm nic matches node harvesterdev3
2024-08-06T03:11:49.651616937Z I0806 03:11:49.651504       1 controller.go:104] lm nic matches node harvesterdev3
2024-08-06T03:11:49.748159385Z I0806 03:11:49.748063       1 controller.go:104] lm mgmt matches node harvesterdev3
2024-08-06T03:18:29.753210410Z I0806 03:18:29.753091       1 controller.go:104] lm mgmt matches node harvesterdev3
2024-08-06T03:18:29.753983789Z I0806 03:18:29.753873       1 controller.go:104] lm nic matches node harvesterdev3
2024-08-06T03:18:31.839296670Z I0806 03:18:31.839141       1 controller.go:104] lm nic matches node harvesterdev3
2024-08-06T03:18:31.936900360Z I0806 03:18:31.936730       1 controller.go:104] lm mgmt matches node harvesterdev3
2024-08-06T03:21:40.726775984Z I0806 03:21:40.726651       1 controller.go:104] lm nic matches node harvesterdev3
2024-08-06T03:21:40.727310420Z I0806 03:21:40.727220       1 controller.go:104] lm mgmt matches node harvesterdev3
2024-08-06T03:21:41.735562583Z I0806 03:21:41.735460       1 controller.go:104] lm nic matches node harvesterdev3
2024-08-06T03:21:41.834772510Z I0806 03:21:41.834653       1 controller.go:104] lm mgmt matches node harvesterdev3
2024-08-06T03:38:59.702076228Z I0806 03:38:59.701930       1 controller.go:104] lm mgmt matches node harvesterdev3
2024-08-06T03:38:59.702412520Z I0806 03:38:59.702313       1 controller.go:104] lm nic matches node harvesterdev3
2024-08-06T03:39:03.766453200Z I0806 03:39:03.766330       1 controller.go:104] lm nic matches node harvesterdev3
2024-08-06T03:39:03.766942624Z I0806 03:39:03.766882       1 controller.go:104] lm mgmt matches node harvesterdev3
2024-08-06T04:07:28.990462257Z I0806 04:07:28.990343       1 controller.go:104] lm mgmt matches node harvesterdev3
2024-08-06T04:07:28.990819479Z I0806 04:07:28.990738       1 controller.go:104] lm nic matches node harvesterdev3
2024-08-06T04:07:31.141761713Z I0806 04:07:31.141631       1 controller.go:104] lm mgmt matches node harvesterdev3
2024-08-06T04:07:31.278092229Z I0806 04:07:31.277968       1 controller.go:104] lm nic matches node harvesterdev3
2024-08-06T05:34:24.618160638Z I0806 05:34:24.618023       1 controller.go:104] lm nic matches node harvesterdev3
2024-08-06T05:34:24.618370829Z I0806 05:34:24.618287       1 controller.go:104] lm mgmt matches node harvesterdev3
2024-08-06T05:34:24.931790664Z I0806 05:34:24.931669       1 controller.go:104] lm mgmt matches node harvesterdev3
2024-08-06T05:34:25.081318533Z I0806 05:34:25.081200       1 controller.go:104] lm nic matches node harvesterdev3
2024-08-06T06:15:22.084770011Z I0806 06:15:22.084587       1 controller.go:104] lm mgmt matches node harvesterdev3
2024-08-06T06:15:22.086273563Z I0806 06:15:22.086146       1 controller.go:104] lm nic matches node harvesterdev3
2024-08-06T06:15:22.096897391Z I0806 06:15:22.096761       1 controller.go:104] lm nic matches node harvesterdev3
2024-08-06T06:15:22.183637758Z I0806 06:15:22.183529       1 controller.go:104] lm mgmt matches node harvesterdev3
2024-08-06T09:59:15.592927989Z I0806 09:59:15.592821       1 controller.go:104] lm mgmt matches node harvesterdev3
2024-08-06T09:59:15.594203053Z I0806 09:59:15.594118       1 controller.go:104] lm nic matches node harvesterdev3
2024-08-06T09:59:16.295381696Z I0806 09:59:16.295252       1 controller.go:104] lm mgmt matches node harvesterdev3
2024-08-06T09:59:16.485628809Z I0806 09:59:16.485491       1 controller.go:104] lm nic matches node harvesterdev3
2024-08-06T10:53:06.935713139Z I0806 10:53:06.935588       1 controller.go:104] lm nic matches node harvesterdev3
2024-08-06T10:53:06.935764217Z I0806 10:53:06.935612       1 controller.go:104] lm mgmt matches node harvesterdev3
2024-08-06T10:53:07.486952310Z I0806 10:53:07.486836       1 controller.go:104] lm mgmt matches node harvesterdev3
2024-08-06T10:53:07.583235898Z I0806 10:53:07.583054       1 controller.go:104] lm nic matches node harvesterdev3
2024-08-06T11:06:53.189622136Z I0806 11:06:53.189449       1 controller.go:104] lm mgmt matches node harvesterdev3
2024-08-06T11:06:53.190867984Z I0806 11:06:53.190758       1 controller.go:104] lm nic matches node harvesterdev3
2024-08-06T11:06:53.199568911Z I0806 11:06:53.199480       1 controller.go:104] lm mgmt matches node harvesterdev3
2024-08-06T11:06:53.205150304Z I0806 11:06:53.205042       1 controller.go:104] lm nic matches node harvesterdev3
2024-08-06T11:23:04.039678552Z I0806 11:23:04.039501       1 controller.go:104] lm mgmt matches node harvesterdev3
2024-08-06T11:23:04.039895326Z I0806 11:23:04.039812       1 controller.go:104] lm nic matches node harvesterdev3
2024-08-06T11:23:06.181633909Z I0806 11:23:06.181494       1 controller.go:104] lm mgmt matches node harvesterdev3
2024-08-06T11:23:06.185169748Z I0806 11:23:06.185077       1 controller.go:104] lm nic matches node harvesterdev3
2024-08-06T12:13:35.333658158Z I0806 12:13:35.333507       1 controller.go:46] nad configuration default/350vlan has been changed: {"cniVersion":"0.3.1","name":"350vlan","type":"bridge","bridge":"mgmt-br","promiscMode":true,"vlan":350,"ipam":{}}
2024-08-06T12:13:35.334637667Z I0806 12:13:35.334551       1 controller.go:104] lm mgmt matches node harvesterdev3
2024-08-06T12:13:35.334674698Z I0806 12:13:35.334597       1 controller.go:104] lm nic matches node harvesterdev3
2024-08-06T13:15:36.487636463Z I0806 13:15:36.487460       1 controller.go:104] lm nic matches node harvesterdev3
2024-08-06T13:15:36.487868837Z I0806 13:15:36.487810       1 controller.go:104] lm mgmt matches node harvesterdev3
2024-08-06T13:15:36.881597798Z I0806 13:15:36.881445       1 controller.go:104] lm mgmt matches node harvesterdev3
2024-08-06T13:15:36.884644126Z I0806 13:15:36.884576       1 controller.go:104] lm nic matches node harvesterdev3
2024-08-06T13:18:57.159039068Z I0806 13:18:57.158862       1 controller.go:104] lm mgmt matches node harvesterdev3
2024-08-06T13:18:57.160134540Z I0806 13:18:57.160020       1 controller.go:104] lm nic matches node harvesterdev3
2024-08-06T13:18:57.989018413Z I0806 13:18:57.988884       1 controller.go:104] lm mgmt matches node harvesterdev3
2024-08-06T13:18:58.084251809Z I0806 13:18:58.084147       1 controller.go:104] lm nic matches node harvesterdev3
2024-08-06T14:01:23.019114071Z I0806 14:01:23.018968       1 controller.go:104] lm nic matches node harvesterdev3
2024-08-06T14:01:23.019781355Z I0806 14:01:23.019720       1 controller.go:104] lm mgmt matches node harvesterdev3
2024-08-06T14:01:23.031160327Z I0806 14:01:23.031058       1 controller.go:104] lm nic matches node harvesterdev3
2024-08-06T14:01:23.085355394Z I0806 14:01:23.085233       1 controller.go:104] lm mgmt matches node harvesterdev3
