2024-08-06T01:56:44.922745233Z {"level":"info","ts":1722909404.92264,"msg":"Waited for 1.043306862s due to client-side throttling, not priority and fairness, request: GET:https://10.53.0.1:443/apis/discovery.k8s.io/v1?timeout=32s\n"}
2024-08-06T01:56:45.828254015Z {"level":"info","ts":1722909405.828172,"logger":"controller-runtime.metrics","msg":"Metrics server is starting to listen","addr":":8080"}
2024-08-06T01:56:45.830328490Z {"level":"info","ts":1722909405.8302898,"logger":"setup","msg":"Detected container runtime","runtime":"containerd"}
2024-08-06T01:56:45.830339014Z {"level":"info","ts":1722909405.8302996,"logger":"setup","msg":"Unable to detect container runtime, keeping default value","runtime":"containerd"}
2024-08-06T01:56:45.830451305Z {"level":"info","ts":1722909405.8304238,"logger":"setup","msg":"starting manager"}
2024-08-06T01:56:45.830751308Z {"level":"info","ts":1722909405.830717,"msg":"Starting server","path":"/metrics","kind":"metrics","addr":"[::]:8080"}
2024-08-06T01:56:45.830798321Z {"level":"info","ts":1722909405.8307633,"msg":"attempting to acquire leader lease cattle-logging-system/logging-operator.logging.banzaicloud.io...\n"}
2024-08-06T01:56:45.836932528Z {"level":"info","ts":1722909405.8368874,"msg":"successfully acquired lease cattle-logging-system/logging-operator.logging.banzaicloud.io\n"}
2024-08-06T01:56:45.837106591Z {"level":"info","ts":1722909405.8370574,"logger":"controller.eventtailer","msg":"Starting EventSource","reconciler group":"logging-extensions.banzaicloud.io","reconciler kind":"EventTailer","source":"kind source: *v1alpha1.EventTailer"}
2024-08-06T01:56:45.837118047Z {"level":"info","ts":1722909405.8370755,"logger":"controller.eventtailer","msg":"Starting Controller","reconciler group":"logging-extensions.banzaicloud.io","reconciler kind":"EventTailer"}
2024-08-06T01:56:45.837353773Z {"level":"info","ts":1722909405.837266,"logger":"controller.logging","msg":"Starting EventSource","reconciler group":"logging.banzaicloud.io","reconciler kind":"Logging","source":"kind source: *v1beta1.Logging"}
2024-08-06T01:56:45.837362145Z {"level":"info","ts":1722909405.8372898,"logger":"controller.logging","msg":"Starting EventSource","reconciler group":"logging.banzaicloud.io","reconciler kind":"Logging","source":"kind source: *v1.Pod"}
2024-08-06T01:56:45.837365850Z {"level":"info","ts":1722909405.837306,"logger":"controller.logging","msg":"Starting EventSource","reconciler group":"logging.banzaicloud.io","reconciler kind":"Logging","source":"kind source: *v1.ConfigMap"}
2024-08-06T01:56:45.837369895Z {"level":"info","ts":1722909405.837313,"logger":"controller.logging","msg":"Starting EventSource","reconciler group":"logging.banzaicloud.io","reconciler kind":"Logging","source":"kind source: *v1.Service"}
2024-08-06T01:56:45.837373179Z {"level":"info","ts":1722909405.8373199,"logger":"controller.logging","msg":"Starting EventSource","reconciler group":"logging.banzaicloud.io","reconciler kind":"Logging","source":"kind source: *v1.StatefulSet"}
2024-08-06T01:56:45.837377756Z {"level":"info","ts":1722909405.837282,"logger":"controller.hosttailer","msg":"Starting EventSource","reconciler group":"logging-extensions.banzaicloud.io","reconciler kind":"HostTailer","source":"kind source: *v1alpha1.HostTailer"}
2024-08-06T01:56:45.837381861Z {"level":"info","ts":1722909405.8373327,"logger":"controller.hosttailer","msg":"Starting Controller","reconciler group":"logging-extensions.banzaicloud.io","reconciler kind":"HostTailer"}
2024-08-06T01:56:45.837392856Z {"level":"info","ts":1722909405.837325,"logger":"controller.logging","msg":"Starting EventSource","reconciler group":"logging.banzaicloud.io","reconciler kind":"Logging","source":"kind source: *v1.ClusterRole"}
2024-08-06T01:56:45.837398934Z {"level":"info","ts":1722909405.8373687,"logger":"controller.logging","msg":"Starting EventSource","reconciler group":"logging.banzaicloud.io","reconciler kind":"Logging","source":"kind source: *v1.ClusterRoleBinding"}
2024-08-06T01:56:45.837410249Z {"level":"info","ts":1722909405.837378,"logger":"controller.logging","msg":"Starting EventSource","reconciler group":"logging.banzaicloud.io","reconciler kind":"Logging","source":"kind source: *v1.ServiceAccount"}
2024-08-06T01:56:45.837416287Z {"level":"info","ts":1722909405.8373857,"logger":"controller.logging","msg":"Starting EventSource","reconciler group":"logging.banzaicloud.io","reconciler kind":"Logging","source":"kind source: *v1.Job"}
2024-08-06T01:56:45.837422265Z {"level":"info","ts":1722909405.8373945,"logger":"controller.logging","msg":"Starting EventSource","reconciler group":"logging.banzaicloud.io","reconciler kind":"Logging","source":"kind source: *v1.PersistentVolumeClaim"}
2024-08-06T01:56:45.837425500Z {"level":"info","ts":1722909405.8374028,"logger":"controller.logging","msg":"Starting EventSource","reconciler group":"logging.banzaicloud.io","reconciler kind":"Logging","source":"kind source: *v1.ConfigMap"}
2024-08-06T01:56:45.837431758Z {"level":"info","ts":1722909405.8374104,"logger":"controller.logging","msg":"Starting EventSource","reconciler group":"logging.banzaicloud.io","reconciler kind":"Logging","source":"kind source: *v1.DaemonSet"}
2024-08-06T01:56:45.837437416Z {"level":"info","ts":1722909405.8374164,"logger":"controller.logging","msg":"Starting EventSource","reconciler group":"logging.banzaicloud.io","reconciler kind":"Logging","source":"kind source: *v1.ClusterRole"}
2024-08-06T01:56:45.837440530Z {"level":"info","ts":1722909405.8374238,"logger":"controller.logging","msg":"Starting EventSource","reconciler group":"logging.banzaicloud.io","reconciler kind":"Logging","source":"kind source: *v1.ClusterRoleBinding"}
2024-08-06T01:56:45.837451114Z {"level":"info","ts":1722909405.8374295,"logger":"controller.logging","msg":"Starting EventSource","reconciler group":"logging.banzaicloud.io","reconciler kind":"Logging","source":"kind source: *v1.ServiceAccount"}
2024-08-06T01:56:45.837454328Z {"level":"info","ts":1722909405.8374372,"logger":"controller.logging","msg":"Starting EventSource","reconciler group":"logging.banzaicloud.io","reconciler kind":"Logging","source":"kind source: *v1.ConfigMap"}
2024-08-06T01:56:45.837468738Z {"level":"info","ts":1722909405.8374453,"logger":"controller.logging","msg":"Starting EventSource","reconciler group":"logging.banzaicloud.io","reconciler kind":"Logging","source":"kind source: *v1.DaemonSet"}
2024-08-06T01:56:45.837479312Z {"level":"info","ts":1722909405.8374527,"logger":"controller.logging","msg":"Starting EventSource","reconciler group":"logging.banzaicloud.io","reconciler kind":"Logging","source":"kind source: *v1.ClusterRole"}
2024-08-06T01:56:45.837488034Z {"level":"info","ts":1722909405.8374584,"logger":"controller.logging","msg":"Starting EventSource","reconciler group":"logging.banzaicloud.io","reconciler kind":"Logging","source":"kind source: *v1.ClusterRoleBinding"}
2024-08-06T01:56:45.837495874Z {"level":"info","ts":1722909405.8374665,"logger":"controller.logging","msg":"Starting EventSource","reconciler group":"logging.banzaicloud.io","reconciler kind":"Logging","source":"kind source: *v1.ServiceAccount"}
2024-08-06T01:56:45.837503815Z {"level":"info","ts":1722909405.8374722,"logger":"controller.logging","msg":"Starting EventSource","reconciler group":"logging.banzaicloud.io","reconciler kind":"Logging","source":"kind source: *v1beta1.ClusterOutput"}
2024-08-06T01:56:45.837511065Z {"level":"info","ts":1722909405.8374808,"logger":"controller.logging","msg":"Starting EventSource","reconciler group":"logging.banzaicloud.io","reconciler kind":"Logging","source":"kind source: *v1beta1.ClusterFlow"}
2024-08-06T01:56:45.837515060Z {"level":"info","ts":1722909405.8374872,"logger":"controller.logging","msg":"Starting EventSource","reconciler group":"logging.banzaicloud.io","reconciler kind":"Logging","source":"kind source: *v1beta1.Output"}
2024-08-06T01:56:45.837530050Z {"level":"info","ts":1722909405.837495,"logger":"controller.logging","msg":"Starting EventSource","reconciler group":"logging.banzaicloud.io","reconciler kind":"Logging","source":"kind source: *v1beta1.Flow"}
2024-08-06T01:56:45.837536659Z {"level":"info","ts":1722909405.8375025,"logger":"controller.logging","msg":"Starting EventSource","reconciler group":"logging.banzaicloud.io","reconciler kind":"Logging","source":"kind source: *v1.Secret"}
2024-08-06T01:56:45.837542347Z {"level":"info","ts":1722909405.8375096,"logger":"controller.logging","msg":"Starting Controller","reconciler group":"logging.banzaicloud.io","reconciler kind":"Logging"}
2024-08-06T01:56:45.944870175Z {"level":"info","ts":1722909405.9402492,"logger":"controller.eventtailer","msg":"Starting workers","reconciler group":"logging-extensions.banzaicloud.io","reconciler kind":"EventTailer","worker count":1}
2024-08-06T01:56:45.967728216Z {"level":"info","ts":1722909405.954945,"logger":"controller.hosttailer","msg":"Starting workers","reconciler group":"logging-extensions.banzaicloud.io","reconciler kind":"HostTailer","worker count":1}
2024-08-06T01:56:45.985730067Z {"level":"info","ts":1722909405.985639,"logger":"controllers.EventTailer","msg":"resource created","eventtailer":"/harvester-default","name":"harvester-default-event-tailer","namespace":"cattle-logging-system","apiVersion":"v1","kind":"ServiceAccount"}
2024-08-06T01:56:45.986091393Z {"level":"info","ts":1722909405.9860249,"logger":"controller.logging","msg":"Starting workers","reconciler group":"logging.banzaicloud.io","reconciler kind":"Logging","worker count":1}
2024-08-06T01:56:45.998680416Z {"level":"info","ts":1722909405.9985871,"logger":"controllers.EventTailer","msg":"resource created","eventtailer":"/harvester-default","name":"harvester-default-event-tailer","apiVersion":"rbac.authorization.k8s.io/v1","kind":"ClusterRole"}
2024-08-06T01:56:46.007304700Z {"level":"info","ts":1722909406.007245,"logger":"controllers.EventTailer","msg":"resource created","eventtailer":"/harvester-default","name":"harvester-default-event-tailer","apiVersion":"rbac.authorization.k8s.io/v1","kind":"ClusterRoleBinding"}
2024-08-06T01:56:46.014449695Z {"level":"info","ts":1722909406.014239,"logger":"controllers.EventTailer","msg":"resource created","eventtailer":"/harvester-default","name":"harvester-default-event-tailer","namespace":"cattle-logging-system","apiVersion":"v1","kind":"ConfigMap"}
2024-08-06T01:56:46.026102056Z {"level":"info","ts":1722909406.0260556,"logger":"controllers.EventTailer","msg":"resource created","eventtailer":"/harvester-default","name":"harvester-default-event-tailer","namespace":"cattle-logging-system","apiVersion":"apps/v1","kind":"StatefulSet"}
2024-08-06T01:56:46.102709697Z {"level":"info","ts":1722909406.1025755,"logger":"controllers.Logging","msg":"resource created","name":"rancher-logging-kube-audit-fluentd","namespace":"cattle-logging-system","apiVersion":"v1","kind":"ServiceAccount"}
2024-08-06T01:56:46.212370178Z {"level":"info","ts":1722909406.2122834,"logger":"controllers.Logging","msg":"resource created","name":"rancher-logging-kube-audit-fluentd","namespace":"cattle-logging-system","apiVersion":"rbac.authorization.k8s.io/v1","kind":"Role"}
2024-08-06T01:56:46.323986642Z {"level":"info","ts":1722909406.3238943,"logger":"controllers.Logging","msg":"resource created","name":"rancher-logging-kube-audit-fluentd","namespace":"cattle-logging-system","apiVersion":"rbac.authorization.k8s.io/v1","kind":"RoleBinding"}
2024-08-06T01:56:48.296385049Z {"level":"info","ts":1722909408.2962186,"logger":"controllers.Logging","msg":"still waiting for the configcheck result..."}
2024-08-06T01:56:48.303169554Z {"level":"info","ts":1722909408.3030632,"logger":"controllers.Logging","msg":"resource created","name":"rancher-logging-root-fluentd","namespace":"cattle-logging-system","apiVersion":"v1","kind":"ServiceAccount"}
2024-08-06T01:56:48.311575072Z {"level":"info","ts":1722909408.311503,"logger":"controllers.Logging","msg":"resource created","name":"rancher-logging-root-fluentd","namespace":"cattle-logging-system","apiVersion":"rbac.authorization.k8s.io/v1","kind":"Role"}
2024-08-06T01:56:48.320972234Z {"level":"info","ts":1722909408.3208137,"logger":"controllers.Logging","msg":"resource created","name":"rancher-logging-root-fluentd","namespace":"cattle-logging-system","apiVersion":"rbac.authorization.k8s.io/v1","kind":"RoleBinding"}
2024-08-06T01:56:50.288833184Z {"level":"info","ts":1722909410.2887313,"logger":"controllers.Logging","msg":"still waiting for the configcheck result..."}
2024-08-06T01:56:52.256808983Z {"level":"info","ts":1722909412.2567205,"logger":"controllers.Logging","msg":"there are pending configcheck pods, need to back off"}
2024-08-06T01:56:54.228885128Z {"level":"info","ts":1722909414.2288175,"logger":"controllers.Logging","msg":"there are pending configcheck pods, need to back off"}
2024-08-06T01:56:55.288973473Z {"level":"info","ts":1722909415.2888505,"msg":"Waited for 1.046871656s due to client-side throttling, not priority and fairness, request: GET:https://10.53.0.1:443/apis/logging.banzaicloud.io/v1alpha1?timeout=32s\n"}
2024-08-06T01:57:00.158326692Z {"level":"info","ts":1722909420.15811,"logger":"controllers.Logging","msg":"resource created","name":"rancher-logging-kube-audit-fluentd-output","namespace":"cattle-logging-system","apiVersion":"v1","kind":"Secret"}
2024-08-06T01:57:00.163364978Z {"level":"info","ts":1722909420.163272,"logger":"controllers.Logging","msg":"resource created","name":"rancher-logging-kube-audit-fluentd","namespace":"cattle-logging-system","apiVersion":"v1","kind":"Secret"}
2024-08-06T01:57:00.167910057Z {"level":"info","ts":1722909420.1678445,"logger":"controllers.Logging","msg":"resource created","name":"rancher-logging-kube-audit-fluentd-app","namespace":"cattle-logging-system","apiVersion":"v1","kind":"Secret"}
2024-08-06T01:57:00.171893206Z {"level":"info","ts":1722909420.1718473,"logger":"controllers.Logging","msg":"resource created","name":"rancher-logging-kube-audit-fluentd","namespace":"cattle-logging-system","apiVersion":"apps/v1","kind":"StatefulSet"}
2024-08-06T01:57:00.178689940Z {"level":"info","ts":1722909420.1773775,"logger":"controllers.Logging","msg":"resource created","name":"rancher-logging-kube-audit-fluentd","namespace":"cattle-logging-system","apiVersion":"v1","kind":"Service"}
2024-08-06T01:57:00.182781888Z {"level":"info","ts":1722909420.1823568,"logger":"controllers.Logging","msg":"resource created","name":"rancher-logging-kube-audit-fluentd-headless","namespace":"cattle-logging-system","apiVersion":"v1","kind":"Service"}
2024-08-06T01:57:00.387201530Z {"level":"info","ts":1722909420.38448,"logger":"controllers.Logging","msg":"fluentd buffer draining is disabled"}
2024-08-06T01:57:00.392981861Z {"level":"info","ts":1722909420.3919826,"logger":"controllers.Logging","msg":"resource created","name":"rancher-logging-kube-audit-fluentbit","namespace":"cattle-logging-system","apiVersion":"v1","kind":"ServiceAccount"}
2024-08-06T01:57:00.419444602Z {"level":"info","ts":1722909420.4160035,"logger":"controllers.Logging","msg":"resource created","name":"rancher-logging-kube-audit-fluentbit","apiVersion":"rbac.authorization.k8s.io/v1","kind":"ClusterRole"}
2024-08-06T01:57:00.432612134Z {"level":"info","ts":1722909420.4325192,"logger":"controllers.Logging","msg":"resource created","name":"rancher-logging-kube-audit-fluentbit","apiVersion":"rbac.authorization.k8s.io/v1","kind":"ClusterRoleBinding"}
2024-08-06T01:57:05.333146033Z {"level":"info","ts":1722909425.333007,"msg":"Waited for 2.792345835s due to client-side throttling, not priority and fairness, request: GET:https://10.53.0.1:443/apis/snapshot.kubevirt.io/v1alpha1?timeout=32s\n"}
2024-08-06T01:57:05.945132477Z {"level":"info","ts":1722909425.944998,"logger":"controllers.Logging","msg":"resource created","name":"rancher-logging-kube-audit-fluentbit","namespace":"cattle-logging-system","apiVersion":"v1","kind":"Secret"}
2024-08-06T01:57:05.953289102Z {"level":"info","ts":1722909425.9531822,"logger":"controllers.Logging","msg":"resource created","name":"rancher-logging-kube-audit-fluentbit","namespace":"cattle-logging-system","apiVersion":"apps/v1","kind":"DaemonSet"}
2024-08-06T01:57:11.566647182Z {"level":"info","ts":1722909431.5664604,"logger":"controllers.Logging","msg":"resource created","name":"rancher-logging-root-fluentd-output","namespace":"cattle-logging-system","apiVersion":"v1","kind":"Secret"}
2024-08-06T01:57:11.571183632Z {"level":"info","ts":1722909431.5710208,"logger":"controllers.Logging","msg":"resource created","name":"rancher-logging-root-fluentd","namespace":"cattle-logging-system","apiVersion":"v1","kind":"Secret"}
2024-08-06T01:57:11.573727097Z {"level":"info","ts":1722909431.573641,"logger":"controllers.Logging","msg":"resource created","name":"rancher-logging-root-fluentd-app","namespace":"cattle-logging-system","apiVersion":"v1","kind":"Secret"}
2024-08-06T01:57:11.579053963Z {"level":"info","ts":1722909431.5789964,"logger":"controllers.Logging","msg":"resource created","name":"rancher-logging-root-fluentd","namespace":"cattle-logging-system","apiVersion":"apps/v1","kind":"StatefulSet"}
2024-08-06T01:57:11.584430074Z {"level":"info","ts":1722909431.5843635,"logger":"controllers.Logging","msg":"resource created","name":"rancher-logging-root-fluentd","namespace":"cattle-logging-system","apiVersion":"v1","kind":"Service"}
2024-08-06T01:57:11.588372317Z {"level":"info","ts":1722909431.5883102,"logger":"controllers.Logging","msg":"resource created","name":"rancher-logging-root-fluentd-headless","namespace":"cattle-logging-system","apiVersion":"v1","kind":"Service"}
2024-08-06T01:57:11.588536941Z {"level":"info","ts":1722909431.5884984,"logger":"controllers.Logging","msg":"fluentd buffer draining is disabled"}
2024-08-06T01:57:11.591060843Z {"level":"info","ts":1722909431.5910058,"logger":"controllers.Logging","msg":"resource created","name":"rancher-logging-root-fluentbit","namespace":"cattle-logging-system","apiVersion":"v1","kind":"ServiceAccount"}
2024-08-06T01:57:11.599285847Z {"level":"info","ts":1722909431.5992007,"logger":"controllers.Logging","msg":"resource created","name":"rancher-logging-root-fluentbit","apiVersion":"rbac.authorization.k8s.io/v1","kind":"ClusterRole"}
2024-08-06T01:57:11.610623511Z {"level":"info","ts":1722909431.6105232,"logger":"controllers.Logging","msg":"resource created","name":"rancher-logging-root-fluentbit","apiVersion":"rbac.authorization.k8s.io/v1","kind":"ClusterRoleBinding"}
2024-08-06T01:57:15.361449263Z {"level":"info","ts":1722909435.3613145,"msg":"Waited for 1.597721305s due to client-side throttling, not priority and fairness, request: GET:https://10.53.0.1:443/apis/kubevirt.io/v1alpha3?timeout=32s\n"}
2024-08-06T01:57:17.215647013Z {"level":"info","ts":1722909437.2155142,"msg":"Notice: If the Buffer_Size value is empty we will set it 0. For more information: https://github.com/fluent/fluent-bit/issues/2111"}
2024-08-06T01:57:17.222826734Z {"level":"info","ts":1722909437.2219965,"logger":"controllers.Logging","msg":"resource created","name":"rancher-logging-root-fluentbit","namespace":"cattle-logging-system","apiVersion":"v1","kind":"Secret"}
2024-08-06T01:57:17.227596893Z {"level":"info","ts":1722909437.227489,"logger":"controllers.Logging","msg":"resource created","name":"rancher-logging-root-fluentbit","namespace":"cattle-logging-system","apiVersion":"apps/v1","kind":"DaemonSet"}
2024-08-06T01:57:22.847985052Z {"level":"info","ts":1722909442.8478773,"logger":"controllers.Logging","msg":"fluentd buffer draining is disabled"}
2024-08-06T01:57:26.049440250Z {"level":"info","ts":1722909446.049347,"msg":"Waited for 1.047162014s due to client-side throttling, not priority and fairness, request: GET:https://10.53.0.1:443/apis/logging.banzaicloud.io/v1alpha1?timeout=32s\n"}
2024-08-06T01:57:34.075413720Z {"level":"info","ts":1722909454.0753179,"logger":"controllers.Logging","msg":"fluentd buffer draining is disabled"}
2024-08-06T01:57:36.077046301Z {"level":"info","ts":1722909456.0768929,"msg":"Waited for 1.997364752s due to client-side throttling, not priority and fairness, request: GET:https://10.53.0.1:443/apis/admissionregistration.k8s.io/v1?timeout=32s\n"}
2024-08-06T01:57:36.130901749Z {"level":"info","ts":1722909456.1307907,"msg":"Notice: If the Buffer_Size value is empty we will set it 0. For more information: https://github.com/fluent/fluent-bit/issues/2111"}
2024-08-06T02:11:25.503598960Z {"level":"info","ts":1722910285.5034375,"msg":"Waited for 1.048239378s due to client-side throttling, not priority and fairness, request: GET:https://10.53.0.1:443/apis/management.cattle.io/v3?timeout=32s\n"}
2024-08-06T02:11:26.516866071Z {"level":"info","ts":1722910286.5167816,"logger":"controllers.Logging","msg":"fluentd buffer draining is disabled"}
2024-08-06T02:11:28.571782160Z {"level":"info","ts":1722910288.5716586,"msg":"Notice: If the Buffer_Size value is empty we will set it 0. For more information: https://github.com/fluent/fluent-bit/issues/2111"}
2024-08-06T02:11:30.638944910Z {"level":"info","ts":1722910290.6388679,"logger":"controllers.Logging","msg":"fluentd buffer draining is disabled"}
2024-08-06T02:11:32.695017434Z {"level":"info","ts":1722910292.694885,"msg":"Notice: If the Buffer_Size value is empty we will set it 0. For more information: https://github.com/fluent/fluent-bit/issues/2111"}
2024-08-06T02:11:42.322540109Z {"level":"info","ts":1722910302.3223925,"msg":"Waited for 1.04870117s due to client-side throttling, not priority and fairness, request: GET:https://10.53.0.1:443/apis/flowcontrol.apiserver.k8s.io/v1beta2?timeout=32s\n"}
2024-08-06T02:11:43.329448493Z {"level":"info","ts":1722910303.3293748,"logger":"controllers.Logging","msg":"fluentd buffer draining is disabled"}
2024-08-06T02:11:45.388146397Z {"level":"info","ts":1722910305.3879766,"msg":"Notice: If the Buffer_Size value is empty we will set it 0. For more information: https://github.com/fluent/fluent-bit/issues/2111"}
2024-08-06T02:11:47.507948352Z {"level":"info","ts":1722910307.5078757,"logger":"controllers.Logging","msg":"fluentd buffer draining is disabled"}
2024-08-06T02:11:49.563738054Z {"level":"info","ts":1722910309.5636091,"msg":"Notice: If the Buffer_Size value is empty we will set it 0. For more information: https://github.com/fluent/fluent-bit/issues/2111"}
2024-08-06T02:13:17.438437323Z {"level":"info","ts":1722910397.4383233,"msg":"Waited for 1.048717151s due to client-side throttling, not priority and fairness, request: GET:https://10.53.0.1:443/apis/cluster.x-k8s.io/v1alpha4?timeout=32s\n"}
2024-08-06T02:13:18.448083381Z {"level":"info","ts":1722910398.447953,"logger":"controllers.Logging","msg":"fluentd buffer draining is disabled"}
2024-08-06T02:13:20.503861213Z {"level":"info","ts":1722910400.503742,"msg":"Notice: If the Buffer_Size value is empty we will set it 0. For more information: https://github.com/fluent/fluent-bit/issues/2111"}
2024-08-06T02:13:22.577780540Z {"level":"info","ts":1722910402.5776877,"logger":"controllers.Logging","msg":"fluentd buffer draining is disabled"}
2024-08-06T02:13:24.633157945Z {"level":"info","ts":1722910404.6330318,"msg":"Notice: If the Buffer_Size value is empty we will set it 0. For more information: https://github.com/fluent/fluent-bit/issues/2111"}
2024-08-06T02:13:31.969230310Z {"level":"info","ts":1722910411.9690926,"msg":"Waited for 1.047033957s due to client-side throttling, not priority and fairness, request: GET:https://10.53.0.1:443/apis/harvesterhci.io/v1beta1?timeout=32s\n"}
2024-08-06T02:13:32.981880293Z {"level":"info","ts":1722910412.9817846,"logger":"controllers.Logging","msg":"fluentd buffer draining is disabled"}
2024-08-06T02:13:35.037031415Z {"level":"info","ts":1722910415.0369005,"msg":"Notice: If the Buffer_Size value is empty we will set it 0. For more information: https://github.com/fluent/fluent-bit/issues/2111"}
2024-08-06T02:15:36.230933763Z {"level":"info","ts":1722910536.2308483,"msg":"Waited for 1.047166346s due to client-side throttling, not priority and fairness, request: GET:https://10.53.0.1:443/apis/node.harvesterhci.io/v1beta1?timeout=32s\n"}
2024-08-06T02:15:37.242027144Z {"level":"info","ts":1722910537.2419338,"logger":"controllers.Logging","msg":"fluentd buffer draining is disabled"}
2024-08-06T02:15:39.298566416Z {"level":"info","ts":1722910539.2984607,"msg":"Notice: If the Buffer_Size value is empty we will set it 0. For more information: https://github.com/fluent/fluent-bit/issues/2111"}
2024-08-06T02:15:41.365816338Z {"level":"info","ts":1722910541.3657436,"logger":"controllers.Logging","msg":"fluentd buffer draining is disabled"}
2024-08-06T02:15:43.420343229Z {"level":"info","ts":1722910543.4202278,"msg":"Notice: If the Buffer_Size value is empty we will set it 0. For more information: https://github.com/fluent/fluent-bit/issues/2111"}
2024-08-06T02:15:52.435439069Z {"level":"info","ts":1722910552.4352543,"msg":"Waited for 1.048218054s due to client-side throttling, not priority and fairness, request: GET:https://10.53.0.1:443/apis/ui.cattle.io/v1?timeout=32s\n"}
2024-08-06T02:15:53.445240022Z {"level":"info","ts":1722910553.4450822,"logger":"controllers.Logging","msg":"fluentd buffer draining is disabled"}
2024-08-06T02:15:55.501103066Z {"level":"info","ts":1722910555.5009778,"msg":"Notice: If the Buffer_Size value is empty we will set it 0. For more information: https://github.com/fluent/fluent-bit/issues/2111"}
2024-08-06T02:15:57.573520815Z {"level":"info","ts":1722910557.573433,"logger":"controllers.Logging","msg":"fluentd buffer draining is disabled"}
2024-08-06T02:15:59.627236856Z {"level":"info","ts":1722910559.6271496,"msg":"Notice: If the Buffer_Size value is empty we will set it 0. For more information: https://github.com/fluent/fluent-bit/issues/2111"}
