2024-08-06T02:11:23.984918697Z Done configuring CNI.  Sleep=false
2024-08-06T02:11:24.183815297Z 2024-08-06T02:11:24Z [debug] Filtering pods with filter key 'spec.nodeName' and filter value 'harvesterdev2'
2024-08-06T02:11:24.383447467Z 2024-08-06T02:11:24Z [verbose] pod controller created
2024-08-06T02:11:24.383485539Z 2024-08-06T02:11:24Z [verbose] Starting informer factories ...
2024-08-06T02:11:24.383494075Z 2024-08-06T02:11:24Z [verbose] Informer factories started
2024-08-06T02:11:24.383502270Z 2024-08-06T02:11:24Z [verbose] starting network controller
2024-08-06T02:11:24.683793050Z 2024-08-06T02:11:24Z [verbose] using expression: 30 4 * * *
2024-08-06T02:12:19.493709248Z 2024-08-06T02:12:19Z [verbose] deleted pod [cattle-fleet-local-system/fleet-agent-6d5df7d9cd-qmcnn]
2024-08-06T02:12:19.494037715Z 2024-08-06T02:12:19Z [verbose] skipped net-attach-def for default network
2024-08-06T02:12:19.494052693Z 2024-08-06T02:12:19Z [verbose] result of garbage collecting pods: <nil>
2024-08-06T02:12:20.795846952Z 2024-08-06T02:12:20Z [verbose] deleted pod [cattle-fleet-system/fleet-cleanup-clusterregistrations-gh8wb]
2024-08-06T02:12:20.795906574Z 2024-08-06T02:12:20Z [verbose] skipped net-attach-def for default network
2024-08-06T02:12:20.795919479Z 2024-08-06T02:12:20Z [verbose] result of garbage collecting pods: <nil>
2024-08-06T02:12:29.558758460Z 2024-08-06T02:12:29Z [verbose] deleted pod [cattle-fleet-local-system/fleet-agent-6d5df7d9cd-ccvw6]
2024-08-06T02:12:29.558839392Z 2024-08-06T02:12:29Z [verbose] skipped net-attach-def for default network
2024-08-06T02:12:29.558870811Z 2024-08-06T02:12:29Z [verbose] result of garbage collecting pods: <nil>
2024-08-06T02:12:32.887788711Z 2024-08-06T02:12:32Z [verbose] deleted pod [cattle-fleet-system/fleet-cleanup-clusterregistrations-k2z7x]
2024-08-06T02:12:32.887859594Z 2024-08-06T02:12:32Z [verbose] skipped net-attach-def for default network
2024-08-06T02:12:32.887873400Z 2024-08-06T02:12:32Z [verbose] result of garbage collecting pods: <nil>
2024-08-06T02:14:05.863438226Z 2024-08-06T02:14:05Z [verbose] deleted pod [cattle-fleet-local-system/fleet-agent-6d5df7d9cd-6x9vv]
2024-08-06T02:14:05.863476559Z 2024-08-06T02:14:05Z [verbose] skipped net-attach-def for default network
2024-08-06T02:14:05.863485996Z 2024-08-06T02:14:05Z [verbose] result of garbage collecting pods: <nil>
2024-08-06T02:14:07.890421089Z 2024-08-06T02:14:07Z [verbose] deleted pod [cattle-fleet-local-system/fleet-agent-6d5df7d9cd-x7zhn]
2024-08-06T02:14:07.890446426Z 2024-08-06T02:14:07Z [verbose] skipped net-attach-def for default network
2024-08-06T02:14:07.890467957Z 2024-08-06T02:14:07Z [verbose] result of garbage collecting pods: <nil>
2024-08-06T02:14:18.210068749Z 2024-08-06T02:14:18Z [verbose] deleted pod [cattle-fleet-local-system/fleet-agent-6d5df7d9cd-tnwng]
2024-08-06T02:14:18.210116349Z 2024-08-06T02:14:18Z [verbose] skipped net-attach-def for default network
2024-08-06T02:14:18.210127911Z 2024-08-06T02:14:18Z [verbose] result of garbage collecting pods: <nil>
2024-08-06T02:26:30.079912740Z 2024-08-06T02:26:30Z [verbose] deleted pod [cattle-system/apply-sync-additional-ca-on-harvesterdev2-with-2c27af4f7e-p8m8b]
2024-08-06T02:26:30.079991929Z 2024-08-06T02:26:30Z [verbose] result of garbage collecting pods: <nil>
2024-08-06T02:26:59.045951882Z 2024-08-06T02:26:59Z [verbose] deleted pod [cattle-system/apply-system-agent-upgrader-on-harvesterdev2-with-6f6e842-lqfkn]
2024-08-06T02:26:59.046010312Z 2024-08-06T02:26:59Z [verbose] result of garbage collecting pods: <nil>
2024-08-06T02:50:33.406537726Z 2024-08-06T02:50:33Z [verbose] deleted pod [harvester-system/supportbundle-agent-bundle-jk7b5-jgrwp]
2024-08-06T02:50:33.406578473Z 2024-08-06T02:50:33Z [verbose] skipped net-attach-def for default network
2024-08-06T02:50:33.406605004Z 2024-08-06T02:50:33Z [verbose] result of garbage collecting pods: <nil>
2024-08-06T03:12:08.065136587Z 2024-08-06T03:12:08Z [verbose] deleted pod [cattle-system/helm-operation-vjvnf]
2024-08-06T03:12:08.065191871Z 2024-08-06T03:12:08Z [verbose] skipped net-attach-def for default network
2024-08-06T03:12:08.065200427Z 2024-08-06T03:12:08Z [verbose] result of garbage collecting pods: <nil>
2024-08-06T03:12:21.019428148Z 2024-08-06T03:12:21Z [verbose] deleted pod [cattle-system/helm-operation-5b2xn]
2024-08-06T03:12:21.019500375Z 2024-08-06T03:12:21Z [verbose] skipped net-attach-def for default network
2024-08-06T03:12:21.019511496Z 2024-08-06T03:12:21Z [verbose] result of garbage collecting pods: <nil>
2024-08-06T03:14:10.054991447Z 2024-08-06T03:14:10Z [verbose] deleted pod [cattle-system/helm-operation-cscth]
2024-08-06T03:14:10.055056420Z 2024-08-06T03:14:10Z [verbose] skipped net-attach-def for default network
2024-08-06T03:14:10.055061720Z 2024-08-06T03:14:10Z [verbose] result of garbage collecting pods: <nil>
2024-08-06T04:30:00.000386777Z 2024-08-06T04:30:00Z [verbose] starting reconciler run
2024-08-06T04:30:00.000445018Z 2024-08-06T04:30:00Z [debug] NewReconcileLooper - inferred connection data
2024-08-06T04:30:00.000940016Z 2024-08-06T04:30:00Z [debug] listing IP pools
2024-08-06T04:30:01.183102072Z 2024-08-06T04:30:01Z [debug] no IP addresses to cleanup
2024-08-06T04:30:01.183146617Z 2024-08-06T04:30:01Z [verbose] reconciler success
2024-08-06T12:54:43.845849336Z 2024-08-06T12:54:43Z [verbose] deleted pod [longhorn-system/backing-image-ds-default-image-nntjr]
2024-08-06T12:54:43.845912406Z 2024-08-06T12:54:43Z [verbose] skipped net-attach-def for default network
2024-08-06T12:54:43.845924819Z 2024-08-06T12:54:43Z [verbose] result of garbage collecting pods: <nil>
