2024-08-06T02:13:32.553994242Z Fluent Bit v2.2.0
2024-08-06T02:13:32.554018758Z * Copyright (C) 2015-2023 The Fluent Bit Authors
2024-08-06T02:13:32.554022815Z * Fluent Bit is a CNCF sub-project under the umbrella of Fluentd
2024-08-06T02:13:32.554026322Z * https://fluentbit.io
2024-08-06T02:13:32.554029177Z 
2024-08-06T02:13:32.556082127Z [2024/08/06 02:13:32] [ info] [fluent bit] version=2.2.0, commit=db8487d123, pid=1
2024-08-06T02:13:32.556104339Z [2024/08/06 02:13:32] [ info] [storage] ver=1.5.1, type=memory, sync=normal, checksum=off, max_chunks_up=128
2024-08-06T02:13:32.556113997Z [2024/08/06 02:13:32] [ info] [cmetrics] version=0.6.4
2024-08-06T02:13:32.556135127Z [2024/08/06 02:13:32] [ info] [ctraces ] version=0.3.1
2024-08-06T02:13:32.556264429Z [2024/08/06 02:13:32] [ info] [input:systemd:systemd.0] initializing
2024-08-06T02:13:32.556268306Z [2024/08/06 02:13:32] [ info] [input:systemd:systemd.0] storage_strategy='memory' (memory only)
2024-08-06T02:13:32.556802168Z [2024/08/06 02:13:32] [ info] [input:tail:tail.1] initializing
2024-08-06T02:13:32.556808720Z [2024/08/06 02:13:32] [ info] [input:tail:tail.1] storage_strategy='memory' (memory only)
2024-08-06T02:13:32.557123069Z [2024/08/06 02:13:32] [ info] [input:tail:tail.2] initializing
2024-08-06T02:13:32.557138568Z [2024/08/06 02:13:32] [ info] [input:tail:tail.2] storage_strategy='memory' (memory only)
2024-08-06T02:13:32.557817902Z [2024/08/06 02:13:32] [ info] [sp] stream processor started
2024-08-06T02:13:32.591348646Z [2024/08/06 02:13:32] [ info] [output:forward:forward.0] worker #0 started
2024-08-06T02:13:32.591369204Z [2024/08/06 02:13:32] [ info] [output:forward:forward.0] worker #1 started
2024-08-06T02:13:32.631959006Z [2024/08/06 02:13:32] [ info] [input:tail:tail.1] inotify_fs_add(): inode=25690286 watch_fd=1 name=/var/lib/rancher/rke2/agent/logs/kubelet.log
2024-08-06T02:13:32.631983172Z [2024/08/06 02:13:32] [ info] [input:tail:tail.2] inotify_fs_add(): inode=25690898 watch_fd=1 name=/var/log/audit/audit.log
