2024-08-06T01:53:30.307419034Z time="2024-08-06T01:53:30Z" level=info msg="No access to list CRDs, assuming CRDs are pre-created."
2024-08-06T01:53:30.330778853Z I0806 01:53:30.330714       1 leaderelection.go:250] attempting to acquire leader lease cattle-fleet-system/fleet-controller-lock...
2024-08-06T01:53:30.334833724Z I0806 01:53:30.334798       1 leaderelection.go:260] successfully acquired lease cattle-fleet-system/fleet-controller-lock
2024-08-06T01:53:30.444510250Z time="2024-08-06T01:53:30Z" level=info msg="Starting fleet.cattle.io/v1alpha1, Kind=GitRepoRestriction controller"
2024-08-06T01:53:30.444540547Z time="2024-08-06T01:53:30Z" level=info msg="Starting fleet.cattle.io/v1alpha1, Kind=ClusterRegistration controller"
2024-08-06T01:53:30.444600410Z time="2024-08-06T01:53:30Z" level=info msg="Starting gitjob.cattle.io/v1, Kind=GitJob controller"
2024-08-06T01:53:30.445121495Z time="2024-08-06T01:53:30Z" level=info msg="Starting fleet.cattle.io/v1alpha1, Kind=Cluster controller"
2024-08-06T01:53:30.445525278Z time="2024-08-06T01:53:30Z" level=info msg="Starting rbac.authorization.k8s.io/v1, Kind=ClusterRole controller"
2024-08-06T01:53:30.446567988Z time="2024-08-06T01:53:30Z" level=info msg="Starting rbac.authorization.k8s.io/v1, Kind=RoleBinding controller"
2024-08-06T01:53:30.446575623Z time="2024-08-06T01:53:30Z" level=info msg="Starting /v1, Kind=ConfigMap controller"
2024-08-06T01:53:30.447163824Z time="2024-08-06T01:53:30Z" level=info msg="Starting fleet.cattle.io/v1alpha1, Kind=ClusterRegistrationToken controller"
2024-08-06T01:53:30.447175907Z time="2024-08-06T01:53:30Z" level=info msg="Starting fleet.cattle.io/v1alpha1, Kind=ImageScan controller"
2024-08-06T01:53:30.447259805Z time="2024-08-06T01:53:30Z" level=info msg="Starting rbac.authorization.k8s.io/v1, Kind=ClusterRoleBinding controller"
2024-08-06T01:53:30.447380253Z time="2024-08-06T01:53:30Z" level=info msg="Starting fleet.cattle.io/v1alpha1, Kind=ClusterGroup controller"
2024-08-06T01:53:30.448583597Z time="2024-08-06T01:53:30Z" level=info msg="Starting fleet.cattle.io/v1alpha1, Kind=Content controller"
2024-08-06T01:53:30.448607161Z time="2024-08-06T01:53:30Z" level=info msg="Starting fleet.cattle.io/v1alpha1, Kind=BundleNamespaceMapping controller"
2024-08-06T01:53:30.448618262Z time="2024-08-06T01:53:30Z" level=info msg="Starting fleet.cattle.io/v1alpha1, Kind=Bundle controller"
2024-08-06T01:53:30.448625406Z time="2024-08-06T01:53:30Z" level=info msg="Starting /v1, Kind=ServiceAccount controller"
2024-08-06T01:53:30.448684918Z time="2024-08-06T01:53:30Z" level=info msg="Starting rbac.authorization.k8s.io/v1, Kind=Role controller"
2024-08-06T01:53:30.448872973Z time="2024-08-06T01:53:30Z" level=info msg="Starting fleet.cattle.io/v1alpha1, Kind=BundleDeployment controller"
2024-08-06T01:53:30.448979815Z time="2024-08-06T01:53:30Z" level=info msg="Starting /v1, Kind=Namespace controller"
2024-08-06T01:53:30.449064876Z time="2024-08-06T01:53:30Z" level=info msg="Starting /v1, Kind=Secret controller"
2024-08-06T01:53:30.449166558Z time="2024-08-06T01:53:30Z" level=info msg="Update agent bundle for cluster fleet-local/local"
2024-08-06T01:53:30.449406051Z time="2024-08-06T01:53:30Z" level=info msg="Starting fleet.cattle.io/v1alpha1, Kind=GitRepo controller"
2024-08-06T01:53:30.450703973Z time="2024-08-06T01:53:30Z" level=info msg="All controllers have been started"
2024-08-06T01:53:30.451397704Z time="2024-08-06T01:53:30Z" level=info msg="API server config changed, trigger cluster import for cluster fleet-local/local"
2024-08-06T01:53:30.533860318Z time="2024-08-06T01:53:30Z" level=info msg="Deleted old agent for cluster (fleet-local/local) in namespace cattle-fleet-local-system"
2024-08-06T01:53:30.553837556Z time="2024-08-06T01:53:30Z" level=info msg="Update agent bundle for cluster fleet-local/local"
2024-08-06T01:53:30.591021606Z time="2024-08-06T01:53:30Z" level=info msg="Cluster import for 'fleet-local/local'. Deployed new agent"
2024-08-06T01:54:16.963528481Z time="2024-08-06T01:54:16Z" level=info msg="Waiting for service account token key to be populated for secret cluster-fleet-local-local-1a3d67d0a899/request-xzcqs-a628f826-b88e-4ff9-8999-d28aa4b5618f-token"
2024-08-06T01:54:18.973431603Z time="2024-08-06T01:54:18Z" level=info msg="Cluster registration request 'fleet-local/request-xzcqs' granted, creating cluster, request service account, registration secret"
2024-08-06T01:54:18.990316794Z time="2024-08-06T01:54:18Z" level=error msg="error syncing 'fleet-local/request-psrlh': handler cluster-registration: failed to delete fleet-local/request-psrlh rbac.authorization.k8s.io/v1, Kind=Role for cluster-registration fleet-local/request-psrlh: roles.rbac.authorization.k8s.io \"request-psrlh\" not found, requeuing"
2024-08-06T01:54:34.431440322Z time="2024-08-06T01:54:34Z" level=info msg="While calculating status.ResourceKey, error running helm template for bundle mcc-local-managed-system-upgrade-controller with target options from : chart requires kubeVersion: >= 1.23.0-0 which is incompatible with Kubernetes v1.20.0"
2024-08-06T01:54:34.460893303Z time="2024-08-06T01:54:34Z" level=info msg="While calculating status.ResourceKey, error running helm template for bundle mcc-local-managed-system-upgrade-controller with target options from : chart requires kubeVersion: >= 1.23.0-0 which is incompatible with Kubernetes v1.20.0"
2024-08-06T01:56:40.297952485Z time="2024-08-06T01:56:40Z" level=info msg="API server config changed, trigger cluster import for cluster fleet-local/local"
2024-08-06T01:56:40.461143061Z time="2024-08-06T01:56:40Z" level=error msg="error syncing 'fleet-local/local': handler import-cluster: Delete \"https://10.53.97.255/k8s/clusters/local/api/v1/namespaces/cattle-fleet-local-system/secrets/fleet-agent?timeout=15s\": read tcp 10.52.0.20:36048->10.53.97.255:443: read: connection reset by peer, requeuing"
2024-08-06T01:56:40.462487833Z time="2024-08-06T01:56:40Z" level=error msg="Cluster import for 'fleet-local/local'. Smoke test failed: Get \"https://10.53.97.255/k8s/clusters/local/version?timeout=15s\": dial tcp 10.53.97.255:443: connect: connection refused"
2024-08-06T01:56:40.469548506Z time="2024-08-06T01:56:40Z" level=error msg="error syncing 'fleet-local/local': handler import-cluster: Get \"https://10.53.97.255/k8s/clusters/local/version?timeout=15s\": dial tcp 10.53.97.255:443: connect: connection refused, requeuing"
2024-08-06T01:56:40.470607698Z time="2024-08-06T01:56:40Z" level=error msg="Cluster import for 'fleet-local/local'. Smoke test failed: Get \"https://10.53.97.255/k8s/clusters/local/version?timeout=15s\": dial tcp 10.53.97.255:443: connect: connection refused"
2024-08-06T01:56:40.470857400Z time="2024-08-06T01:56:40Z" level=error msg="error syncing 'fleet-local/local': handler import-cluster: Get \"https://10.53.97.255/k8s/clusters/local/version?timeout=15s\": dial tcp 10.53.97.255:443: connect: connection refused, requeuing"
2024-08-06T01:56:42.462493296Z time="2024-08-06T01:56:42Z" level=error msg="Cluster import for 'fleet-local/local'. Smoke test failed: Get \"https://10.53.97.255/k8s/clusters/local/version?timeout=15s\": dial tcp 10.53.97.255:443: connect: connection refused"
2024-08-06T01:56:42.462744434Z time="2024-08-06T01:56:42Z" level=error msg="error syncing 'fleet-local/local': handler import-cluster: Get \"https://10.53.97.255/k8s/clusters/local/version?timeout=15s\": dial tcp 10.53.97.255:443: connect: connection refused, requeuing"
2024-08-06T01:56:58.464165153Z time="2024-08-06T01:56:58Z" level=error msg="Cluster import for 'fleet-local/local'. Smoke test failed: Get \"https://10.53.97.255/k8s/clusters/local/version?timeout=15s\": dial tcp 10.53.97.255:443: connect: connection refused"
2024-08-06T01:56:58.464655233Z time="2024-08-06T01:56:58Z" level=error msg="error syncing 'fleet-local/local': handler import-cluster: Get \"https://10.53.97.255/k8s/clusters/local/version?timeout=15s\": dial tcp 10.53.97.255:443: connect: connection refused, requeuing"
2024-08-06T01:57:09.884778500Z time="2024-08-06T01:57:09Z" level=info msg="Update agent bundle for cluster fleet-local/local"
2024-08-06T01:57:09.974500372Z time="2024-08-06T01:57:09Z" level=info msg="Update agent bundle for cluster fleet-local/local"
2024-08-06T01:57:10.352952152Z time="2024-08-06T01:57:10Z" level=info msg="Update agent bundle for cluster fleet-local/local"
2024-08-06T01:57:10.444630388Z time="2024-08-06T01:57:10Z" level=info msg="Update agent bundle for cluster fleet-local/local"
2024-08-06T01:57:11.318340242Z time="2024-08-06T01:57:11Z" level=info msg="Update agent bundle for cluster fleet-local/local"
2024-08-06T01:57:11.430546094Z time="2024-08-06T01:57:11Z" level=info msg="Update agent bundle for cluster fleet-local/local"
2024-08-06T01:57:30.569373689Z time="2024-08-06T01:57:30Z" level=info msg="Deleted old agent for cluster (fleet-local/local) in namespace cattle-fleet-local-system"
2024-08-06T01:57:30.663838948Z time="2024-08-06T01:57:30Z" level=info msg="Cluster import for 'fleet-local/local'. Deployed new agent"
2024-08-06T01:57:31.134587812Z time="2024-08-06T01:57:31Z" level=info msg="Waiting for service account token key to be populated for secret cluster-fleet-local-local-1a3d67d0a899/request-n44s5-ec2a75f7-27cb-4b1b-9640-81e0afd50c7b-token"
2024-08-06T01:57:32.687867513Z time="2024-08-06T01:57:32Z" level=info msg="Namespace assigned to cluster 'fleet-local/local' enqueues cluster registration 'fleet-local/request-n44s5'"
2024-08-06T01:57:33.143374512Z time="2024-08-06T01:57:33Z" level=info msg="Cluster registration request 'fleet-local/request-n44s5' granted, creating cluster, request service account, registration secret"
2024-08-06T01:57:33.170642034Z time="2024-08-06T01:57:33Z" level=info msg="Cluster registration request 'fleet-local/request-n44s5' granted, creating cluster, request service account, registration secret"
2024-08-06T01:57:46.700305374Z time="2024-08-06T01:57:46Z" level=info msg="API server config changed, trigger cluster import for cluster fleet-local/local"
2024-08-06T01:57:46.711588590Z time="2024-08-06T01:57:46Z" level=info msg="API server config changed, trigger cluster import for cluster fleet-local/local"
2024-08-06T01:57:46.721990350Z time="2024-08-06T01:57:46Z" level=info msg="API server config changed, trigger cluster import for cluster fleet-local/local"
2024-08-06T01:57:46.734557848Z time="2024-08-06T01:57:46Z" level=info msg="Deleted old agent for cluster (fleet-local/local) in namespace cattle-fleet-local-system"
2024-08-06T01:57:46.799042787Z time="2024-08-06T01:57:46Z" level=info msg="Cluster import for 'fleet-local/local'. Deployed new agent"
2024-08-06T01:58:34.757249635Z time="2024-08-06T01:58:34Z" level=info msg="Waiting for service account token key to be populated for secret cluster-fleet-local-local-1a3d67d0a899/request-g9j6c-e9802ff6-330b-4673-aa79-c107c1357eaa-token"
2024-08-06T01:58:36.766014552Z time="2024-08-06T01:58:36Z" level=info msg="Cluster registration request 'fleet-local/request-g9j6c' granted, creating cluster, request service account, registration secret"
2024-08-06T02:12:16.264198607Z time="2024-08-06T02:12:16Z" level=info msg="API server config changed, trigger cluster import for cluster fleet-local/local"
2024-08-06T02:12:16.279391215Z time="2024-08-06T02:12:16Z" level=info msg="API server config changed, trigger cluster import for cluster fleet-local/local"
2024-08-06T02:12:16.289690012Z time="2024-08-06T02:12:16Z" level=info msg="API server config changed, trigger cluster import for cluster fleet-local/local"
2024-08-06T02:12:16.307851553Z time="2024-08-06T02:12:16Z" level=info msg="Deleted old agent for cluster (fleet-local/local) in namespace cattle-fleet-local-system"
2024-08-06T02:12:16.382922851Z time="2024-08-06T02:12:16Z" level=info msg="Cluster import for 'fleet-local/local'. Deployed new agent"
2024-08-06T02:12:17.734904830Z time="2024-08-06T02:12:17Z" level=info msg="Waiting for service account token key to be populated for secret cluster-fleet-local-local-1a3d67d0a899/request-zzvnm-35e2f309-060f-41d0-acf5-1ad99d9cf7f5-token"
2024-08-06T02:12:18.405908813Z time="2024-08-06T02:12:18Z" level=info msg="Namespace assigned to cluster 'fleet-local/local' enqueues cluster registration 'fleet-local/request-zzvnm'"
2024-08-06T02:12:19.746728133Z time="2024-08-06T02:12:19Z" level=info msg="Cluster registration request 'fleet-local/request-zzvnm' granted, creating cluster, request service account, registration secret"
2024-08-06T02:12:19.770592464Z time="2024-08-06T02:12:19Z" level=info msg="Cluster registration request 'fleet-local/request-zzvnm' granted, creating cluster, request service account, registration secret"
2024-08-06T02:12:28.524043182Z time="2024-08-06T02:12:28Z" level=info msg="API server config changed, trigger cluster import for cluster fleet-local/local"
2024-08-06T02:12:28.538192122Z time="2024-08-06T02:12:28Z" level=info msg="API server config changed, trigger cluster import for cluster fleet-local/local"
2024-08-06T02:12:28.547373975Z time="2024-08-06T02:12:28Z" level=info msg="API server config changed, trigger cluster import for cluster fleet-local/local"
2024-08-06T02:12:28.560581671Z time="2024-08-06T02:12:28Z" level=info msg="Deleted old agent for cluster (fleet-local/local) in namespace cattle-fleet-local-system"
2024-08-06T02:12:28.638319806Z time="2024-08-06T02:12:28Z" level=info msg="Cluster import for 'fleet-local/local'. Deployed new agent"
2024-08-06T02:12:29.530661257Z time="2024-08-06T02:12:29Z" level=info msg="Waiting for service account token key to be populated for secret cluster-fleet-local-local-1a3d67d0a899/request-mn44k-df58ab8a-132c-4a5d-8101-b0e929d63e73-token"
2024-08-06T02:12:30.235960621Z time="2024-08-06T02:12:30Z" level=info msg="Namespace assigned to cluster 'fleet-local/local' enqueues cluster registration 'fleet-local/request-mn44k'"
2024-08-06T02:12:31.541960864Z time="2024-08-06T02:12:31Z" level=info msg="Cluster registration request 'fleet-local/request-mn44k' granted, creating cluster, request service account, registration secret"
2024-08-06T02:12:31.565357730Z time="2024-08-06T02:12:31Z" level=info msg="Cluster registration request 'fleet-local/request-mn44k' granted, creating cluster, request service account, registration secret"
2024-08-06T02:14:05.031174708Z time="2024-08-06T02:14:05Z" level=info msg="API server config changed, trigger cluster import for cluster fleet-local/local"
2024-08-06T02:14:05.042266607Z time="2024-08-06T02:14:05Z" level=info msg="API server config changed, trigger cluster import for cluster fleet-local/local"
2024-08-06T02:14:05.054937892Z time="2024-08-06T02:14:05Z" level=info msg="API server config changed, trigger cluster import for cluster fleet-local/local"
2024-08-06T02:14:05.073200808Z time="2024-08-06T02:14:05Z" level=info msg="Deleted old agent for cluster (fleet-local/local) in namespace cattle-fleet-local-system"
2024-08-06T02:14:05.148467860Z time="2024-08-06T02:14:05Z" level=info msg="Cluster import for 'fleet-local/local'. Deployed new agent"
2024-08-06T02:14:06.442374993Z time="2024-08-06T02:14:06Z" level=info msg="Waiting for service account token key to be populated for secret cluster-fleet-local-local-1a3d67d0a899/request-2jg2x-40b0a102-8d90-4fad-a9bd-48f17af13a15-token"
2024-08-06T02:14:08.448998219Z time="2024-08-06T02:14:08Z" level=info msg="Cluster registration request 'fleet-local/request-2jg2x' granted, creating cluster, request service account, registration secret"
2024-08-06T02:14:08.470871670Z time="2024-08-06T02:14:08Z" level=info msg="Cluster registration request 'fleet-local/request-2jg2x' granted, creating cluster, request service account, registration secret"
2024-08-06T02:14:17.215932952Z time="2024-08-06T02:14:17Z" level=info msg="API server config changed, trigger cluster import for cluster fleet-local/local"
2024-08-06T02:14:17.253484428Z time="2024-08-06T02:14:17Z" level=info msg="Deleted old agent for cluster (fleet-local/local) in namespace cattle-fleet-local-system"
2024-08-06T02:14:17.329405351Z time="2024-08-06T02:14:17Z" level=info msg="Cluster import for 'fleet-local/local'. Deployed new agent"
2024-08-06T02:14:20.689973384Z time="2024-08-06T02:14:20Z" level=info msg="API server config changed, trigger cluster import for cluster fleet-local/local"
2024-08-06T02:14:20.698053223Z time="2024-08-06T02:14:20Z" level=info msg="API server config changed, trigger cluster import for cluster fleet-local/local"
2024-08-06T02:14:20.720585127Z time="2024-08-06T02:14:20Z" level=info msg="Deleted old agent for cluster (fleet-local/local) in namespace cattle-fleet-local-system"
2024-08-06T02:14:20.795135127Z time="2024-08-06T02:14:20Z" level=info msg="Cluster import for 'fleet-local/local'. Deployed new agent"
2024-08-06T02:15:08.951407110Z time="2024-08-06T02:15:08Z" level=info msg="Waiting for service account token key to be populated for secret cluster-fleet-local-local-1a3d67d0a899/request-r58ml-c81af2e0-5452-4a5f-b993-e6e7c72f1e37-token"
2024-08-06T02:15:10.959686816Z time="2024-08-06T02:15:10Z" level=info msg="Cluster registration request 'fleet-local/request-r58ml' granted, creating cluster, request service account, registration secret"
2024-08-06T02:15:10.986960986Z time="2024-08-06T02:15:10Z" level=info msg="Cluster registration request 'fleet-local/request-r58ml' granted, creating cluster, request service account, registration secret"
2024-08-06T02:55:10.967012651Z time="2024-08-06T02:55:10Z" level=info msg="Deleting expired registration secret cattle-fleet-clusters-system/c-7eef07de40689c0a64ceacc3162e2dc0f9727d22b87ab8e2d42eb64f14016"
2024-08-06T13:53:11.025600802Z time="2024-08-06T13:53:11Z" level=error msg="error syncing 'fleet-local/import-token-local': handler cluster-group-token: failed to delete fleet-local/import-token-local-cdf3eb36-5aa4-4a77-b915-f57918caf080-to-role rbac.authorization.k8s.io/v1, Kind=RoleBinding for cluster-group-token fleet-local/import-token-local: rolebindings.rbac.authorization.k8s.io \"import-token-local-cdf3eb36-5aa4-4a77-b915-f57918caf080-to-role\" not found, requeuing"
