2024-08-06T02:11:26.914541606Z time="2024-08-06T02:11:26Z" level=info msg="Node Disk Manager v0.6.3 (810e526) is starting"
2024-08-06T02:11:26.914587713Z time="2024-08-06T02:11:26Z" level=info msg="Notable parameters are following:"
2024-08-06T02:11:26.914595848Z time="2024-08-06T02:11:26Z" level=info msg="Namespace: longhorn-system, ConcurrentOps: 5, RescanInterval: 0, InjectUdevMonitorError: false"
2024-08-06T02:11:26.914605667Z time="2024-08-06T02:11:26Z" level=info msg="Starting node disk manager controller"
2024-08-06T02:11:26.915501046Z time="2024-08-06T02:11:26Z" level=info msg="register exclude filters"
2024-08-06T02:11:26.915511646Z time="2024-08-06T02:11:26Z" level=info msg="register auto provision filters"
2024-08-06T02:11:27.113232150Z time="2024-08-06T02:11:27Z" level=info msg="Adding the disk with block device /dev/sda, id(Name): 730bfc287c4891698a05e8f30cfec23f on node harvesterdev2"
2024-08-06T02:11:27.113245335Z time="2024-08-06T02:11:27Z" level=info msg="  - wwn: 0x5000c500dcf47ee4"
2024-08-06T02:11:27.113248581Z time="2024-08-06T02:11:27Z" level=info msg="  - vendor: ATA"
2024-08-06T02:11:27.113251537Z time="2024-08-06T02:11:27Z" level=info msg="  - model: ST8000NE001-2M7101"
2024-08-06T02:11:27.113254823Z time="2024-08-06T02:11:27Z" level=info msg="  - SerialNumber: WSD4NVFE"
2024-08-06T02:11:27.113275421Z time="2024-08-06T02:11:27Z" level=info msg="Adding the disk with block device /dev/sdb, id(Name): 849b277109de3bb257c476b1d38cf56d on node harvesterdev2"
2024-08-06T02:11:27.113300999Z time="2024-08-06T02:11:27Z" level=info msg="  - wwn: 0x5002538f32202590"
2024-08-06T02:11:27.113309696Z time="2024-08-06T02:11:27Z" level=info msg="  - vendor: ATA"
2024-08-06T02:11:27.113316659Z time="2024-08-06T02:11:27Z" level=info msg="  - model: Samsung_SSD_870_QVO_2TB"
2024-08-06T02:11:27.113323431Z time="2024-08-06T02:11:27Z" level=info msg="  - SerialNumber: S6R4NJ0T204488Y"
2024-08-06T02:11:27.119999204Z time="2024-08-06T02:11:27Z" level=info msg="Create new device 730bfc287c4891698a05e8f30cfec23f with wwn: 0x5000c500dcf47ee4"
2024-08-06T02:11:27.121419678Z time="2024-08-06T02:11:27Z" level=info msg="Add new block device 730bfc287c4891698a05e8f30cfec23f with device: /dev/sda"
2024-08-06T02:11:27.125579731Z time="2024-08-06T02:11:27Z" level=info msg="Create new device 849b277109de3bb257c476b1d38cf56d with wwn: 0x5002538f32202590"
2024-08-06T02:11:27.126634389Z time="2024-08-06T02:11:27Z" level=info msg="Add new block device 849b277109de3bb257c476b1d38cf56d with device: /dev/sdb"
2024-08-06T02:11:27.130256804Z time="2024-08-06T02:11:27Z" level=info msg="Wake up scanner first time to update CacheDiskTags ..."
2024-08-06T02:11:27.130291319Z time="2024-08-06T02:11:27Z" level=info msg="Waiting new event to trigger..."
2024-08-06T02:11:27.318464625Z time="2024-08-06T02:11:27Z" level=info msg="Starting harvesterhci.io/v1beta1, Kind=BlockDevice controller"
2024-08-06T02:11:27.320820083Z time="2024-08-06T02:11:27Z" level=info msg="Prepare to force format device 730bfc287c4891698a05e8f30cfec23f"
2024-08-06T02:11:27.320875647Z time="2024-08-06T02:11:27Z" level=info msg="Prepare to force format device 849b277109de3bb257c476b1d38cf56d"
2024-08-06T02:11:27.381339953Z time="2024-08-06T02:11:27Z" level=info msg="Start monitoring udev processed events"
2024-08-06T02:11:27.381424282Z time="2024-08-06T02:11:27Z" level=info msg="Starting longhorn.io/v1beta2, Kind=Node controller"
2024-08-06T02:11:32.960550436Z time="2024-08-06T02:11:32Z" level=info msg="Prepare to try Mount"
2024-08-06T02:11:32.960588418Z time="2024-08-06T02:11:32Z" level=info msg="Mount deivce 849b277109de3bb257c476b1d38cf56d to /var/lib/harvester/extra-disks/849b277109de3bb257c476b1d38cf56d"
2024-08-06T02:11:33.023211182Z time="2024-08-06T02:11:33Z" level=info msg="Prepare to provision device 849b277109de3bb257c476b1d38cf56d to node harvesterdev2"
2024-08-06T02:11:33.025373388Z time="2024-08-06T02:11:33Z" level=error msg="failed to provision device 849b277109de3bb257c476b1d38cf56d to node harvesterdev2: nodes.longhorn.io \"harvesterdev2\" not found"
2024-08-06T02:11:33.034275336Z time="2024-08-06T02:11:33Z" level=info msg="Prepare to provision device 849b277109de3bb257c476b1d38cf56d to node harvesterdev2"
2024-08-06T02:11:33.035964414Z time="2024-08-06T02:11:33Z" level=error msg="failed to provision device 849b277109de3bb257c476b1d38cf56d to node harvesterdev2: nodes.longhorn.io \"harvesterdev2\" not found"
2024-08-06T02:11:33.049242160Z time="2024-08-06T02:11:33Z" level=info msg="Update existing block device status 849b277109de3bb257c476b1d38cf56d"
2024-08-06T02:11:33.057286529Z time="2024-08-06T02:11:33Z" level=info msg="Prepare to provision device 849b277109de3bb257c476b1d38cf56d to node harvesterdev2"
2024-08-06T02:11:33.062710132Z time="2024-08-06T02:11:33Z" level=error msg="failed to provision device 849b277109de3bb257c476b1d38cf56d to node harvesterdev2: nodes.longhorn.io \"harvesterdev2\" not found"
2024-08-06T02:11:38.028130689Z time="2024-08-06T02:11:38Z" level=info msg="Prepare to provision device 849b277109de3bb257c476b1d38cf56d to node harvesterdev2"
2024-08-06T02:11:38.030505614Z time="2024-08-06T02:11:38Z" level=error msg="failed to provision device 849b277109de3bb257c476b1d38cf56d to node harvesterdev2: nodes.longhorn.io \"harvesterdev2\" not found"
2024-08-06T02:11:44.035122062Z time="2024-08-06T02:11:44Z" level=info msg="Prepare to provision device 849b277109de3bb257c476b1d38cf56d to node harvesterdev2"
2024-08-06T02:11:44.037176175Z time="2024-08-06T02:11:44Z" level=error msg="failed to provision device 849b277109de3bb257c476b1d38cf56d to node harvesterdev2: nodes.longhorn.io \"harvesterdev2\" not found"
2024-08-06T02:11:45.614543359Z time="2024-08-06T02:11:45Z" level=info msg="Prepare to try Mount"
2024-08-06T02:11:45.614597613Z time="2024-08-06T02:11:45Z" level=info msg="Mount deivce 730bfc287c4891698a05e8f30cfec23f to /var/lib/harvester/extra-disks/730bfc287c4891698a05e8f30cfec23f"
2024-08-06T02:11:45.876207295Z time="2024-08-06T02:11:45Z" level=info msg="Prepare to provision device 730bfc287c4891698a05e8f30cfec23f to node harvesterdev2"
2024-08-06T02:11:45.877977893Z time="2024-08-06T02:11:45Z" level=error msg="failed to provision device 730bfc287c4891698a05e8f30cfec23f to node harvesterdev2: nodes.longhorn.io \"harvesterdev2\" not found"
2024-08-06T02:11:45.886890066Z time="2024-08-06T02:11:45Z" level=info msg="Prepare to provision device 730bfc287c4891698a05e8f30cfec23f to node harvesterdev2"
2024-08-06T02:11:45.888588215Z time="2024-08-06T02:11:45Z" level=error msg="failed to provision device 730bfc287c4891698a05e8f30cfec23f to node harvesterdev2: nodes.longhorn.io \"harvesterdev2\" not found"
2024-08-06T02:11:45.902781263Z time="2024-08-06T02:11:45Z" level=info msg="Update existing block device status 730bfc287c4891698a05e8f30cfec23f"
2024-08-06T02:11:45.913035522Z time="2024-08-06T02:11:45Z" level=info msg="Prepare to provision device 730bfc287c4891698a05e8f30cfec23f to node harvesterdev2"
2024-08-06T02:11:45.914607569Z time="2024-08-06T02:11:45Z" level=error msg="failed to provision device 730bfc287c4891698a05e8f30cfec23f to node harvesterdev2: nodes.longhorn.io \"harvesterdev2\" not found"
2024-08-06T02:11:47.418235203Z time="2024-08-06T02:11:47Z" level=error msg="error syncing 'longhorn-system/harvesterdev2': handler harvester-ndm-node-handler: admission webhook \"validator.longhorn.io\" denied the request: spec and status of disks on node harvesterdev2 are being syncing and please retry later., requeuing"
2024-08-06T02:11:47.424334697Z time="2024-08-06T02:11:47Z" level=error msg="error syncing 'longhorn-system/harvesterdev2': handler harvester-ndm-node-handler: admission webhook \"validator.longhorn.io\" denied the request: spec and status of disks on node harvesterdev2 are being syncing and please retry later., requeuing"
2024-08-06T02:11:47.437663015Z time="2024-08-06T02:11:47Z" level=error msg="error syncing 'longhorn-system/harvesterdev2': handler harvester-ndm-node-handler: admission webhook \"validator.longhorn.io\" denied the request: spec and status of disks on node harvesterdev2 are being syncing and please retry later., requeuing"
2024-08-06T02:11:47.488919822Z time="2024-08-06T02:11:47Z" level=error msg="error syncing 'longhorn-system/harvesterdev2': handler harvester-ndm-node-handler: admission webhook \"validator.longhorn.io\" denied the request: spec and status of disks on node harvesterdev2 are being syncing and please retry later., requeuing"
2024-08-06T02:11:50.041967244Z time="2024-08-06T02:11:50Z" level=info msg="Prepare to provision device 849b277109de3bb257c476b1d38cf56d to node harvesterdev2"
2024-08-06T02:11:50.067062865Z time="2024-08-06T02:11:50Z" level=info msg="Prepare to check the new device tags [] with device: 849b277109de3bb257c476b1d38cf56d"
2024-08-06T02:11:50.067597325Z time="2024-08-06T02:11:50Z" level=warning msg="Update block device 849b277109de3bb257c476b1d38cf56d failed: Operation cannot be fulfilled on blockdevices.harvesterhci.io \"849b277109de3bb257c476b1d38cf56d\": the object has been modified; please apply your changes to the latest version and try again"
2024-08-06T02:11:51.883755911Z time="2024-08-06T02:11:51Z" level=info msg="Prepare to provision device 730bfc287c4891698a05e8f30cfec23f to node harvesterdev2"
2024-08-06T02:11:51.896705152Z time="2024-08-06T02:11:51Z" level=error msg="failed to provision device 730bfc287c4891698a05e8f30cfec23f to node harvesterdev2: admission webhook \"validator.longhorn.io\" denied the request: spec and status of disks on node harvesterdev2 are being syncing and please retry later."
2024-08-06T02:11:51.905900059Z time="2024-08-06T02:11:51Z" level=info msg="Prepare to provision device 730bfc287c4891698a05e8f30cfec23f to node harvesterdev2"
2024-08-06T02:11:51.913001238Z time="2024-08-06T02:11:51Z" level=error msg="failed to provision device 730bfc287c4891698a05e8f30cfec23f to node harvesterdev2: admission webhook \"validator.longhorn.io\" denied the request: spec and status of disks on node harvesterdev2 are being syncing and please retry later."
2024-08-06T02:11:56.904376619Z time="2024-08-06T02:11:56Z" level=info msg="Prepare to provision device 730bfc287c4891698a05e8f30cfec23f to node harvesterdev2"
2024-08-06T02:11:56.919710358Z time="2024-08-06T02:11:56Z" level=error msg="failed to provision device 730bfc287c4891698a05e8f30cfec23f to node harvesterdev2: admission webhook \"validator.longhorn.io\" denied the request: spec and status of disks on node harvesterdev2 are being syncing and please retry later."
2024-08-06T02:12:02.923462576Z time="2024-08-06T02:12:02Z" level=info msg="Prepare to provision device 730bfc287c4891698a05e8f30cfec23f to node harvesterdev2"
2024-08-06T02:12:02.935046682Z time="2024-08-06T02:12:02Z" level=error msg="failed to provision device 730bfc287c4891698a05e8f30cfec23f to node harvesterdev2: admission webhook \"validator.longhorn.io\" denied the request: spec and status of disks on node harvesterdev2 are being syncing and please retry later."
2024-08-06T02:12:08.939863409Z time="2024-08-06T02:12:08Z" level=info msg="Prepare to provision device 730bfc287c4891698a05e8f30cfec23f to node harvesterdev2"
2024-08-06T02:12:08.952499996Z time="2024-08-06T02:12:08Z" level=error msg="failed to provision device 730bfc287c4891698a05e8f30cfec23f to node harvesterdev2: admission webhook \"validator.longhorn.io\" denied the request: spec and status of disks on node harvesterdev2 are being syncing and please retry later."
2024-08-06T02:12:14.961991002Z time="2024-08-06T02:12:14Z" level=info msg="Prepare to provision device 730bfc287c4891698a05e8f30cfec23f to node harvesterdev2"
2024-08-06T02:12:14.976980688Z time="2024-08-06T02:12:14Z" level=error msg="failed to provision device 730bfc287c4891698a05e8f30cfec23f to node harvesterdev2: admission webhook \"validator.longhorn.io\" denied the request: spec and status of disks on node harvesterdev2 are being syncing and please retry later."
2024-08-06T02:12:20.984134896Z time="2024-08-06T02:12:20Z" level=info msg="Prepare to provision device 730bfc287c4891698a05e8f30cfec23f to node harvesterdev2"
2024-08-06T02:12:21.005873700Z time="2024-08-06T02:12:21Z" level=warning msg="Update block device 730bfc287c4891698a05e8f30cfec23f failed: Operation cannot be fulfilled on blockdevices.harvesterhci.io \"730bfc287c4891698a05e8f30cfec23f\": the object has been modified; please apply your changes to the latest version and try again"
2024-08-06T02:12:21.006856107Z time="2024-08-06T02:12:21Z" level=info msg="Prepare to check the new device tags [] with device: 730bfc287c4891698a05e8f30cfec23f"
2024-08-06T02:13:37.034859933Z time="2024-08-06T02:13:37Z" level=error msg="error syncing 'longhorn-system/harvesterdev3': handler harvester-ndm-node-handler: admission webhook \"validator.longhorn.io\" denied the request: spec and status of disks on node harvesterdev3 are being syncing and please retry later., requeuing"
2024-08-06T02:13:37.039770330Z time="2024-08-06T02:13:37Z" level=error msg="error syncing 'longhorn-system/harvesterdev3': handler harvester-ndm-node-handler: admission webhook \"validator.longhorn.io\" denied the request: spec and status of disks on node harvesterdev3 are being syncing and please retry later., requeuing"
2024-08-06T02:13:37.051170718Z time="2024-08-06T02:13:37Z" level=error msg="error syncing 'longhorn-system/harvesterdev3': handler harvester-ndm-node-handler: admission webhook \"validator.longhorn.io\" denied the request: spec and status of disks on node harvesterdev3 are being syncing and please retry later., requeuing"
2024-08-06T02:13:37.100752176Z time="2024-08-06T02:13:37Z" level=error msg="error syncing 'longhorn-system/harvesterdev3': handler harvester-ndm-node-handler: admission webhook \"validator.longhorn.io\" denied the request: spec and status of disks on node harvesterdev3 are being syncing and please retry later., requeuing"
2024-08-06T02:16:03.106365588Z time="2024-08-06T02:16:03Z" level=error msg="error syncing 'longhorn-system/harvesterdev7': handler harvester-ndm-node-handler: admission webhook \"validator.longhorn.io\" denied the request: spec and status of disks on node harvesterdev7 are being syncing and please retry later., requeuing"
2024-08-06T02:16:03.113901747Z time="2024-08-06T02:16:03Z" level=error msg="error syncing 'longhorn-system/harvesterdev7': handler harvester-ndm-node-handler: admission webhook \"validator.longhorn.io\" denied the request: spec and status of disks on node harvesterdev7 are being syncing and please retry later., requeuing"
2024-08-06T02:16:03.134536528Z time="2024-08-06T02:16:03Z" level=error msg="error syncing 'longhorn-system/harvesterdev7': handler harvester-ndm-node-handler: admission webhook \"validator.longhorn.io\" denied the request: spec and status of disks on node harvesterdev7 are being syncing and please retry later., requeuing"
2024-08-06T02:16:03.184224529Z time="2024-08-06T02:16:03Z" level=error msg="error syncing 'longhorn-system/harvesterdev7': handler harvester-ndm-node-handler: admission webhook \"validator.longhorn.io\" denied the request: spec and status of disks on node harvesterdev7 are being syncing and please retry later., requeuing"
2024-08-06T02:16:03.273477485Z time="2024-08-06T02:16:03Z" level=error msg="error syncing 'longhorn-system/harvesterdev7': handler harvester-ndm-node-handler: admission webhook \"validator.longhorn.io\" denied the request: spec and status of disks on node harvesterdev7 are being syncing and please retry later., requeuing"
2024-08-06T12:11:27.144955654Z time="2024-08-06T12:11:27Z" level=info msg="Prepare to check the new device tags [] with device: 849b277109de3bb257c476b1d38cf56d"
2024-08-06T12:11:27.145019555Z time="2024-08-06T12:11:27Z" level=info msg="Prepare to check the new device tags [] with device: 730bfc287c4891698a05e8f30cfec23f"
