2024-08-06T02:13:15.630229724Z Done configuring CNI.  Sleep=false
2024-08-06T02:13:15.924416179Z 2024-08-06T02:13:15Z [debug] Filtering pods with filter key 'spec.nodeName' and filter value 'harvesterdev3'
2024-08-06T02:13:15.932093527Z 2024-08-06T02:13:15Z [verbose] pod controller created
2024-08-06T02:13:15.932118374Z 2024-08-06T02:13:15Z [verbose] Starting informer factories ...
2024-08-06T02:13:15.932122080Z 2024-08-06T02:13:15Z [verbose] Informer factories started
2024-08-06T02:13:15.932134183Z 2024-08-06T02:13:15Z [verbose] starting network controller
2024-08-06T02:13:16.323971242Z 2024-08-06T02:13:16Z [verbose] using expression: 30 4 * * *
2024-08-06T02:14:09.424513357Z 2024-08-06T02:14:09Z [verbose] deleted pod [cattle-fleet-system/fleet-cleanup-clusterregistrations-8v2cf]
2024-08-06T02:14:09.424660944Z 2024-08-06T02:14:09Z [verbose] skipped net-attach-def for default network
2024-08-06T02:14:09.424676624Z 2024-08-06T02:14:09Z [verbose] result of garbage collecting pods: <nil>
2024-08-06T02:14:20.783220890Z 2024-08-06T02:14:20Z [verbose] deleted pod [cattle-fleet-system/fleet-cleanup-clusterregistrations-z9wrn]
2024-08-06T02:14:20.783292955Z 2024-08-06T02:14:20Z [verbose] skipped net-attach-def for default network
2024-08-06T02:14:20.783337339Z 2024-08-06T02:14:20Z [verbose] result of garbage collecting pods: <nil>
2024-08-06T02:14:22.178050314Z 2024-08-06T02:14:22Z [verbose] deleted pod [cattle-fleet-local-system/fleet-agent-6d5df7d9cd-pzzgm]
2024-08-06T02:14:22.178108404Z 2024-08-06T02:14:22Z [verbose] skipped net-attach-def for default network
2024-08-06T02:14:22.178134633Z 2024-08-06T02:14:22Z [verbose] result of garbage collecting pods: <nil>
2024-08-06T02:28:21.069743030Z 2024-08-06T02:28:21Z [verbose] deleted pod [cattle-system/apply-sync-additional-ca-on-harvesterdev3-with-2c27af4f7e-bg7nr]
2024-08-06T02:28:21.069801661Z 2024-08-06T02:28:21Z [verbose] result of garbage collecting pods: <nil>
2024-08-06T02:28:50.062907371Z 2024-08-06T02:28:50Z [verbose] deleted pod [cattle-system/apply-system-agent-upgrader-on-harvesterdev3-with-6f6e842-5dbns]
2024-08-06T02:28:50.063033599Z 2024-08-06T02:28:50Z [verbose] result of garbage collecting pods: <nil>
2024-08-06T02:50:33.398932251Z 2024-08-06T02:50:33Z [verbose] deleted pod [harvester-system/supportbundle-agent-bundle-jk7b5-kgqgk]
2024-08-06T02:50:33.398969513Z 2024-08-06T02:50:33Z [verbose] skipped net-attach-def for default network
2024-08-06T02:50:33.398974833Z 2024-08-06T02:50:33Z [verbose] result of garbage collecting pods: <nil>
2024-08-06T03:13:56.053183985Z 2024-08-06T03:13:56Z [verbose] deleted pod [cattle-system/helm-operation-2sfnn]
2024-08-06T03:13:56.053257044Z 2024-08-06T03:13:56Z [verbose] skipped net-attach-def for default network
2024-08-06T03:13:56.053270790Z 2024-08-06T03:13:56Z [verbose] result of garbage collecting pods: <nil>
2024-08-06T04:30:00.000715308Z 2024-08-06T04:30:00Z [verbose] starting reconciler run
2024-08-06T04:30:00.000759302Z 2024-08-06T04:30:00Z [debug] NewReconcileLooper - inferred connection data
2024-08-06T04:30:00.001176622Z 2024-08-06T04:30:00Z [debug] listing IP pools
2024-08-06T04:30:01.031499444Z 2024-08-06T04:30:01Z [debug] no IP addresses to cleanup
2024-08-06T04:30:01.031548858Z 2024-08-06T04:30:01Z [verbose] reconciler success
