2024-08-06T11:55:31.010929587Z if [[ ${KUBERNETES_SERVICE_HOST} =~ .*:.* ]]; then
2024-08-06T11:55:31.011001102Z 	echo "KUBERNETES_SERVICE_HOST is using IPv6"
2024-08-06T11:55:31.011006733Z 	CHART="${CHART//%\{KUBERNETES_API\}%/[${KUBERNETES_SERVICE_HOST}]:${KUBERNETES_SERVICE_PORT}}"
2024-08-06T11:55:31.011012313Z else
2024-08-06T11:55:31.011016952Z 	CHART="${CHART//%\{KUBERNETES_API\}%/${KUBERNETES_SERVICE_HOST}:${KUBERNETES_SERVICE_PORT}}"
2024-08-06T11:55:31.011027362Z fi
2024-08-06T11:55:31.011073048Z 
2024-08-06T11:55:31.011109727Z set +v -x
2024-08-06T11:55:31.011152698Z + [[ '' != \t\r\u\e ]]
2024-08-06T11:55:31.011804058Z + export HELM_HOST=127.0.0.1:44134
2024-08-06T11:55:31.011815259Z + HELM_HOST=127.0.0.1:44134
2024-08-06T11:55:31.011856237Z + helm_v2 init --skip-refresh --client-only --stable-repo-url https://charts.helm.sh/stable/
2024-08-06T11:55:31.011953600Z + tiller --listen=127.0.0.1:44134 --storage=secret
2024-08-06T11:55:31.085804019Z [main] 2024/08/06 11:55:31 Starting Tiller v2.17.0 (tls=false)
2024-08-06T11:55:31.085886845Z [main] 2024/08/06 11:55:31 GRPC listening on 127.0.0.1:44134
2024-08-06T11:55:31.085897375Z [main] 2024/08/06 11:55:31 Probes listening on :44135
2024-08-06T11:55:31.085905300Z [main] 2024/08/06 11:55:31 Storage driver is Secret
2024-08-06T11:55:31.085925157Z [main] 2024/08/06 11:55:31 Max history per release is 0
2024-08-06T11:55:31.091247635Z Creating /home/klipper-helm/.helm/repository 
2024-08-06T11:55:31.091325162Z Creating /home/klipper-helm/.helm/repository/cache 
2024-08-06T11:55:31.091336112Z Creating /home/klipper-helm/.helm/repository/local 
2024-08-06T11:55:31.091344558Z Creating /home/klipper-helm/.helm/plugins 
2024-08-06T11:55:31.091379855Z Creating /home/klipper-helm/.helm/starters 
2024-08-06T11:55:31.091560095Z Creating /home/klipper-helm/.helm/cache/archive 
2024-08-06T11:55:31.091569573Z Creating /home/klipper-helm/.helm/repository/repositories.yaml 
2024-08-06T11:55:31.091573300Z Adding stable repo with URL: https://charts.helm.sh/stable/ 
2024-08-06T11:55:31.091595562Z Adding local repo with URL: http://127.0.0.1:8879/charts 
2024-08-06T11:55:31.092479351Z $HELM_HOME has been configured at /home/klipper-helm/.helm.
2024-08-06T11:55:31.092496032Z Not installing Tiller due to 'client-only' flag having been set
2024-08-06T11:55:31.096648772Z ++ timeout -s KILL 30 helm_v2 ls --all '^harvester-seeder$' --output json
2024-08-06T11:55:31.096773227Z ++ jq -r '.Releases | length'
2024-08-06T11:55:31.174128562Z [storage] 2024/08/06 11:55:31 listing all releases with filter
2024-08-06T11:55:31.201799720Z + V2_CHART_EXISTS=
2024-08-06T11:55:31.201906702Z + [[ '' == \1 ]]
2024-08-06T11:55:31.201920579Z + [[ '' == \v\2 ]]
2024-08-06T11:55:31.201955254Z + shopt -s nullglob
2024-08-06T11:55:31.202018744Z + [[ -f /config/ca-file.pem ]]
2024-08-06T11:55:31.202160672Z + [[ -f /tmp/ca-file.pem ]]
2024-08-06T11:55:31.202189617Z + [[ -n '' ]]
2024-08-06T11:55:31.202219132Z + helm_content_decode
2024-08-06T11:55:31.202261412Z + set -e
2024-08-06T11:55:31.202295607Z + ENC_CHART_PATH=/chart/harvester-seeder.tgz.base64
2024-08-06T11:55:31.202386699Z + CHART_PATH=/tmp/harvester-seeder.tgz
2024-08-06T11:55:31.202394724Z + [[ ! -f /chart/harvester-seeder.tgz.base64 ]]
2024-08-06T11:55:31.202409321Z + return
2024-08-06T11:55:31.202415072Z + [[ install != \d\e\l\e\t\e ]]
2024-08-06T11:55:31.202429008Z + helm_repo_init
2024-08-06T11:55:31.202477831Z + grep -q -e 'https\?://'
2024-08-06T11:55:31.204679868Z + [[ helm_v3 == \h\e\l\m\_\v\3 ]]
2024-08-06T11:55:31.204708402Z + [[ harvester-seeder/harvester-seeder == stable/* ]]
2024-08-06T11:55:31.204723320Z + [[ -n http://harvester-cluster-repo.cattle-system.svc/charts ]]
2024-08-06T11:55:31.204754829Z + [[ -f /auth/username ]]
2024-08-06T11:55:31.204796628Z + helm_v3 repo add harvester-seeder http://harvester-cluster-repo.cattle-system.svc/charts
2024-08-06T11:55:31.270416388Z "harvester-seeder" has been added to your repositories
2024-08-06T11:55:31.274048575Z + helm_v3 repo update
2024-08-06T11:55:31.339535815Z Hang tight while we grab the latest from your chart repositories...
2024-08-06T11:55:31.345888327Z ...Successfully got an update from the "harvester-seeder" chart repository
2024-08-06T11:55:31.345925026Z Update Complete. ⎈Happy Helming!⎈
2024-08-06T11:55:31.350078458Z + helm_update install --version 0.3.0
2024-08-06T11:55:31.350169009Z + [[ helm_v3 == \h\e\l\m\_\v\3 ]]
2024-08-06T11:55:31.351694248Z ++ helm_v3 ls --all -f '^harvester-seeder$' --namespace harvester-system --output json++ 
2024-08-06T11:55:31.351716340Z jq -r '"\(.[0].chart),\(.[0].status)"'
2024-08-06T11:55:31.351916498Z ++ tr '[:upper:]' '[:lower:]'
2024-08-06T11:55:31.569514008Z + LINE=harvester-seeder-0.3.0,deployed
2024-08-06T11:55:31.569532123Z + IFS=,
2024-08-06T11:55:31.569548253Z + read -r INSTALLED_VERSION STATUS _
2024-08-06T11:55:31.569701442Z + VALUES=
2024-08-06T11:55:31.569775372Z + for VALUES_FILE in /config/*.yaml
2024-08-06T11:55:31.569786753Z + VALUES=' --values /config/values-01_HelmChart.yaml'
2024-08-06T11:55:31.569828192Z + [[ install = \d\e\l\e\t\e ]]
2024-08-06T11:55:31.569935725Z + [[ harvester-seeder-0.3.0 =~ ^(|null)$ ]]
2024-08-06T11:55:31.570011828Z + [[ deployed =~ ^(pending-install|pending-upgrade|pending-rollback)$ ]]
2024-08-06T11:55:31.570135071Z + [[ deployed == \d\e\p\l\o\y\e\d ]]
2024-08-06T11:55:31.570162362Z + echo 'Already installed harvester-seeder'
2024-08-06T11:55:31.570179204Z Already installed harvester-seeder
2024-08-06T11:55:31.570205033Z + [[ helm_v3 == \h\e\l\m\_\v\3 ]]
2024-08-06T11:55:31.570302988Z + helm_v3 mapkubeapis harvester-seeder --namespace harvester-system
2024-08-06T11:55:31.662057717Z 2024/08/06 11:55:31 Release 'harvester-seeder' will be checked for deprecated or removed Kubernetes APIs and will be updated if necessary to supported API versions.
2024-08-06T11:55:31.662452973Z 2024/08/06 11:55:31 Get release 'harvester-seeder' latest version.
2024-08-06T11:55:31.676172633Z 2024/08/06 11:55:31 Check release 'harvester-seeder' for deprecated or removed APIs...
2024-08-06T11:55:31.680004036Z 2024/08/06 11:55:31 Finished checking release 'harvester-seeder' for deprecated or removed APIs.
2024-08-06T11:55:31.680018624Z 2024/08/06 11:55:31 Release 'harvester-seeder' has no deprecated or removed APIs.
2024-08-06T11:55:31.680022712Z 2024/08/06 11:55:31 Map of release 'harvester-seeder' deprecated or removed APIs to supported versions, completed successfully.
2024-08-06T11:55:31.688250274Z + echo 'Upgrading helm_v3 chart'
2024-08-06T11:55:31.688386311Z + echo 'Upgrading harvester-seeder'
2024-08-06T11:55:31.688401119Z + shift 1
2024-08-06T11:55:31.688426477Z Upgrading harvester-seeder
2024-08-06T11:55:31.688479617Z + helm_v3 upgrade --version 0.3.0 harvester-seeder harvester-seeder/harvester-seeder --values /config/values-01_HelmChart.yaml
2024-08-06T11:55:34.000009757Z Release "harvester-seeder" has been upgraded. Happy Helming!
2024-08-06T11:55:34.000068528Z NAME: harvester-seeder
2024-08-06T11:55:34.000073317Z LAST DEPLOYED: Tue Aug  6 11:55:31 2024
2024-08-06T11:55:34.000078647Z NAMESPACE: harvester-system
2024-08-06T11:55:34.000082173Z STATUS: deployed
2024-08-06T11:55:34.000085720Z REVISION: 2
2024-08-06T11:55:34.000090529Z TEST SUITE: None
2024-08-06T11:55:34.007970365Z + exit
